[H[Jcalling referenced s4 script : /alumnos/dwladdimiro/S4/apache-s4-0.6.0/s4
15:37:00.530 [main] INFO  org.apache.s4.tools.DefineCluster - preparing new cluster [cluster2] with [1] node(s)
15:37:00.698 [main] INFO  org.apache.s4.tools.DefineCluster - New cluster configuration uploaded into zookeeper
calling referenced s4 script : /alumnos/dwladdimiro/S4/apache-s4-0.6.0/s4
15:37:01.450 [main] INFO  o.a.s.c.u.ParsingUtils$InlineConfigParameterConverter - processing inline configuration parameter s4.adapter.output.stream=textInput
15:37:01.556 [main] INFO  org.apache.s4.tools.Deploy - No S4R path specified, nor build file specified: this assumes the app is in the classpath
:cp

BUILD SUCCESSFUL

Total time: 3.379 secs
15:37:06.198 [main] INFO  o.a.s.comm.topology.AssignmentFromZK - New session:94315833929367560; state is : SyncConnected
15:37:06.292 [main] INFO  o.a.s.comm.topology.AssignmentFromZK - Successfully acquired task:Task-0 by citiaps1.informatica.usach.cl
15:37:06.309 [S4 platform loader] INFO  org.apache.s4.core.S4Bootstrap - Initializing S4 app with : []]
15:37:06.310 [S4 platform loader] DEBUG org.apache.s4.core.S4Bootstrap - Adding named parameters for injection : s4.adapter.output.stream=textInput,
15:37:06.445 [S4 platform loader] INFO  org.apache.s4.core.S4Bootstrap - Starting S4 app with application class [adapter.NormalAdapter]
15:37:06.478 [S4 platform loader] INFO  o.a.s4.comm.topology.ClusterFromZK - Changing cluster topology to { nbNodes=1,name=cluster2,mode=unicast,type=,nodes=[{partition=0,port=13000,machineName=citiaps1.informatica.usach.cl,taskId=Task-0}]} from null
15:37:06.576 [S4 platform loader] INFO  o.a.s4.comm.topology.ClusterFromZK - Adding topology change listener:org.apache.s4.comm.tcp.TCPEmitter@48915698
15:37:06.629 [S4 platform loader] INFO  o.a.s.c.s.ThrottlingSenderExecutorServiceFactory - Creating a throttling executor with a pool size of 5 and max rate of 10000 events / s
15:37:06.639 [S4 platform loader] INFO  org.apache.s4.core.util.S4Metrics - Metrics reporting not configured
15:37:06.640 [S4 platform loader] INFO  o.a.s4.comm.topology.ClusterFromZK - Adding topology change listener:org.apache.s4.core.SenderImpl@60f7b8ac
15:37:06.680 [S4 platform loader] INFO  o.a.s4.comm.topology.ClustersFromZK - New session:94315833929367560
15:37:06.683 [S4 platform loader] INFO  o.a.s4.comm.topology.ClustersFromZK - Detected new stream [textInput]
15:37:06.691 [S4 platform loader] INFO  o.a.s4.comm.topology.ClustersFromZK - New session:94315833929367560
15:37:06.701 [S4 platform loader] INFO  o.a.s4.comm.topology.ClusterFromZK - Changing cluster topology to { nbNodes=1,name=cluster1,mode=unicast,type=,nodes=[{partition=0,port=12000,machineName=citiaps1.informatica.usach.cl,taskId=Task-0}]} from null
15:37:06.705 [S4 platform loader] INFO  o.a.s4.comm.topology.ClusterFromZK - Changing cluster topology to { nbNodes=1,name=cluster2,mode=unicast,type=,nodes=[{partition=0,port=13000,machineName=citiaps1.informatica.usach.cl,taskId=Task-0}]} from null
15:37:06.708 [S4 platform loader] INFO  org.apache.s4.core.monitor.S4Monitor - Init Monitor
15:37:06.708 [S4 platform loader] INFO  adapter.NormalAdapter - Create Normal Adapter
15:37:22.048 [S4 platform loader] DEBUG o.a.s4.comm.topology.ClustersFromZK - Adding output stream [textInput] in cluster [cluster2]
15:37:22.566 [S4 platform loader] INFO  adapter.NormalAdapter - Init ClockTime
15:37:22.596 [Thread-4] INFO  o.a.s4.comm.topology.ClusterFromZK - Adding topology change listener:org.apache.s4.comm.tcp.TCPRemoteEmitter@7b90c253
16:47:03.619 [New I/O worker #131] ERROR org.apache.s4.comm.tcp.TCPEmitter - Unexpected exception
java.io.IOException: Conexión reinicializada por la máquina remota
	at sun.nio.ch.FileDispatcherImpl.read0(Native Method) ~[na:1.8.0_45]
	at sun.nio.ch.SocketDispatcher.read(SocketDispatcher.java:39) ~[na:1.8.0_45]
	at sun.nio.ch.IOUtil.readIntoNativeBuffer(IOUtil.java:223) ~[na:1.8.0_45]
	at sun.nio.ch.IOUtil.read(IOUtil.java:192) ~[na:1.8.0_45]
	at sun.nio.ch.SocketChannelImpl.read(SocketChannelImpl.java:380) ~[na:1.8.0_45]
	at org.jboss.netty.channel.socket.nio.NioWorker.read(NioWorker.java:64) [netty-3.9.8.Final.jar:na]
	at org.jboss.netty.channel.socket.nio.AbstractNioWorker.process(AbstractNioWorker.java:108) [netty-3.9.8.Final.jar:na]
	at org.jboss.netty.channel.socket.nio.AbstractNioSelector.run(AbstractNioSelector.java:337) [netty-3.9.8.Final.jar:na]
	at org.jboss.netty.channel.socket.nio.AbstractNioWorker.run(AbstractNioWorker.java:89) [netty-3.9.8.Final.jar:na]
	at org.jboss.netty.channel.socket.nio.NioWorker.run(NioWorker.java:178) [netty-3.9.8.Final.jar:na]
	at org.jboss.netty.util.ThreadRenamingRunnable.run(ThreadRenamingRunnable.java:108) [netty-3.9.8.Final.jar:na]
	at org.jboss.netty.util.internal.DeadLockProofWorker$1.run(DeadLockProofWorker.java:42) [netty-3.9.8.Final.jar:na]
	at java.util.concurrent.ThreadPoolExecutor.runWorker(ThreadPoolExecutor.java:1142) [na:1.8.0_45]
	at java.util.concurrent.ThreadPoolExecutor$Worker.run(ThreadPoolExecutor.java:617) [na:1.8.0_45]
	at java.lang.Thread.run(Thread.java:745) [na:1.8.0_45]
16:47:03.627 [remote-sender-2] WARN  org.apache.s4.comm.tcp.TCPEmitter - Failed to send message to node {partition=0,port=12000,machineName=citiaps1.informatica.usach.cl,taskId=Task-0} (according to current cluster information)
16:47:03.651 [remote-sender-3] WARN  org.apache.s4.comm.tcp.TCPEmitter - Could not connect to partition 0, discarding message
16:47:03.666 [remote-sender-4] WARN  org.apache.s4.comm.tcp.TCPEmitter - Could not connect to partition 0, discarding message
16:47:03.686 [remote-sender-1] WARN  org.apache.s4.comm.tcp.TCPEmitter - Could not connect to partition 0, discarding message
16:47:03.706 [remote-sender-0] WARN  org.apache.s4.comm.tcp.TCPEmitter - Could not connect to partition 0, discarding message
16:47:03.726 [remote-sender-2] WARN  org.apache.s4.comm.tcp.TCPEmitter - Could not connect to partition 0, discarding message
16:47:03.746 [remote-sender-3] WARN  org.apache.s4.comm.tcp.TCPEmitter - Could not connect to partition 0, discarding message
16:47:03.766 [remote-sender-4] WARN  org.apache.s4.comm.tcp.TCPEmitter - Could not connect to partition 0, discarding message
16:47:03.787 [remote-sender-1] WARN  org.apache.s4.comm.tcp.TCPEmitter - Could not connect to partition 0, discarding message
16:47:03.807 [remote-sender-0] WARN  org.apache.s4.comm.tcp.TCPEmitter - Could not connect to partition 0, discarding message
16:47:03.827 [remote-sender-2] WARN  org.apache.s4.comm.tcp.TCPEmitter - Could not connect to partition 0, discarding message
16:47:03.847 [remote-sender-3] WARN  org.apache.s4.comm.tcp.TCPEmitter - Could not connect to partition 0, discarding message
16:47:03.867 [remote-sender-4] WARN  org.apache.s4.comm.tcp.TCPEmitter - Could not connect to partition 0, discarding message
16:47:03.888 [remote-sender-1] WARN  org.apache.s4.comm.tcp.TCPEmitter - Could not connect to partition 0, discarding message
16:47:03.907 [remote-sender-0] WARN  org.apache.s4.comm.tcp.TCPEmitter - Could not connect to partition 0, discarding message
16:47:03.927 [remote-sender-2] WARN  org.apache.s4.comm.tcp.TCPEmitter - Could not connect to partition 0, discarding message
16:47:03.947 [remote-sender-3] WARN  org.apache.s4.comm.tcp.TCPEmitter - Could not connect to partition 0, discarding message
16:47:03.967 [remote-sender-4] WARN  org.apache.s4.comm.tcp.TCPEmitter - Could not connect to partition 0, discarding message
16:47:03.987 [remote-sender-1] WARN  org.apache.s4.comm.tcp.TCPEmitter - Could not connect to partition 0, discarding message
16:47:04.008 [remote-sender-0] WARN  org.apache.s4.comm.tcp.TCPEmitter - Could not connect to partition 0, discarding message
16:47:04.028 [remote-sender-2] WARN  org.apache.s4.comm.tcp.TCPEmitter - Could not connect to partition 0, discarding message
16:47:04.048 [remote-sender-3] WARN  org.apache.s4.comm.tcp.TCPEmitter - Could not connect to partition 0, discarding message
16:47:04.068 [remote-sender-4] WARN  org.apache.s4.comm.tcp.TCPEmitter - Could not connect to partition 0, discarding message
16:47:04.088 [remote-sender-1] WARN  org.apache.s4.comm.tcp.TCPEmitter - Could not connect to partition 0, discarding message
16:47:04.108 [remote-sender-0] WARN  org.apache.s4.comm.tcp.TCPEmitter - Could not connect to partition 0, discarding message
16:47:04.128 [remote-sender-2] WARN  org.apache.s4.comm.tcp.TCPEmitter - Could not connect to partition 0, discarding message
16:47:04.149 [remote-sender-3] WARN  org.apache.s4.comm.tcp.TCPEmitter - Could not connect to partition 0, discarding message
16:47:04.169 [remote-sender-4] WARN  org.apache.s4.comm.tcp.TCPEmitter - Could not connect to partition 0, discarding message
16:47:04.189 [remote-sender-1] WARN  org.apache.s4.comm.tcp.TCPEmitter - Could not connect to partition 0, discarding message
16:47:04.210 [remote-sender-0] WARN  org.apache.s4.comm.tcp.TCPEmitter - Could not connect to partition 0, discarding message
16:47:04.229 [remote-sender-2] WARN  org.apache.s4.comm.tcp.TCPEmitter - Could not connect to partition 0, discarding message
16:47:04.249 [remote-sender-3] WARN  org.apache.s4.comm.tcp.TCPEmitter - Could not connect to partition 0, discarding message
16:47:04.270 [remote-sender-4] WARN  org.apache.s4.comm.tcp.TCPEmitter - Could not connect to partition 0, discarding message
16:47:04.290 [remote-sender-1] WARN  org.apache.s4.comm.tcp.TCPEmitter - Could not connect to partition 0, discarding message
16:47:04.310 [remote-sender-0] WARN  org.apache.s4.comm.tcp.TCPEmitter - Could not connect to partition 0, discarding message
16:47:04.330 [remote-sender-2] WARN  org.apache.s4.comm.tcp.TCPEmitter - Could not connect to partition 0, discarding message
16:47:04.349 [remote-sender-3] WARN  org.apache.s4.comm.tcp.TCPEmitter - Could not connect to partition 0, discarding message
16:47:04.370 [remote-sender-4] WARN  org.apache.s4.comm.tcp.TCPEmitter - Could not connect to partition 0, discarding message
16:47:04.390 [remote-sender-1] WARN  org.apache.s4.comm.tcp.TCPEmitter - Could not connect to partition 0, discarding message
16:47:04.410 [remote-sender-0] WARN  org.apache.s4.comm.tcp.TCPEmitter - Could not connect to partition 0, discarding message
16:47:04.430 [remote-sender-2] WARN  org.apache.s4.comm.tcp.TCPEmitter - Could not connect to partition 0, discarding message
16:47:04.450 [remote-sender-3] WARN  org.apache.s4.comm.tcp.TCPEmitter - Could not connect to partition 0, discarding message
16:47:04.470 [remote-sender-4] WARN  org.apache.s4.comm.tcp.TCPEmitter - Could not connect to partition 0, discarding message
16:47:04.490 [remote-sender-1] WARN  org.apache.s4.comm.tcp.TCPEmitter - Could not connect to partition 0, discarding message
16:47:04.510 [remote-sender-0] WARN  org.apache.s4.comm.tcp.TCPEmitter - Could not connect to partition 0, discarding message
16:47:04.530 [remote-sender-2] WARN  org.apache.s4.comm.tcp.TCPEmitter - Could not connect to partition 0, discarding message
16:47:04.550 [remote-sender-3] WARN  org.apache.s4.comm.tcp.TCPEmitter - Could not connect to partition 0, discarding message
16:47:04.570 [remote-sender-4] WARN  org.apache.s4.comm.tcp.TCPEmitter - Could not connect to partition 0, discarding message
16:47:04.591 [remote-sender-1] WARN  org.apache.s4.comm.tcp.TCPEmitter - Could not connect to partition 0, discarding message
16:47:04.611 [remote-sender-0] WARN  org.apache.s4.comm.tcp.TCPEmitter - Could not connect to partition 0, discarding message
16:47:04.631 [remote-sender-2] WARN  org.apache.s4.comm.tcp.TCPEmitter - Could not connect to partition 0, discarding message
16:47:04.651 [remote-sender-3] WARN  org.apache.s4.comm.tcp.TCPEmitter - Could not connect to partition 0, discarding message
16:47:04.671 [remote-sender-4] WARN  org.apache.s4.comm.tcp.TCPEmitter - Could not connect to partition 0, discarding message
16:47:04.691 [remote-sender-1] WARN  org.apache.s4.comm.tcp.TCPEmitter - Could not connect to partition 0, discarding message
16:47:04.711 [remote-sender-0] WARN  org.apache.s4.comm.tcp.TCPEmitter - Could not connect to partition 0, discarding message
16:47:04.731 [remote-sender-2] WARN  org.apache.s4.comm.tcp.TCPEmitter - Could not connect to partition 0, discarding message
16:47:04.751 [remote-sender-3] WARN  org.apache.s4.comm.tcp.TCPEmitter - Could not connect to partition 0, discarding message
16:47:04.772 [remote-sender-4] WARN  org.apache.s4.comm.tcp.TCPEmitter - Could not connect to partition 0, discarding message
16:47:04.792 [remote-sender-1] WARN  org.apache.s4.comm.tcp.TCPEmitter - Could not connect to partition 0, discarding message
16:47:04.812 [remote-sender-0] WARN  org.apache.s4.comm.tcp.TCPEmitter - Could not connect to partition 0, discarding message
16:47:04.832 [remote-sender-2] WARN  org.apache.s4.comm.tcp.TCPEmitter - Could not connect to partition 0, discarding message
16:47:04.852 [remote-sender-3] WARN  org.apache.s4.comm.tcp.TCPEmitter - Could not connect to partition 0, discarding message
16:47:04.872 [remote-sender-4] WARN  org.apache.s4.comm.tcp.TCPEmitter - Could not connect to partition 0, discarding message
16:47:04.892 [remote-sender-1] WARN  org.apache.s4.comm.tcp.TCPEmitter - Could not connect to partition 0, discarding message
16:47:04.913 [remote-sender-0] WARN  org.apache.s4.comm.tcp.TCPEmitter - Could not connect to partition 0, discarding message
16:47:04.933 [remote-sender-2] WARN  org.apache.s4.comm.tcp.TCPEmitter - Could not connect to partition 0, discarding message
16:47:04.953 [remote-sender-3] WARN  org.apache.s4.comm.tcp.TCPEmitter - Could not connect to partition 0, discarding message
16:47:04.973 [remote-sender-4] WARN  org.apache.s4.comm.tcp.TCPEmitter - Could not connect to partition 0, discarding message
16:47:04.993 [remote-sender-1] WARN  org.apache.s4.comm.tcp.TCPEmitter - Could not connect to partition 0, discarding message
16:47:05.013 [remote-sender-0] WARN  org.apache.s4.comm.tcp.TCPEmitter - Could not connect to partition 0, discarding message
16:47:05.034 [remote-sender-2] WARN  org.apache.s4.comm.tcp.TCPEmitter - Could not connect to partition 0, discarding message
16:47:05.053 [remote-sender-3] WARN  org.apache.s4.comm.tcp.TCPEmitter - Could not connect to partition 0, discarding message
16:47:05.073 [remote-sender-4] WARN  org.apache.s4.comm.tcp.TCPEmitter - Could not connect to partition 0, discarding message
16:47:05.094 [remote-sender-1] WARN  org.apache.s4.comm.tcp.TCPEmitter - Could not connect to partition 0, discarding message
16:47:05.114 [remote-sender-0] WARN  org.apache.s4.comm.tcp.TCPEmitter - Could not connect to partition 0, discarding message
16:47:05.134 [remote-sender-2] WARN  org.apache.s4.comm.tcp.TCPEmitter - Could not connect to partition 0, discarding message
16:47:05.154 [remote-sender-3] WARN  org.apache.s4.comm.tcp.TCPEmitter - Could not connect to partition 0, discarding message
16:47:05.174 [remote-sender-4] WARN  org.apache.s4.comm.tcp.TCPEmitter - Could not connect to partition 0, discarding message
16:47:05.194 [remote-sender-1] WARN  org.apache.s4.comm.tcp.TCPEmitter - Could not connect to partition 0, discarding message
16:47:05.214 [remote-sender-0] WARN  org.apache.s4.comm.tcp.TCPEmitter - Could not connect to partition 0, discarding message
16:47:05.234 [remote-sender-2] WARN  org.apache.s4.comm.tcp.TCPEmitter - Could not connect to partition 0, discarding message
16:47:05.255 [remote-sender-3] WARN  org.apache.s4.comm.tcp.TCPEmitter - Could not connect to partition 0, discarding message
16:47:05.275 [remote-sender-4] WARN  org.apache.s4.comm.tcp.TCPEmitter - Could not connect to partition 0, discarding message
16:47:05.295 [remote-sender-1] WARN  org.apache.s4.comm.tcp.TCPEmitter - Could not connect to partition 0, discarding message
16:47:05.315 [remote-sender-0] WARN  org.apache.s4.comm.tcp.TCPEmitter - Could not connect to partition 0, discarding message
16:47:05.335 [remote-sender-2] WARN  org.apache.s4.comm.tcp.TCPEmitter - Could not connect to partition 0, discarding message
16:47:05.355 [remote-sender-3] WARN  org.apache.s4.comm.tcp.TCPEmitter - Could not connect to partition 0, discarding message
16:47:05.375 [remote-sender-4] WARN  org.apache.s4.comm.tcp.TCPEmitter - Could not connect to partition 0, discarding message
16:47:05.395 [remote-sender-1] WARN  org.apache.s4.comm.tcp.TCPEmitter - Could not connect to partition 0, discarding message
16:47:05.415 [remote-sender-0] WARN  org.apache.s4.comm.tcp.TCPEmitter - Could not connect to partition 0, discarding message
16:47:05.435 [remote-sender-2] WARN  org.apache.s4.comm.tcp.TCPEmitter - Could not connect to partition 0, discarding message
16:47:05.455 [remote-sender-3] WARN  org.apache.s4.comm.tcp.TCPEmitter - Could not connect to partition 0, discarding message
16:47:05.476 [remote-sender-4] WARN  org.apache.s4.comm.tcp.TCPEmitter - Could not connect to partition 0, discarding message
16:47:05.496 [remote-sender-1] WARN  org.apache.s4.comm.tcp.TCPEmitter - Could not connect to partition 0, discarding message
16:47:05.516 [remote-sender-0] WARN  org.apache.s4.comm.tcp.TCPEmitter - Could not connect to partition 0, discarding message
16:47:05.536 [remote-sender-2] WARN  org.apache.s4.comm.tcp.TCPEmitter - Could not connect to partition 0, discarding message
16:47:05.556 [remote-sender-3] WARN  org.apache.s4.comm.tcp.TCPEmitter - Could not connect to partition 0, discarding message
16:47:05.576 [remote-sender-4] WARN  org.apache.s4.comm.tcp.TCPEmitter - Could not connect to partition 0, discarding message
16:47:05.596 [remote-sender-1] WARN  org.apache.s4.comm.tcp.TCPEmitter - Could not connect to partition 0, discarding message
16:47:05.616 [remote-sender-0] WARN  org.apache.s4.comm.tcp.TCPEmitter - Could not connect to partition 0, discarding message
16:47:05.636 [remote-sender-2] WARN  org.apache.s4.comm.tcp.TCPEmitter - Could not connect to partition 0, discarding message
16:47:05.657 [remote-sender-3] WARN  org.apache.s4.comm.tcp.TCPEmitter - Could not connect to partition 0, discarding message
16:47:05.677 [remote-sender-4] WARN  org.apache.s4.comm.tcp.TCPEmitter - Could not connect to partition 0, discarding message
16:47:05.697 [remote-sender-1] WARN  org.apache.s4.comm.tcp.TCPEmitter - Could not connect to partition 0, discarding message
16:47:05.717 [remote-sender-0] WARN  org.apache.s4.comm.tcp.TCPEmitter - Could not connect to partition 0, discarding message
16:47:05.737 [remote-sender-2] WARN  org.apache.s4.comm.tcp.TCPEmitter - Could not connect to partition 0, discarding message
16:47:05.757 [remote-sender-3] WARN  org.apache.s4.comm.tcp.TCPEmitter - Could not connect to partition 0, discarding message
16:47:05.777 [remote-sender-4] WARN  org.apache.s4.comm.tcp.TCPEmitter - Could not connect to partition 0, discarding message
16:47:05.797 [remote-sender-1] WARN  org.apache.s4.comm.tcp.TCPEmitter - Could not connect to partition 0, discarding message
16:47:05.818 [remote-sender-0] WARN  org.apache.s4.comm.tcp.TCPEmitter - Could not connect to partition 0, discarding message
16:47:05.838 [remote-sender-2] WARN  org.apache.s4.comm.tcp.TCPEmitter - Could not connect to partition 0, discarding message
16:47:05.858 [remote-sender-3] WARN  org.apache.s4.comm.tcp.TCPEmitter - Could not connect to partition 0, discarding message
16:47:05.878 [remote-sender-4] WARN  org.apache.s4.comm.tcp.TCPEmitter - Could not connect to partition 0, discarding message
16:47:05.898 [remote-sender-1] WARN  org.apache.s4.comm.tcp.TCPEmitter - Could not connect to partition 0, discarding message
16:47:05.918 [remote-sender-0] WARN  org.apache.s4.comm.tcp.TCPEmitter - Could not connect to partition 0, discarding message
16:47:05.938 [remote-sender-2] WARN  org.apache.s4.comm.tcp.TCPEmitter - Could not connect to partition 0, discarding message
16:47:05.958 [remote-sender-3] WARN  org.apache.s4.comm.tcp.TCPEmitter - Could not connect to partition 0, discarding message
16:47:05.978 [remote-sender-4] WARN  org.apache.s4.comm.tcp.TCPEmitter - Could not connect to partition 0, discarding message
16:47:05.998 [remote-sender-1] WARN  org.apache.s4.comm.tcp.TCPEmitter - Could not connect to partition 0, discarding message
16:47:06.019 [remote-sender-0] WARN  org.apache.s4.comm.tcp.TCPEmitter - Could not connect to partition 0, discarding message
16:47:06.039 [remote-sender-2] WARN  org.apache.s4.comm.tcp.TCPEmitter - Could not connect to partition 0, discarding message
16:47:06.059 [remote-sender-3] WARN  org.apache.s4.comm.tcp.TCPEmitter - Could not connect to partition 0, discarding message
16:47:06.079 [remote-sender-4] WARN  org.apache.s4.comm.tcp.TCPEmitter - Could not connect to partition 0, discarding message
16:47:06.099 [remote-sender-1] WARN  org.apache.s4.comm.tcp.TCPEmitter - Could not connect to partition 0, discarding message
16:47:06.119 [remote-sender-0] WARN  org.apache.s4.comm.tcp.TCPEmitter - Could not connect to partition 0, discarding message
16:47:06.139 [remote-sender-2] WARN  org.apache.s4.comm.tcp.TCPEmitter - Could not connect to partition 0, discarding message
16:47:06.160 [remote-sender-3] WARN  org.apache.s4.comm.tcp.TCPEmitter - Could not connect to partition 0, discarding message
16:47:06.179 [remote-sender-4] WARN  org.apache.s4.comm.tcp.TCPEmitter - Could not connect to partition 0, discarding message
16:47:06.200 [remote-sender-1] WARN  org.apache.s4.comm.tcp.TCPEmitter - Could not connect to partition 0, discarding message
16:47:06.220 [remote-sender-0] WARN  org.apache.s4.comm.tcp.TCPEmitter - Could not connect to partition 0, discarding message
16:47:06.240 [remote-sender-2] WARN  org.apache.s4.comm.tcp.TCPEmitter - Could not connect to partition 0, discarding message
16:47:06.260 [remote-sender-3] WARN  org.apache.s4.comm.tcp.TCPEmitter - Could not connect to partition 0, discarding message
16:47:06.280 [remote-sender-4] WARN  org.apache.s4.comm.tcp.TCPEmitter - Could not connect to partition 0, discarding message
16:47:06.300 [remote-sender-1] WARN  org.apache.s4.comm.tcp.TCPEmitter - Could not connect to partition 0, discarding message
16:47:06.320 [remote-sender-0] WARN  org.apache.s4.comm.tcp.TCPEmitter - Could not connect to partition 0, discarding message
16:47:06.340 [remote-sender-2] WARN  org.apache.s4.comm.tcp.TCPEmitter - Could not connect to partition 0, discarding message
16:47:06.360 [remote-sender-3] WARN  org.apache.s4.comm.tcp.TCPEmitter - Could not connect to partition 0, discarding message
16:47:06.380 [remote-sender-4] WARN  org.apache.s4.comm.tcp.TCPEmitter - Could not connect to partition 0, discarding message
16:47:06.401 [remote-sender-1] WARN  org.apache.s4.comm.tcp.TCPEmitter - Could not connect to partition 0, discarding message
16:47:06.421 [remote-sender-0] WARN  org.apache.s4.comm.tcp.TCPEmitter - Could not connect to partition 0, discarding message
16:47:06.441 [remote-sender-2] WARN  org.apache.s4.comm.tcp.TCPEmitter - Could not connect to partition 0, discarding message
16:47:06.461 [remote-sender-3] WARN  org.apache.s4.comm.tcp.TCPEmitter - Could not connect to partition 0, discarding message
16:47:06.481 [remote-sender-4] WARN  org.apache.s4.comm.tcp.TCPEmitter - Could not connect to partition 0, discarding message
16:47:06.501 [remote-sender-1] WARN  org.apache.s4.comm.tcp.TCPEmitter - Could not connect to partition 0, discarding message
16:47:06.521 [remote-sender-0] WARN  org.apache.s4.comm.tcp.TCPEmitter - Could not connect to partition 0, discarding message
16:47:06.541 [remote-sender-2] WARN  org.apache.s4.comm.tcp.TCPEmitter - Could not connect to partition 0, discarding message
16:47:06.561 [remote-sender-3] WARN  org.apache.s4.comm.tcp.TCPEmitter - Could not connect to partition 0, discarding message
16:47:06.582 [remote-sender-4] WARN  org.apache.s4.comm.tcp.TCPEmitter - Could not connect to partition 0, discarding message
16:47:06.602 [remote-sender-1] WARN  org.apache.s4.comm.tcp.TCPEmitter - Could not connect to partition 0, discarding message
16:47:06.622 [remote-sender-0] WARN  org.apache.s4.comm.tcp.TCPEmitter - Could not connect to partition 0, discarding message
16:47:06.642 [remote-sender-2] WARN  org.apache.s4.comm.tcp.TCPEmitter - Could not connect to partition 0, discarding message
16:47:06.662 [remote-sender-3] WARN  org.apache.s4.comm.tcp.TCPEmitter - Could not connect to partition 0, discarding message
16:47:06.682 [remote-sender-4] WARN  org.apache.s4.comm.tcp.TCPEmitter - Could not connect to partition 0, discarding message
16:47:06.702 [remote-sender-1] WARN  org.apache.s4.comm.tcp.TCPEmitter - Could not connect to partition 0, discarding message
16:47:06.722 [remote-sender-0] WARN  org.apache.s4.comm.tcp.TCPEmitter - Could not connect to partition 0, discarding message
16:47:06.742 [remote-sender-2] WARN  org.apache.s4.comm.tcp.TCPEmitter - Could not connect to partition 0, discarding message
16:47:06.763 [remote-sender-3] WARN  org.apache.s4.comm.tcp.TCPEmitter - Could not connect to partition 0, discarding message
16:47:06.783 [remote-sender-4] WARN  org.apache.s4.comm.tcp.TCPEmitter - Could not connect to partition 0, discarding message
16:47:06.803 [remote-sender-1] WARN  org.apache.s4.comm.tcp.TCPEmitter - Could not connect to partition 0, discarding message
16:47:06.823 [remote-sender-0] WARN  org.apache.s4.comm.tcp.TCPEmitter - Could not connect to partition 0, discarding message
16:47:06.843 [remote-sender-2] WARN  org.apache.s4.comm.tcp.TCPEmitter - Could not connect to partition 0, discarding message
16:47:06.863 [remote-sender-3] WARN  org.apache.s4.comm.tcp.TCPEmitter - Could not connect to partition 0, discarding message
16:47:06.883 [remote-sender-4] WARN  org.apache.s4.comm.tcp.TCPEmitter - Could not connect to partition 0, discarding message
16:47:06.903 [remote-sender-1] WARN  org.apache.s4.comm.tcp.TCPEmitter - Could not connect to partition 0, discarding message
16:47:06.923 [remote-sender-0] WARN  org.apache.s4.comm.tcp.TCPEmitter - Could not connect to partition 0, discarding message
16:47:06.944 [remote-sender-2] WARN  org.apache.s4.comm.tcp.TCPEmitter - Could not connect to partition 0, discarding message
16:47:06.964 [remote-sender-3] WARN  org.apache.s4.comm.tcp.TCPEmitter - Could not connect to partition 0, discarding message
16:47:06.984 [remote-sender-4] WARN  org.apache.s4.comm.tcp.TCPEmitter - Could not connect to partition 0, discarding message
16:47:07.004 [remote-sender-1] WARN  org.apache.s4.comm.tcp.TCPEmitter - Could not connect to partition 0, discarding message
16:47:07.024 [remote-sender-0] WARN  org.apache.s4.comm.tcp.TCPEmitter - Could not connect to partition 0, discarding message
16:47:07.044 [remote-sender-2] WARN  org.apache.s4.comm.tcp.TCPEmitter - Could not connect to partition 0, discarding message
16:47:07.064 [remote-sender-3] WARN  org.apache.s4.comm.tcp.TCPEmitter - Could not connect to partition 0, discarding message
16:47:07.084 [remote-sender-4] WARN  org.apache.s4.comm.tcp.TCPEmitter - Could not connect to partition 0, discarding message
16:47:07.104 [remote-sender-1] WARN  org.apache.s4.comm.tcp.TCPEmitter - Could not connect to partition 0, discarding message
16:47:07.124 [remote-sender-0] WARN  org.apache.s4.comm.tcp.TCPEmitter - Could not connect to partition 0, discarding message
16:47:07.145 [remote-sender-2] WARN  org.apache.s4.comm.tcp.TCPEmitter - Could not connect to partition 0, discarding message
16:47:07.165 [remote-sender-3] WARN  org.apache.s4.comm.tcp.TCPEmitter - Could not connect to partition 0, discarding message
16:47:07.185 [remote-sender-4] WARN  org.apache.s4.comm.tcp.TCPEmitter - Could not connect to partition 0, discarding message
16:47:07.205 [remote-sender-1] WARN  org.apache.s4.comm.tcp.TCPEmitter - Could not connect to partition 0, discarding message
16:47:07.225 [remote-sender-0] WARN  org.apache.s4.comm.tcp.TCPEmitter - Could not connect to partition 0, discarding message
16:47:07.245 [remote-sender-2] WARN  org.apache.s4.comm.tcp.TCPEmitter - Could not connect to partition 0, discarding message
16:47:07.265 [remote-sender-3] WARN  org.apache.s4.comm.tcp.TCPEmitter - Could not connect to partition 0, discarding message
16:47:07.285 [remote-sender-4] WARN  org.apache.s4.comm.tcp.TCPEmitter - Could not connect to partition 0, discarding message
16:47:07.305 [remote-sender-1] WARN  org.apache.s4.comm.tcp.TCPEmitter - Could not connect to partition 0, discarding message
16:47:07.326 [remote-sender-0] WARN  org.apache.s4.comm.tcp.TCPEmitter - Could not connect to partition 0, discarding message
16:47:07.346 [remote-sender-2] WARN  org.apache.s4.comm.tcp.TCPEmitter - Could not connect to partition 0, discarding message
16:47:07.366 [remote-sender-3] WARN  org.apache.s4.comm.tcp.TCPEmitter - Could not connect to partition 0, discarding message
16:47:07.386 [remote-sender-4] WARN  org.apache.s4.comm.tcp.TCPEmitter - Could not connect to partition 0, discarding message
16:47:07.406 [remote-sender-1] WARN  org.apache.s4.comm.tcp.TCPEmitter - Could not connect to partition 0, discarding message
16:47:07.426 [remote-sender-0] WARN  org.apache.s4.comm.tcp.TCPEmitter - Could not connect to partition 0, discarding message
16:47:07.446 [remote-sender-2] WARN  org.apache.s4.comm.tcp.TCPEmitter - Could not connect to partition 0, discarding message
16:47:07.466 [remote-sender-3] WARN  org.apache.s4.comm.tcp.TCPEmitter - Could not connect to partition 0, discarding message
16:47:07.486 [remote-sender-4] WARN  org.apache.s4.comm.tcp.TCPEmitter - Could not connect to partition 0, discarding message
16:47:07.507 [remote-sender-1] WARN  org.apache.s4.comm.tcp.TCPEmitter - Could not connect to partition 0, discarding message
16:47:07.527 [remote-sender-0] WARN  org.apache.s4.comm.tcp.TCPEmitter - Could not connect to partition 0, discarding message
16:47:07.547 [remote-sender-2] WARN  org.apache.s4.comm.tcp.TCPEmitter - Could not connect to partition 0, discarding message
16:47:07.567 [remote-sender-3] WARN  org.apache.s4.comm.tcp.TCPEmitter - Could not connect to partition 0, discarding message
16:47:07.587 [remote-sender-4] WARN  org.apache.s4.comm.tcp.TCPEmitter - Could not connect to partition 0, discarding message
16:47:07.607 [remote-sender-1] WARN  org.apache.s4.comm.tcp.TCPEmitter - Could not connect to partition 0, discarding message
16:47:07.627 [remote-sender-0] WARN  org.apache.s4.comm.tcp.TCPEmitter - Could not connect to partition 0, discarding message
16:47:07.647 [remote-sender-2] WARN  org.apache.s4.comm.tcp.TCPEmitter - Could not connect to partition 0, discarding message
16:47:07.667 [remote-sender-3] WARN  org.apache.s4.comm.tcp.TCPEmitter - Could not connect to partition 0, discarding message
16:47:07.687 [remote-sender-4] WARN  org.apache.s4.comm.tcp.TCPEmitter - Could not connect to partition 0, discarding message
16:47:07.708 [remote-sender-1] WARN  org.apache.s4.comm.tcp.TCPEmitter - Could not connect to partition 0, discarding message
16:47:07.728 [remote-sender-0] WARN  org.apache.s4.comm.tcp.TCPEmitter - Could not connect to partition 0, discarding message
16:47:07.748 [remote-sender-2] WARN  org.apache.s4.comm.tcp.TCPEmitter - Could not connect to partition 0, discarding message
16:47:07.768 [remote-sender-3] WARN  org.apache.s4.comm.tcp.TCPEmitter - Could not connect to partition 0, discarding message
16:47:07.788 [remote-sender-4] WARN  org.apache.s4.comm.tcp.TCPEmitter - Could not connect to partition 0, discarding message
16:47:07.808 [remote-sender-1] WARN  org.apache.s4.comm.tcp.TCPEmitter - Could not connect to partition 0, discarding message
16:47:07.828 [remote-sender-0] WARN  org.apache.s4.comm.tcp.TCPEmitter - Could not connect to partition 0, discarding message
16:47:07.848 [remote-sender-2] WARN  org.apache.s4.comm.tcp.TCPEmitter - Could not connect to partition 0, discarding message
16:47:07.868 [remote-sender-3] WARN  org.apache.s4.comm.tcp.TCPEmitter - Could not connect to partition 0, discarding message
16:47:07.889 [remote-sender-4] WARN  org.apache.s4.comm.tcp.TCPEmitter - Could not connect to partition 0, discarding message
16:47:07.909 [remote-sender-1] WARN  org.apache.s4.comm.tcp.TCPEmitter - Could not connect to partition 0, discarding message
16:47:07.929 [remote-sender-0] WARN  org.apache.s4.comm.tcp.TCPEmitter - Could not connect to partition 0, discarding message
16:47:07.949 [remote-sender-2] WARN  org.apache.s4.comm.tcp.TCPEmitter - Could not connect to partition 0, discarding message
16:47:07.969 [remote-sender-3] WARN  org.apache.s4.comm.tcp.TCPEmitter - Could not connect to partition 0, discarding message
16:47:07.989 [remote-sender-4] WARN  org.apache.s4.comm.tcp.TCPEmitter - Could not connect to partition 0, discarding message
16:47:08.009 [remote-sender-1] WARN  org.apache.s4.comm.tcp.TCPEmitter - Could not connect to partition 0, discarding message
16:47:08.029 [remote-sender-0] WARN  org.apache.s4.comm.tcp.TCPEmitter - Could not connect to partition 0, discarding message
16:47:08.049 [remote-sender-2] WARN  org.apache.s4.comm.tcp.TCPEmitter - Could not connect to partition 0, discarding message
16:47:08.070 [remote-sender-3] WARN  org.apache.s4.comm.tcp.TCPEmitter - Could not connect to partition 0, discarding message
16:47:08.090 [remote-sender-4] WARN  org.apache.s4.comm.tcp.TCPEmitter - Could not connect to partition 0, discarding message
16:47:08.110 [remote-sender-1] WARN  org.apache.s4.comm.tcp.TCPEmitter - Could not connect to partition 0, discarding message
16:47:08.130 [remote-sender-0] WARN  org.apache.s4.comm.tcp.TCPEmitter - Could not connect to partition 0, discarding message
16:47:08.150 [remote-sender-2] WARN  org.apache.s4.comm.tcp.TCPEmitter - Could not connect to partition 0, discarding message
16:47:08.170 [remote-sender-3] WARN  org.apache.s4.comm.tcp.TCPEmitter - Could not connect to partition 0, discarding message
16:47:08.190 [remote-sender-4] WARN  org.apache.s4.comm.tcp.TCPEmitter - Could not connect to partition 0, discarding message
16:47:08.210 [remote-sender-1] WARN  org.apache.s4.comm.tcp.TCPEmitter - Could not connect to partition 0, discarding message
16:47:08.230 [remote-sender-0] WARN  org.apache.s4.comm.tcp.TCPEmitter - Could not connect to partition 0, discarding message
16:47:08.250 [remote-sender-2] WARN  org.apache.s4.comm.tcp.TCPEmitter - Could not connect to partition 0, discarding message
16:47:08.271 [remote-sender-3] WARN  org.apache.s4.comm.tcp.TCPEmitter - Could not connect to partition 0, discarding message
16:47:08.291 [remote-sender-4] WARN  org.apache.s4.comm.tcp.TCPEmitter - Could not connect to partition 0, discarding message
16:47:08.311 [remote-sender-1] WARN  org.apache.s4.comm.tcp.TCPEmitter - Could not connect to partition 0, discarding message
16:47:08.331 [remote-sender-0] WARN  org.apache.s4.comm.tcp.TCPEmitter - Could not connect to partition 0, discarding message
16:47:08.351 [remote-sender-2] WARN  org.apache.s4.comm.tcp.TCPEmitter - Could not connect to partition 0, discarding message
16:47:08.371 [remote-sender-3] WARN  org.apache.s4.comm.tcp.TCPEmitter - Could not connect to partition 0, discarding message
16:47:08.391 [remote-sender-4] WARN  org.apache.s4.comm.tcp.TCPEmitter - Could not connect to partition 0, discarding message
16:47:08.411 [remote-sender-1] WARN  org.apache.s4.comm.tcp.TCPEmitter - Could not connect to partition 0, discarding message
16:47:08.431 [remote-sender-0] WARN  org.apache.s4.comm.tcp.TCPEmitter - Could not connect to partition 0, discarding message
16:47:08.452 [remote-sender-2] WARN  org.apache.s4.comm.tcp.TCPEmitter - Could not connect to partition 0, discarding message
16:47:08.472 [remote-sender-3] WARN  org.apache.s4.comm.tcp.TCPEmitter - Could not connect to partition 0, discarding message
16:47:08.492 [remote-sender-4] WARN  org.apache.s4.comm.tcp.TCPEmitter - Could not connect to partition 0, discarding message
16:47:08.512 [remote-sender-1] WARN  org.apache.s4.comm.tcp.TCPEmitter - Could not connect to partition 0, discarding message
16:47:08.532 [remote-sender-0] WARN  org.apache.s4.comm.tcp.TCPEmitter - Could not connect to partition 0, discarding message
16:47:08.552 [remote-sender-2] WARN  org.apache.s4.comm.tcp.TCPEmitter - Could not connect to partition 0, discarding message
16:47:08.572 [remote-sender-3] WARN  org.apache.s4.comm.tcp.TCPEmitter - Could not connect to partition 0, discarding message
16:47:08.593 [remote-sender-4] WARN  org.apache.s4.comm.tcp.TCPEmitter - Could not connect to partition 0, discarding message
16:47:08.613 [remote-sender-1] WARN  org.apache.s4.comm.tcp.TCPEmitter - Could not connect to partition 0, discarding message
16:47:08.633 [remote-sender-0] WARN  org.apache.s4.comm.tcp.TCPEmitter - Could not connect to partition 0, discarding message
16:47:08.654 [remote-sender-2] WARN  org.apache.s4.comm.tcp.TCPEmitter - Could not connect to partition 0, discarding message
16:47:08.673 [remote-sender-3] WARN  org.apache.s4.comm.tcp.TCPEmitter - Could not connect to partition 0, discarding message
16:47:08.693 [remote-sender-4] WARN  org.apache.s4.comm.tcp.TCPEmitter - Could not connect to partition 0, discarding message
16:47:08.713 [remote-sender-1] WARN  org.apache.s4.comm.tcp.TCPEmitter - Could not connect to partition 0, discarding message
16:47:08.733 [remote-sender-0] WARN  org.apache.s4.comm.tcp.TCPEmitter - Could not connect to partition 0, discarding message
16:47:08.753 [remote-sender-2] WARN  org.apache.s4.comm.tcp.TCPEmitter - Could not connect to partition 0, discarding message
16:47:08.773 [remote-sender-3] WARN  org.apache.s4.comm.tcp.TCPEmitter - Could not connect to partition 0, discarding message
16:47:08.794 [remote-sender-4] WARN  org.apache.s4.comm.tcp.TCPEmitter - Could not connect to partition 0, discarding message
16:47:08.814 [remote-sender-1] WARN  org.apache.s4.comm.tcp.TCPEmitter - Could not connect to partition 0, discarding message
16:47:08.834 [remote-sender-0] WARN  org.apache.s4.comm.tcp.TCPEmitter - Could not connect to partition 0, discarding message
16:47:08.854 [remote-sender-2] WARN  org.apache.s4.comm.tcp.TCPEmitter - Could not connect to partition 0, discarding message
16:47:08.874 [remote-sender-3] WARN  org.apache.s4.comm.tcp.TCPEmitter - Could not connect to partition 0, discarding message
16:47:08.894 [remote-sender-4] WARN  org.apache.s4.comm.tcp.TCPEmitter - Could not connect to partition 0, discarding message
16:47:08.914 [remote-sender-1] WARN  org.apache.s4.comm.tcp.TCPEmitter - Could not connect to partition 0, discarding message
16:47:08.934 [remote-sender-0] WARN  org.apache.s4.comm.tcp.TCPEmitter - Could not connect to partition 0, discarding message
16:47:08.954 [remote-sender-2] WARN  org.apache.s4.comm.tcp.TCPEmitter - Could not connect to partition 0, discarding message
16:47:08.974 [remote-sender-3] WARN  org.apache.s4.comm.tcp.TCPEmitter - Could not connect to partition 0, discarding message
16:47:08.994 [remote-sender-4] WARN  org.apache.s4.comm.tcp.TCPEmitter - Could not connect to partition 0, discarding message
16:47:09.015 [remote-sender-1] WARN  org.apache.s4.comm.tcp.TCPEmitter - Could not connect to partition 0, discarding message
16:47:09.035 [remote-sender-0] WARN  org.apache.s4.comm.tcp.TCPEmitter - Could not connect to partition 0, discarding message
16:47:09.055 [remote-sender-2] WARN  org.apache.s4.comm.tcp.TCPEmitter - Could not connect to partition 0, discarding message
16:47:09.075 [remote-sender-3] WARN  org.apache.s4.comm.tcp.TCPEmitter - Could not connect to partition 0, discarding message
16:47:09.095 [remote-sender-4] WARN  org.apache.s4.comm.tcp.TCPEmitter - Could not connect to partition 0, discarding message
16:47:09.115 [remote-sender-1] WARN  org.apache.s4.comm.tcp.TCPEmitter - Could not connect to partition 0, discarding message
16:47:09.135 [remote-sender-0] WARN  org.apache.s4.comm.tcp.TCPEmitter - Could not connect to partition 0, discarding message
16:47:09.155 [remote-sender-2] WARN  org.apache.s4.comm.tcp.TCPEmitter - Could not connect to partition 0, discarding message
16:47:09.175 [remote-sender-3] WARN  org.apache.s4.comm.tcp.TCPEmitter - Could not connect to partition 0, discarding message
16:47:09.196 [remote-sender-4] WARN  org.apache.s4.comm.tcp.TCPEmitter - Could not connect to partition 0, discarding message
16:47:09.215 [remote-sender-1] WARN  org.apache.s4.comm.tcp.TCPEmitter - Could not connect to partition 0, discarding message
16:47:09.236 [remote-sender-0] WARN  org.apache.s4.comm.tcp.TCPEmitter - Could not connect to partition 0, discarding message
16:47:09.256 [remote-sender-2] WARN  org.apache.s4.comm.tcp.TCPEmitter - Could not connect to partition 0, discarding message
16:47:09.276 [remote-sender-3] WARN  org.apache.s4.comm.tcp.TCPEmitter - Could not connect to partition 0, discarding message
16:47:09.296 [remote-sender-4] WARN  org.apache.s4.comm.tcp.TCPEmitter - Could not connect to partition 0, discarding message
16:47:09.316 [remote-sender-1] WARN  org.apache.s4.comm.tcp.TCPEmitter - Could not connect to partition 0, discarding message
16:47:09.337 [remote-sender-0] WARN  org.apache.s4.comm.tcp.TCPEmitter - Could not connect to partition 0, discarding message
16:47:09.357 [remote-sender-2] WARN  org.apache.s4.comm.tcp.TCPEmitter - Could not connect to partition 0, discarding message
16:47:09.377 [remote-sender-3] WARN  org.apache.s4.comm.tcp.TCPEmitter - Could not connect to partition 0, discarding message
16:47:09.397 [remote-sender-4] WARN  org.apache.s4.comm.tcp.TCPEmitter - Could not connect to partition 0, discarding message
16:47:09.417 [remote-sender-1] WARN  org.apache.s4.comm.tcp.TCPEmitter - Could not connect to partition 0, discarding message
16:47:09.437 [remote-sender-0] WARN  org.apache.s4.comm.tcp.TCPEmitter - Could not connect to partition 0, discarding message
16:47:09.457 [remote-sender-2] WARN  org.apache.s4.comm.tcp.TCPEmitter - Could not connect to partition 0, discarding message
16:47:09.477 [remote-sender-3] WARN  org.apache.s4.comm.tcp.TCPEmitter - Could not connect to partition 0, discarding message
16:47:09.498 [remote-sender-4] WARN  org.apache.s4.comm.tcp.TCPEmitter - Could not connect to partition 0, discarding message
16:47:09.518 [remote-sender-1] WARN  org.apache.s4.comm.tcp.TCPEmitter - Could not connect to partition 0, discarding message
16:47:09.538 [remote-sender-0] WARN  org.apache.s4.comm.tcp.TCPEmitter - Could not connect to partition 0, discarding message
16:47:09.558 [remote-sender-2] WARN  org.apache.s4.comm.tcp.TCPEmitter - Could not connect to partition 0, discarding message
16:47:09.578 [remote-sender-3] WARN  org.apache.s4.comm.tcp.TCPEmitter - Could not connect to partition 0, discarding message
16:47:09.598 [remote-sender-4] WARN  org.apache.s4.comm.tcp.TCPEmitter - Could not connect to partition 0, discarding message
16:47:09.618 [remote-sender-1] WARN  org.apache.s4.comm.tcp.TCPEmitter - Could not connect to partition 0, discarding message
16:47:09.638 [remote-sender-0] WARN  org.apache.s4.comm.tcp.TCPEmitter - Could not connect to partition 0, discarding message
16:47:09.658 [remote-sender-2] WARN  org.apache.s4.comm.tcp.TCPEmitter - Could not connect to partition 0, discarding message
16:47:09.679 [remote-sender-3] WARN  org.apache.s4.comm.tcp.TCPEmitter - Could not connect to partition 0, discarding message
16:47:09.699 [remote-sender-4] WARN  org.apache.s4.comm.tcp.TCPEmitter - Could not connect to partition 0, discarding message
16:47:09.719 [remote-sender-1] WARN  org.apache.s4.comm.tcp.TCPEmitter - Could not connect to partition 0, discarding message
16:47:09.739 [remote-sender-0] WARN  org.apache.s4.comm.tcp.TCPEmitter - Could not connect to partition 0, discarding message
16:47:09.759 [remote-sender-2] WARN  org.apache.s4.comm.tcp.TCPEmitter - Could not connect to partition 0, discarding message
16:47:09.779 [remote-sender-3] WARN  org.apache.s4.comm.tcp.TCPEmitter - Could not connect to partition 0, discarding message
16:47:09.799 [remote-sender-4] WARN  org.apache.s4.comm.tcp.TCPEmitter - Could not connect to partition 0, discarding message
16:47:09.819 [remote-sender-1] WARN  org.apache.s4.comm.tcp.TCPEmitter - Could not connect to partition 0, discarding message
16:47:09.839 [remote-sender-0] WARN  org.apache.s4.comm.tcp.TCPEmitter - Could not connect to partition 0, discarding message
16:47:09.859 [remote-sender-2] WARN  org.apache.s4.comm.tcp.TCPEmitter - Could not connect to partition 0, discarding message
16:47:09.880 [remote-sender-3] WARN  org.apache.s4.comm.tcp.TCPEmitter - Could not connect to partition 0, discarding message
16:47:09.900 [remote-sender-4] WARN  org.apache.s4.comm.tcp.TCPEmitter - Could not connect to partition 0, discarding message
16:47:09.920 [remote-sender-1] WARN  org.apache.s4.comm.tcp.TCPEmitter - Could not connect to partition 0, discarding message
16:47:09.940 [remote-sender-0] WARN  org.apache.s4.comm.tcp.TCPEmitter - Could not connect to partition 0, discarding message
16:47:09.960 [remote-sender-2] WARN  org.apache.s4.comm.tcp.TCPEmitter - Could not connect to partition 0, discarding message
16:47:09.980 [remote-sender-3] WARN  org.apache.s4.comm.tcp.TCPEmitter - Could not connect to partition 0, discarding message
16:47:10.000 [remote-sender-4] WARN  org.apache.s4.comm.tcp.TCPEmitter - Could not connect to partition 0, discarding message
16:47:10.020 [remote-sender-1] WARN  org.apache.s4.comm.tcp.TCPEmitter - Could not connect to partition 0, discarding message
16:47:10.040 [remote-sender-0] WARN  org.apache.s4.comm.tcp.TCPEmitter - Could not connect to partition 0, discarding message
16:47:10.061 [remote-sender-2] WARN  org.apache.s4.comm.tcp.TCPEmitter - Could not connect to partition 0, discarding message
16:47:10.081 [remote-sender-3] WARN  org.apache.s4.comm.tcp.TCPEmitter - Could not connect to partition 0, discarding message
16:47:10.101 [remote-sender-4] WARN  org.apache.s4.comm.tcp.TCPEmitter - Could not connect to partition 0, discarding message
16:47:10.121 [remote-sender-1] WARN  org.apache.s4.comm.tcp.TCPEmitter - Could not connect to partition 0, discarding message
16:47:10.141 [remote-sender-0] WARN  org.apache.s4.comm.tcp.TCPEmitter - Could not connect to partition 0, discarding message
16:47:10.161 [remote-sender-2] WARN  org.apache.s4.comm.tcp.TCPEmitter - Could not connect to partition 0, discarding message
16:47:10.181 [remote-sender-3] WARN  org.apache.s4.comm.tcp.TCPEmitter - Could not connect to partition 0, discarding message
16:47:10.201 [remote-sender-4] WARN  org.apache.s4.comm.tcp.TCPEmitter - Could not connect to partition 0, discarding message
16:47:10.221 [remote-sender-1] WARN  org.apache.s4.comm.tcp.TCPEmitter - Could not connect to partition 0, discarding message
16:47:10.242 [remote-sender-0] WARN  org.apache.s4.comm.tcp.TCPEmitter - Could not connect to partition 0, discarding message
16:47:10.262 [remote-sender-2] WARN  org.apache.s4.comm.tcp.TCPEmitter - Could not connect to partition 0, discarding message
16:47:10.282 [remote-sender-3] WARN  org.apache.s4.comm.tcp.TCPEmitter - Could not connect to partition 0, discarding message
16:47:10.302 [remote-sender-4] WARN  org.apache.s4.comm.tcp.TCPEmitter - Could not connect to partition 0, discarding message
16:47:10.322 [remote-sender-1] WARN  org.apache.s4.comm.tcp.TCPEmitter - Could not connect to partition 0, discarding message
16:47:10.342 [remote-sender-0] WARN  org.apache.s4.comm.tcp.TCPEmitter - Could not connect to partition 0, discarding message
16:47:10.362 [remote-sender-2] WARN  org.apache.s4.comm.tcp.TCPEmitter - Could not connect to partition 0, discarding message
16:47:10.382 [remote-sender-3] WARN  org.apache.s4.comm.tcp.TCPEmitter - Could not connect to partition 0, discarding message
16:47:10.402 [remote-sender-4] WARN  org.apache.s4.comm.tcp.TCPEmitter - Could not connect to partition 0, discarding message
16:47:10.423 [remote-sender-1] WARN  org.apache.s4.comm.tcp.TCPEmitter - Could not connect to partition 0, discarding message
16:47:10.443 [remote-sender-0] WARN  org.apache.s4.comm.tcp.TCPEmitter - Could not connect to partition 0, discarding message
16:47:10.463 [remote-sender-2] WARN  org.apache.s4.comm.tcp.TCPEmitter - Could not connect to partition 0, discarding message
16:47:10.483 [remote-sender-3] WARN  org.apache.s4.comm.tcp.TCPEmitter - Could not connect to partition 0, discarding message
16:47:10.503 [remote-sender-4] WARN  org.apache.s4.comm.tcp.TCPEmitter - Could not connect to partition 0, discarding message
16:47:10.523 [remote-sender-1] WARN  org.apache.s4.comm.tcp.TCPEmitter - Could not connect to partition 0, discarding message
16:47:10.543 [remote-sender-0] WARN  org.apache.s4.comm.tcp.TCPEmitter - Could not connect to partition 0, discarding message
16:47:10.563 [remote-sender-2] WARN  org.apache.s4.comm.tcp.TCPEmitter - Could not connect to partition 0, discarding message
16:47:10.583 [remote-sender-3] WARN  org.apache.s4.comm.tcp.TCPEmitter - Could not connect to partition 0, discarding message
16:47:10.603 [remote-sender-4] WARN  org.apache.s4.comm.tcp.TCPEmitter - Could not connect to partition 0, discarding message
16:47:10.624 [remote-sender-1] WARN  org.apache.s4.comm.tcp.TCPEmitter - Could not connect to partition 0, discarding message
16:47:10.644 [remote-sender-0] WARN  org.apache.s4.comm.tcp.TCPEmitter - Could not connect to partition 0, discarding message
16:47:10.664 [remote-sender-2] WARN  org.apache.s4.comm.tcp.TCPEmitter - Could not connect to partition 0, discarding message
16:47:10.684 [remote-sender-3] WARN  org.apache.s4.comm.tcp.TCPEmitter - Could not connect to partition 0, discarding message
16:47:10.704 [remote-sender-4] WARN  org.apache.s4.comm.tcp.TCPEmitter - Could not connect to partition 0, discarding message
16:47:10.724 [remote-sender-1] WARN  org.apache.s4.comm.tcp.TCPEmitter - Could not connect to partition 0, discarding message
16:47:10.744 [remote-sender-0] WARN  org.apache.s4.comm.tcp.TCPEmitter - Could not connect to partition 0, discarding message
16:47:10.764 [remote-sender-2] WARN  org.apache.s4.comm.tcp.TCPEmitter - Could not connect to partition 0, discarding message
16:47:10.784 [remote-sender-3] WARN  org.apache.s4.comm.tcp.TCPEmitter - Could not connect to partition 0, discarding message
16:47:10.805 [remote-sender-4] WARN  org.apache.s4.comm.tcp.TCPEmitter - Could not connect to partition 0, discarding message
16:47:10.825 [remote-sender-1] WARN  org.apache.s4.comm.tcp.TCPEmitter - Could not connect to partition 0, discarding message
16:47:10.845 [remote-sender-0] WARN  org.apache.s4.comm.tcp.TCPEmitter - Could not connect to partition 0, discarding message
16:47:10.865 [remote-sender-2] WARN  org.apache.s4.comm.tcp.TCPEmitter - Could not connect to partition 0, discarding message
16:47:10.885 [remote-sender-3] WARN  org.apache.s4.comm.tcp.TCPEmitter - Could not connect to partition 0, discarding message
16:47:10.905 [remote-sender-4] WARN  org.apache.s4.comm.tcp.TCPEmitter - Could not connect to partition 0, discarding message
16:47:10.925 [remote-sender-1] WARN  org.apache.s4.comm.tcp.TCPEmitter - Could not connect to partition 0, discarding message
16:47:10.945 [remote-sender-0] WARN  org.apache.s4.comm.tcp.TCPEmitter - Could not connect to partition 0, discarding message
16:47:10.965 [remote-sender-2] WARN  org.apache.s4.comm.tcp.TCPEmitter - Could not connect to partition 0, discarding message
16:47:10.986 [remote-sender-3] WARN  org.apache.s4.comm.tcp.TCPEmitter - Could not connect to partition 0, discarding message
16:47:11.006 [remote-sender-4] WARN  org.apache.s4.comm.tcp.TCPEmitter - Could not connect to partition 0, discarding message
16:47:11.026 [remote-sender-1] WARN  org.apache.s4.comm.tcp.TCPEmitter - Could not connect to partition 0, discarding message
16:47:11.046 [remote-sender-0] WARN  org.apache.s4.comm.tcp.TCPEmitter - Could not connect to partition 0, discarding message
16:47:11.066 [remote-sender-2] WARN  org.apache.s4.comm.tcp.TCPEmitter - Could not connect to partition 0, discarding message
16:47:11.086 [remote-sender-3] WARN  org.apache.s4.comm.tcp.TCPEmitter - Could not connect to partition 0, discarding message
16:47:11.106 [remote-sender-4] WARN  org.apache.s4.comm.tcp.TCPEmitter - Could not connect to partition 0, discarding message
16:47:11.126 [remote-sender-1] WARN  org.apache.s4.comm.tcp.TCPEmitter - Could not connect to partition 0, discarding message
16:47:11.146 [remote-sender-0] WARN  org.apache.s4.comm.tcp.TCPEmitter - Could not connect to partition 0, discarding message
16:47:11.166 [remote-sender-2] WARN  org.apache.s4.comm.tcp.TCPEmitter - Could not connect to partition 0, discarding message
16:47:11.187 [remote-sender-3] WARN  org.apache.s4.comm.tcp.TCPEmitter - Could not connect to partition 0, discarding message
16:47:11.208 [remote-sender-4] WARN  org.apache.s4.comm.tcp.TCPEmitter - Could not connect to partition 0, discarding message
16:47:11.228 [remote-sender-1] WARN  org.apache.s4.comm.tcp.TCPEmitter - Could not connect to partition 0, discarding message
16:47:11.247 [remote-sender-0] WARN  org.apache.s4.comm.tcp.TCPEmitter - Could not connect to partition 0, discarding message
16:47:11.267 [remote-sender-2] WARN  org.apache.s4.comm.tcp.TCPEmitter - Could not connect to partition 0, discarding message
16:47:11.287 [remote-sender-3] WARN  org.apache.s4.comm.tcp.TCPEmitter - Could not connect to partition 0, discarding message
16:47:11.307 [remote-sender-4] WARN  org.apache.s4.comm.tcp.TCPEmitter - Could not connect to partition 0, discarding message
16:47:11.327 [remote-sender-1] WARN  org.apache.s4.comm.tcp.TCPEmitter - Could not connect to partition 0, discarding message
16:47:11.347 [remote-sender-0] WARN  org.apache.s4.comm.tcp.TCPEmitter - Could not connect to partition 0, discarding message
16:47:11.368 [remote-sender-2] WARN  org.apache.s4.comm.tcp.TCPEmitter - Could not connect to partition 0, discarding message
16:47:11.388 [remote-sender-3] WARN  org.apache.s4.comm.tcp.TCPEmitter - Could not connect to partition 0, discarding message
16:47:11.408 [remote-sender-4] WARN  org.apache.s4.comm.tcp.TCPEmitter - Could not connect to partition 0, discarding message
16:47:11.428 [remote-sender-1] WARN  org.apache.s4.comm.tcp.TCPEmitter - Could not connect to partition 0, discarding message
16:47:11.448 [remote-sender-0] WARN  org.apache.s4.comm.tcp.TCPEmitter - Could not connect to partition 0, discarding message
16:47:11.468 [remote-sender-2] WARN  org.apache.s4.comm.tcp.TCPEmitter - Could not connect to partition 0, discarding message
16:47:11.488 [remote-sender-3] WARN  org.apache.s4.comm.tcp.TCPEmitter - Could not connect to partition 0, discarding message
16:47:11.508 [remote-sender-4] WARN  org.apache.s4.comm.tcp.TCPEmitter - Could not connect to partition 0, discarding message
16:47:11.528 [remote-sender-1] WARN  org.apache.s4.comm.tcp.TCPEmitter - Could not connect to partition 0, discarding message
16:47:11.548 [remote-sender-0] WARN  org.apache.s4.comm.tcp.TCPEmitter - Could not connect to partition 0, discarding message
16:47:11.569 [remote-sender-2] WARN  org.apache.s4.comm.tcp.TCPEmitter - Could not connect to partition 0, discarding message
16:47:11.589 [remote-sender-3] WARN  org.apache.s4.comm.tcp.TCPEmitter - Could not connect to partition 0, discarding message
16:47:11.609 [remote-sender-4] WARN  org.apache.s4.comm.tcp.TCPEmitter - Could not connect to partition 0, discarding message
16:47:11.629 [remote-sender-1] WARN  org.apache.s4.comm.tcp.TCPEmitter - Could not connect to partition 0, discarding message
16:47:11.649 [remote-sender-0] WARN  org.apache.s4.comm.tcp.TCPEmitter - Could not connect to partition 0, discarding message
16:47:11.669 [remote-sender-2] WARN  org.apache.s4.comm.tcp.TCPEmitter - Could not connect to partition 0, discarding message
16:47:11.689 [remote-sender-3] WARN  org.apache.s4.comm.tcp.TCPEmitter - Could not connect to partition 0, discarding message
16:47:11.709 [remote-sender-4] WARN  org.apache.s4.comm.tcp.TCPEmitter - Could not connect to partition 0, discarding message
16:47:11.729 [remote-sender-1] WARN  org.apache.s4.comm.tcp.TCPEmitter - Could not connect to partition 0, discarding message
16:47:11.750 [remote-sender-0] WARN  org.apache.s4.comm.tcp.TCPEmitter - Could not connect to partition 0, discarding message
16:47:11.770 [remote-sender-2] WARN  org.apache.s4.comm.tcp.TCPEmitter - Could not connect to partition 0, discarding message
16:47:11.790 [remote-sender-3] WARN  org.apache.s4.comm.tcp.TCPEmitter - Could not connect to partition 0, discarding message
16:47:11.810 [remote-sender-4] WARN  org.apache.s4.comm.tcp.TCPEmitter - Could not connect to partition 0, discarding message
16:47:11.830 [remote-sender-1] WARN  org.apache.s4.comm.tcp.TCPEmitter - Could not connect to partition 0, discarding message
16:47:11.850 [remote-sender-0] WARN  org.apache.s4.comm.tcp.TCPEmitter - Could not connect to partition 0, discarding message
16:47:11.870 [remote-sender-2] WARN  org.apache.s4.comm.tcp.TCPEmitter - Could not connect to partition 0, discarding message
16:47:11.890 [remote-sender-3] WARN  org.apache.s4.comm.tcp.TCPEmitter - Could not connect to partition 0, discarding message
16:47:11.911 [remote-sender-4] WARN  org.apache.s4.comm.tcp.TCPEmitter - Could not connect to partition 0, discarding message
16:47:11.931 [remote-sender-1] WARN  org.apache.s4.comm.tcp.TCPEmitter - Could not connect to partition 0, discarding message
16:47:11.951 [remote-sender-0] WARN  org.apache.s4.comm.tcp.TCPEmitter - Could not connect to partition 0, discarding message
16:47:11.971 [remote-sender-2] WARN  org.apache.s4.comm.tcp.TCPEmitter - Could not connect to partition 0, discarding message
16:47:11.991 [remote-sender-3] WARN  org.apache.s4.comm.tcp.TCPEmitter - Could not connect to partition 0, discarding message
16:47:12.011 [remote-sender-4] WARN  org.apache.s4.comm.tcp.TCPEmitter - Could not connect to partition 0, discarding message
16:47:12.031 [remote-sender-1] WARN  org.apache.s4.comm.tcp.TCPEmitter - Could not connect to partition 0, discarding message
16:47:12.051 [remote-sender-0] WARN  org.apache.s4.comm.tcp.TCPEmitter - Could not connect to partition 0, discarding message
16:47:12.071 [remote-sender-2] WARN  org.apache.s4.comm.tcp.TCPEmitter - Could not connect to partition 0, discarding message
16:47:12.091 [remote-sender-3] WARN  org.apache.s4.comm.tcp.TCPEmitter - Could not connect to partition 0, discarding message
16:47:12.112 [remote-sender-4] WARN  org.apache.s4.comm.tcp.TCPEmitter - Could not connect to partition 0, discarding message
16:47:12.132 [remote-sender-1] WARN  org.apache.s4.comm.tcp.TCPEmitter - Could not connect to partition 0, discarding message
16:47:12.152 [remote-sender-0] WARN  org.apache.s4.comm.tcp.TCPEmitter - Could not connect to partition 0, discarding message
16:47:12.172 [remote-sender-2] WARN  org.apache.s4.comm.tcp.TCPEmitter - Could not connect to partition 0, discarding message
16:47:12.192 [remote-sender-3] WARN  org.apache.s4.comm.tcp.TCPEmitter - Could not connect to partition 0, discarding message
16:47:12.212 [remote-sender-4] WARN  org.apache.s4.comm.tcp.TCPEmitter - Could not connect to partition 0, discarding message
16:47:12.232 [remote-sender-1] WARN  org.apache.s4.comm.tcp.TCPEmitter - Could not connect to partition 0, discarding message
16:47:12.252 [remote-sender-0] WARN  org.apache.s4.comm.tcp.TCPEmitter - Could not connect to partition 0, discarding message
16:47:12.272 [remote-sender-2] WARN  org.apache.s4.comm.tcp.TCPEmitter - Could not connect to partition 0, discarding message
16:47:12.292 [remote-sender-3] WARN  org.apache.s4.comm.tcp.TCPEmitter - Could not connect to partition 0, discarding message
16:47:12.313 [remote-sender-4] WARN  org.apache.s4.comm.tcp.TCPEmitter - Could not connect to partition 0, discarding message
16:47:12.333 [remote-sender-1] WARN  org.apache.s4.comm.tcp.TCPEmitter - Could not connect to partition 0, discarding message
16:47:12.353 [remote-sender-0] WARN  org.apache.s4.comm.tcp.TCPEmitter - Could not connect to partition 0, discarding message
16:47:12.373 [remote-sender-2] WARN  org.apache.s4.comm.tcp.TCPEmitter - Could not connect to partition 0, discarding message
16:47:12.393 [remote-sender-3] WARN  org.apache.s4.comm.tcp.TCPEmitter - Could not connect to partition 0, discarding message
16:47:12.413 [remote-sender-4] WARN  org.apache.s4.comm.tcp.TCPEmitter - Could not connect to partition 0, discarding message
16:47:12.433 [remote-sender-1] WARN  org.apache.s4.comm.tcp.TCPEmitter - Could not connect to partition 0, discarding message
16:47:12.453 [remote-sender-0] WARN  org.apache.s4.comm.tcp.TCPEmitter - Could not connect to partition 0, discarding message
16:47:12.474 [remote-sender-2] WARN  org.apache.s4.comm.tcp.TCPEmitter - Could not connect to partition 0, discarding message
16:47:12.494 [remote-sender-3] WARN  org.apache.s4.comm.tcp.TCPEmitter - Could not connect to partition 0, discarding message
16:47:12.514 [remote-sender-4] WARN  org.apache.s4.comm.tcp.TCPEmitter - Could not connect to partition 0, discarding message
16:47:12.534 [remote-sender-1] WARN  org.apache.s4.comm.tcp.TCPEmitter - Could not connect to partition 0, discarding message
16:47:12.554 [remote-sender-0] WARN  org.apache.s4.comm.tcp.TCPEmitter - Could not connect to partition 0, discarding message
16:47:12.574 [remote-sender-2] WARN  org.apache.s4.comm.tcp.TCPEmitter - Could not connect to partition 0, discarding message
16:47:12.594 [remote-sender-3] WARN  org.apache.s4.comm.tcp.TCPEmitter - Could not connect to partition 0, discarding message
16:47:12.614 [remote-sender-4] WARN  org.apache.s4.comm.tcp.TCPEmitter - Could not connect to partition 0, discarding message
16:47:12.634 [remote-sender-1] WARN  org.apache.s4.comm.tcp.TCPEmitter - Could not connect to partition 0, discarding message
16:47:12.654 [remote-sender-0] WARN  org.apache.s4.comm.tcp.TCPEmitter - Could not connect to partition 0, discarding message
16:47:12.675 [remote-sender-2] WARN  org.apache.s4.comm.tcp.TCPEmitter - Could not connect to partition 0, discarding message
16:47:12.695 [remote-sender-3] WARN  org.apache.s4.comm.tcp.TCPEmitter - Could not connect to partition 0, discarding message
16:47:12.715 [remote-sender-4] WARN  org.apache.s4.comm.tcp.TCPEmitter - Could not connect to partition 0, discarding message
16:47:12.735 [remote-sender-1] WARN  org.apache.s4.comm.tcp.TCPEmitter - Could not connect to partition 0, discarding message
16:47:12.755 [remote-sender-0] WARN  org.apache.s4.comm.tcp.TCPEmitter - Could not connect to partition 0, discarding message
16:47:12.775 [remote-sender-2] WARN  org.apache.s4.comm.tcp.TCPEmitter - Could not connect to partition 0, discarding message
16:47:12.795 [remote-sender-3] WARN  org.apache.s4.comm.tcp.TCPEmitter - Could not connect to partition 0, discarding message
16:47:12.815 [remote-sender-4] WARN  org.apache.s4.comm.tcp.TCPEmitter - Could not connect to partition 0, discarding message
16:47:12.835 [remote-sender-1] WARN  org.apache.s4.comm.tcp.TCPEmitter - Could not connect to partition 0, discarding message
16:47:12.855 [remote-sender-0] WARN  org.apache.s4.comm.tcp.TCPEmitter - Could not connect to partition 0, discarding message
16:47:12.876 [remote-sender-2] WARN  org.apache.s4.comm.tcp.TCPEmitter - Could not connect to partition 0, discarding message
16:47:12.896 [remote-sender-3] WARN  org.apache.s4.comm.tcp.TCPEmitter - Could not connect to partition 0, discarding message
16:47:12.916 [remote-sender-4] WARN  org.apache.s4.comm.tcp.TCPEmitter - Could not connect to partition 0, discarding message
16:47:12.936 [remote-sender-1] WARN  org.apache.s4.comm.tcp.TCPEmitter - Could not connect to partition 0, discarding message
16:47:12.956 [remote-sender-0] WARN  org.apache.s4.comm.tcp.TCPEmitter - Could not connect to partition 0, discarding message
16:47:12.976 [remote-sender-2] WARN  org.apache.s4.comm.tcp.TCPEmitter - Could not connect to partition 0, discarding message
16:47:12.996 [remote-sender-3] WARN  org.apache.s4.comm.tcp.TCPEmitter - Could not connect to partition 0, discarding message
16:47:13.016 [remote-sender-4] WARN  org.apache.s4.comm.tcp.TCPEmitter - Could not connect to partition 0, discarding message
16:47:13.036 [remote-sender-1] WARN  org.apache.s4.comm.tcp.TCPEmitter - Could not connect to partition 0, discarding message
16:47:13.057 [remote-sender-0] WARN  org.apache.s4.comm.tcp.TCPEmitter - Could not connect to partition 0, discarding message
16:47:13.077 [remote-sender-2] WARN  org.apache.s4.comm.tcp.TCPEmitter - Could not connect to partition 0, discarding message
16:47:13.097 [remote-sender-3] WARN  org.apache.s4.comm.tcp.TCPEmitter - Could not connect to partition 0, discarding message
16:47:13.117 [remote-sender-4] WARN  org.apache.s4.comm.tcp.TCPEmitter - Could not connect to partition 0, discarding message
16:47:13.137 [remote-sender-1] WARN  org.apache.s4.comm.tcp.TCPEmitter - Could not connect to partition 0, discarding message
16:47:13.157 [remote-sender-0] WARN  org.apache.s4.comm.tcp.TCPEmitter - Could not connect to partition 0, discarding message
16:47:13.177 [remote-sender-2] WARN  org.apache.s4.comm.tcp.TCPEmitter - Could not connect to partition 0, discarding message
16:47:13.197 [remote-sender-3] WARN  org.apache.s4.comm.tcp.TCPEmitter - Could not connect to partition 0, discarding message
16:47:13.217 [remote-sender-4] WARN  org.apache.s4.comm.tcp.TCPEmitter - Could not connect to partition 0, discarding message
16:47:13.238 [remote-sender-1] WARN  org.apache.s4.comm.tcp.TCPEmitter - Could not connect to partition 0, discarding message
16:47:13.258 [remote-sender-0] WARN  org.apache.s4.comm.tcp.TCPEmitter - Could not connect to partition 0, discarding message
16:47:13.278 [remote-sender-2] WARN  org.apache.s4.comm.tcp.TCPEmitter - Could not connect to partition 0, discarding message
16:47:13.298 [remote-sender-3] WARN  org.apache.s4.comm.tcp.TCPEmitter - Could not connect to partition 0, discarding message
16:47:13.318 [remote-sender-4] WARN  org.apache.s4.comm.tcp.TCPEmitter - Could not connect to partition 0, discarding message
16:47:13.339 [remote-sender-1] WARN  org.apache.s4.comm.tcp.TCPEmitter - Could not connect to partition 0, discarding message
16:47:13.358 [remote-sender-0] WARN  org.apache.s4.comm.tcp.TCPEmitter - Could not connect to partition 0, discarding message
16:47:13.378 [remote-sender-2] WARN  org.apache.s4.comm.tcp.TCPEmitter - Could not connect to partition 0, discarding message
16:47:13.398 [remote-sender-3] WARN  org.apache.s4.comm.tcp.TCPEmitter - Could not connect to partition 0, discarding message
16:47:13.418 [remote-sender-4] WARN  org.apache.s4.comm.tcp.TCPEmitter - Could not connect to partition 0, discarding message
16:47:13.439 [remote-sender-1] WARN  org.apache.s4.comm.tcp.TCPEmitter - Could not connect to partition 0, discarding message
16:47:13.459 [remote-sender-0] WARN  org.apache.s4.comm.tcp.TCPEmitter - Could not connect to partition 0, discarding message
16:47:13.479 [remote-sender-2] WARN  org.apache.s4.comm.tcp.TCPEmitter - Could not connect to partition 0, discarding message
16:47:13.499 [remote-sender-3] WARN  org.apache.s4.comm.tcp.TCPEmitter - Could not connect to partition 0, discarding message
16:47:13.519 [remote-sender-4] WARN  org.apache.s4.comm.tcp.TCPEmitter - Could not connect to partition 0, discarding message
16:47:13.539 [remote-sender-1] WARN  org.apache.s4.comm.tcp.TCPEmitter - Could not connect to partition 0, discarding message
16:47:13.559 [remote-sender-0] WARN  org.apache.s4.comm.tcp.TCPEmitter - Could not connect to partition 0, discarding message
16:47:13.579 [remote-sender-2] WARN  org.apache.s4.comm.tcp.TCPEmitter - Could not connect to partition 0, discarding message
16:47:13.599 [remote-sender-3] WARN  org.apache.s4.comm.tcp.TCPEmitter - Could not connect to partition 0, discarding message
16:47:13.620 [remote-sender-4] WARN  org.apache.s4.comm.tcp.TCPEmitter - Could not connect to partition 0, discarding message
16:47:13.640 [remote-sender-1] WARN  org.apache.s4.comm.tcp.TCPEmitter - Could not connect to partition 0, discarding message
16:47:13.660 [remote-sender-0] WARN  org.apache.s4.comm.tcp.TCPEmitter - Could not connect to partition 0, discarding message
16:47:13.680 [remote-sender-2] WARN  org.apache.s4.comm.tcp.TCPEmitter - Could not connect to partition 0, discarding message
16:47:13.700 [remote-sender-3] WARN  org.apache.s4.comm.tcp.TCPEmitter - Could not connect to partition 0, discarding message
16:47:13.720 [remote-sender-4] WARN  org.apache.s4.comm.tcp.TCPEmitter - Could not connect to partition 0, discarding message
16:47:13.740 [remote-sender-1] WARN  org.apache.s4.comm.tcp.TCPEmitter - Could not connect to partition 0, discarding message
16:47:13.760 [remote-sender-0] WARN  org.apache.s4.comm.tcp.TCPEmitter - Could not connect to partition 0, discarding message
16:47:13.780 [remote-sender-2] WARN  org.apache.s4.comm.tcp.TCPEmitter - Could not connect to partition 0, discarding message
16:47:13.801 [remote-sender-3] WARN  org.apache.s4.comm.tcp.TCPEmitter - Could not connect to partition 0, discarding message
16:47:13.821 [remote-sender-4] WARN  org.apache.s4.comm.tcp.TCPEmitter - Could not connect to partition 0, discarding message
16:47:13.841 [remote-sender-1] WARN  org.apache.s4.comm.tcp.TCPEmitter - Could not connect to partition 0, discarding message
16:47:13.861 [remote-sender-0] WARN  org.apache.s4.comm.tcp.TCPEmitter - Could not connect to partition 0, discarding message
16:47:13.881 [remote-sender-2] WARN  org.apache.s4.comm.tcp.TCPEmitter - Could not connect to partition 0, discarding message
16:47:13.901 [remote-sender-3] WARN  org.apache.s4.comm.tcp.TCPEmitter - Could not connect to partition 0, discarding message
16:47:13.921 [remote-sender-4] WARN  org.apache.s4.comm.tcp.TCPEmitter - Could not connect to partition 0, discarding message
16:47:13.941 [remote-sender-1] WARN  org.apache.s4.comm.tcp.TCPEmitter - Could not connect to partition 0, discarding message
16:47:13.961 [remote-sender-0] WARN  org.apache.s4.comm.tcp.TCPEmitter - Could not connect to partition 0, discarding message
16:47:13.981 [remote-sender-2] WARN  org.apache.s4.comm.tcp.TCPEmitter - Could not connect to partition 0, discarding message
16:47:14.002 [remote-sender-3] WARN  org.apache.s4.comm.tcp.TCPEmitter - Could not connect to partition 0, discarding message
16:47:14.022 [remote-sender-4] WARN  org.apache.s4.comm.tcp.TCPEmitter - Could not connect to partition 0, discarding message
16:47:14.042 [remote-sender-1] WARN  org.apache.s4.comm.tcp.TCPEmitter - Could not connect to partition 0, discarding message
16:47:14.062 [remote-sender-0] WARN  org.apache.s4.comm.tcp.TCPEmitter - Could not connect to partition 0, discarding message
16:47:14.082 [remote-sender-2] WARN  org.apache.s4.comm.tcp.TCPEmitter - Could not connect to partition 0, discarding message
16:47:14.102 [remote-sender-3] WARN  org.apache.s4.comm.tcp.TCPEmitter - Could not connect to partition 0, discarding message
16:47:14.122 [remote-sender-4] WARN  org.apache.s4.comm.tcp.TCPEmitter - Could not connect to partition 0, discarding message
16:47:14.142 [remote-sender-1] WARN  org.apache.s4.comm.tcp.TCPEmitter - Could not connect to partition 0, discarding message
16:47:14.162 [remote-sender-0] WARN  org.apache.s4.comm.tcp.TCPEmitter - Could not connect to partition 0, discarding message
16:47:14.183 [remote-sender-2] WARN  org.apache.s4.comm.tcp.TCPEmitter - Could not connect to partition 0, discarding message
16:47:14.203 [remote-sender-3] WARN  org.apache.s4.comm.tcp.TCPEmitter - Could not connect to partition 0, discarding message
16:47:14.223 [remote-sender-4] WARN  org.apache.s4.comm.tcp.TCPEmitter - Could not connect to partition 0, discarding message
16:47:14.243 [remote-sender-1] WARN  org.apache.s4.comm.tcp.TCPEmitter - Could not connect to partition 0, discarding message
16:47:14.263 [remote-sender-0] WARN  org.apache.s4.comm.tcp.TCPEmitter - Could not connect to partition 0, discarding message
16:47:14.283 [remote-sender-2] WARN  org.apache.s4.comm.tcp.TCPEmitter - Could not connect to partition 0, discarding message
16:47:14.303 [remote-sender-3] WARN  org.apache.s4.comm.tcp.TCPEmitter - Could not connect to partition 0, discarding message
16:47:14.323 [remote-sender-4] WARN  org.apache.s4.comm.tcp.TCPEmitter - Could not connect to partition 0, discarding message
16:47:14.343 [remote-sender-1] WARN  org.apache.s4.comm.tcp.TCPEmitter - Could not connect to partition 0, discarding message
16:47:14.364 [remote-sender-0] WARN  org.apache.s4.comm.tcp.TCPEmitter - Could not connect to partition 0, discarding message
16:47:14.384 [remote-sender-2] WARN  org.apache.s4.comm.tcp.TCPEmitter - Could not connect to partition 0, discarding message
16:47:14.404 [remote-sender-3] WARN  org.apache.s4.comm.tcp.TCPEmitter - Could not connect to partition 0, discarding message
16:47:14.424 [remote-sender-4] WARN  org.apache.s4.comm.tcp.TCPEmitter - Could not connect to partition 0, discarding message
16:47:14.444 [remote-sender-1] WARN  org.apache.s4.comm.tcp.TCPEmitter - Could not connect to partition 0, discarding message
16:47:14.464 [remote-sender-0] WARN  org.apache.s4.comm.tcp.TCPEmitter - Could not connect to partition 0, discarding message
16:47:14.484 [remote-sender-2] WARN  org.apache.s4.comm.tcp.TCPEmitter - Could not connect to partition 0, discarding message
16:47:14.504 [remote-sender-3] WARN  org.apache.s4.comm.tcp.TCPEmitter - Could not connect to partition 0, discarding message
16:47:14.524 [remote-sender-4] WARN  org.apache.s4.comm.tcp.TCPEmitter - Could not connect to partition 0, discarding message
16:47:14.544 [remote-sender-1] WARN  org.apache.s4.comm.tcp.TCPEmitter - Could not connect to partition 0, discarding message
16:47:14.565 [remote-sender-0] WARN  org.apache.s4.comm.tcp.TCPEmitter - Could not connect to partition 0, discarding message
16:47:14.585 [remote-sender-2] WARN  org.apache.s4.comm.tcp.TCPEmitter - Could not connect to partition 0, discarding message
16:47:14.605 [remote-sender-3] WARN  org.apache.s4.comm.tcp.TCPEmitter - Could not connect to partition 0, discarding message
16:47:14.625 [remote-sender-4] WARN  org.apache.s4.comm.tcp.TCPEmitter - Could not connect to partition 0, discarding message
16:47:14.645 [remote-sender-1] WARN  org.apache.s4.comm.tcp.TCPEmitter - Could not connect to partition 0, discarding message
16:47:14.665 [remote-sender-0] WARN  org.apache.s4.comm.tcp.TCPEmitter - Could not connect to partition 0, discarding message
16:47:14.685 [remote-sender-2] WARN  org.apache.s4.comm.tcp.TCPEmitter - Could not connect to partition 0, discarding message
16:47:14.705 [remote-sender-3] WARN  org.apache.s4.comm.tcp.TCPEmitter - Could not connect to partition 0, discarding message
16:47:14.725 [remote-sender-4] WARN  org.apache.s4.comm.tcp.TCPEmitter - Could not connect to partition 0, discarding message
16:47:14.746 [remote-sender-1] WARN  org.apache.s4.comm.tcp.TCPEmitter - Could not connect to partition 0, discarding message
16:47:14.766 [remote-sender-0] WARN  org.apache.s4.comm.tcp.TCPEmitter - Could not connect to partition 0, discarding message
16:47:14.786 [remote-sender-2] WARN  org.apache.s4.comm.tcp.TCPEmitter - Could not connect to partition 0, discarding message
16:47:14.806 [remote-sender-3] WARN  org.apache.s4.comm.tcp.TCPEmitter - Could not connect to partition 0, discarding message
16:47:14.826 [remote-sender-4] WARN  org.apache.s4.comm.tcp.TCPEmitter - Could not connect to partition 0, discarding message
16:47:14.846 [remote-sender-1] WARN  org.apache.s4.comm.tcp.TCPEmitter - Could not connect to partition 0, discarding message
16:47:14.866 [remote-sender-0] WARN  org.apache.s4.comm.tcp.TCPEmitter - Could not connect to partition 0, discarding message
16:47:14.886 [remote-sender-2] WARN  org.apache.s4.comm.tcp.TCPEmitter - Could not connect to partition 0, discarding message
16:47:14.906 [remote-sender-3] WARN  org.apache.s4.comm.tcp.TCPEmitter - Could not connect to partition 0, discarding message
16:47:14.927 [remote-sender-4] WARN  org.apache.s4.comm.tcp.TCPEmitter - Could not connect to partition 0, discarding message
16:47:14.947 [remote-sender-1] WARN  org.apache.s4.comm.tcp.TCPEmitter - Could not connect to partition 0, discarding message
16:47:14.967 [remote-sender-0] WARN  org.apache.s4.comm.tcp.TCPEmitter - Could not connect to partition 0, discarding message
16:47:14.987 [remote-sender-2] WARN  org.apache.s4.comm.tcp.TCPEmitter - Could not connect to partition 0, discarding message
16:47:15.007 [remote-sender-3] WARN  org.apache.s4.comm.tcp.TCPEmitter - Could not connect to partition 0, discarding message
16:47:15.009 [ZkClient-EventThread-23-localhost:2181] INFO  o.a.s4.comm.topology.ClusterFromZK - Changing cluster topology to { nbNodes=0,name=unknown,mode=unicast,type=,nodes=[]} from { nbNodes=1,name=cluster1,mode=unicast,type=,nodes=[{partition=0,port=12000,machineName=citiaps1.informatica.usach.cl,taskId=Task-0}]}
