PID %MEM %CPU 29931 0.4 0.3 51910 0.0 3.7 51966 0.1 9.3 52427 0.0 154
PID %MEM %CPU 29931 0.4 0.3 51910 0.0 3.5 51966 0.1 8.7 52427 0.5 181
PID %MEM %CPU 29931 0.4 0.3 51910 0.0 3.3 51966 0.1 8.2 52427 1.2 233
PID %MEM %CPU 29931 0.4 0.3 51910 0.0 3.2 51966 0.1 7.9 52427 1.4 263
PID %MEM %CPU 29931 0.4 0.3 51910 0.0 3.0 51966 0.1 7.6 52427 1.6 221
PID %MEM %CPU 29931 0.4 0.3 51910 0.0 2.8 51966 0.4 19.3 52427 1.6 182
PID %MEM %CPU 29931 0.4 0.3 51910 0.0 2.7 51966 0.4 27.0 52427 1.6 155
PID %MEM %CPU 29931 0.4 0.3 51910 0.0 2.6 51966 0.4 33.9 52427 1.6 136
PID %MEM %CPU 29931 0.4 0.3 51910 0.0 2.5 51966 0.4 40.1 52427 1.6 121
PID %MEM %CPU 29931 0.4 0.3 51910 0.0 2.4 51966 0.5 45.9 52427 1.6 110
PID %MEM %CPU 29931 0.4 0.3 51910 0.0 2.3 51966 0.7 50.5 52427 1.6 100
PID %MEM %CPU 29931 0.4 0.3 51910 0.0 2.2 51966 0.8 54.5 52427 1.6 92.2
PID %MEM %CPU 29931 0.4 0.3 51910 0.0 2.1 51966 0.8 59.1 52427 1.7 85.5
PID %MEM %CPU 29931 0.4 0.3 51910 0.0 2.0 51966 0.8 62.8 52427 1.7 79.6
PID %MEM %CPU 29931 0.4 0.3 51910 0.0 2.0 51966 0.8 67.4 52427 1.7 74.6
PID %MEM %CPU 29931 0.4 0.3 51910 0.0 1.9 51966 0.7 73.1 52427 1.7 70.1
PID %MEM %CPU 29931 0.4 0.3 51910 0.0 1.8 51966 0.7 78.3 52427 1.7 66.4
PID %MEM %CPU 29931 0.4 0.3 51910 0.0 1.8 51966 0.7 83.1 52427 1.7 63.0
PID %MEM %CPU 29931 0.4 0.3 51910 0.0 1.7 51966 0.7 88.2 52427 1.7 60.1
PID %MEM %CPU 29931 0.4 0.3 51910 0.0 1.7 51966 0.7 93.0 52427 1.7 57.4
PID %MEM %CPU 29931 0.4 0.3 51910 0.0 1.6 51966 0.7 98.0 52427 1.7 54.9
PID %MEM %CPU 29931 0.4 0.3 51910 0.0 1.6 51966 0.7 101 52427 1.7 51.4
PID %MEM %CPU 29931 0.4 0.3 51910 0.0 1.5 51966 0.7 105 52427 1.7 49.5
PID %MEM %CPU 29931 0.4 0.3 51910 0.0 1.5 51966 0.7 109 52427 1.7 47.8
PID %MEM %CPU 29931 0.4 0.3 51910 0.0 1.5 51966 0.7 113 52427 1.7 46.1
PID %MEM %CPU 29931 0.4 0.3 51910 0.0 1.4 51966 0.7 116 52427 1.7 44.5
PID %MEM %CPU 29931 0.4 0.3 51910 0.0 1.4 51966 0.7 120 52427 1.7 43.2
PID %MEM %CPU 29931 0.4 0.3 51910 0.0 1.4 51966 0.7 124 52427 1.7 41.9
PID %MEM %CPU 29931 0.4 0.3 51910 0.0 1.3 51966 0.8 127 52427 1.7 40.9
PID %MEM %CPU 29931 0.4 0.3 51910 0.0 1.3 51966 0.8 130 52427 1.7 39.7
PID %MEM %CPU 29931 0.4 0.3 51910 0.0 1.3 51966 0.8 132 52427 1.7 38.7
PID %MEM %CPU 29931 0.4 0.3 51910 0.0 1.2 51966 0.8 135 52427 1.7 37.6
PID %MEM %CPU 29931 0.4 0.3 51910 0.0 1.2 51966 0.8 138 52427 1.7 36.6
PID %MEM %CPU 29931 0.4 0.3 51910 0.0 1.2 51966 0.8 141 52427 1.7 35.8
PID %MEM %CPU 29931 0.4 0.3 51910 0.0 1.2 51966 0.8 144 52427 1.7 34.9
PID %MEM %CPU 29931 0.4 0.3 51910 0.0 1.2 51966 0.9 146 52427 1.7 34.1
PID %MEM %CPU 29931 0.4 0.3 51910 0.0 1.1 51966 0.9 149 52427 1.7 33.3
PID %MEM %CPU 29931 0.4 0.3 51910 0.0 1.1 51966 0.9 151 52427 1.7 32.6
PID %MEM %CPU 29931 0.4 0.3 51910 0.0 1.1 51966 0.9 153 52427 1.7 31.9
PID %MEM %CPU 29931 0.4 0.3 51910 0.0 1.1 51966 0.9 156 52427 1.7 31.3
PID %MEM %CPU 29931 0.4 0.3 51910 0.0 1.1 51966 0.9 158 52427 1.7 30.7
PID %MEM %CPU 29931 0.4 0.3 51910 0.0 1.0 51966 0.9 160 52427 1.7 30.1
PID %MEM %CPU 29931 0.4 0.3 51910 0.0 1.0 51966 1.0 163 52427 1.7 29.6
PID %MEM %CPU 29931 0.4 0.3 51910 0.0 1.0 51966 1.1 165 52427 1.7 29.5
PID %MEM %CPU 29931 0.4 0.3 51910 0.0 1.0 51966 1.1 167 52427 1.7 28.9
PID %MEM %CPU 29931 0.4 0.3 51910 0.0 1.0 51966 1.4 169 52427 1.7 28.4
PID %MEM %CPU 29931 0.4 0.3 51910 0.0 1.0 51966 1.4 171 52427 1.7 27.9
PID %MEM %CPU 29931 0.4 0.3 51910 0.0 0.9 51966 1.6 173 52427 1.7 27.4
PID %MEM %CPU 29931 0.4 0.3 51910 0.0 0.9 51966 1.6 175 52427 1.7 26.9
PID %MEM %CPU 29931 0.4 0.3 51910 0.0 0.9 51966 1.6 177 52427 1.7 26.5
PID %MEM %CPU 29931 0.4 0.3 51910 0.0 0.9 51966 1.6 178 52427 1.7 26.1
PID %MEM %CPU 29931 0.4 0.3 51910 0.0 0.9 51966 1.6 180 52427 1.7 25.7
PID %MEM %CPU 29931 0.4 0.3 51910 0.0 0.9 51966 1.6 181 52427 1.7 25.2
PID %MEM %CPU 29931 0.4 0.3 51910 0.0 0.9 51966 1.6 183 52427 1.7 24.8
PID %MEM %CPU 29931 0.4 0.3 51910 0.0 0.9 51966 1.6 185 52427 1.7 24.5
PID %MEM %CPU 29931 0.4 0.3 51910 0.0 0.8 51966 1.6 186 52427 1.7 24.1
PID %MEM %CPU 29931 0.4 0.3 51910 0.0 0.8 51966 1.6 188 52427 1.7 23.8
PID %MEM %CPU 29931 0.4 0.3 51910 0.0 0.8 51966 1.6 189 52427 1.7 23.4
PID %MEM %CPU 29931 0.4 0.3 51910 0.0 0.8 51966 1.6 190 52427 1.7 23.1
PID %MEM %CPU 29931 0.4 0.3 51910 0.0 0.8 51966 1.6 192 52427 1.7 22.8
PID %MEM %CPU 29931 0.4 0.3 51910 0.0 0.8 51966 1.6 193 52427 1.7 22.5
PID %MEM %CPU 29931 0.4 0.3 51910 0.0 0.8 51966 1.6 194 52427 1.7 22.2
PID %MEM %CPU 29931 0.4 0.3 51910 0.0 0.8 51966 1.6 195 52427 1.7 21.9
PID %MEM %CPU 29931 0.4 0.3 51910 0.0 0.8 51966 1.6 195 52427 1.7 21.4
PID %MEM %CPU 29931 0.4 0.3 51910 0.0 0.7 51966 1.6 196 52427 1.7 21.1
PID %MEM %CPU 29931 0.4 0.3 51910 0.0 0.7 51966 1.6 197 52427 1.7 20.9
PID %MEM %CPU 29931 0.4 0.3 51910 0.0 0.7 51966 1.6 198 52427 1.7 20.6
PID %MEM %CPU 29931 0.4 0.3 51910 0.0 0.7 51966 1.6 199 52427 1.7 20.4
PID %MEM %CPU 29931 0.4 0.3 51910 0.0 0.7 51966 1.6 200 52427 1.7 20.1
PID %MEM %CPU 29931 0.4 0.3 51910 0.0 0.7 51966 1.6 201 52427 1.7 19.9
PID %MEM %CPU 29931 0.4 0.3 51910 0.0 0.7 51966 1.6 202 52427 1.7 19.7
PID %MEM %CPU 29931 0.4 0.3 51910 0.0 0.7 51966 1.6 203 52427 1.7 19.5
PID %MEM %CPU 29931 0.4 0.3 51910 0.0 0.7 51966 1.6 204 52427 1.7 19.2
PID %MEM %CPU 29931 0.4 0.3 51910 0.0 0.7 51966 1.6 205 52427 1.7 19.0
PID %MEM %CPU 29931 0.4 0.3 51910 0.0 0.7 51966 1.6 206 52427 1.7 18.8
PID %MEM %CPU 29931 0.4 0.3 51910 0.0 0.7 51966 1.6 207 52427 1.7 18.6
PID %MEM %CPU 29931 0.4 0.3 51910 0.0 0.7 51966 1.6 208 52427 1.7 18.4
PID %MEM %CPU 29931 0.4 0.3 51910 0.0 0.7 51966 1.6 208 52427 1.7 18.3
PID %MEM %CPU 29931 0.4 0.3 51910 0.0 0.6 51966 1.6 209 52427 1.7 18.1
PID %MEM %CPU 29931 0.4 0.3 51910 0.0 0.6 51966 2.0 210 52427 1.7 17.9
PID %MEM %CPU 29931 0.4 0.3 51910 0.0 0.6 51966 2.0 210 52427 1.7 17.7
PID %MEM %CPU 29931 0.4 0.3 51910 0.0 0.6 51966 2.0 211 52427 1.7 17.6
PID %MEM %CPU 29931 0.4 0.3 51910 0.0 0.6 51966 2.0 212 52427 1.7 17.4
PID %MEM %CPU 29931 0.4 0.3 51910 0.0 0.6 51966 2.0 212 52427 1.7 17.3
PID %MEM %CPU 29931 0.4 0.3 51910 0.0 0.6 51966 2.0 213 52427 1.7 17.1
PID %MEM %CPU 29931 0.4 0.3 51910 0.0 0.6 51966 2.0 213 52427 1.7 17.0
PID %MEM %CPU 29931 0.4 0.3 51910 0.0 0.6 51966 2.0 214 52427 1.7 16.8
PID %MEM %CPU 29931 0.4 0.3 51910 0.0 0.6 51966 2.0 214 52427 1.7 16.7
PID %MEM %CPU 29931 0.4 0.3 51910 0.0 0.6 51966 2.0 215 52427 1.7 16.5
PID %MEM %CPU 29931 0.4 0.3 51910 0.0 0.6 51966 2.0 215 52427 1.7 16.4
PID %MEM %CPU 29931 0.4 0.3 51910 0.0 0.6 51966 2.0 215 52427 1.7 16.3
PID %MEM %CPU 29931 0.4 0.3 51910 0.0 0.6 51966 2.0 215 52427 1.7 16.1
PID %MEM %CPU 29931 0.4 0.3 51910 0.0 0.6 51966 2.0 216 52427 1.7 16.0
PID %MEM %CPU 29931 0.4 0.3 51910 0.0 0.6 51966 2.0 216 52427 1.7 15.9
PID %MEM %CPU 29931 0.4 0.3 51910 0.0 0.6 51966 2.0 216 52427 1.7 15.8
PID %MEM %CPU 29931 0.4 0.3 51910 0.0 0.6 51966 2.0 216 52427 1.7 15.6
PID %MEM %CPU 29931 0.4 0.3 51910 0.0 0.6 51966 2.0 215 52427 1.7 15.5
PID %MEM %CPU 29931 0.4 0.3 51910 0.0 0.6 51966 2.0 215 52427 1.7 15.4
PID %MEM %CPU 29931 0.4 0.3 51910 0.0 0.6 51966 2.0 215 52427 1.7 15.3
PID %MEM %CPU 29931 0.4 0.3 51910 0.0 0.6 51966 2.0 215 52427 1.7 15.2
PID %MEM %CPU 29931 0.4 0.3 51910 0.0 0.6 51966 2.0 214 52427 1.7 15.1
PID %MEM %CPU 29931 0.4 0.3 51910 0.0 0.5 51966 2.0 214 52427 1.7 15.0
PID %MEM %CPU 29931 0.4 0.3 51910 0.0 0.5 51966 2.0 214 52427 1.7 14.9
PID %MEM %CPU 29931 0.4 0.3 51910 0.0 0.5 51966 2.0 213 52427 1.7 14.8
PID %MEM %CPU 29931 0.4 0.3 51910 0.0 0.5 51966 2.0 213 52427 1.7 14.6
PID %MEM %CPU 29931 0.4 0.3 51910 0.0 0.5 51966 2.0 211 52427 1.7 14.5
PID %MEM %CPU 29931 0.4 0.3 51910 0.0 0.5 51966 2.0 211 52427 1.7 14.4
PID %MEM %CPU 29931 0.4 0.3 51910 0.0 0.5 51966 2.0 210 52427 1.7 14.3
PID %MEM %CPU 29931 0.4 0.3 51910 0.0 0.5 51966 2.0 210 52427 1.7 14.2
PID %MEM %CPU 29931 0.4 0.3 51910 0.0 0.5 51966 2.0 209 52427 1.7 14.1
PID %MEM %CPU 29931 0.4 0.3 51910 0.0 0.5 51966 2.0 209 52427 1.7 14.0
PID %MEM %CPU 29931 0.4 0.3 51910 0.0 0.5 51966 2.0 208 52427 1.7 13.9
PID %MEM %CPU 29931 0.4 0.3 51910 0.0 0.5 51966 2.0 208 52427 1.7 13.8
PID %MEM %CPU 29931 0.4 0.3 51910 0.0 0.5 51966 2.0 207 52427 1.7 13.7
PID %MEM %CPU 29931 0.4 0.3 51910 0.0 0.5 51966 2.0 207 52427 1.7 13.6
PID %MEM %CPU 29931 0.4 0.3 51910 0.0 0.5 51966 2.0 207 52427 1.7 13.5
PID %MEM %CPU 29931 0.4 0.3 51910 0.0 0.5 51966 2.0 207 52427 1.7 13.4
PID %MEM %CPU 29931 0.4 0.3 51910 0.0 0.5 51966 2.0 207 52427 1.7 13.3
PID %MEM %CPU 29931 0.4 0.3 51910 0.0 0.5 51966 2.0 208 52427 1.7 13.3
PID %MEM %CPU 29931 0.4 0.3 51910 0.0 0.5 51966 2.0 208 52427 1.7 13.2
PID %MEM %CPU 29931 0.4 0.3 51910 0.0 0.5 51966 2.0 208 52427 1.7 13.1
PID %MEM %CPU 29931 0.4 0.3 51910 0.0 0.5 51966 2.0 209 52427 1.7 13.0
PID %MEM %CPU 29931 0.4 0.3 51910 0.0 0.5 51966 2.0 209 52427 1.7 13.0
PID %MEM %CPU 29931 0.4 0.3 51910 0.0 0.5 51966 2.0 210 52427 1.7 12.9
PID %MEM %CPU 29931 0.4 0.3 51910 0.0 0.5 51966 2.0 210 52427 1.7 12.8
PID %MEM %CPU 29931 0.4 0.3 51910 0.0 0.5 51966 2.0 211 52427 1.7 12.7
PID %MEM %CPU 29931 0.4 0.3 51910 0.0 0.5 51966 2.0 211 52427 1.7 12.7
PID %MEM %CPU 29931 0.4 0.3 51910 0.0 0.5 51966 2.0 212 52427 1.7 12.6
PID %MEM %CPU 29931 0.4 0.3 51910 0.0 0.5 51966 2.0 213 52427 1.7 12.5
PID %MEM %CPU 29931 0.4 0.3 51910 0.0 0.5 51966 2.0 214 52427 1.7 12.5
PID %MEM %CPU 29931 0.4 0.3 51910 0.0 0.5 51966 2.0 216 52427 1.7 12.4
PID %MEM %CPU 29931 0.4 0.3 51910 0.0 0.4 51966 2.0 217 52427 1.7 12.3
PID %MEM %CPU 29931 0.4 0.3 51910 0.0 0.4 51966 2.0 218 52427 1.7 12.3
PID %MEM %CPU 29931 0.4 0.3 51910 0.0 0.4 51966 2.2 220 52427 1.7 12.2
PID %MEM %CPU 29931 0.4 0.3 51910 0.0 0.4 51966 2.2 221 52427 1.7 12.2
PID %MEM %CPU 29931 0.4 0.3 51910 0.0 0.4 51966 2.2 222 52427 1.7 12.1
PID %MEM %CPU 29931 0.4 0.3 51910 0.0 0.4 51966 2.2 224 52427 1.7 12.1
PID %MEM %CPU 29931 0.4 0.3 51910 0.0 0.4 51966 2.2 225 52427 1.7 12.0
PID %MEM %CPU 29931 0.4 0.3 51910 0.0 0.4 51966 2.2 226 52427 1.7 11.9
PID %MEM %CPU 29931 0.4 0.3 51910 0.0 0.4 51966 2.2 228 52427 1.7 11.9
PID %MEM %CPU 29931 0.4 0.3 51910 0.0 0.4 51966 2.2 229 52427 1.7 11.8
PID %MEM %CPU 29931 0.4 0.3 51910 0.0 0.4 51966 2.2 230 52427 1.7 11.8
PID %MEM %CPU 29931 0.4 0.3 51910 0.0 0.4 51966 2.2 231 52427 1.7 11.7
PID %MEM %CPU 29931 0.4 0.3 51910 0.0 0.4 51966 2.2 233 52427 1.7 11.7
PID %MEM %CPU 29931 0.4 0.3 51910 0.0 0.4 51966 2.2 235 52427 1.7 11.6
PID %MEM %CPU 29931 0.4 0.3 51910 0.0 0.4 51966 2.6 237 52427 1.7 11.6
PID %MEM %CPU 29931 0.4 0.3 51910 0.0 0.4 51966 2.6 239 52427 1.7 11.5
PID %MEM %CPU 29931 0.4 0.3 51910 0.0 0.4 51966 2.6 240 52427 1.7 11.5
PID %MEM %CPU 29931 0.4 0.3 51910 0.0 0.4 51966 2.6 242 52427 1.7 11.4
PID %MEM %CPU 29931 0.4 0.3 51910 0.0 0.4 51966 2.6 244 52427 1.7 11.4
PID %MEM %CPU 29931 0.4 0.3 51910 0.0 0.4 51966 2.6 246 52427 1.7 11.3
PID %MEM %CPU 29931 0.4 0.3 51910 0.0 0.4 51966 2.6 247 52427 1.7 11.3
PID %MEM %CPU 29931 0.4 0.3 51910 0.0 0.4 51966 3.0 248 52427 1.7 11.2
PID %MEM %CPU 29931 0.4 0.3 51910 0.0 0.4 51966 3.0 250 52427 1.7 11.2
PID %MEM %CPU 29931 0.4 0.3 51910 0.0 0.4 51966 3.0 252 52427 1.7 11.1
PID %MEM %CPU 29931 0.4 0.3 51910 0.0 0.4 51966 3.0 254 52427 1.7 11.1
PID %MEM %CPU 29931 0.4 0.3 51910 0.0 0.4 51966 3.0 255 52427 1.7 11.0
PID %MEM %CPU 29931 0.4 0.3 51910 0.0 0.4 51966 3.0 257 52427 1.7 11.0
PID %MEM %CPU 29931 0.4 0.3 51910 0.0 0.4 51966 3.0 258 52427 1.7 10.9
PID %MEM %CPU 29931 0.4 0.3 51910 0.0 0.4 51966 3.0 260 52427 1.7 10.9
PID %MEM %CPU 29931 0.4 0.3 51910 0.0 0.4 51966 3.0 262 52427 1.7 10.9
PID %MEM %CPU 29931 0.4 0.3 51910 0.0 0.4 51966 3.0 263 52427 1.7 10.8
PID %MEM %CPU 29931 0.4 0.3 51910 0.0 0.4 51966 3.0 265 52427 1.7 10.8
PID %MEM %CPU 29931 0.4 0.3 51910 0.0 0.4 51966 3.0 266 52427 1.7 10.7
PID %MEM %CPU 29931 0.4 0.3 51910 0.0 0.4 51966 3.0 268 52427 1.7 10.7
PID %MEM %CPU 29931 0.4 0.3 51910 0.0 0.4 51966 3.0 269 52427 1.7 10.7
PID %MEM %CPU 29931 0.4 0.3 51910 0.0 0.4 51966 3.1 271 52427 1.7 10.6
PID %MEM %CPU 29931 0.4 0.3 51910 0.0 0.4 51966 3.1 272 52427 1.7 10.6
PID %MEM %CPU 29931 0.4 0.3 51910 0.0 0.4 51966 3.1 274 52427 1.7 10.6
PID %MEM %CPU 29931 0.4 0.3 51910 0.0 0.4 51966 3.1 275 52427 1.7 10.5
PID %MEM %CPU 29931 0.4 0.3 51910 0.0 0.4 51966 3.1 277 52427 1.7 10.5
PID %MEM %CPU 29931 0.4 0.3 51910 0.0 0.4 51966 3.1 278 52427 1.7 10.5
PID %MEM %CPU 29931 0.4 0.3 51910 0.0 0.4 51966 3.1 279 52427 1.7 10.4
PID %MEM %CPU 29931 0.4 0.3 51910 0.0 0.4 51966 3.1 281 52427 1.7 10.4
PID %MEM %CPU 29931 0.4 0.3 51910 0.0 0.4 51966 3.1 282 52427 1.7 10.4
PID %MEM %CPU 29931 0.4 0.3 51910 0.0 0.4 51966 3.1 283 52427 1.7 10.3
PID %MEM %CPU 29931 0.4 0.3 51910 0.0 0.4 51966 3.1 284 52427 1.7 10.3
PID %MEM %CPU 29931 0.4 0.3 51910 0.0 0.4 51966 3.1 286 52427 1.7 10.3
PID %MEM %CPU 29931 0.4 0.3 51910 0.0 0.4 51966 3.1 287 52427 1.7 10.3
PID %MEM %CPU 29931 0.4 0.3 51910 0.0 0.4 51966 3.1 288 52427 1.7 10.2
PID %MEM %CPU 29931 0.4 0.3 51910 0.0 0.4 51966 3.1 289 52427 1.7 10.2
PID %MEM %CPU 29931 0.4 0.3 51910 0.0 0.4 51966 3.1 290 52427 1.7 10.2
PID %MEM %CPU 29931 0.4 0.3 51910 0.0 0.4 51966 3.1 291 52427 1.7 10.2
PID %MEM %CPU 29931 0.4 0.3 51910 0.0 0.3 51966 3.1 292 52427 1.7 10.2
PID %MEM %CPU 29931 0.4 0.3 51910 0.0 0.4 51966 3.1 293 52427 1.7 10.1
PID %MEM %CPU 29931 0.4 0.3 51910 0.0 0.3 51966 3.1 293 52427 1.7 10.1
PID %MEM %CPU 29931 0.4 0.3 51910 0.0 0.3 51966 3.1 294 52427 1.7 10.1
PID %MEM %CPU 29931 0.4 0.3 51910 0.0 0.3 51966 3.1 294 52427 1.7 10.1
PID %MEM %CPU 29931 0.4 0.3 51910 0.0 0.3 51966 3.1 294 52427 1.7 10.0
PID %MEM %CPU 29931 0.4 0.3 51910 0.0 0.3 51966 3.1 294 52427 1.7 10.0
PID %MEM %CPU 29931 0.4 0.3 51910 0.0 0.3 51966 3.1 294 52427 1.7 10.0
PID %MEM %CPU 29931 0.4 0.3 51910 0.0 0.3 51966 3.1 294 52427 1.7 10.0
PID %MEM %CPU 29931 0.4 0.3 51910 0.0 0.3 51966 3.1 294 52427 1.7 9.9
PID %MEM %CPU 29931 0.4 0.3 51910 0.0 0.3 51966 3.1 293 52427 1.7 9.9
PID %MEM %CPU 29931 0.4 0.3 51910 0.0 0.3 51966 3.1 293 52427 1.7 9.8
PID %MEM %CPU 29931 0.4 0.3 51910 0.0 0.3 51966 3.1 292 52427 1.7 9.8
PID %MEM %CPU 29931 0.4 0.3 51910 0.0 0.3 51966 3.1 292 52427 1.7 9.8
PID %MEM %CPU 29931 0.4 0.3 51910 0.0 0.3 51966 3.1 291 52427 1.7 9.7
PID %MEM %CPU 29931 0.4 0.3 51910 0.0 0.3 51966 3.1 291 52427 1.7 9.7
PID %MEM %CPU 29931 0.4 0.3 51910 0.0 0.3 51966 3.1 290 52427 1.7 9.7
PID %MEM %CPU 29931 0.4 0.3 51910 0.0 0.3 51966 3.1 290 52427 1.7 9.7
PID %MEM %CPU 29931 0.4 0.3 51910 0.0 0.3 51966 3.1 289 52427 1.7 9.6
PID %MEM %CPU 29931 0.4 0.3 51910 0.0 0.3 51966 3.1 288 52427 1.7 9.6
PID %MEM %CPU 29931 0.4 0.3 51910 0.0 0.3 51966 3.1 287 52427 1.7 9.6
PID %MEM %CPU 29931 0.4 0.3 51910 0.0 0.3 51966 3.1 287 52427 1.7 9.5
PID %MEM %CPU 29931 0.4 0.3 51910 0.0 0.3 51966 3.1 286 52427 1.7 9.5
PID %MEM %CPU 29931 0.4 0.3 51910 0.0 0.3 51966 3.1 285 52427 1.7 9.5
PID %MEM %CPU 29931 0.4 0.3 51910 0.0 0.3 51966 3.1 285 52427 1.7 9.4
PID %MEM %CPU 29931 0.4 0.3 51910 0.0 0.3 51966 3.1 284 52427 1.7 9.4
PID %MEM %CPU 29931 0.4 0.3 51910 0.0 0.3 51966 3.1 284 52427 1.7 9.4
PID %MEM %CPU 29931 0.4 0.3 51910 0.0 0.3 51966 3.1 284 52427 1.7 9.3
PID %MEM %CPU 29931 0.4 0.3 51910 0.0 0.3 51966 3.1 283 52427 1.7 9.3
PID %MEM %CPU 29931 0.4 0.3 51910 0.0 0.3 51966 3.1 283 52427 1.7 9.3
PID %MEM %CPU 29931 0.4 0.3 51910 0.0 0.3 51966 3.1 283 52427 1.7 9.3
PID %MEM %CPU 29931 0.4 0.3 51910 0.0 0.3 51966 3.1 283 52427 1.7 9.2
PID %MEM %CPU 29931 0.4 0.3 51910 0.0 0.3 51966 3.1 283 52427 1.7 9.2
PID %MEM %CPU 29931 0.4 0.3 51910 0.0 0.3 51966 3.1 283 52427 1.7 9.2
PID %MEM %CPU 29931 0.4 0.3 51910 0.0 0.3 51966 3.1 283 52427 1.7 9.2
PID %MEM %CPU 29931 0.4 0.3 51910 0.0 0.3 51966 3.1 283 52427 1.7 9.1
PID %MEM %CPU 29931 0.4 0.3 51910 0.0 0.3 51966 3.1 284 52427 1.7 9.1
PID %MEM %CPU 29931 0.4 0.3 51910 0.0 0.3 51966 3.1 284 52427 1.7 9.1
PID %MEM %CPU 29931 0.4 0.3 51910 0.0 0.3 51966 3.1 284 52427 1.8 9.1
PID %MEM %CPU 29931 0.4 0.3 51910 0.0 0.3 51966 3.1 284 52427 1.8 9.0
PID %MEM %CPU 29931 0.4 0.3 51910 0.0 0.3 51966 3.1 285 52427 1.8 9.0
PID %MEM %CPU 29931 0.4 0.3 51910 0.0 0.3 51966 3.1 286 52427 1.8 9.0
PID %MEM %CPU 29931 0.4 0.3 51910 0.0 0.3 51966 3.1 287 52427 1.8 9.0
PID %MEM %CPU 29931 0.4 0.3 51910 0.0 0.3 51966 3.1 287 52427 1.8 9.0
PID %MEM %CPU 29931 0.4 0.3 51910 0.0 0.3 51966 3.1 288 52427 1.8 9.0
PID %MEM %CPU 29931 0.4 0.3 51910 0.0 0.3 51966 3.1 290 52427 1.8 8.9
PID %MEM %CPU 29931 0.4 0.3 51910 0.0 0.3 51966 3.1 291 52427 1.8 8.9
PID %MEM %CPU 29931 0.4 0.3 51910 0.0 0.3 51966 3.7 292 52427 1.8 8.9
PID %MEM %CPU 29931 0.4 0.3 51910 0.0 0.3 51966 3.7 293 52427 1.8 8.9
PID %MEM %CPU 29931 0.4 0.3 51910 0.0 0.3 51966 3.7 295 52427 1.8 8.9
PID %MEM %CPU 29931 0.4 0.3 51910 0.0 0.3 51966 3.7 297 52427 1.8 8.9
PID %MEM %CPU 29931 0.4 0.3 51910 0.0 0.3 51966 3.7 298 52427 1.8 8.8
PID %MEM %CPU 29931 0.4 0.3 51910 0.0 0.3 51966 3.7 300 52427 1.8 8.8
PID %MEM %CPU 29931 0.4 0.3 51910 0.0 0.3 51966 3.7 302 52427 1.8 8.8
PID %MEM %CPU 29931 0.4 0.3 51910 0.0 0.3 51966 3.7 303 52427 1.8 8.8
PID %MEM %CPU 29931 0.4 0.3 51910 0.0 0.3 51966 3.7 306 52427 1.8 8.8
PID %MEM %CPU 29931 0.4 0.3 51910 0.0 0.3 51966 3.7 308 52427 1.8 8.8
PID %MEM %CPU 29931 0.4 0.3 51910 0.0 0.3 51966 4.1 310 52427 1.8 8.8
PID %MEM %CPU 29931 0.4 0.3 51910 0.0 0.3 51966 4.1 312 52427 1.8 8.7
PID %MEM %CPU 29931 0.4 0.3 51910 0.0 0.3 51966 4.1 314 52427 1.8 8.7
PID %MEM %CPU 29931 0.4 0.3 51910 0.0 0.3 51966 4.1 316 52427 1.8 8.7
PID %MEM %CPU 29931 0.4 0.3 51910 0.0 0.3 51966 4.1 319 52427 1.8 8.7
PID %MEM %CPU 29931 0.4 0.3 51910 0.0 0.3 51966 4.1 321 52427 1.8 8.7
PID %MEM %CPU 29931 0.4 0.3 51910 0.0 0.3 51966 4.1 324 52427 1.8 8.7
PID %MEM %CPU 29931 0.4 0.3 51910 0.0 0.3 51966 4.1 326 52427 1.8 8.7
PID %MEM %CPU 29931 0.4 0.3 51910 0.0 0.3 51966 4.1 329 52427 1.8 8.7
PID %MEM %CPU 29931 0.4 0.3 51910 0.0 0.3 51966 4.1 331 52427 1.8 8.7
PID %MEM %CPU 29931 0.4 0.3 51910 0.0 0.3 51966 4.1 334 52427 1.8 8.7
PID %MEM %CPU 29931 0.4 0.3 51910 0.0 0.3 51966 4.1 336 52427 1.8 8.7
PID %MEM %CPU 29931 0.4 0.3 51910 0.0 0.3 51966 4.9 340 52427 1.8 8.6
PID %MEM %CPU 29931 0.4 0.3 51910 0.0 0.3 51966 4.9 344 52427 1.8 8.6
PID %MEM %CPU 29931 0.4 0.3 51910 0.0 0.3 51966 4.9 349 52427 1.8 8.6
PID %MEM %CPU 29931 0.4 0.3 51910 0.0 0.3 51966 4.9 353 52427 1.8 8.6
PID %MEM %CPU 29931 0.4 0.3 51910 0.0 0.3 51966 4.9 357 52427 1.8 8.6
PID %MEM %CPU 29931 0.4 0.3 51910 0.0 0.3 51966 4.9 361 52427 1.8 8.6
PID %MEM %CPU 29931 0.4 0.3 51910 0.0 0.3 51966 4.9 365 52427 1.8 8.6
PID %MEM %CPU 29931 0.4 0.3 51910 0.0 0.3 51966 4.9 369 52427 1.8 8.6
PID %MEM %CPU 29931 0.4 0.3 51910 0.0 0.3 51966 5.8 373 52427 1.8 8.6
PID %MEM %CPU 29931 0.4 0.3 51910 0.0 0.3 51966 5.8 377 52427 1.8 8.6
PID %MEM %CPU 29931 0.4 0.3 51910 0.0 0.3 51966 5.9 380 52427 1.8 8.6
PID %MEM %CPU 29931 0.4 0.3 51910 0.0 0.3 51966 6.4 384 52427 1.8 8.6
PID %MEM %CPU 29931 0.4 0.3 51910 0.0 0.3 51966 6.4 388 52427 1.8 8.6
PID %MEM %CPU 29931 0.4 0.3 51910 0.0 0.3 51966 7.6 391 52427 1.8 8.5
PID %MEM %CPU 29931 0.4 0.3 51910 0.0 0.3 51966 7.6 395 52427 1.8 8.5
PID %MEM %CPU 29931 0.4 0.3 51910 0.0 0.3 51966 7.6 398 52427 1.8 8.5
PID %MEM %CPU 29931 0.4 0.3 51910 0.0 0.3 51966 7.6 402 52427 1.8 8.5
PID %MEM %CPU 29931 0.4 0.3 51910 0.0 0.3 51966 7.6 405 52427 1.8 8.5
PID %MEM %CPU 29931 0.4 0.3 51910 0.0 0.3 51966 7.6 408 52427 1.8 8.5
PID %MEM %CPU 29931 0.4 0.3 51910 0.0 0.3 51966 7.6 411 52427 1.8 8.5
PID %MEM %CPU 29931 0.4 0.3 51910 0.0 0.3 51966 7.6 413 52427 1.8 8.6
PID %MEM %CPU 29931 0.4 0.3 51910 0.0 0.3 51966 7.6 416 52427 1.8 8.6
PID %MEM %CPU 29931 0.4 0.3 51910 0.0 0.3 51966 7.6 419 52427 1.8 8.6
PID %MEM %CPU 29931 0.4 0.3 51910 0.0 0.3 51966 7.6 422 52427 1.8 8.6
PID %MEM %CPU 29931 0.4 0.3 51910 0.0 0.3 51966 7.6 424 52427 1.8 8.7
PID %MEM %CPU 29931 0.4 0.3 51910 0.0 0.3 51966 7.6 426 52427 1.8 8.7
PID %MEM %CPU 29931 0.4 0.3 51910 0.0 0.3 51966 7.6 429 52427 1.8 8.7
PID %MEM %CPU 29931 0.4 0.3 51910 0.0 0.3 51966 7.6 431 52427 1.8 8.7
PID %MEM %CPU 29931 0.4 0.3 51910 0.0 0.3 51966 7.6 432 52427 1.8 8.7
PID %MEM %CPU 29931 0.4 0.3 51910 0.0 0.3 51966 7.6 434 52427 1.8 8.7
PID %MEM %CPU 29931 0.4 0.3 51910 0.0 0.3 51966 7.6 436 52427 1.8 8.8
PID %MEM %CPU 29931 0.4 0.3 51910 0.0 0.3 51966 7.6 437 52427 1.8 8.8
PID %MEM %CPU 29931 0.4 0.3 51910 0.0 0.3 51966 7.6 439 52427 1.8 8.8
PID %MEM %CPU 29931 0.4 0.3 51910 0.0 0.3 51966 7.6 440 52427 1.9 8.8
PID %MEM %CPU 29931 0.4 0.3 51910 0.0 0.3 51966 7.6 442 52427 1.9 8.8
PID %MEM %CPU 29931 0.4 0.3 51910 0.0 0.3 51966 7.6 443 52427 1.9 8.9
PID %MEM %CPU 29931 0.4 0.3 51910 0.0 0.3 51966 7.6 444 52427 1.9 8.9
PID %MEM %CPU 29931 0.4 0.3 51910 0.0 0.3 51966 7.6 445 52427 1.9 8.9
PID %MEM %CPU 29931 0.4 0.3 51910 0.0 0.3 51966 7.6 445 52427 1.9 8.9
PID %MEM %CPU 29931 0.4 0.3 51910 0.0 0.3 51966 7.6 446 52427 1.9 8.9
PID %MEM %CPU 29931 0.4 0.3 51910 0.0 0.3 51966 7.6 446 52427 1.9 8.9
PID %MEM %CPU 29931 0.4 0.3 51910 0.0 0.3 51966 7.6 447 52427 1.9 8.8
PID %MEM %CPU 29931 0.4 0.3 51910 0.0 0.3 51966 7.6 447 52427 1.9 8.8
PID %MEM %CPU 29931 0.4 0.3 51910 0.0 0.3 51966 7.6 447 52427 1.9 8.8
PID %MEM %CPU 29931 0.4 0.3 51910 0.0 0.3 51966 7.6 447 52427 1.9 8.8
PID %MEM %CPU 29931 0.4 0.3 51910 0.0 0.3 51966 7.6 447 52427 1.9 8.8
PID %MEM %CPU 29931 0.4 0.3 51910 0.0 0.3 51966 7.6 447 52427 1.9 8.8
PID %MEM %CPU 29931 0.4 0.3 51910 0.0 0.3 51966 7.6 446 52427 1.9 8.8
PID %MEM %CPU 29931 0.4 0.3 51910 0.0 0.3 51966 7.6 446 52427 1.9 8.8
PID %MEM %CPU 29931 0.4 0.3 51910 0.0 0.3 51966 7.6 445 52427 1.9 8.8
PID %MEM %CPU 29931 0.4 0.3 51910 0.0 0.3 51966 7.6 444 52427 1.9 8.7
PID %MEM %CPU 29931 0.4 0.3 51910 0.0 0.3 51966 7.6 443 52427 1.9 8.7
PID %MEM %CPU 29931 0.4 0.3 51910 0.0 0.3 51966 7.6 443 52427 1.9 8.7
PID %MEM %CPU 29931 0.4 0.3 51910 0.0 0.3 51966 7.6 442 52427 1.9 8.7
PID %MEM %CPU 29931 0.4 0.3 51910 0.0 0.3 51966 7.6 441 52427 1.9 8.7
PID %MEM %CPU 29931 0.4 0.3 51910 0.0 0.3 51966 7.6 440 52427 1.9 8.6
PID %MEM %CPU 29931 0.4 0.3 51910 0.0 0.3 51966 7.6 440 52427 1.9 8.6
PID %MEM %CPU 29931 0.4 0.3 51910 0.0 0.3 51966 7.6 439 52427 1.9 8.6
PID %MEM %CPU 29931 0.4 0.3 51910 0.0 0.3 51966 7.6 438 52427 1.9 8.6
PID %MEM %CPU 29931 0.4 0.3 51910 0.0 0.3 51966 7.6 437 52427 1.9 8.6
PID %MEM %CPU 29931 0.4 0.3 51910 0.0 0.3 51966 7.6 436 52427 1.9 8.6
PID %MEM %CPU 29931 0.4 0.3 51910 0.0 0.3 51966 7.6 435 52427 1.9 8.5
PID %MEM %CPU 29931 0.4 0.3 51910 0.0 0.3 51966 7.6 434 52427 1.9 8.5
PID %MEM %CPU 29931 0.4 0.3 51910 0.0 0.3 51966 7.6 433 52427 1.9 8.5
PID %MEM %CPU 29931 0.4 0.3 51910 0.0 0.3 51966 7.6 431 52427 1.9 8.5
PID %MEM %CPU 29931 0.4 0.3 51910 0.0 0.3 51966 7.6 430 52427 1.9 8.5
PID %MEM %CPU 29931 0.4 0.3 51910 0.0 0.3 51966 7.6 429 52427 1.9 8.4
PID %MEM %CPU 29931 0.4 0.3 51910 0.0 0.3 51966 7.6 428 52427 1.9 8.4
PID %MEM %CPU 29931 0.4 0.3 51910 0.0 0.3 51966 7.6 427 52427 1.9 8.4
PID %MEM %CPU 29931 0.4 0.3 51910 0.0 0.3 51966 7.6 426 52427 1.9 8.4
PID %MEM %CPU 29931 0.4 0.3 51910 0.0 0.3 51966 7.6 425 52427 1.9 8.4
PID %MEM %CPU 29931 0.4 0.3 51910 0.0 0.3 51966 7.6 424 52427 1.9 8.4
PID %MEM %CPU 29931 0.4 0.3 51910 0.0 0.3 51966 7.6 423 52427 1.9 8.3
PID %MEM %CPU 29931 0.4 0.3 51910 0.0 0.3 51966 7.6 422 52427 1.9 8.3
PID %MEM %CPU 29931 0.4 0.3 51910 0.0 0.3 51966 7.6 421 52427 1.9 8.3
PID %MEM %CPU 29931 0.4 0.3 51910 0.0 0.3 51966 7.6 421 52427 1.9 8.3
PID %MEM %CPU 29931 0.4 0.3 51910 0.0 0.3 51966 7.6 420 52427 1.9 8.3
PID %MEM %CPU 29931 0.4 0.3 51910 0.0 0.3 51966 7.6 419 52427 1.9 8.3
PID %MEM %CPU 29931 0.4 0.3 51910 0.0 0.3 51966 7.6 418 52427 1.9 8.2
PID %MEM %CPU 29931 0.4 0.3 51910 0.0 0.3 51966 7.6 418 52427 1.9 8.2
PID %MEM %CPU 29931 0.4 0.3 51910 0.0 0.3 51966 7.6 417 52427 1.9 8.2
PID %MEM %CPU 29931 0.4 0.3 51910 0.0 0.3 51966 7.6 416 52427 1.9 8.2
PID %MEM %CPU 29931 0.4 0.3 51910 0.0 0.3 51966 7.6 415 52427 1.9 8.2
PID %MEM %CPU 29931 0.4 0.3 51910 0.0 0.3 51966 7.6 415 52427 1.9 8.2
PID %MEM %CPU 29931 0.4 0.3 51910 0.0 0.3 51966 7.6 414 52427 1.9 8.2
PID %MEM %CPU 29931 0.4 0.3 51910 0.0 0.3 51966 7.6 413 52427 1.9 8.1
PID %MEM %CPU 29931 0.4 0.3 51910 0.0 0.3 51966 7.6 412 52427 1.9 8.1
PID %MEM %CPU 29931 0.4 0.3 51910 0.0 0.2 51966 7.6 412 52427 1.9 8.1
PID %MEM %CPU 29931 0.4 0.3 51910 0.0 0.2 51966 7.6 411 52427 1.9 8.1
PID %MEM %CPU 29931 0.4 0.3 51910 0.0 0.2 51966 7.6 411 52427 1.9 8.1
PID %MEM %CPU 29931 0.4 0.3 51910 0.0 0.2 51966 7.6 410 52427 1.9 8.1
PID %MEM %CPU 29931 0.4 0.3 51910 0.0 0.2 51966 7.6 410 52427 1.9 8.1
PID %MEM %CPU 29931 0.4 0.3 51910 0.0 0.2 51966 7.6 409 52427 1.9 8.1
PID %MEM %CPU 29931 0.4 0.3 51910 0.0 0.2 51966 7.6 409 52427 1.9 8.0
PID %MEM %CPU 29931 0.4 0.3 51910 0.0 0.2 51966 7.6 408 52427 1.9 8.0
PID %MEM %CPU 29931 0.4 0.3 51910 0.0 0.2 51966 7.6 408 52427 1.9 8.0
PID %MEM %CPU 29931 0.4 0.3 51910 0.0 0.2 51966 7.6 408 52427 1.9 8.1
PID %MEM %CPU 29931 0.4 0.3 51910 0.0 0.2 51966 7.6 408 52427 1.9 8.4
PID %MEM %CPU 29931 0.4 0.3 51910 0.0 0.2 51966 7.6 407 52427 1.9 8.7