[H[Jcalling referenced s4 script : /alumnos/dwladdimiro/S4/apache-s4-0.6.0/s4
17:13:23.168 [main] INFO  org.apache.s4.tools.DefineCluster - preparing new cluster [cluster2] with [1] node(s)
17:13:23.360 [main] INFO  org.apache.s4.tools.DefineCluster - New cluster configuration uploaded into zookeeper
calling referenced s4 script : /alumnos/dwladdimiro/S4/apache-s4-0.6.0/s4
17:13:24.084 [main] INFO  o.a.s.c.u.ParsingUtils$InlineConfigParameterConverter - processing inline configuration parameter s4.adapter.output.stream=textInput
17:13:24.196 [main] INFO  org.apache.s4.tools.Deploy - No S4R path specified, nor build file specified: this assumes the app is in the classpath
:cp

BUILD SUCCESSFUL

Total time: 3.245 secs
17:13:28.708 [main] INFO  o.a.s.comm.topology.AssignmentFromZK - New session:94316212671938568; state is : SyncConnected
17:13:28.799 [main] INFO  o.a.s.comm.topology.AssignmentFromZK - Successfully acquired task:Task-0 by citiaps1.informatica.usach.cl
17:13:28.813 [S4 platform loader] INFO  org.apache.s4.core.S4Bootstrap - Initializing S4 app with : []]
17:13:28.814 [S4 platform loader] DEBUG org.apache.s4.core.S4Bootstrap - Adding named parameters for injection : s4.adapter.output.stream=textInput,
17:13:28.934 [S4 platform loader] INFO  org.apache.s4.core.S4Bootstrap - Starting S4 app with application class [adapter.NormalAdapter]
17:13:28.962 [S4 platform loader] INFO  o.a.s4.comm.topology.ClusterFromZK - Changing cluster topology to { nbNodes=1,name=cluster2,mode=unicast,type=,nodes=[{partition=0,port=13000,machineName=citiaps1.informatica.usach.cl,taskId=Task-0}]} from null
17:13:29.042 [S4 platform loader] INFO  o.a.s4.comm.topology.ClusterFromZK - Adding topology change listener:org.apache.s4.comm.tcp.TCPEmitter@469c153a
17:13:29.099 [S4 platform loader] INFO  o.a.s.c.s.ThrottlingSenderExecutorServiceFactory - Creating a throttling executor with a pool size of 5 and max rate of 10000 events / s
17:13:29.108 [S4 platform loader] INFO  org.apache.s4.core.util.S4Metrics - Metrics reporting not configured
17:13:29.109 [S4 platform loader] INFO  o.a.s4.comm.topology.ClusterFromZK - Adding topology change listener:org.apache.s4.core.SenderImpl@5951cddf
17:13:29.153 [S4 platform loader] INFO  o.a.s4.comm.topology.ClustersFromZK - New session:94316212671938568
17:13:29.156 [S4 platform loader] INFO  o.a.s4.comm.topology.ClustersFromZK - Detected new stream [textInput]
17:13:29.163 [S4 platform loader] INFO  o.a.s4.comm.topology.ClustersFromZK - New session:94316212671938568
17:13:29.172 [S4 platform loader] INFO  o.a.s4.comm.topology.ClusterFromZK - Changing cluster topology to { nbNodes=1,name=cluster1,mode=unicast,type=,nodes=[{partition=0,port=12000,machineName=citiaps1.informatica.usach.cl,taskId=Task-0}]} from null
17:13:29.175 [S4 platform loader] INFO  o.a.s4.comm.topology.ClusterFromZK - Changing cluster topology to { nbNodes=1,name=cluster2,mode=unicast,type=,nodes=[{partition=0,port=13000,machineName=citiaps1.informatica.usach.cl,taskId=Task-0}]} from null
17:13:29.178 [S4 platform loader] INFO  org.apache.s4.core.monitor.S4Monitor - Init Monitor
17:13:29.178 [S4 platform loader] INFO  adapter.NormalAdapter - Create Normal Adapter
17:13:42.518 [S4 platform loader] DEBUG o.a.s4.comm.topology.ClustersFromZK - Adding output stream [textInput] in cluster [cluster2]
17:13:43.035 [S4 platform loader] INFO  adapter.NormalAdapter - Init ClockTime
17:13:43.072 [Thread-4] INFO  o.a.s4.comm.topology.ClusterFromZK - Adding topology change listener:org.apache.s4.comm.tcp.TCPRemoteEmitter@778b9f3b
18:23:23.236 [New I/O worker #133] ERROR org.apache.s4.comm.tcp.TCPEmitter - Unexpected exception
java.io.IOException: Conexión reinicializada por la máquina remota
	at sun.nio.ch.FileDispatcherImpl.read0(Native Method) ~[na:1.8.0_45]
	at sun.nio.ch.SocketDispatcher.read(SocketDispatcher.java:39) ~[na:1.8.0_45]
	at sun.nio.ch.IOUtil.readIntoNativeBuffer(IOUtil.java:223) ~[na:1.8.0_45]
	at sun.nio.ch.IOUtil.read(IOUtil.java:192) ~[na:1.8.0_45]
	at sun.nio.ch.SocketChannelImpl.read(SocketChannelImpl.java:380) ~[na:1.8.0_45]
	at org.jboss.netty.channel.socket.nio.NioWorker.read(NioWorker.java:64) [netty-3.9.8.Final.jar:na]
	at org.jboss.netty.channel.socket.nio.AbstractNioWorker.process(AbstractNioWorker.java:108) [netty-3.9.8.Final.jar:na]
	at org.jboss.netty.channel.socket.nio.AbstractNioSelector.run(AbstractNioSelector.java:337) [netty-3.9.8.Final.jar:na]
	at org.jboss.netty.channel.socket.nio.AbstractNioWorker.run(AbstractNioWorker.java:89) [netty-3.9.8.Final.jar:na]
	at org.jboss.netty.channel.socket.nio.NioWorker.run(NioWorker.java:178) [netty-3.9.8.Final.jar:na]
	at org.jboss.netty.util.ThreadRenamingRunnable.run(ThreadRenamingRunnable.java:108) [netty-3.9.8.Final.jar:na]
	at org.jboss.netty.util.internal.DeadLockProofWorker$1.run(DeadLockProofWorker.java:42) [netty-3.9.8.Final.jar:na]
	at java.util.concurrent.ThreadPoolExecutor.runWorker(ThreadPoolExecutor.java:1142) [na:1.8.0_45]
	at java.util.concurrent.ThreadPoolExecutor$Worker.run(ThreadPoolExecutor.java:617) [na:1.8.0_45]
	at java.lang.Thread.run(Thread.java:745) [na:1.8.0_45]
18:23:23.237 [New I/O worker #133] WARN  org.apache.s4.comm.tcp.TCPEmitter - Failed to send message to node {partition=0,port=12000,machineName=citiaps1.informatica.usach.cl,taskId=Task-0} (according to current cluster information)
18:23:23.257 [remote-sender-0] WARN  org.apache.s4.comm.tcp.TCPEmitter - Could not connect to partition 0, discarding message
18:23:23.275 [remote-sender-3] WARN  org.apache.s4.comm.tcp.TCPEmitter - Could not connect to partition 0, discarding message
18:23:23.295 [remote-sender-4] WARN  org.apache.s4.comm.tcp.TCPEmitter - Could not connect to partition 0, discarding message
18:23:23.315 [remote-sender-1] WARN  org.apache.s4.comm.tcp.TCPEmitter - Could not connect to partition 0, discarding message
18:23:23.335 [remote-sender-2] WARN  org.apache.s4.comm.tcp.TCPEmitter - Could not connect to partition 0, discarding message
18:23:23.355 [remote-sender-0] WARN  org.apache.s4.comm.tcp.TCPEmitter - Could not connect to partition 0, discarding message
18:23:23.375 [remote-sender-3] WARN  org.apache.s4.comm.tcp.TCPEmitter - Could not connect to partition 0, discarding message
18:23:23.395 [remote-sender-4] WARN  org.apache.s4.comm.tcp.TCPEmitter - Could not connect to partition 0, discarding message
18:23:23.415 [remote-sender-1] WARN  org.apache.s4.comm.tcp.TCPEmitter - Could not connect to partition 0, discarding message
18:23:23.436 [remote-sender-2] WARN  org.apache.s4.comm.tcp.TCPEmitter - Could not connect to partition 0, discarding message
18:23:23.456 [remote-sender-0] WARN  org.apache.s4.comm.tcp.TCPEmitter - Could not connect to partition 0, discarding message
18:23:23.476 [remote-sender-3] WARN  org.apache.s4.comm.tcp.TCPEmitter - Could not connect to partition 0, discarding message
18:23:23.496 [remote-sender-4] WARN  org.apache.s4.comm.tcp.TCPEmitter - Could not connect to partition 0, discarding message
18:23:23.516 [remote-sender-1] WARN  org.apache.s4.comm.tcp.TCPEmitter - Could not connect to partition 0, discarding message
18:23:23.536 [remote-sender-2] WARN  org.apache.s4.comm.tcp.TCPEmitter - Could not connect to partition 0, discarding message
18:23:23.556 [remote-sender-0] WARN  org.apache.s4.comm.tcp.TCPEmitter - Could not connect to partition 0, discarding message
18:23:23.576 [remote-sender-3] WARN  org.apache.s4.comm.tcp.TCPEmitter - Could not connect to partition 0, discarding message
18:23:23.596 [remote-sender-4] WARN  org.apache.s4.comm.tcp.TCPEmitter - Could not connect to partition 0, discarding message
18:23:23.617 [remote-sender-1] WARN  org.apache.s4.comm.tcp.TCPEmitter - Could not connect to partition 0, discarding message
18:23:23.637 [remote-sender-2] WARN  org.apache.s4.comm.tcp.TCPEmitter - Could not connect to partition 0, discarding message
18:23:23.657 [remote-sender-0] WARN  org.apache.s4.comm.tcp.TCPEmitter - Could not connect to partition 0, discarding message
18:23:23.677 [remote-sender-3] WARN  org.apache.s4.comm.tcp.TCPEmitter - Could not connect to partition 0, discarding message
18:23:23.697 [remote-sender-4] WARN  org.apache.s4.comm.tcp.TCPEmitter - Could not connect to partition 0, discarding message
18:23:23.717 [remote-sender-1] WARN  org.apache.s4.comm.tcp.TCPEmitter - Could not connect to partition 0, discarding message
18:23:23.738 [remote-sender-2] WARN  org.apache.s4.comm.tcp.TCPEmitter - Could not connect to partition 0, discarding message
18:23:23.758 [remote-sender-0] WARN  org.apache.s4.comm.tcp.TCPEmitter - Could not connect to partition 0, discarding message
18:23:23.778 [remote-sender-3] WARN  org.apache.s4.comm.tcp.TCPEmitter - Could not connect to partition 0, discarding message
18:23:23.798 [remote-sender-4] WARN  org.apache.s4.comm.tcp.TCPEmitter - Could not connect to partition 0, discarding message
18:23:23.818 [remote-sender-1] WARN  org.apache.s4.comm.tcp.TCPEmitter - Could not connect to partition 0, discarding message
18:23:23.839 [remote-sender-2] WARN  org.apache.s4.comm.tcp.TCPEmitter - Could not connect to partition 0, discarding message
18:23:23.858 [remote-sender-0] WARN  org.apache.s4.comm.tcp.TCPEmitter - Could not connect to partition 0, discarding message
18:23:23.878 [remote-sender-3] WARN  org.apache.s4.comm.tcp.TCPEmitter - Could not connect to partition 0, discarding message
18:23:23.898 [remote-sender-4] WARN  org.apache.s4.comm.tcp.TCPEmitter - Could not connect to partition 0, discarding message
18:23:23.919 [remote-sender-1] WARN  org.apache.s4.comm.tcp.TCPEmitter - Could not connect to partition 0, discarding message
18:23:23.939 [remote-sender-2] WARN  org.apache.s4.comm.tcp.TCPEmitter - Could not connect to partition 0, discarding message
18:23:23.958 [remote-sender-0] WARN  org.apache.s4.comm.tcp.TCPEmitter - Could not connect to partition 0, discarding message
18:23:23.979 [remote-sender-3] WARN  org.apache.s4.comm.tcp.TCPEmitter - Could not connect to partition 0, discarding message
18:23:23.999 [remote-sender-4] WARN  org.apache.s4.comm.tcp.TCPEmitter - Could not connect to partition 0, discarding message
18:23:24.019 [remote-sender-1] WARN  org.apache.s4.comm.tcp.TCPEmitter - Could not connect to partition 0, discarding message
18:23:24.039 [remote-sender-2] WARN  org.apache.s4.comm.tcp.TCPEmitter - Could not connect to partition 0, discarding message
18:23:24.059 [remote-sender-0] WARN  org.apache.s4.comm.tcp.TCPEmitter - Could not connect to partition 0, discarding message
18:23:24.079 [remote-sender-3] WARN  org.apache.s4.comm.tcp.TCPEmitter - Could not connect to partition 0, discarding message
18:23:24.099 [remote-sender-4] WARN  org.apache.s4.comm.tcp.TCPEmitter - Could not connect to partition 0, discarding message
18:23:24.119 [remote-sender-1] WARN  org.apache.s4.comm.tcp.TCPEmitter - Could not connect to partition 0, discarding message
18:23:24.140 [remote-sender-2] WARN  org.apache.s4.comm.tcp.TCPEmitter - Could not connect to partition 0, discarding message
18:23:24.160 [remote-sender-0] WARN  org.apache.s4.comm.tcp.TCPEmitter - Could not connect to partition 0, discarding message
18:23:24.180 [remote-sender-3] WARN  org.apache.s4.comm.tcp.TCPEmitter - Could not connect to partition 0, discarding message
18:23:24.200 [remote-sender-4] WARN  org.apache.s4.comm.tcp.TCPEmitter - Could not connect to partition 0, discarding message
18:23:24.220 [remote-sender-1] WARN  org.apache.s4.comm.tcp.TCPEmitter - Could not connect to partition 0, discarding message
18:23:24.240 [remote-sender-2] WARN  org.apache.s4.comm.tcp.TCPEmitter - Could not connect to partition 0, discarding message
18:23:24.260 [remote-sender-0] WARN  org.apache.s4.comm.tcp.TCPEmitter - Could not connect to partition 0, discarding message
18:23:24.280 [remote-sender-3] WARN  org.apache.s4.comm.tcp.TCPEmitter - Could not connect to partition 0, discarding message
18:23:24.300 [remote-sender-4] WARN  org.apache.s4.comm.tcp.TCPEmitter - Could not connect to partition 0, discarding message
18:23:24.321 [remote-sender-1] WARN  org.apache.s4.comm.tcp.TCPEmitter - Could not connect to partition 0, discarding message
18:23:24.341 [remote-sender-2] WARN  org.apache.s4.comm.tcp.TCPEmitter - Could not connect to partition 0, discarding message
18:23:24.361 [remote-sender-0] WARN  org.apache.s4.comm.tcp.TCPEmitter - Could not connect to partition 0, discarding message
18:23:24.381 [remote-sender-3] WARN  org.apache.s4.comm.tcp.TCPEmitter - Could not connect to partition 0, discarding message
18:23:24.401 [remote-sender-4] WARN  org.apache.s4.comm.tcp.TCPEmitter - Could not connect to partition 0, discarding message
18:23:24.421 [remote-sender-1] WARN  org.apache.s4.comm.tcp.TCPEmitter - Could not connect to partition 0, discarding message
18:23:24.441 [remote-sender-2] WARN  org.apache.s4.comm.tcp.TCPEmitter - Could not connect to partition 0, discarding message
18:23:24.462 [remote-sender-0] WARN  org.apache.s4.comm.tcp.TCPEmitter - Could not connect to partition 0, discarding message
18:23:24.482 [remote-sender-3] WARN  org.apache.s4.comm.tcp.TCPEmitter - Could not connect to partition 0, discarding message
18:23:24.502 [remote-sender-4] WARN  org.apache.s4.comm.tcp.TCPEmitter - Could not connect to partition 0, discarding message
18:23:24.522 [remote-sender-1] WARN  org.apache.s4.comm.tcp.TCPEmitter - Could not connect to partition 0, discarding message
18:23:24.542 [remote-sender-2] WARN  org.apache.s4.comm.tcp.TCPEmitter - Could not connect to partition 0, discarding message
18:23:24.561 [remote-sender-0] WARN  org.apache.s4.comm.tcp.TCPEmitter - Could not connect to partition 0, discarding message
18:23:24.581 [remote-sender-3] WARN  org.apache.s4.comm.tcp.TCPEmitter - Could not connect to partition 0, discarding message
18:23:24.602 [remote-sender-4] WARN  org.apache.s4.comm.tcp.TCPEmitter - Could not connect to partition 0, discarding message
18:23:24.622 [remote-sender-1] WARN  org.apache.s4.comm.tcp.TCPEmitter - Could not connect to partition 0, discarding message
18:23:24.642 [remote-sender-2] WARN  org.apache.s4.comm.tcp.TCPEmitter - Could not connect to partition 0, discarding message
18:23:24.662 [remote-sender-0] WARN  org.apache.s4.comm.tcp.TCPEmitter - Could not connect to partition 0, discarding message
18:23:24.682 [remote-sender-3] WARN  org.apache.s4.comm.tcp.TCPEmitter - Could not connect to partition 0, discarding message
18:23:24.702 [remote-sender-4] WARN  org.apache.s4.comm.tcp.TCPEmitter - Could not connect to partition 0, discarding message
18:23:24.723 [remote-sender-1] WARN  org.apache.s4.comm.tcp.TCPEmitter - Could not connect to partition 0, discarding message
18:23:24.743 [remote-sender-2] WARN  org.apache.s4.comm.tcp.TCPEmitter - Could not connect to partition 0, discarding message
18:23:24.763 [remote-sender-0] WARN  org.apache.s4.comm.tcp.TCPEmitter - Could not connect to partition 0, discarding message
18:23:24.783 [remote-sender-3] WARN  org.apache.s4.comm.tcp.TCPEmitter - Could not connect to partition 0, discarding message
18:23:24.803 [remote-sender-4] WARN  org.apache.s4.comm.tcp.TCPEmitter - Could not connect to partition 0, discarding message
18:23:24.823 [remote-sender-1] WARN  org.apache.s4.comm.tcp.TCPEmitter - Could not connect to partition 0, discarding message
18:23:24.843 [remote-sender-2] WARN  org.apache.s4.comm.tcp.TCPEmitter - Could not connect to partition 0, discarding message
18:23:24.863 [remote-sender-0] WARN  org.apache.s4.comm.tcp.TCPEmitter - Could not connect to partition 0, discarding message
18:23:24.884 [remote-sender-3] WARN  org.apache.s4.comm.tcp.TCPEmitter - Could not connect to partition 0, discarding message
18:23:24.904 [remote-sender-4] WARN  org.apache.s4.comm.tcp.TCPEmitter - Could not connect to partition 0, discarding message
18:23:24.924 [remote-sender-1] WARN  org.apache.s4.comm.tcp.TCPEmitter - Could not connect to partition 0, discarding message
18:23:24.944 [remote-sender-2] WARN  org.apache.s4.comm.tcp.TCPEmitter - Could not connect to partition 0, discarding message
18:23:24.964 [remote-sender-0] WARN  org.apache.s4.comm.tcp.TCPEmitter - Could not connect to partition 0, discarding message
18:23:24.984 [remote-sender-3] WARN  org.apache.s4.comm.tcp.TCPEmitter - Could not connect to partition 0, discarding message
18:23:25.004 [remote-sender-4] WARN  org.apache.s4.comm.tcp.TCPEmitter - Could not connect to partition 0, discarding message
18:23:25.024 [remote-sender-1] WARN  org.apache.s4.comm.tcp.TCPEmitter - Could not connect to partition 0, discarding message
18:23:25.044 [remote-sender-2] WARN  org.apache.s4.comm.tcp.TCPEmitter - Could not connect to partition 0, discarding message
18:23:25.064 [remote-sender-0] WARN  org.apache.s4.comm.tcp.TCPEmitter - Could not connect to partition 0, discarding message
18:23:25.085 [remote-sender-3] WARN  org.apache.s4.comm.tcp.TCPEmitter - Could not connect to partition 0, discarding message
18:23:25.105 [remote-sender-4] WARN  org.apache.s4.comm.tcp.TCPEmitter - Could not connect to partition 0, discarding message
18:23:25.125 [remote-sender-1] WARN  org.apache.s4.comm.tcp.TCPEmitter - Could not connect to partition 0, discarding message
18:23:25.145 [remote-sender-2] WARN  org.apache.s4.comm.tcp.TCPEmitter - Could not connect to partition 0, discarding message
18:23:25.165 [remote-sender-0] WARN  org.apache.s4.comm.tcp.TCPEmitter - Could not connect to partition 0, discarding message
18:23:25.185 [remote-sender-3] WARN  org.apache.s4.comm.tcp.TCPEmitter - Could not connect to partition 0, discarding message
18:23:25.205 [remote-sender-4] WARN  org.apache.s4.comm.tcp.TCPEmitter - Could not connect to partition 0, discarding message
18:23:25.225 [remote-sender-1] WARN  org.apache.s4.comm.tcp.TCPEmitter - Could not connect to partition 0, discarding message
18:23:25.245 [remote-sender-2] WARN  org.apache.s4.comm.tcp.TCPEmitter - Could not connect to partition 0, discarding message
18:23:25.266 [remote-sender-0] WARN  org.apache.s4.comm.tcp.TCPEmitter - Could not connect to partition 0, discarding message
18:23:25.286 [remote-sender-3] WARN  org.apache.s4.comm.tcp.TCPEmitter - Could not connect to partition 0, discarding message
18:23:25.306 [remote-sender-4] WARN  org.apache.s4.comm.tcp.TCPEmitter - Could not connect to partition 0, discarding message
18:23:25.326 [remote-sender-1] WARN  org.apache.s4.comm.tcp.TCPEmitter - Could not connect to partition 0, discarding message
18:23:25.346 [remote-sender-2] WARN  org.apache.s4.comm.tcp.TCPEmitter - Could not connect to partition 0, discarding message
18:23:25.366 [remote-sender-0] WARN  org.apache.s4.comm.tcp.TCPEmitter - Could not connect to partition 0, discarding message
18:23:25.386 [remote-sender-3] WARN  org.apache.s4.comm.tcp.TCPEmitter - Could not connect to partition 0, discarding message
18:23:25.406 [remote-sender-4] WARN  org.apache.s4.comm.tcp.TCPEmitter - Could not connect to partition 0, discarding message
18:23:25.426 [remote-sender-1] WARN  org.apache.s4.comm.tcp.TCPEmitter - Could not connect to partition 0, discarding message
18:23:25.447 [remote-sender-2] WARN  org.apache.s4.comm.tcp.TCPEmitter - Could not connect to partition 0, discarding message
18:23:25.467 [remote-sender-0] WARN  org.apache.s4.comm.tcp.TCPEmitter - Could not connect to partition 0, discarding message
18:23:25.487 [remote-sender-3] WARN  org.apache.s4.comm.tcp.TCPEmitter - Could not connect to partition 0, discarding message
18:23:25.507 [remote-sender-4] WARN  org.apache.s4.comm.tcp.TCPEmitter - Could not connect to partition 0, discarding message
18:23:25.527 [remote-sender-1] WARN  org.apache.s4.comm.tcp.TCPEmitter - Could not connect to partition 0, discarding message
18:23:25.547 [remote-sender-2] WARN  org.apache.s4.comm.tcp.TCPEmitter - Could not connect to partition 0, discarding message
18:23:25.567 [remote-sender-0] WARN  org.apache.s4.comm.tcp.TCPEmitter - Could not connect to partition 0, discarding message
18:23:25.587 [remote-sender-3] WARN  org.apache.s4.comm.tcp.TCPEmitter - Could not connect to partition 0, discarding message
18:23:25.607 [remote-sender-4] WARN  org.apache.s4.comm.tcp.TCPEmitter - Could not connect to partition 0, discarding message
18:23:25.628 [remote-sender-1] WARN  org.apache.s4.comm.tcp.TCPEmitter - Could not connect to partition 0, discarding message
18:23:25.648 [remote-sender-2] WARN  org.apache.s4.comm.tcp.TCPEmitter - Could not connect to partition 0, discarding message
18:23:25.668 [remote-sender-0] WARN  org.apache.s4.comm.tcp.TCPEmitter - Could not connect to partition 0, discarding message
18:23:25.688 [remote-sender-3] WARN  org.apache.s4.comm.tcp.TCPEmitter - Could not connect to partition 0, discarding message
18:23:25.708 [remote-sender-4] WARN  org.apache.s4.comm.tcp.TCPEmitter - Could not connect to partition 0, discarding message
18:23:25.728 [remote-sender-1] WARN  org.apache.s4.comm.tcp.TCPEmitter - Could not connect to partition 0, discarding message
18:23:25.748 [remote-sender-2] WARN  org.apache.s4.comm.tcp.TCPEmitter - Could not connect to partition 0, discarding message
18:23:25.768 [remote-sender-0] WARN  org.apache.s4.comm.tcp.TCPEmitter - Could not connect to partition 0, discarding message
18:23:25.788 [remote-sender-3] WARN  org.apache.s4.comm.tcp.TCPEmitter - Could not connect to partition 0, discarding message
18:23:25.809 [remote-sender-4] WARN  org.apache.s4.comm.tcp.TCPEmitter - Could not connect to partition 0, discarding message
18:23:25.829 [remote-sender-1] WARN  org.apache.s4.comm.tcp.TCPEmitter - Could not connect to partition 0, discarding message
18:23:25.849 [remote-sender-2] WARN  org.apache.s4.comm.tcp.TCPEmitter - Could not connect to partition 0, discarding message
18:23:25.869 [remote-sender-0] WARN  org.apache.s4.comm.tcp.TCPEmitter - Could not connect to partition 0, discarding message
18:23:25.889 [remote-sender-3] WARN  org.apache.s4.comm.tcp.TCPEmitter - Could not connect to partition 0, discarding message
18:23:25.909 [remote-sender-4] WARN  org.apache.s4.comm.tcp.TCPEmitter - Could not connect to partition 0, discarding message
18:23:25.929 [remote-sender-1] WARN  org.apache.s4.comm.tcp.TCPEmitter - Could not connect to partition 0, discarding message
18:23:25.949 [remote-sender-2] WARN  org.apache.s4.comm.tcp.TCPEmitter - Could not connect to partition 0, discarding message
18:23:25.969 [remote-sender-0] WARN  org.apache.s4.comm.tcp.TCPEmitter - Could not connect to partition 0, discarding message
18:23:25.990 [remote-sender-3] WARN  org.apache.s4.comm.tcp.TCPEmitter - Could not connect to partition 0, discarding message
18:23:26.010 [remote-sender-4] WARN  org.apache.s4.comm.tcp.TCPEmitter - Could not connect to partition 0, discarding message
18:23:26.030 [remote-sender-1] WARN  org.apache.s4.comm.tcp.TCPEmitter - Could not connect to partition 0, discarding message
18:23:26.050 [remote-sender-2] WARN  org.apache.s4.comm.tcp.TCPEmitter - Could not connect to partition 0, discarding message
18:23:26.070 [remote-sender-0] WARN  org.apache.s4.comm.tcp.TCPEmitter - Could not connect to partition 0, discarding message
18:23:26.090 [remote-sender-3] WARN  org.apache.s4.comm.tcp.TCPEmitter - Could not connect to partition 0, discarding message
18:23:26.110 [remote-sender-4] WARN  org.apache.s4.comm.tcp.TCPEmitter - Could not connect to partition 0, discarding message
18:23:26.130 [remote-sender-1] WARN  org.apache.s4.comm.tcp.TCPEmitter - Could not connect to partition 0, discarding message
18:23:26.150 [remote-sender-2] WARN  org.apache.s4.comm.tcp.TCPEmitter - Could not connect to partition 0, discarding message
18:23:26.170 [remote-sender-0] WARN  org.apache.s4.comm.tcp.TCPEmitter - Could not connect to partition 0, discarding message
18:23:26.191 [remote-sender-3] WARN  org.apache.s4.comm.tcp.TCPEmitter - Could not connect to partition 0, discarding message
18:23:26.211 [remote-sender-4] WARN  org.apache.s4.comm.tcp.TCPEmitter - Could not connect to partition 0, discarding message
18:23:26.231 [remote-sender-1] WARN  org.apache.s4.comm.tcp.TCPEmitter - Could not connect to partition 0, discarding message
18:23:26.251 [remote-sender-2] WARN  org.apache.s4.comm.tcp.TCPEmitter - Could not connect to partition 0, discarding message
18:23:26.271 [remote-sender-0] WARN  org.apache.s4.comm.tcp.TCPEmitter - Could not connect to partition 0, discarding message
18:23:26.291 [remote-sender-3] WARN  org.apache.s4.comm.tcp.TCPEmitter - Could not connect to partition 0, discarding message
18:23:26.311 [remote-sender-4] WARN  org.apache.s4.comm.tcp.TCPEmitter - Could not connect to partition 0, discarding message
18:23:26.331 [remote-sender-1] WARN  org.apache.s4.comm.tcp.TCPEmitter - Could not connect to partition 0, discarding message
18:23:26.351 [remote-sender-2] WARN  org.apache.s4.comm.tcp.TCPEmitter - Could not connect to partition 0, discarding message
18:23:26.372 [remote-sender-0] WARN  org.apache.s4.comm.tcp.TCPEmitter - Could not connect to partition 0, discarding message
18:23:26.392 [remote-sender-3] WARN  org.apache.s4.comm.tcp.TCPEmitter - Could not connect to partition 0, discarding message
18:23:26.412 [remote-sender-4] WARN  org.apache.s4.comm.tcp.TCPEmitter - Could not connect to partition 0, discarding message
18:23:26.432 [remote-sender-1] WARN  org.apache.s4.comm.tcp.TCPEmitter - Could not connect to partition 0, discarding message
18:23:26.452 [remote-sender-2] WARN  org.apache.s4.comm.tcp.TCPEmitter - Could not connect to partition 0, discarding message
18:23:26.472 [remote-sender-0] WARN  org.apache.s4.comm.tcp.TCPEmitter - Could not connect to partition 0, discarding message
18:23:26.492 [remote-sender-3] WARN  org.apache.s4.comm.tcp.TCPEmitter - Could not connect to partition 0, discarding message
18:23:26.512 [remote-sender-4] WARN  org.apache.s4.comm.tcp.TCPEmitter - Could not connect to partition 0, discarding message
18:23:26.533 [remote-sender-1] WARN  org.apache.s4.comm.tcp.TCPEmitter - Could not connect to partition 0, discarding message
18:23:26.553 [remote-sender-2] WARN  org.apache.s4.comm.tcp.TCPEmitter - Could not connect to partition 0, discarding message
18:23:26.573 [remote-sender-0] WARN  org.apache.s4.comm.tcp.TCPEmitter - Could not connect to partition 0, discarding message
18:23:26.593 [remote-sender-3] WARN  org.apache.s4.comm.tcp.TCPEmitter - Could not connect to partition 0, discarding message
18:23:26.613 [remote-sender-4] WARN  org.apache.s4.comm.tcp.TCPEmitter - Could not connect to partition 0, discarding message
18:23:26.633 [remote-sender-1] WARN  org.apache.s4.comm.tcp.TCPEmitter - Could not connect to partition 0, discarding message
18:23:26.653 [remote-sender-2] WARN  org.apache.s4.comm.tcp.TCPEmitter - Could not connect to partition 0, discarding message
18:23:26.673 [remote-sender-0] WARN  org.apache.s4.comm.tcp.TCPEmitter - Could not connect to partition 0, discarding message
18:23:26.693 [remote-sender-3] WARN  org.apache.s4.comm.tcp.TCPEmitter - Could not connect to partition 0, discarding message
18:23:26.714 [remote-sender-4] WARN  org.apache.s4.comm.tcp.TCPEmitter - Could not connect to partition 0, discarding message
18:23:26.734 [remote-sender-1] WARN  org.apache.s4.comm.tcp.TCPEmitter - Could not connect to partition 0, discarding message
18:23:26.754 [remote-sender-2] WARN  org.apache.s4.comm.tcp.TCPEmitter - Could not connect to partition 0, discarding message
18:23:26.774 [remote-sender-0] WARN  org.apache.s4.comm.tcp.TCPEmitter - Could not connect to partition 0, discarding message
18:23:26.794 [remote-sender-3] WARN  org.apache.s4.comm.tcp.TCPEmitter - Could not connect to partition 0, discarding message
18:23:26.814 [remote-sender-4] WARN  org.apache.s4.comm.tcp.TCPEmitter - Could not connect to partition 0, discarding message
18:23:26.834 [remote-sender-1] WARN  org.apache.s4.comm.tcp.TCPEmitter - Could not connect to partition 0, discarding message
18:23:26.854 [remote-sender-2] WARN  org.apache.s4.comm.tcp.TCPEmitter - Could not connect to partition 0, discarding message
18:23:26.874 [remote-sender-0] WARN  org.apache.s4.comm.tcp.TCPEmitter - Could not connect to partition 0, discarding message
18:23:26.894 [remote-sender-3] WARN  org.apache.s4.comm.tcp.TCPEmitter - Could not connect to partition 0, discarding message
18:23:26.915 [remote-sender-4] WARN  org.apache.s4.comm.tcp.TCPEmitter - Could not connect to partition 0, discarding message
18:23:26.935 [remote-sender-1] WARN  org.apache.s4.comm.tcp.TCPEmitter - Could not connect to partition 0, discarding message
18:23:26.955 [remote-sender-2] WARN  org.apache.s4.comm.tcp.TCPEmitter - Could not connect to partition 0, discarding message
18:23:26.975 [remote-sender-0] WARN  org.apache.s4.comm.tcp.TCPEmitter - Could not connect to partition 0, discarding message
18:23:26.995 [remote-sender-3] WARN  org.apache.s4.comm.tcp.TCPEmitter - Could not connect to partition 0, discarding message
18:23:27.015 [remote-sender-4] WARN  org.apache.s4.comm.tcp.TCPEmitter - Could not connect to partition 0, discarding message
18:23:27.035 [remote-sender-1] WARN  org.apache.s4.comm.tcp.TCPEmitter - Could not connect to partition 0, discarding message
18:23:27.055 [remote-sender-2] WARN  org.apache.s4.comm.tcp.TCPEmitter - Could not connect to partition 0, discarding message
18:23:27.075 [remote-sender-0] WARN  org.apache.s4.comm.tcp.TCPEmitter - Could not connect to partition 0, discarding message
18:23:27.096 [remote-sender-3] WARN  org.apache.s4.comm.tcp.TCPEmitter - Could not connect to partition 0, discarding message
18:23:27.116 [remote-sender-4] WARN  org.apache.s4.comm.tcp.TCPEmitter - Could not connect to partition 0, discarding message
18:23:27.136 [remote-sender-1] WARN  org.apache.s4.comm.tcp.TCPEmitter - Could not connect to partition 0, discarding message
18:23:27.156 [remote-sender-2] WARN  org.apache.s4.comm.tcp.TCPEmitter - Could not connect to partition 0, discarding message
18:23:27.176 [remote-sender-0] WARN  org.apache.s4.comm.tcp.TCPEmitter - Could not connect to partition 0, discarding message
18:23:27.196 [remote-sender-3] WARN  org.apache.s4.comm.tcp.TCPEmitter - Could not connect to partition 0, discarding message
18:23:27.216 [remote-sender-4] WARN  org.apache.s4.comm.tcp.TCPEmitter - Could not connect to partition 0, discarding message
18:23:27.236 [remote-sender-1] WARN  org.apache.s4.comm.tcp.TCPEmitter - Could not connect to partition 0, discarding message
18:23:27.256 [remote-sender-2] WARN  org.apache.s4.comm.tcp.TCPEmitter - Could not connect to partition 0, discarding message
18:23:27.276 [remote-sender-0] WARN  org.apache.s4.comm.tcp.TCPEmitter - Could not connect to partition 0, discarding message
18:23:27.297 [remote-sender-3] WARN  org.apache.s4.comm.tcp.TCPEmitter - Could not connect to partition 0, discarding message
18:23:27.317 [remote-sender-4] WARN  org.apache.s4.comm.tcp.TCPEmitter - Could not connect to partition 0, discarding message
18:23:27.337 [remote-sender-1] WARN  org.apache.s4.comm.tcp.TCPEmitter - Could not connect to partition 0, discarding message
18:23:27.357 [remote-sender-2] WARN  org.apache.s4.comm.tcp.TCPEmitter - Could not connect to partition 0, discarding message
18:23:27.377 [remote-sender-0] WARN  org.apache.s4.comm.tcp.TCPEmitter - Could not connect to partition 0, discarding message
18:23:27.397 [remote-sender-3] WARN  org.apache.s4.comm.tcp.TCPEmitter - Could not connect to partition 0, discarding message
18:23:27.417 [remote-sender-4] WARN  org.apache.s4.comm.tcp.TCPEmitter - Could not connect to partition 0, discarding message
18:23:27.437 [remote-sender-1] WARN  org.apache.s4.comm.tcp.TCPEmitter - Could not connect to partition 0, discarding message
18:23:27.457 [remote-sender-2] WARN  org.apache.s4.comm.tcp.TCPEmitter - Could not connect to partition 0, discarding message
18:23:27.478 [remote-sender-0] WARN  org.apache.s4.comm.tcp.TCPEmitter - Could not connect to partition 0, discarding message
18:23:27.498 [remote-sender-3] WARN  org.apache.s4.comm.tcp.TCPEmitter - Could not connect to partition 0, discarding message
18:23:27.518 [remote-sender-4] WARN  org.apache.s4.comm.tcp.TCPEmitter - Could not connect to partition 0, discarding message
18:23:27.538 [remote-sender-1] WARN  org.apache.s4.comm.tcp.TCPEmitter - Could not connect to partition 0, discarding message
18:23:27.558 [remote-sender-2] WARN  org.apache.s4.comm.tcp.TCPEmitter - Could not connect to partition 0, discarding message
18:23:27.578 [remote-sender-0] WARN  org.apache.s4.comm.tcp.TCPEmitter - Could not connect to partition 0, discarding message
18:23:27.598 [remote-sender-3] WARN  org.apache.s4.comm.tcp.TCPEmitter - Could not connect to partition 0, discarding message
18:23:27.618 [remote-sender-4] WARN  org.apache.s4.comm.tcp.TCPEmitter - Could not connect to partition 0, discarding message
18:23:27.638 [remote-sender-1] WARN  org.apache.s4.comm.tcp.TCPEmitter - Could not connect to partition 0, discarding message
18:23:27.658 [remote-sender-2] WARN  org.apache.s4.comm.tcp.TCPEmitter - Could not connect to partition 0, discarding message
18:23:27.679 [remote-sender-0] WARN  org.apache.s4.comm.tcp.TCPEmitter - Could not connect to partition 0, discarding message
18:23:27.699 [remote-sender-3] WARN  org.apache.s4.comm.tcp.TCPEmitter - Could not connect to partition 0, discarding message
18:23:27.719 [remote-sender-4] WARN  org.apache.s4.comm.tcp.TCPEmitter - Could not connect to partition 0, discarding message
18:23:27.739 [remote-sender-1] WARN  org.apache.s4.comm.tcp.TCPEmitter - Could not connect to partition 0, discarding message
18:23:27.759 [remote-sender-2] WARN  org.apache.s4.comm.tcp.TCPEmitter - Could not connect to partition 0, discarding message
18:23:27.779 [remote-sender-0] WARN  org.apache.s4.comm.tcp.TCPEmitter - Could not connect to partition 0, discarding message
18:23:27.799 [remote-sender-3] WARN  org.apache.s4.comm.tcp.TCPEmitter - Could not connect to partition 0, discarding message
18:23:27.819 [remote-sender-4] WARN  org.apache.s4.comm.tcp.TCPEmitter - Could not connect to partition 0, discarding message
18:23:27.840 [remote-sender-1] WARN  org.apache.s4.comm.tcp.TCPEmitter - Could not connect to partition 0, discarding message
18:23:27.860 [remote-sender-2] WARN  org.apache.s4.comm.tcp.TCPEmitter - Could not connect to partition 0, discarding message
18:23:27.880 [remote-sender-0] WARN  org.apache.s4.comm.tcp.TCPEmitter - Could not connect to partition 0, discarding message
18:23:27.900 [remote-sender-3] WARN  org.apache.s4.comm.tcp.TCPEmitter - Could not connect to partition 0, discarding message
18:23:27.920 [remote-sender-4] WARN  org.apache.s4.comm.tcp.TCPEmitter - Could not connect to partition 0, discarding message
18:23:27.940 [remote-sender-1] WARN  org.apache.s4.comm.tcp.TCPEmitter - Could not connect to partition 0, discarding message
18:23:27.960 [remote-sender-2] WARN  org.apache.s4.comm.tcp.TCPEmitter - Could not connect to partition 0, discarding message
18:23:27.980 [remote-sender-0] WARN  org.apache.s4.comm.tcp.TCPEmitter - Could not connect to partition 0, discarding message
18:23:28.000 [remote-sender-3] WARN  org.apache.s4.comm.tcp.TCPEmitter - Could not connect to partition 0, discarding message
18:23:28.020 [remote-sender-4] WARN  org.apache.s4.comm.tcp.TCPEmitter - Could not connect to partition 0, discarding message
18:23:28.041 [remote-sender-1] WARN  org.apache.s4.comm.tcp.TCPEmitter - Could not connect to partition 0, discarding message
18:23:28.061 [remote-sender-2] WARN  org.apache.s4.comm.tcp.TCPEmitter - Could not connect to partition 0, discarding message
18:23:28.081 [remote-sender-0] WARN  org.apache.s4.comm.tcp.TCPEmitter - Could not connect to partition 0, discarding message
18:23:28.101 [remote-sender-3] WARN  org.apache.s4.comm.tcp.TCPEmitter - Could not connect to partition 0, discarding message
18:23:28.121 [remote-sender-4] WARN  org.apache.s4.comm.tcp.TCPEmitter - Could not connect to partition 0, discarding message
18:23:28.141 [remote-sender-1] WARN  org.apache.s4.comm.tcp.TCPEmitter - Could not connect to partition 0, discarding message
18:23:28.161 [remote-sender-2] WARN  org.apache.s4.comm.tcp.TCPEmitter - Could not connect to partition 0, discarding message
18:23:28.182 [remote-sender-0] WARN  org.apache.s4.comm.tcp.TCPEmitter - Could not connect to partition 0, discarding message
18:23:28.202 [remote-sender-3] WARN  org.apache.s4.comm.tcp.TCPEmitter - Could not connect to partition 0, discarding message
18:23:28.222 [remote-sender-4] WARN  org.apache.s4.comm.tcp.TCPEmitter - Could not connect to partition 0, discarding message
18:23:28.242 [remote-sender-1] WARN  org.apache.s4.comm.tcp.TCPEmitter - Could not connect to partition 0, discarding message
18:23:28.262 [remote-sender-2] WARN  org.apache.s4.comm.tcp.TCPEmitter - Could not connect to partition 0, discarding message
18:23:28.282 [remote-sender-0] WARN  org.apache.s4.comm.tcp.TCPEmitter - Could not connect to partition 0, discarding message
18:23:28.302 [remote-sender-3] WARN  org.apache.s4.comm.tcp.TCPEmitter - Could not connect to partition 0, discarding message
18:23:28.322 [remote-sender-4] WARN  org.apache.s4.comm.tcp.TCPEmitter - Could not connect to partition 0, discarding message
18:23:28.342 [remote-sender-1] WARN  org.apache.s4.comm.tcp.TCPEmitter - Could not connect to partition 0, discarding message
18:23:28.362 [remote-sender-2] WARN  org.apache.s4.comm.tcp.TCPEmitter - Could not connect to partition 0, discarding message
18:23:28.382 [remote-sender-0] WARN  org.apache.s4.comm.tcp.TCPEmitter - Could not connect to partition 0, discarding message
18:23:28.403 [remote-sender-3] WARN  org.apache.s4.comm.tcp.TCPEmitter - Could not connect to partition 0, discarding message
18:23:28.423 [remote-sender-4] WARN  org.apache.s4.comm.tcp.TCPEmitter - Could not connect to partition 0, discarding message
18:23:28.443 [remote-sender-1] WARN  org.apache.s4.comm.tcp.TCPEmitter - Could not connect to partition 0, discarding message
18:23:28.463 [remote-sender-2] WARN  org.apache.s4.comm.tcp.TCPEmitter - Could not connect to partition 0, discarding message
18:23:28.483 [remote-sender-0] WARN  org.apache.s4.comm.tcp.TCPEmitter - Could not connect to partition 0, discarding message
18:23:28.503 [remote-sender-3] WARN  org.apache.s4.comm.tcp.TCPEmitter - Could not connect to partition 0, discarding message
18:23:28.523 [remote-sender-4] WARN  org.apache.s4.comm.tcp.TCPEmitter - Could not connect to partition 0, discarding message
18:23:28.543 [remote-sender-1] WARN  org.apache.s4.comm.tcp.TCPEmitter - Could not connect to partition 0, discarding message
18:23:28.563 [remote-sender-2] WARN  org.apache.s4.comm.tcp.TCPEmitter - Could not connect to partition 0, discarding message
18:23:28.583 [remote-sender-0] WARN  org.apache.s4.comm.tcp.TCPEmitter - Could not connect to partition 0, discarding message
18:23:28.603 [remote-sender-3] WARN  org.apache.s4.comm.tcp.TCPEmitter - Could not connect to partition 0, discarding message
18:23:28.624 [remote-sender-4] WARN  org.apache.s4.comm.tcp.TCPEmitter - Could not connect to partition 0, discarding message
18:23:28.644 [remote-sender-1] WARN  org.apache.s4.comm.tcp.TCPEmitter - Could not connect to partition 0, discarding message
18:23:28.664 [remote-sender-2] WARN  org.apache.s4.comm.tcp.TCPEmitter - Could not connect to partition 0, discarding message
18:23:28.684 [remote-sender-0] WARN  org.apache.s4.comm.tcp.TCPEmitter - Could not connect to partition 0, discarding message
18:23:28.704 [remote-sender-3] WARN  org.apache.s4.comm.tcp.TCPEmitter - Could not connect to partition 0, discarding message
18:23:28.724 [remote-sender-4] WARN  org.apache.s4.comm.tcp.TCPEmitter - Could not connect to partition 0, discarding message
18:23:28.744 [remote-sender-1] WARN  org.apache.s4.comm.tcp.TCPEmitter - Could not connect to partition 0, discarding message
18:23:28.764 [remote-sender-2] WARN  org.apache.s4.comm.tcp.TCPEmitter - Could not connect to partition 0, discarding message
18:23:28.784 [remote-sender-0] WARN  org.apache.s4.comm.tcp.TCPEmitter - Could not connect to partition 0, discarding message
18:23:28.805 [remote-sender-3] WARN  org.apache.s4.comm.tcp.TCPEmitter - Could not connect to partition 0, discarding message
18:23:28.825 [remote-sender-4] WARN  org.apache.s4.comm.tcp.TCPEmitter - Could not connect to partition 0, discarding message
18:23:28.845 [remote-sender-1] WARN  org.apache.s4.comm.tcp.TCPEmitter - Could not connect to partition 0, discarding message
18:23:28.865 [remote-sender-2] WARN  org.apache.s4.comm.tcp.TCPEmitter - Could not connect to partition 0, discarding message
18:23:28.885 [remote-sender-0] WARN  org.apache.s4.comm.tcp.TCPEmitter - Could not connect to partition 0, discarding message
18:23:28.905 [remote-sender-3] WARN  org.apache.s4.comm.tcp.TCPEmitter - Could not connect to partition 0, discarding message
18:23:28.925 [remote-sender-4] WARN  org.apache.s4.comm.tcp.TCPEmitter - Could not connect to partition 0, discarding message
18:23:28.946 [remote-sender-1] WARN  org.apache.s4.comm.tcp.TCPEmitter - Could not connect to partition 0, discarding message
18:23:28.965 [remote-sender-2] WARN  org.apache.s4.comm.tcp.TCPEmitter - Could not connect to partition 0, discarding message
18:23:28.985 [remote-sender-0] WARN  org.apache.s4.comm.tcp.TCPEmitter - Could not connect to partition 0, discarding message
18:23:29.007 [remote-sender-3] WARN  org.apache.s4.comm.tcp.TCPEmitter - Could not connect to partition 0, discarding message
18:23:29.026 [remote-sender-4] WARN  org.apache.s4.comm.tcp.TCPEmitter - Could not connect to partition 0, discarding message
18:23:29.046 [remote-sender-1] WARN  org.apache.s4.comm.tcp.TCPEmitter - Could not connect to partition 0, discarding message
18:23:29.066 [remote-sender-2] WARN  org.apache.s4.comm.tcp.TCPEmitter - Could not connect to partition 0, discarding message
18:23:29.086 [remote-sender-0] WARN  org.apache.s4.comm.tcp.TCPEmitter - Could not connect to partition 0, discarding message
18:23:29.106 [remote-sender-3] WARN  org.apache.s4.comm.tcp.TCPEmitter - Could not connect to partition 0, discarding message
18:23:29.126 [remote-sender-4] WARN  org.apache.s4.comm.tcp.TCPEmitter - Could not connect to partition 0, discarding message
18:23:29.146 [remote-sender-1] WARN  org.apache.s4.comm.tcp.TCPEmitter - Could not connect to partition 0, discarding message
18:23:29.167 [remote-sender-2] WARN  org.apache.s4.comm.tcp.TCPEmitter - Could not connect to partition 0, discarding message
18:23:29.187 [remote-sender-0] WARN  org.apache.s4.comm.tcp.TCPEmitter - Could not connect to partition 0, discarding message
18:23:29.207 [remote-sender-3] WARN  org.apache.s4.comm.tcp.TCPEmitter - Could not connect to partition 0, discarding message
18:23:29.227 [remote-sender-4] WARN  org.apache.s4.comm.tcp.TCPEmitter - Could not connect to partition 0, discarding message
18:23:29.247 [remote-sender-1] WARN  org.apache.s4.comm.tcp.TCPEmitter - Could not connect to partition 0, discarding message
18:23:29.267 [remote-sender-2] WARN  org.apache.s4.comm.tcp.TCPEmitter - Could not connect to partition 0, discarding message
18:23:29.287 [remote-sender-0] WARN  org.apache.s4.comm.tcp.TCPEmitter - Could not connect to partition 0, discarding message
18:23:29.307 [remote-sender-3] WARN  org.apache.s4.comm.tcp.TCPEmitter - Could not connect to partition 0, discarding message
18:23:29.327 [remote-sender-4] WARN  org.apache.s4.comm.tcp.TCPEmitter - Could not connect to partition 0, discarding message
18:23:29.348 [remote-sender-1] WARN  org.apache.s4.comm.tcp.TCPEmitter - Could not connect to partition 0, discarding message
18:23:29.368 [remote-sender-2] WARN  org.apache.s4.comm.tcp.TCPEmitter - Could not connect to partition 0, discarding message
18:23:29.388 [remote-sender-0] WARN  org.apache.s4.comm.tcp.TCPEmitter - Could not connect to partition 0, discarding message
18:23:29.408 [remote-sender-3] WARN  org.apache.s4.comm.tcp.TCPEmitter - Could not connect to partition 0, discarding message
18:23:29.428 [remote-sender-4] WARN  org.apache.s4.comm.tcp.TCPEmitter - Could not connect to partition 0, discarding message
18:23:29.448 [remote-sender-1] WARN  org.apache.s4.comm.tcp.TCPEmitter - Could not connect to partition 0, discarding message
18:23:29.468 [remote-sender-2] WARN  org.apache.s4.comm.tcp.TCPEmitter - Could not connect to partition 0, discarding message
18:23:29.488 [remote-sender-0] WARN  org.apache.s4.comm.tcp.TCPEmitter - Could not connect to partition 0, discarding message
18:23:29.508 [remote-sender-3] WARN  org.apache.s4.comm.tcp.TCPEmitter - Could not connect to partition 0, discarding message
18:23:29.528 [remote-sender-4] WARN  org.apache.s4.comm.tcp.TCPEmitter - Could not connect to partition 0, discarding message
18:23:29.549 [remote-sender-1] WARN  org.apache.s4.comm.tcp.TCPEmitter - Could not connect to partition 0, discarding message
18:23:29.569 [remote-sender-2] WARN  org.apache.s4.comm.tcp.TCPEmitter - Could not connect to partition 0, discarding message
18:23:29.589 [remote-sender-0] WARN  org.apache.s4.comm.tcp.TCPEmitter - Could not connect to partition 0, discarding message
18:23:29.609 [remote-sender-3] WARN  org.apache.s4.comm.tcp.TCPEmitter - Could not connect to partition 0, discarding message
18:23:29.629 [remote-sender-4] WARN  org.apache.s4.comm.tcp.TCPEmitter - Could not connect to partition 0, discarding message
18:23:29.649 [remote-sender-1] WARN  org.apache.s4.comm.tcp.TCPEmitter - Could not connect to partition 0, discarding message
18:23:29.669 [remote-sender-2] WARN  org.apache.s4.comm.tcp.TCPEmitter - Could not connect to partition 0, discarding message
18:23:29.690 [remote-sender-0] WARN  org.apache.s4.comm.tcp.TCPEmitter - Could not connect to partition 0, discarding message
18:23:29.709 [remote-sender-3] WARN  org.apache.s4.comm.tcp.TCPEmitter - Could not connect to partition 0, discarding message
18:23:29.729 [remote-sender-4] WARN  org.apache.s4.comm.tcp.TCPEmitter - Could not connect to partition 0, discarding message
18:23:29.750 [remote-sender-1] WARN  org.apache.s4.comm.tcp.TCPEmitter - Could not connect to partition 0, discarding message
18:23:29.770 [remote-sender-2] WARN  org.apache.s4.comm.tcp.TCPEmitter - Could not connect to partition 0, discarding message
18:23:29.790 [remote-sender-0] WARN  org.apache.s4.comm.tcp.TCPEmitter - Could not connect to partition 0, discarding message
18:23:29.810 [remote-sender-3] WARN  org.apache.s4.comm.tcp.TCPEmitter - Could not connect to partition 0, discarding message
18:23:29.830 [remote-sender-4] WARN  org.apache.s4.comm.tcp.TCPEmitter - Could not connect to partition 0, discarding message
18:23:29.850 [remote-sender-1] WARN  org.apache.s4.comm.tcp.TCPEmitter - Could not connect to partition 0, discarding message
18:23:29.870 [remote-sender-2] WARN  org.apache.s4.comm.tcp.TCPEmitter - Could not connect to partition 0, discarding message
18:23:29.891 [remote-sender-0] WARN  org.apache.s4.comm.tcp.TCPEmitter - Could not connect to partition 0, discarding message
18:23:29.910 [remote-sender-3] WARN  org.apache.s4.comm.tcp.TCPEmitter - Could not connect to partition 0, discarding message
18:23:29.931 [remote-sender-4] WARN  org.apache.s4.comm.tcp.TCPEmitter - Could not connect to partition 0, discarding message
18:23:29.951 [remote-sender-1] WARN  org.apache.s4.comm.tcp.TCPEmitter - Could not connect to partition 0, discarding message
18:23:29.970 [remote-sender-2] WARN  org.apache.s4.comm.tcp.TCPEmitter - Could not connect to partition 0, discarding message
18:23:29.991 [remote-sender-0] WARN  org.apache.s4.comm.tcp.TCPEmitter - Could not connect to partition 0, discarding message
18:23:30.011 [remote-sender-3] WARN  org.apache.s4.comm.tcp.TCPEmitter - Could not connect to partition 0, discarding message
18:23:30.031 [remote-sender-4] WARN  org.apache.s4.comm.tcp.TCPEmitter - Could not connect to partition 0, discarding message
18:23:30.051 [remote-sender-1] WARN  org.apache.s4.comm.tcp.TCPEmitter - Could not connect to partition 0, discarding message
18:23:30.071 [remote-sender-2] WARN  org.apache.s4.comm.tcp.TCPEmitter - Could not connect to partition 0, discarding message
18:23:30.091 [remote-sender-0] WARN  org.apache.s4.comm.tcp.TCPEmitter - Could not connect to partition 0, discarding message
18:23:30.111 [remote-sender-3] WARN  org.apache.s4.comm.tcp.TCPEmitter - Could not connect to partition 0, discarding message
18:23:30.132 [remote-sender-4] WARN  org.apache.s4.comm.tcp.TCPEmitter - Could not connect to partition 0, discarding message
18:23:30.152 [remote-sender-1] WARN  org.apache.s4.comm.tcp.TCPEmitter - Could not connect to partition 0, discarding message
18:23:30.172 [remote-sender-2] WARN  org.apache.s4.comm.tcp.TCPEmitter - Could not connect to partition 0, discarding message
18:23:30.192 [remote-sender-0] WARN  org.apache.s4.comm.tcp.TCPEmitter - Could not connect to partition 0, discarding message
18:23:30.212 [remote-sender-3] WARN  org.apache.s4.comm.tcp.TCPEmitter - Could not connect to partition 0, discarding message
18:23:30.232 [remote-sender-4] WARN  org.apache.s4.comm.tcp.TCPEmitter - Could not connect to partition 0, discarding message
18:23:30.252 [remote-sender-1] WARN  org.apache.s4.comm.tcp.TCPEmitter - Could not connect to partition 0, discarding message
18:23:30.272 [remote-sender-2] WARN  org.apache.s4.comm.tcp.TCPEmitter - Could not connect to partition 0, discarding message
18:23:30.292 [remote-sender-0] WARN  org.apache.s4.comm.tcp.TCPEmitter - Could not connect to partition 0, discarding message
18:23:30.313 [remote-sender-3] WARN  org.apache.s4.comm.tcp.TCPEmitter - Could not connect to partition 0, discarding message
18:23:30.333 [remote-sender-4] WARN  org.apache.s4.comm.tcp.TCPEmitter - Could not connect to partition 0, discarding message
18:23:30.353 [remote-sender-1] WARN  org.apache.s4.comm.tcp.TCPEmitter - Could not connect to partition 0, discarding message
18:23:30.373 [remote-sender-2] WARN  org.apache.s4.comm.tcp.TCPEmitter - Could not connect to partition 0, discarding message
18:23:30.393 [remote-sender-0] WARN  org.apache.s4.comm.tcp.TCPEmitter - Could not connect to partition 0, discarding message
18:23:30.413 [remote-sender-3] WARN  org.apache.s4.comm.tcp.TCPEmitter - Could not connect to partition 0, discarding message
18:23:30.433 [remote-sender-4] WARN  org.apache.s4.comm.tcp.TCPEmitter - Could not connect to partition 0, discarding message
18:23:30.453 [remote-sender-1] WARN  org.apache.s4.comm.tcp.TCPEmitter - Could not connect to partition 0, discarding message
18:23:30.473 [remote-sender-2] WARN  org.apache.s4.comm.tcp.TCPEmitter - Could not connect to partition 0, discarding message
18:23:30.494 [remote-sender-0] WARN  org.apache.s4.comm.tcp.TCPEmitter - Could not connect to partition 0, discarding message
18:23:30.516 [remote-sender-3] WARN  org.apache.s4.comm.tcp.TCPEmitter - Could not connect to partition 0, discarding message
18:23:30.534 [remote-sender-4] WARN  org.apache.s4.comm.tcp.TCPEmitter - Could not connect to partition 0, discarding message
18:23:30.554 [remote-sender-1] WARN  org.apache.s4.comm.tcp.TCPEmitter - Could not connect to partition 0, discarding message
18:23:30.574 [remote-sender-2] WARN  org.apache.s4.comm.tcp.TCPEmitter - Could not connect to partition 0, discarding message
18:23:30.594 [remote-sender-0] WARN  org.apache.s4.comm.tcp.TCPEmitter - Could not connect to partition 0, discarding message
18:23:30.614 [remote-sender-3] WARN  org.apache.s4.comm.tcp.TCPEmitter - Could not connect to partition 0, discarding message
18:23:30.634 [remote-sender-4] WARN  org.apache.s4.comm.tcp.TCPEmitter - Could not connect to partition 0, discarding message
18:23:30.654 [remote-sender-1] WARN  org.apache.s4.comm.tcp.TCPEmitter - Could not connect to partition 0, discarding message
18:23:30.675 [remote-sender-2] WARN  org.apache.s4.comm.tcp.TCPEmitter - Could not connect to partition 0, discarding message
18:23:30.695 [remote-sender-0] WARN  org.apache.s4.comm.tcp.TCPEmitter - Could not connect to partition 0, discarding message
18:23:30.715 [remote-sender-3] WARN  org.apache.s4.comm.tcp.TCPEmitter - Could not connect to partition 0, discarding message
18:23:30.735 [remote-sender-4] WARN  org.apache.s4.comm.tcp.TCPEmitter - Could not connect to partition 0, discarding message
18:23:30.755 [remote-sender-1] WARN  org.apache.s4.comm.tcp.TCPEmitter - Could not connect to partition 0, discarding message
18:23:30.775 [remote-sender-2] WARN  org.apache.s4.comm.tcp.TCPEmitter - Could not connect to partition 0, discarding message
18:23:30.795 [remote-sender-0] WARN  org.apache.s4.comm.tcp.TCPEmitter - Could not connect to partition 0, discarding message
18:23:30.815 [remote-sender-3] WARN  org.apache.s4.comm.tcp.TCPEmitter - Could not connect to partition 0, discarding message
18:23:30.835 [remote-sender-4] WARN  org.apache.s4.comm.tcp.TCPEmitter - Could not connect to partition 0, discarding message
18:23:30.858 [remote-sender-1] WARN  org.apache.s4.comm.tcp.TCPEmitter - Could not connect to partition 0, discarding message
18:23:30.876 [remote-sender-2] WARN  org.apache.s4.comm.tcp.TCPEmitter - Could not connect to partition 0, discarding message
18:23:30.896 [remote-sender-0] WARN  org.apache.s4.comm.tcp.TCPEmitter - Could not connect to partition 0, discarding message
18:23:30.916 [remote-sender-3] WARN  org.apache.s4.comm.tcp.TCPEmitter - Could not connect to partition 0, discarding message
18:23:30.936 [remote-sender-4] WARN  org.apache.s4.comm.tcp.TCPEmitter - Could not connect to partition 0, discarding message
18:23:30.956 [remote-sender-1] WARN  org.apache.s4.comm.tcp.TCPEmitter - Could not connect to partition 0, discarding message
18:23:30.976 [remote-sender-2] WARN  org.apache.s4.comm.tcp.TCPEmitter - Could not connect to partition 0, discarding message
18:23:30.996 [remote-sender-0] WARN  org.apache.s4.comm.tcp.TCPEmitter - Could not connect to partition 0, discarding message
18:23:31.016 [remote-sender-3] WARN  org.apache.s4.comm.tcp.TCPEmitter - Could not connect to partition 0, discarding message
18:23:31.037 [remote-sender-4] WARN  org.apache.s4.comm.tcp.TCPEmitter - Could not connect to partition 0, discarding message
18:23:31.057 [remote-sender-1] WARN  org.apache.s4.comm.tcp.TCPEmitter - Could not connect to partition 0, discarding message
18:23:31.077 [remote-sender-2] WARN  org.apache.s4.comm.tcp.TCPEmitter - Could not connect to partition 0, discarding message
18:23:31.097 [remote-sender-0] WARN  org.apache.s4.comm.tcp.TCPEmitter - Could not connect to partition 0, discarding message
18:23:31.117 [remote-sender-3] WARN  org.apache.s4.comm.tcp.TCPEmitter - Could not connect to partition 0, discarding message
18:23:31.137 [remote-sender-4] WARN  org.apache.s4.comm.tcp.TCPEmitter - Could not connect to partition 0, discarding message
18:23:31.157 [remote-sender-1] WARN  org.apache.s4.comm.tcp.TCPEmitter - Could not connect to partition 0, discarding message
18:23:31.177 [remote-sender-2] WARN  org.apache.s4.comm.tcp.TCPEmitter - Could not connect to partition 0, discarding message
18:23:31.197 [remote-sender-0] WARN  org.apache.s4.comm.tcp.TCPEmitter - Could not connect to partition 0, discarding message
18:23:31.218 [remote-sender-3] WARN  org.apache.s4.comm.tcp.TCPEmitter - Could not connect to partition 0, discarding message
18:23:31.238 [remote-sender-4] WARN  org.apache.s4.comm.tcp.TCPEmitter - Could not connect to partition 0, discarding message
18:23:31.258 [remote-sender-1] WARN  org.apache.s4.comm.tcp.TCPEmitter - Could not connect to partition 0, discarding message
18:23:31.278 [remote-sender-2] WARN  org.apache.s4.comm.tcp.TCPEmitter - Could not connect to partition 0, discarding message
18:23:31.298 [remote-sender-0] WARN  org.apache.s4.comm.tcp.TCPEmitter - Could not connect to partition 0, discarding message
18:23:31.318 [remote-sender-3] WARN  org.apache.s4.comm.tcp.TCPEmitter - Could not connect to partition 0, discarding message
18:23:31.338 [remote-sender-4] WARN  org.apache.s4.comm.tcp.TCPEmitter - Could not connect to partition 0, discarding message
18:23:31.358 [remote-sender-1] WARN  org.apache.s4.comm.tcp.TCPEmitter - Could not connect to partition 0, discarding message
18:23:31.378 [remote-sender-2] WARN  org.apache.s4.comm.tcp.TCPEmitter - Could not connect to partition 0, discarding message
18:23:31.399 [remote-sender-0] WARN  org.apache.s4.comm.tcp.TCPEmitter - Could not connect to partition 0, discarding message
18:23:31.419 [remote-sender-3] WARN  org.apache.s4.comm.tcp.TCPEmitter - Could not connect to partition 0, discarding message
18:23:31.439 [remote-sender-4] WARN  org.apache.s4.comm.tcp.TCPEmitter - Could not connect to partition 0, discarding message
18:23:31.459 [remote-sender-1] WARN  org.apache.s4.comm.tcp.TCPEmitter - Could not connect to partition 0, discarding message
18:23:31.479 [remote-sender-2] WARN  org.apache.s4.comm.tcp.TCPEmitter - Could not connect to partition 0, discarding message
18:23:31.499 [remote-sender-0] WARN  org.apache.s4.comm.tcp.TCPEmitter - Could not connect to partition 0, discarding message
18:23:31.519 [remote-sender-3] WARN  org.apache.s4.comm.tcp.TCPEmitter - Could not connect to partition 0, discarding message
18:23:31.539 [remote-sender-4] WARN  org.apache.s4.comm.tcp.TCPEmitter - Could not connect to partition 0, discarding message
18:23:31.559 [remote-sender-1] WARN  org.apache.s4.comm.tcp.TCPEmitter - Could not connect to partition 0, discarding message
18:23:31.580 [remote-sender-2] WARN  org.apache.s4.comm.tcp.TCPEmitter - Could not connect to partition 0, discarding message
18:23:31.600 [remote-sender-0] WARN  org.apache.s4.comm.tcp.TCPEmitter - Could not connect to partition 0, discarding message
18:23:31.620 [remote-sender-3] WARN  org.apache.s4.comm.tcp.TCPEmitter - Could not connect to partition 0, discarding message
18:23:31.640 [remote-sender-4] WARN  org.apache.s4.comm.tcp.TCPEmitter - Could not connect to partition 0, discarding message
18:23:31.660 [remote-sender-1] WARN  org.apache.s4.comm.tcp.TCPEmitter - Could not connect to partition 0, discarding message
18:23:31.680 [remote-sender-2] WARN  org.apache.s4.comm.tcp.TCPEmitter - Could not connect to partition 0, discarding message
18:23:31.700 [remote-sender-0] WARN  org.apache.s4.comm.tcp.TCPEmitter - Could not connect to partition 0, discarding message
18:23:31.720 [remote-sender-3] WARN  org.apache.s4.comm.tcp.TCPEmitter - Could not connect to partition 0, discarding message
18:23:31.740 [remote-sender-4] WARN  org.apache.s4.comm.tcp.TCPEmitter - Could not connect to partition 0, discarding message
18:23:31.761 [remote-sender-1] WARN  org.apache.s4.comm.tcp.TCPEmitter - Could not connect to partition 0, discarding message
18:23:31.781 [remote-sender-2] WARN  org.apache.s4.comm.tcp.TCPEmitter - Could not connect to partition 0, discarding message
18:23:31.801 [remote-sender-0] WARN  org.apache.s4.comm.tcp.TCPEmitter - Could not connect to partition 0, discarding message
18:23:31.821 [remote-sender-3] WARN  org.apache.s4.comm.tcp.TCPEmitter - Could not connect to partition 0, discarding message
18:23:31.841 [remote-sender-4] WARN  org.apache.s4.comm.tcp.TCPEmitter - Could not connect to partition 0, discarding message
18:23:31.861 [remote-sender-1] WARN  org.apache.s4.comm.tcp.TCPEmitter - Could not connect to partition 0, discarding message
18:23:31.881 [remote-sender-2] WARN  org.apache.s4.comm.tcp.TCPEmitter - Could not connect to partition 0, discarding message
18:23:31.901 [remote-sender-0] WARN  org.apache.s4.comm.tcp.TCPEmitter - Could not connect to partition 0, discarding message
18:23:31.921 [remote-sender-3] WARN  org.apache.s4.comm.tcp.TCPEmitter - Could not connect to partition 0, discarding message
18:23:31.941 [remote-sender-4] WARN  org.apache.s4.comm.tcp.TCPEmitter - Could not connect to partition 0, discarding message
18:23:31.961 [remote-sender-1] WARN  org.apache.s4.comm.tcp.TCPEmitter - Could not connect to partition 0, discarding message
18:23:31.982 [remote-sender-2] WARN  org.apache.s4.comm.tcp.TCPEmitter - Could not connect to partition 0, discarding message
18:23:32.002 [remote-sender-0] WARN  org.apache.s4.comm.tcp.TCPEmitter - Could not connect to partition 0, discarding message
18:23:32.022 [remote-sender-3] WARN  org.apache.s4.comm.tcp.TCPEmitter - Could not connect to partition 0, discarding message
18:23:32.042 [remote-sender-4] WARN  org.apache.s4.comm.tcp.TCPEmitter - Could not connect to partition 0, discarding message
18:23:32.062 [remote-sender-1] WARN  org.apache.s4.comm.tcp.TCPEmitter - Could not connect to partition 0, discarding message
18:23:32.082 [remote-sender-2] WARN  org.apache.s4.comm.tcp.TCPEmitter - Could not connect to partition 0, discarding message
18:23:32.102 [remote-sender-0] WARN  org.apache.s4.comm.tcp.TCPEmitter - Could not connect to partition 0, discarding message
18:23:32.122 [remote-sender-3] WARN  org.apache.s4.comm.tcp.TCPEmitter - Could not connect to partition 0, discarding message
18:23:32.143 [remote-sender-4] WARN  org.apache.s4.comm.tcp.TCPEmitter - Could not connect to partition 0, discarding message
18:23:32.163 [remote-sender-1] WARN  org.apache.s4.comm.tcp.TCPEmitter - Could not connect to partition 0, discarding message
18:23:32.183 [remote-sender-2] WARN  org.apache.s4.comm.tcp.TCPEmitter - Could not connect to partition 0, discarding message
18:23:32.203 [remote-sender-0] WARN  org.apache.s4.comm.tcp.TCPEmitter - Could not connect to partition 0, discarding message
18:23:32.223 [remote-sender-3] WARN  org.apache.s4.comm.tcp.TCPEmitter - Could not connect to partition 0, discarding message
18:23:32.243 [remote-sender-4] WARN  org.apache.s4.comm.tcp.TCPEmitter - Could not connect to partition 0, discarding message
18:23:32.263 [remote-sender-1] WARN  org.apache.s4.comm.tcp.TCPEmitter - Could not connect to partition 0, discarding message
18:23:32.283 [remote-sender-2] WARN  org.apache.s4.comm.tcp.TCPEmitter - Could not connect to partition 0, discarding message
18:23:32.304 [remote-sender-0] WARN  org.apache.s4.comm.tcp.TCPEmitter - Could not connect to partition 0, discarding message
18:23:32.323 [remote-sender-3] WARN  org.apache.s4.comm.tcp.TCPEmitter - Could not connect to partition 0, discarding message
18:23:32.344 [remote-sender-4] WARN  org.apache.s4.comm.tcp.TCPEmitter - Could not connect to partition 0, discarding message
18:23:32.364 [remote-sender-1] WARN  org.apache.s4.comm.tcp.TCPEmitter - Could not connect to partition 0, discarding message
18:23:32.384 [remote-sender-2] WARN  org.apache.s4.comm.tcp.TCPEmitter - Could not connect to partition 0, discarding message
18:23:32.404 [remote-sender-0] WARN  org.apache.s4.comm.tcp.TCPEmitter - Could not connect to partition 0, discarding message
18:23:32.424 [remote-sender-3] WARN  org.apache.s4.comm.tcp.TCPEmitter - Could not connect to partition 0, discarding message
18:23:32.444 [remote-sender-4] WARN  org.apache.s4.comm.tcp.TCPEmitter - Could not connect to partition 0, discarding message
18:23:32.464 [remote-sender-1] WARN  org.apache.s4.comm.tcp.TCPEmitter - Could not connect to partition 0, discarding message
18:23:32.484 [remote-sender-2] WARN  org.apache.s4.comm.tcp.TCPEmitter - Could not connect to partition 0, discarding message
18:23:32.505 [remote-sender-0] WARN  org.apache.s4.comm.tcp.TCPEmitter - Could not connect to partition 0, discarding message
18:23:32.524 [remote-sender-3] WARN  org.apache.s4.comm.tcp.TCPEmitter - Could not connect to partition 0, discarding message
18:23:32.545 [remote-sender-4] WARN  org.apache.s4.comm.tcp.TCPEmitter - Could not connect to partition 0, discarding message
18:23:32.565 [remote-sender-1] WARN  org.apache.s4.comm.tcp.TCPEmitter - Could not connect to partition 0, discarding message
18:23:32.585 [remote-sender-2] WARN  org.apache.s4.comm.tcp.TCPEmitter - Could not connect to partition 0, discarding message
18:23:32.605 [remote-sender-0] WARN  org.apache.s4.comm.tcp.TCPEmitter - Could not connect to partition 0, discarding message
18:23:32.625 [remote-sender-3] WARN  org.apache.s4.comm.tcp.TCPEmitter - Could not connect to partition 0, discarding message
18:23:32.645 [remote-sender-4] WARN  org.apache.s4.comm.tcp.TCPEmitter - Could not connect to partition 0, discarding message
18:23:32.665 [remote-sender-1] WARN  org.apache.s4.comm.tcp.TCPEmitter - Could not connect to partition 0, discarding message
18:23:32.685 [remote-sender-2] WARN  org.apache.s4.comm.tcp.TCPEmitter - Could not connect to partition 0, discarding message
18:23:32.706 [remote-sender-0] WARN  org.apache.s4.comm.tcp.TCPEmitter - Could not connect to partition 0, discarding message
18:23:32.726 [remote-sender-3] WARN  org.apache.s4.comm.tcp.TCPEmitter - Could not connect to partition 0, discarding message
18:23:32.746 [remote-sender-4] WARN  org.apache.s4.comm.tcp.TCPEmitter - Could not connect to partition 0, discarding message
18:23:32.766 [remote-sender-1] WARN  org.apache.s4.comm.tcp.TCPEmitter - Could not connect to partition 0, discarding message
18:23:32.786 [remote-sender-2] WARN  org.apache.s4.comm.tcp.TCPEmitter - Could not connect to partition 0, discarding message
18:23:32.806 [remote-sender-0] WARN  org.apache.s4.comm.tcp.TCPEmitter - Could not connect to partition 0, discarding message
18:23:32.826 [remote-sender-3] WARN  org.apache.s4.comm.tcp.TCPEmitter - Could not connect to partition 0, discarding message
18:23:32.846 [remote-sender-4] WARN  org.apache.s4.comm.tcp.TCPEmitter - Could not connect to partition 0, discarding message
18:23:32.866 [remote-sender-1] WARN  org.apache.s4.comm.tcp.TCPEmitter - Could not connect to partition 0, discarding message
18:23:32.887 [remote-sender-2] WARN  org.apache.s4.comm.tcp.TCPEmitter - Could not connect to partition 0, discarding message
18:23:32.907 [remote-sender-0] WARN  org.apache.s4.comm.tcp.TCPEmitter - Could not connect to partition 0, discarding message
18:23:32.927 [remote-sender-3] WARN  org.apache.s4.comm.tcp.TCPEmitter - Could not connect to partition 0, discarding message
18:23:32.947 [remote-sender-4] WARN  org.apache.s4.comm.tcp.TCPEmitter - Could not connect to partition 0, discarding message
18:23:32.967 [remote-sender-1] WARN  org.apache.s4.comm.tcp.TCPEmitter - Could not connect to partition 0, discarding message
18:23:32.987 [remote-sender-2] WARN  org.apache.s4.comm.tcp.TCPEmitter - Could not connect to partition 0, discarding message
18:23:33.007 [remote-sender-0] WARN  org.apache.s4.comm.tcp.TCPEmitter - Could not connect to partition 0, discarding message
18:23:33.027 [remote-sender-3] WARN  org.apache.s4.comm.tcp.TCPEmitter - Could not connect to partition 0, discarding message
18:23:33.047 [remote-sender-4] WARN  org.apache.s4.comm.tcp.TCPEmitter - Could not connect to partition 0, discarding message
18:23:33.067 [remote-sender-1] WARN  org.apache.s4.comm.tcp.TCPEmitter - Could not connect to partition 0, discarding message
18:23:33.088 [remote-sender-2] WARN  org.apache.s4.comm.tcp.TCPEmitter - Could not connect to partition 0, discarding message
18:23:33.108 [remote-sender-0] WARN  org.apache.s4.comm.tcp.TCPEmitter - Could not connect to partition 0, discarding message
18:23:33.128 [remote-sender-3] WARN  org.apache.s4.comm.tcp.TCPEmitter - Could not connect to partition 0, discarding message
18:23:33.148 [remote-sender-4] WARN  org.apache.s4.comm.tcp.TCPEmitter - Could not connect to partition 0, discarding message
18:23:33.168 [remote-sender-1] WARN  org.apache.s4.comm.tcp.TCPEmitter - Could not connect to partition 0, discarding message
18:23:33.188 [remote-sender-2] WARN  org.apache.s4.comm.tcp.TCPEmitter - Could not connect to partition 0, discarding message
18:23:33.208 [remote-sender-0] WARN  org.apache.s4.comm.tcp.TCPEmitter - Could not connect to partition 0, discarding message
18:23:33.228 [remote-sender-3] WARN  org.apache.s4.comm.tcp.TCPEmitter - Could not connect to partition 0, discarding message
18:23:33.248 [remote-sender-4] WARN  org.apache.s4.comm.tcp.TCPEmitter - Could not connect to partition 0, discarding message
18:23:33.269 [remote-sender-1] WARN  org.apache.s4.comm.tcp.TCPEmitter - Could not connect to partition 0, discarding message
18:23:33.289 [remote-sender-2] WARN  org.apache.s4.comm.tcp.TCPEmitter - Could not connect to partition 0, discarding message
18:23:33.309 [remote-sender-0] WARN  org.apache.s4.comm.tcp.TCPEmitter - Could not connect to partition 0, discarding message
18:23:33.329 [remote-sender-3] WARN  org.apache.s4.comm.tcp.TCPEmitter - Could not connect to partition 0, discarding message
18:23:33.349 [remote-sender-4] WARN  org.apache.s4.comm.tcp.TCPEmitter - Could not connect to partition 0, discarding message
18:23:33.369 [remote-sender-1] WARN  org.apache.s4.comm.tcp.TCPEmitter - Could not connect to partition 0, discarding message
18:23:33.389 [remote-sender-2] WARN  org.apache.s4.comm.tcp.TCPEmitter - Could not connect to partition 0, discarding message
18:23:33.409 [remote-sender-0] WARN  org.apache.s4.comm.tcp.TCPEmitter - Could not connect to partition 0, discarding message
18:23:33.429 [remote-sender-3] WARN  org.apache.s4.comm.tcp.TCPEmitter - Could not connect to partition 0, discarding message
18:23:33.450 [remote-sender-4] WARN  org.apache.s4.comm.tcp.TCPEmitter - Could not connect to partition 0, discarding message
18:23:33.470 [remote-sender-1] WARN  org.apache.s4.comm.tcp.TCPEmitter - Could not connect to partition 0, discarding message
18:23:33.490 [remote-sender-2] WARN  org.apache.s4.comm.tcp.TCPEmitter - Could not connect to partition 0, discarding message
18:23:33.510 [remote-sender-0] WARN  org.apache.s4.comm.tcp.TCPEmitter - Could not connect to partition 0, discarding message
18:23:33.530 [remote-sender-3] WARN  org.apache.s4.comm.tcp.TCPEmitter - Could not connect to partition 0, discarding message
18:23:33.550 [remote-sender-4] WARN  org.apache.s4.comm.tcp.TCPEmitter - Could not connect to partition 0, discarding message
18:23:33.570 [remote-sender-1] WARN  org.apache.s4.comm.tcp.TCPEmitter - Could not connect to partition 0, discarding message
18:23:33.590 [remote-sender-2] WARN  org.apache.s4.comm.tcp.TCPEmitter - Could not connect to partition 0, discarding message
18:23:33.610 [remote-sender-0] WARN  org.apache.s4.comm.tcp.TCPEmitter - Could not connect to partition 0, discarding message
18:23:33.630 [remote-sender-3] WARN  org.apache.s4.comm.tcp.TCPEmitter - Could not connect to partition 0, discarding message
18:23:33.651 [remote-sender-4] WARN  org.apache.s4.comm.tcp.TCPEmitter - Could not connect to partition 0, discarding message
18:23:33.671 [remote-sender-1] WARN  org.apache.s4.comm.tcp.TCPEmitter - Could not connect to partition 0, discarding message
18:23:33.691 [remote-sender-2] WARN  org.apache.s4.comm.tcp.TCPEmitter - Could not connect to partition 0, discarding message
18:23:33.711 [remote-sender-0] WARN  org.apache.s4.comm.tcp.TCPEmitter - Could not connect to partition 0, discarding message
18:23:33.731 [remote-sender-3] WARN  org.apache.s4.comm.tcp.TCPEmitter - Could not connect to partition 0, discarding message
18:23:33.751 [remote-sender-4] WARN  org.apache.s4.comm.tcp.TCPEmitter - Could not connect to partition 0, discarding message
18:23:33.771 [remote-sender-1] WARN  org.apache.s4.comm.tcp.TCPEmitter - Could not connect to partition 0, discarding message
18:23:33.791 [remote-sender-2] WARN  org.apache.s4.comm.tcp.TCPEmitter - Could not connect to partition 0, discarding message
18:23:33.811 [remote-sender-0] WARN  org.apache.s4.comm.tcp.TCPEmitter - Could not connect to partition 0, discarding message
18:23:33.832 [remote-sender-3] WARN  org.apache.s4.comm.tcp.TCPEmitter - Could not connect to partition 0, discarding message
18:23:33.852 [remote-sender-4] WARN  org.apache.s4.comm.tcp.TCPEmitter - Could not connect to partition 0, discarding message
18:23:33.872 [remote-sender-1] WARN  org.apache.s4.comm.tcp.TCPEmitter - Could not connect to partition 0, discarding message
18:23:33.892 [remote-sender-2] WARN  org.apache.s4.comm.tcp.TCPEmitter - Could not connect to partition 0, discarding message
18:23:33.912 [remote-sender-0] WARN  org.apache.s4.comm.tcp.TCPEmitter - Could not connect to partition 0, discarding message
18:23:33.932 [remote-sender-3] WARN  org.apache.s4.comm.tcp.TCPEmitter - Could not connect to partition 0, discarding message
18:23:33.952 [remote-sender-4] WARN  org.apache.s4.comm.tcp.TCPEmitter - Could not connect to partition 0, discarding message
18:23:33.972 [remote-sender-1] WARN  org.apache.s4.comm.tcp.TCPEmitter - Could not connect to partition 0, discarding message
18:23:33.992 [remote-sender-2] WARN  org.apache.s4.comm.tcp.TCPEmitter - Could not connect to partition 0, discarding message
18:23:34.013 [remote-sender-0] WARN  org.apache.s4.comm.tcp.TCPEmitter - Could not connect to partition 0, discarding message
18:23:34.033 [remote-sender-3] WARN  org.apache.s4.comm.tcp.TCPEmitter - Could not connect to partition 0, discarding message
18:23:34.053 [remote-sender-4] WARN  org.apache.s4.comm.tcp.TCPEmitter - Could not connect to partition 0, discarding message
18:23:34.073 [remote-sender-1] WARN  org.apache.s4.comm.tcp.TCPEmitter - Could not connect to partition 0, discarding message
18:23:34.093 [remote-sender-2] WARN  org.apache.s4.comm.tcp.TCPEmitter - Could not connect to partition 0, discarding message
18:23:34.113 [remote-sender-0] WARN  org.apache.s4.comm.tcp.TCPEmitter - Could not connect to partition 0, discarding message
18:23:34.133 [remote-sender-3] WARN  org.apache.s4.comm.tcp.TCPEmitter - Could not connect to partition 0, discarding message
18:23:34.153 [remote-sender-4] WARN  org.apache.s4.comm.tcp.TCPEmitter - Could not connect to partition 0, discarding message
18:23:34.173 [remote-sender-1] WARN  org.apache.s4.comm.tcp.TCPEmitter - Could not connect to partition 0, discarding message
18:23:34.193 [remote-sender-2] WARN  org.apache.s4.comm.tcp.TCPEmitter - Could not connect to partition 0, discarding message
18:23:34.214 [remote-sender-0] WARN  org.apache.s4.comm.tcp.TCPEmitter - Could not connect to partition 0, discarding message
18:23:34.234 [remote-sender-3] WARN  org.apache.s4.comm.tcp.TCPEmitter - Could not connect to partition 0, discarding message
18:23:34.254 [remote-sender-4] WARN  org.apache.s4.comm.tcp.TCPEmitter - Could not connect to partition 0, discarding message
18:23:34.274 [remote-sender-1] WARN  org.apache.s4.comm.tcp.TCPEmitter - Could not connect to partition 0, discarding message
18:23:34.294 [remote-sender-2] WARN  org.apache.s4.comm.tcp.TCPEmitter - Could not connect to partition 0, discarding message
18:23:34.314 [remote-sender-0] WARN  org.apache.s4.comm.tcp.TCPEmitter - Could not connect to partition 0, discarding message
18:23:34.334 [remote-sender-3] WARN  org.apache.s4.comm.tcp.TCPEmitter - Could not connect to partition 0, discarding message
18:23:34.354 [remote-sender-4] WARN  org.apache.s4.comm.tcp.TCPEmitter - Could not connect to partition 0, discarding message
18:23:34.374 [remote-sender-1] WARN  org.apache.s4.comm.tcp.TCPEmitter - Could not connect to partition 0, discarding message
18:23:34.395 [remote-sender-2] WARN  org.apache.s4.comm.tcp.TCPEmitter - Could not connect to partition 0, discarding message
18:23:34.415 [remote-sender-0] WARN  org.apache.s4.comm.tcp.TCPEmitter - Could not connect to partition 0, discarding message
18:23:34.435 [remote-sender-3] WARN  org.apache.s4.comm.tcp.TCPEmitter - Could not connect to partition 0, discarding message
18:23:34.455 [remote-sender-4] WARN  org.apache.s4.comm.tcp.TCPEmitter - Could not connect to partition 0, discarding message
18:23:34.475 [remote-sender-1] WARN  org.apache.s4.comm.tcp.TCPEmitter - Could not connect to partition 0, discarding message
18:23:34.495 [remote-sender-2] WARN  org.apache.s4.comm.tcp.TCPEmitter - Could not connect to partition 0, discarding message
18:23:34.515 [remote-sender-0] WARN  org.apache.s4.comm.tcp.TCPEmitter - Could not connect to partition 0, discarding message
18:23:34.535 [remote-sender-3] WARN  org.apache.s4.comm.tcp.TCPEmitter - Could not connect to partition 0, discarding message
18:23:34.555 [remote-sender-4] WARN  org.apache.s4.comm.tcp.TCPEmitter - Could not connect to partition 0, discarding message
18:23:34.576 [remote-sender-1] WARN  org.apache.s4.comm.tcp.TCPEmitter - Could not connect to partition 0, discarding message
18:23:34.596 [remote-sender-2] WARN  org.apache.s4.comm.tcp.TCPEmitter - Could not connect to partition 0, discarding message
18:23:34.616 [remote-sender-0] WARN  org.apache.s4.comm.tcp.TCPEmitter - Could not connect to partition 0, discarding message
18:23:34.636 [remote-sender-3] WARN  org.apache.s4.comm.tcp.TCPEmitter - Could not connect to partition 0, discarding message
18:23:34.656 [remote-sender-4] WARN  org.apache.s4.comm.tcp.TCPEmitter - Could not connect to partition 0, discarding message
18:23:34.676 [remote-sender-1] WARN  org.apache.s4.comm.tcp.TCPEmitter - Could not connect to partition 0, discarding message
18:23:34.696 [remote-sender-2] WARN  org.apache.s4.comm.tcp.TCPEmitter - Could not connect to partition 0, discarding message
18:23:34.716 [remote-sender-0] WARN  org.apache.s4.comm.tcp.TCPEmitter - Could not connect to partition 0, discarding message
18:23:34.736 [remote-sender-3] WARN  org.apache.s4.comm.tcp.TCPEmitter - Could not connect to partition 0, discarding message
18:23:34.757 [remote-sender-4] WARN  org.apache.s4.comm.tcp.TCPEmitter - Could not connect to partition 0, discarding message
18:23:34.777 [remote-sender-1] WARN  org.apache.s4.comm.tcp.TCPEmitter - Could not connect to partition 0, discarding message
18:23:34.797 [remote-sender-2] WARN  org.apache.s4.comm.tcp.TCPEmitter - Could not connect to partition 0, discarding message
18:23:34.817 [remote-sender-0] WARN  org.apache.s4.comm.tcp.TCPEmitter - Could not connect to partition 0, discarding message
18:23:34.837 [remote-sender-3] WARN  org.apache.s4.comm.tcp.TCPEmitter - Could not connect to partition 0, discarding message
18:23:34.857 [remote-sender-4] WARN  org.apache.s4.comm.tcp.TCPEmitter - Could not connect to partition 0, discarding message
18:23:34.877 [remote-sender-1] WARN  org.apache.s4.comm.tcp.TCPEmitter - Could not connect to partition 0, discarding message
18:23:34.897 [remote-sender-2] WARN  org.apache.s4.comm.tcp.TCPEmitter - Could not connect to partition 0, discarding message
18:23:34.917 [remote-sender-0] WARN  org.apache.s4.comm.tcp.TCPEmitter - Could not connect to partition 0, discarding message
18:23:34.938 [remote-sender-3] WARN  org.apache.s4.comm.tcp.TCPEmitter - Could not connect to partition 0, discarding message
18:23:34.958 [remote-sender-4] WARN  org.apache.s4.comm.tcp.TCPEmitter - Could not connect to partition 0, discarding message
18:23:34.978 [remote-sender-1] WARN  org.apache.s4.comm.tcp.TCPEmitter - Could not connect to partition 0, discarding message
18:23:34.998 [remote-sender-2] WARN  org.apache.s4.comm.tcp.TCPEmitter - Could not connect to partition 0, discarding message
18:23:35.011 [ZkClient-EventThread-23-localhost:2181] INFO  o.a.s4.comm.topology.ClusterFromZK - Changing cluster topology to { nbNodes=0,name=unknown,mode=unicast,type=,nodes=[]} from { nbNodes=1,name=cluster1,mode=unicast,type=,nodes=[{partition=0,port=12000,machineName=citiaps1.informatica.usach.cl,taskId=Task-0}]}
18:23:35.019 [remote-sender-0] WARN  org.apache.s4.comm.tcp.TCPEmitter - Could not connect to partition 0, discarding message
