[H[Jcalling referenced s4 script : /alumnos/dwladdimiro/S4/apache-s4-0.6.0/s4
19:11:47.743 [main] INFO  org.apache.s4.tools.DefineCluster - preparing new cluster [cluster2] with [1] node(s)
19:11:47.923 [main] INFO  org.apache.s4.tools.DefineCluster - New cluster configuration uploaded into zookeeper
calling referenced s4 script : /alumnos/dwladdimiro/S4/apache-s4-0.6.0/s4
19:11:48.637 [main] INFO  o.a.s.c.u.ParsingUtils$InlineConfigParameterConverter - processing inline configuration parameter s4.adapter.output.stream=textInput
19:11:48.758 [main] INFO  org.apache.s4.tools.Deploy - No S4R path specified, nor build file specified: this assumes the app is in the classpath
:cp

BUILD SUCCESSFUL

Total time: 3.205 secs
19:11:53.227 [main] INFO  o.a.s.comm.topology.AssignmentFromZK - New session:94237406119723016; state is : SyncConnected
19:11:53.321 [main] INFO  o.a.s.comm.topology.AssignmentFromZK - Successfully acquired task:Task-0 by citiaps1.informatica.usach.cl
19:11:53.338 [S4 platform loader] INFO  org.apache.s4.core.S4Bootstrap - Initializing S4 app with : []]
19:11:53.339 [S4 platform loader] DEBUG org.apache.s4.core.S4Bootstrap - Adding named parameters for injection : s4.adapter.output.stream=textInput,
19:11:53.464 [S4 platform loader] INFO  org.apache.s4.core.S4Bootstrap - Starting S4 app with application class [adapter.NormalAdapter]
19:11:53.499 [S4 platform loader] INFO  o.a.s4.comm.topology.ClusterFromZK - Changing cluster topology to { nbNodes=1,name=cluster2,mode=unicast,type=,nodes=[{partition=0,port=13000,machineName=citiaps1.informatica.usach.cl,taskId=Task-0}]} from null
19:11:53.587 [S4 platform loader] INFO  o.a.s4.comm.topology.ClusterFromZK - Adding topology change listener:org.apache.s4.comm.tcp.TCPEmitter@6f7551ef
19:11:53.640 [S4 platform loader] INFO  o.a.s.c.s.ThrottlingSenderExecutorServiceFactory - Creating a throttling executor with a pool size of 5 and max rate of 10000 events / s
19:11:53.648 [S4 platform loader] INFO  org.apache.s4.core.util.S4Metrics - Metrics reporting not configured
19:11:53.649 [S4 platform loader] INFO  o.a.s4.comm.topology.ClusterFromZK - Adding topology change listener:org.apache.s4.core.SenderImpl@6485486
19:11:53.691 [S4 platform loader] INFO  o.a.s4.comm.topology.ClustersFromZK - New session:94237406119723016
19:11:53.695 [S4 platform loader] INFO  o.a.s4.comm.topology.ClustersFromZK - Detected new stream [textInput]
19:11:53.702 [S4 platform loader] INFO  o.a.s4.comm.topology.ClustersFromZK - New session:94237406119723016
19:11:53.717 [S4 platform loader] INFO  o.a.s4.comm.topology.ClusterFromZK - Changing cluster topology to { nbNodes=1,name=cluster1,mode=unicast,type=,nodes=[{partition=0,port=12000,machineName=citiaps1.informatica.usach.cl,taskId=Task-0}]} from null
19:11:53.720 [S4 platform loader] INFO  o.a.s4.comm.topology.ClusterFromZK - Changing cluster topology to { nbNodes=1,name=cluster2,mode=unicast,type=,nodes=[{partition=0,port=13000,machineName=citiaps1.informatica.usach.cl,taskId=Task-0}]} from null
19:11:53.722 [S4 platform loader] INFO  org.apache.s4.core.monitor.S4Monitor - Init Monitor
19:11:53.722 [S4 platform loader] INFO  adapter.NormalAdapter - Create Normal Adapter
19:12:07.029 [S4 platform loader] DEBUG o.a.s4.comm.topology.ClustersFromZK - Adding output stream [textInput] in cluster [cluster2]
19:12:07.547 [Thread-4] INFO  adapter.NormalAdapter - Time init (ms): 1437948727547
19:12:07.547 [S4 platform loader] INFO  adapter.NormalAdapter - Init ClockTime
19:12:07.585 [Thread-4] INFO  o.a.s4.comm.topology.ClusterFromZK - Adding topology change listener:org.apache.s4.comm.tcp.TCPRemoteEmitter@fb4f870
20:21:48.698 [New I/O worker #132] ERROR org.apache.s4.comm.tcp.TCPEmitter - Unexpected exception
java.io.IOException: Conexión reinicializada por la máquina remota
	at sun.nio.ch.FileDispatcherImpl.read0(Native Method) ~[na:1.8.0_45]
	at sun.nio.ch.SocketDispatcher.read(SocketDispatcher.java:39) ~[na:1.8.0_45]
	at sun.nio.ch.IOUtil.readIntoNativeBuffer(IOUtil.java:223) ~[na:1.8.0_45]
	at sun.nio.ch.IOUtil.read(IOUtil.java:192) ~[na:1.8.0_45]
	at sun.nio.ch.SocketChannelImpl.read(SocketChannelImpl.java:380) ~[na:1.8.0_45]
	at org.jboss.netty.channel.socket.nio.NioWorker.read(NioWorker.java:64) [netty-3.9.8.Final.jar:na]
	at org.jboss.netty.channel.socket.nio.AbstractNioWorker.process(AbstractNioWorker.java:108) [netty-3.9.8.Final.jar:na]
	at org.jboss.netty.channel.socket.nio.AbstractNioSelector.run(AbstractNioSelector.java:337) [netty-3.9.8.Final.jar:na]
	at org.jboss.netty.channel.socket.nio.AbstractNioWorker.run(AbstractNioWorker.java:89) [netty-3.9.8.Final.jar:na]
	at org.jboss.netty.channel.socket.nio.NioWorker.run(NioWorker.java:178) [netty-3.9.8.Final.jar:na]
	at org.jboss.netty.util.ThreadRenamingRunnable.run(ThreadRenamingRunnable.java:108) [netty-3.9.8.Final.jar:na]
	at org.jboss.netty.util.internal.DeadLockProofWorker$1.run(DeadLockProofWorker.java:42) [netty-3.9.8.Final.jar:na]
	at java.util.concurrent.ThreadPoolExecutor.runWorker(ThreadPoolExecutor.java:1142) [na:1.8.0_45]
	at java.util.concurrent.ThreadPoolExecutor$Worker.run(ThreadPoolExecutor.java:617) [na:1.8.0_45]
	at java.lang.Thread.run(Thread.java:745) [na:1.8.0_45]
20:21:48.721 [remote-sender-0] WARN  org.apache.s4.comm.tcp.TCPEmitter - Failed to send message to node {partition=0,port=12000,machineName=citiaps1.informatica.usach.cl,taskId=Task-0} (according to current cluster information)
20:21:48.723 [remote-sender-2] WARN  org.apache.s4.comm.tcp.TCPEmitter - Failed to send message to node {partition=0,port=12000,machineName=citiaps1.informatica.usach.cl,taskId=Task-0} (according to current cluster information)
20:21:48.764 [remote-sender-1] WARN  org.apache.s4.comm.tcp.TCPEmitter - Could not connect to partition 0, discarding message
20:21:48.766 [remote-sender-3] WARN  org.apache.s4.comm.tcp.TCPEmitter - Could not connect to partition 0, discarding message
20:21:48.802 [remote-sender-0] WARN  org.apache.s4.comm.tcp.TCPEmitter - Could not connect to partition 0, discarding message
20:21:48.803 [remote-sender-4] WARN  org.apache.s4.comm.tcp.TCPEmitter - Could not connect to partition 0, discarding message
20:21:48.841 [remote-sender-2] WARN  org.apache.s4.comm.tcp.TCPEmitter - Could not connect to partition 0, discarding message
20:21:48.842 [remote-sender-1] WARN  org.apache.s4.comm.tcp.TCPEmitter - Could not connect to partition 0, discarding message
20:21:48.882 [remote-sender-3] WARN  org.apache.s4.comm.tcp.TCPEmitter - Could not connect to partition 0, discarding message
20:21:48.884 [remote-sender-0] WARN  org.apache.s4.comm.tcp.TCPEmitter - Could not connect to partition 0, discarding message
20:21:48.922 [remote-sender-4] WARN  org.apache.s4.comm.tcp.TCPEmitter - Could not connect to partition 0, discarding message
20:21:48.924 [remote-sender-2] WARN  org.apache.s4.comm.tcp.TCPEmitter - Could not connect to partition 0, discarding message
20:21:48.962 [remote-sender-3] WARN  org.apache.s4.comm.tcp.TCPEmitter - Could not connect to partition 0, discarding message
20:21:48.963 [remote-sender-1] WARN  org.apache.s4.comm.tcp.TCPEmitter - Could not connect to partition 0, discarding message
20:21:49.002 [remote-sender-0] WARN  org.apache.s4.comm.tcp.TCPEmitter - Could not connect to partition 0, discarding message
20:21:49.003 [remote-sender-4] WARN  org.apache.s4.comm.tcp.TCPEmitter - Could not connect to partition 0, discarding message
20:21:49.042 [remote-sender-2] WARN  org.apache.s4.comm.tcp.TCPEmitter - Could not connect to partition 0, discarding message
20:21:49.047 [remote-sender-3] WARN  org.apache.s4.comm.tcp.TCPEmitter - Could not connect to partition 0, discarding message
20:21:49.083 [remote-sender-0] WARN  org.apache.s4.comm.tcp.TCPEmitter - Could not connect to partition 0, discarding message
20:21:49.083 [remote-sender-1] WARN  org.apache.s4.comm.tcp.TCPEmitter - Could not connect to partition 0, discarding message
20:21:49.123 [remote-sender-2] WARN  org.apache.s4.comm.tcp.TCPEmitter - Could not connect to partition 0, discarding message
20:21:49.124 [remote-sender-4] WARN  org.apache.s4.comm.tcp.TCPEmitter - Could not connect to partition 0, discarding message
20:21:49.163 [remote-sender-0] WARN  org.apache.s4.comm.tcp.TCPEmitter - Could not connect to partition 0, discarding message
20:21:49.164 [remote-sender-3] WARN  org.apache.s4.comm.tcp.TCPEmitter - Could not connect to partition 0, discarding message
20:21:49.202 [remote-sender-1] WARN  org.apache.s4.comm.tcp.TCPEmitter - Could not connect to partition 0, discarding message
20:21:49.204 [remote-sender-2] WARN  org.apache.s4.comm.tcp.TCPEmitter - Could not connect to partition 0, discarding message
20:21:49.243 [remote-sender-4] WARN  org.apache.s4.comm.tcp.TCPEmitter - Could not connect to partition 0, discarding message
20:21:49.244 [remote-sender-0] WARN  org.apache.s4.comm.tcp.TCPEmitter - Could not connect to partition 0, discarding message
20:21:49.283 [remote-sender-3] WARN  org.apache.s4.comm.tcp.TCPEmitter - Could not connect to partition 0, discarding message
20:21:49.284 [remote-sender-1] WARN  org.apache.s4.comm.tcp.TCPEmitter - Could not connect to partition 0, discarding message
20:21:49.324 [remote-sender-4] WARN  org.apache.s4.comm.tcp.TCPEmitter - Could not connect to partition 0, discarding message
20:21:49.325 [remote-sender-2] WARN  org.apache.s4.comm.tcp.TCPEmitter - Could not connect to partition 0, discarding message
20:21:49.363 [remote-sender-0] WARN  org.apache.s4.comm.tcp.TCPEmitter - Could not connect to partition 0, discarding message
20:21:49.365 [remote-sender-3] WARN  org.apache.s4.comm.tcp.TCPEmitter - Could not connect to partition 0, discarding message
20:21:49.404 [remote-sender-1] WARN  org.apache.s4.comm.tcp.TCPEmitter - Could not connect to partition 0, discarding message
20:21:49.404 [remote-sender-4] WARN  org.apache.s4.comm.tcp.TCPEmitter - Could not connect to partition 0, discarding message
20:21:49.443 [remote-sender-0] WARN  org.apache.s4.comm.tcp.TCPEmitter - Could not connect to partition 0, discarding message
20:21:49.445 [remote-sender-2] WARN  org.apache.s4.comm.tcp.TCPEmitter - Could not connect to partition 0, discarding message
20:21:49.483 [remote-sender-3] WARN  org.apache.s4.comm.tcp.TCPEmitter - Could not connect to partition 0, discarding message
20:21:49.484 [remote-sender-1] WARN  org.apache.s4.comm.tcp.TCPEmitter - Could not connect to partition 0, discarding message
20:21:49.524 [remote-sender-0] WARN  org.apache.s4.comm.tcp.TCPEmitter - Could not connect to partition 0, discarding message
20:21:49.524 [remote-sender-4] WARN  org.apache.s4.comm.tcp.TCPEmitter - Could not connect to partition 0, discarding message
20:21:49.564 [remote-sender-3] WARN  org.apache.s4.comm.tcp.TCPEmitter - Could not connect to partition 0, discarding message
20:21:49.564 [remote-sender-2] WARN  org.apache.s4.comm.tcp.TCPEmitter - Could not connect to partition 0, discarding message
20:21:49.604 [remote-sender-1] WARN  org.apache.s4.comm.tcp.TCPEmitter - Could not connect to partition 0, discarding message
20:21:49.604 [remote-sender-0] WARN  org.apache.s4.comm.tcp.TCPEmitter - Could not connect to partition 0, discarding message
20:21:49.644 [remote-sender-4] WARN  org.apache.s4.comm.tcp.TCPEmitter - Could not connect to partition 0, discarding message
20:21:49.644 [remote-sender-3] WARN  org.apache.s4.comm.tcp.TCPEmitter - Could not connect to partition 0, discarding message
20:21:49.684 [remote-sender-2] WARN  org.apache.s4.comm.tcp.TCPEmitter - Could not connect to partition 0, discarding message
20:21:49.684 [remote-sender-1] WARN  org.apache.s4.comm.tcp.TCPEmitter - Could not connect to partition 0, discarding message
20:21:49.724 [remote-sender-0] WARN  org.apache.s4.comm.tcp.TCPEmitter - Could not connect to partition 0, discarding message
20:21:49.724 [remote-sender-4] WARN  org.apache.s4.comm.tcp.TCPEmitter - Could not connect to partition 0, discarding message
20:21:49.764 [remote-sender-2] WARN  org.apache.s4.comm.tcp.TCPEmitter - Could not connect to partition 0, discarding message
20:21:49.764 [remote-sender-3] WARN  org.apache.s4.comm.tcp.TCPEmitter - Could not connect to partition 0, discarding message
20:21:49.804 [remote-sender-1] WARN  org.apache.s4.comm.tcp.TCPEmitter - Could not connect to partition 0, discarding message
20:21:49.804 [remote-sender-0] WARN  org.apache.s4.comm.tcp.TCPEmitter - Could not connect to partition 0, discarding message
20:21:49.844 [remote-sender-2] WARN  org.apache.s4.comm.tcp.TCPEmitter - Could not connect to partition 0, discarding message
20:21:49.844 [remote-sender-4] WARN  org.apache.s4.comm.tcp.TCPEmitter - Could not connect to partition 0, discarding message
20:21:49.884 [remote-sender-1] WARN  org.apache.s4.comm.tcp.TCPEmitter - Could not connect to partition 0, discarding message
20:21:49.884 [remote-sender-3] WARN  org.apache.s4.comm.tcp.TCPEmitter - Could not connect to partition 0, discarding message
20:21:49.924 [remote-sender-0] WARN  org.apache.s4.comm.tcp.TCPEmitter - Could not connect to partition 0, discarding message
20:21:49.924 [remote-sender-2] WARN  org.apache.s4.comm.tcp.TCPEmitter - Could not connect to partition 0, discarding message
20:21:49.964 [remote-sender-4] WARN  org.apache.s4.comm.tcp.TCPEmitter - Could not connect to partition 0, discarding message
20:21:49.965 [remote-sender-1] WARN  org.apache.s4.comm.tcp.TCPEmitter - Could not connect to partition 0, discarding message
20:21:50.005 [remote-sender-0] WARN  org.apache.s4.comm.tcp.TCPEmitter - Could not connect to partition 0, discarding message
20:21:50.005 [remote-sender-3] WARN  org.apache.s4.comm.tcp.TCPEmitter - Could not connect to partition 0, discarding message
20:21:50.045 [remote-sender-2] WARN  org.apache.s4.comm.tcp.TCPEmitter - Could not connect to partition 0, discarding message
20:21:50.045 [remote-sender-4] WARN  org.apache.s4.comm.tcp.TCPEmitter - Could not connect to partition 0, discarding message
20:21:50.085 [remote-sender-0] WARN  org.apache.s4.comm.tcp.TCPEmitter - Could not connect to partition 0, discarding message
20:21:50.085 [remote-sender-1] WARN  org.apache.s4.comm.tcp.TCPEmitter - Could not connect to partition 0, discarding message
20:21:50.125 [remote-sender-2] WARN  org.apache.s4.comm.tcp.TCPEmitter - Could not connect to partition 0, discarding message
20:21:50.125 [remote-sender-3] WARN  org.apache.s4.comm.tcp.TCPEmitter - Could not connect to partition 0, discarding message
20:21:50.166 [remote-sender-0] WARN  org.apache.s4.comm.tcp.TCPEmitter - Could not connect to partition 0, discarding message
20:21:50.166 [remote-sender-4] WARN  org.apache.s4.comm.tcp.TCPEmitter - Could not connect to partition 0, discarding message
20:21:50.205 [remote-sender-1] WARN  org.apache.s4.comm.tcp.TCPEmitter - Could not connect to partition 0, discarding message
20:21:50.206 [remote-sender-2] WARN  org.apache.s4.comm.tcp.TCPEmitter - Could not connect to partition 0, discarding message
20:21:50.245 [remote-sender-3] WARN  org.apache.s4.comm.tcp.TCPEmitter - Could not connect to partition 0, discarding message
20:21:50.246 [remote-sender-0] WARN  org.apache.s4.comm.tcp.TCPEmitter - Could not connect to partition 0, discarding message
20:21:50.286 [remote-sender-4] WARN  org.apache.s4.comm.tcp.TCPEmitter - Could not connect to partition 0, discarding message
20:21:50.286 [remote-sender-1] WARN  org.apache.s4.comm.tcp.TCPEmitter - Could not connect to partition 0, discarding message
20:21:50.326 [remote-sender-2] WARN  org.apache.s4.comm.tcp.TCPEmitter - Could not connect to partition 0, discarding message
20:21:50.326 [remote-sender-3] WARN  org.apache.s4.comm.tcp.TCPEmitter - Could not connect to partition 0, discarding message
20:21:50.366 [remote-sender-0] WARN  org.apache.s4.comm.tcp.TCPEmitter - Could not connect to partition 0, discarding message
20:21:50.366 [remote-sender-4] WARN  org.apache.s4.comm.tcp.TCPEmitter - Could not connect to partition 0, discarding message
20:21:50.406 [remote-sender-1] WARN  org.apache.s4.comm.tcp.TCPEmitter - Could not connect to partition 0, discarding message
20:21:50.406 [remote-sender-2] WARN  org.apache.s4.comm.tcp.TCPEmitter - Could not connect to partition 0, discarding message
20:21:50.446 [remote-sender-3] WARN  org.apache.s4.comm.tcp.TCPEmitter - Could not connect to partition 0, discarding message
20:21:50.446 [remote-sender-0] WARN  org.apache.s4.comm.tcp.TCPEmitter - Could not connect to partition 0, discarding message
20:21:50.486 [remote-sender-1] WARN  org.apache.s4.comm.tcp.TCPEmitter - Could not connect to partition 0, discarding message
20:21:50.486 [remote-sender-4] WARN  org.apache.s4.comm.tcp.TCPEmitter - Could not connect to partition 0, discarding message
20:21:50.526 [remote-sender-2] WARN  org.apache.s4.comm.tcp.TCPEmitter - Could not connect to partition 0, discarding message
20:21:50.526 [remote-sender-3] WARN  org.apache.s4.comm.tcp.TCPEmitter - Could not connect to partition 0, discarding message
20:21:50.566 [remote-sender-1] WARN  org.apache.s4.comm.tcp.TCPEmitter - Could not connect to partition 0, discarding message
20:21:50.566 [remote-sender-0] WARN  org.apache.s4.comm.tcp.TCPEmitter - Could not connect to partition 0, discarding message
20:21:50.607 [remote-sender-4] WARN  org.apache.s4.comm.tcp.TCPEmitter - Could not connect to partition 0, discarding message
20:21:50.607 [remote-sender-2] WARN  org.apache.s4.comm.tcp.TCPEmitter - Could not connect to partition 0, discarding message
20:21:50.646 [remote-sender-1] WARN  org.apache.s4.comm.tcp.TCPEmitter - Could not connect to partition 0, discarding message
20:21:50.647 [remote-sender-3] WARN  org.apache.s4.comm.tcp.TCPEmitter - Could not connect to partition 0, discarding message
20:21:50.687 [remote-sender-4] WARN  org.apache.s4.comm.tcp.TCPEmitter - Could not connect to partition 0, discarding message
20:21:50.687 [remote-sender-0] WARN  org.apache.s4.comm.tcp.TCPEmitter - Could not connect to partition 0, discarding message
20:21:50.727 [remote-sender-1] WARN  org.apache.s4.comm.tcp.TCPEmitter - Could not connect to partition 0, discarding message
20:21:50.727 [remote-sender-2] WARN  org.apache.s4.comm.tcp.TCPEmitter - Could not connect to partition 0, discarding message
20:21:50.767 [remote-sender-4] WARN  org.apache.s4.comm.tcp.TCPEmitter - Could not connect to partition 0, discarding message
20:21:50.767 [remote-sender-3] WARN  org.apache.s4.comm.tcp.TCPEmitter - Could not connect to partition 0, discarding message
20:21:50.807 [remote-sender-0] WARN  org.apache.s4.comm.tcp.TCPEmitter - Could not connect to partition 0, discarding message
20:21:50.807 [remote-sender-1] WARN  org.apache.s4.comm.tcp.TCPEmitter - Could not connect to partition 0, discarding message
20:21:50.847 [remote-sender-4] WARN  org.apache.s4.comm.tcp.TCPEmitter - Could not connect to partition 0, discarding message
20:21:50.847 [remote-sender-2] WARN  org.apache.s4.comm.tcp.TCPEmitter - Could not connect to partition 0, discarding message
20:21:50.887 [remote-sender-0] WARN  org.apache.s4.comm.tcp.TCPEmitter - Could not connect to partition 0, discarding message
20:21:50.887 [remote-sender-3] WARN  org.apache.s4.comm.tcp.TCPEmitter - Could not connect to partition 0, discarding message
20:21:50.927 [remote-sender-4] WARN  org.apache.s4.comm.tcp.TCPEmitter - Could not connect to partition 0, discarding message
20:21:50.927 [remote-sender-1] WARN  org.apache.s4.comm.tcp.TCPEmitter - Could not connect to partition 0, discarding message
20:21:50.967 [remote-sender-2] WARN  org.apache.s4.comm.tcp.TCPEmitter - Could not connect to partition 0, discarding message
20:21:50.968 [remote-sender-0] WARN  org.apache.s4.comm.tcp.TCPEmitter - Could not connect to partition 0, discarding message
20:21:51.007 [remote-sender-3] WARN  org.apache.s4.comm.tcp.TCPEmitter - Could not connect to partition 0, discarding message
20:21:51.008 [remote-sender-4] WARN  org.apache.s4.comm.tcp.TCPEmitter - Could not connect to partition 0, discarding message
20:21:51.048 [remote-sender-1] WARN  org.apache.s4.comm.tcp.TCPEmitter - Could not connect to partition 0, discarding message
20:21:51.048 [remote-sender-2] WARN  org.apache.s4.comm.tcp.TCPEmitter - Could not connect to partition 0, discarding message
20:21:51.088 [remote-sender-0] WARN  org.apache.s4.comm.tcp.TCPEmitter - Could not connect to partition 0, discarding message
20:21:51.088 [remote-sender-3] WARN  org.apache.s4.comm.tcp.TCPEmitter - Could not connect to partition 0, discarding message
20:21:51.128 [remote-sender-4] WARN  org.apache.s4.comm.tcp.TCPEmitter - Could not connect to partition 0, discarding message
20:21:51.128 [remote-sender-1] WARN  org.apache.s4.comm.tcp.TCPEmitter - Could not connect to partition 0, discarding message
20:21:51.168 [remote-sender-2] WARN  org.apache.s4.comm.tcp.TCPEmitter - Could not connect to partition 0, discarding message
20:21:51.169 [remote-sender-0] WARN  org.apache.s4.comm.tcp.TCPEmitter - Could not connect to partition 0, discarding message
20:21:51.208 [remote-sender-3] WARN  org.apache.s4.comm.tcp.TCPEmitter - Could not connect to partition 0, discarding message
20:21:51.209 [remote-sender-4] WARN  org.apache.s4.comm.tcp.TCPEmitter - Could not connect to partition 0, discarding message
20:21:51.248 [remote-sender-1] WARN  org.apache.s4.comm.tcp.TCPEmitter - Could not connect to partition 0, discarding message
20:21:51.249 [remote-sender-2] WARN  org.apache.s4.comm.tcp.TCPEmitter - Could not connect to partition 0, discarding message
20:21:51.288 [remote-sender-0] WARN  org.apache.s4.comm.tcp.TCPEmitter - Could not connect to partition 0, discarding message
20:21:51.289 [remote-sender-3] WARN  org.apache.s4.comm.tcp.TCPEmitter - Could not connect to partition 0, discarding message
20:21:51.328 [remote-sender-4] WARN  org.apache.s4.comm.tcp.TCPEmitter - Could not connect to partition 0, discarding message
20:21:51.329 [remote-sender-1] WARN  org.apache.s4.comm.tcp.TCPEmitter - Could not connect to partition 0, discarding message
20:21:51.368 [remote-sender-2] WARN  org.apache.s4.comm.tcp.TCPEmitter - Could not connect to partition 0, discarding message
20:21:51.369 [remote-sender-0] WARN  org.apache.s4.comm.tcp.TCPEmitter - Could not connect to partition 0, discarding message
20:21:51.408 [remote-sender-3] WARN  org.apache.s4.comm.tcp.TCPEmitter - Could not connect to partition 0, discarding message
20:21:51.409 [remote-sender-4] WARN  org.apache.s4.comm.tcp.TCPEmitter - Could not connect to partition 0, discarding message
20:21:51.449 [remote-sender-2] WARN  org.apache.s4.comm.tcp.TCPEmitter - Could not connect to partition 0, discarding message
20:21:51.449 [remote-sender-1] WARN  org.apache.s4.comm.tcp.TCPEmitter - Could not connect to partition 0, discarding message
20:21:51.489 [remote-sender-0] WARN  org.apache.s4.comm.tcp.TCPEmitter - Could not connect to partition 0, discarding message
20:21:51.489 [remote-sender-3] WARN  org.apache.s4.comm.tcp.TCPEmitter - Could not connect to partition 0, discarding message
20:21:51.529 [remote-sender-2] WARN  org.apache.s4.comm.tcp.TCPEmitter - Could not connect to partition 0, discarding message
20:21:51.529 [remote-sender-4] WARN  org.apache.s4.comm.tcp.TCPEmitter - Could not connect to partition 0, discarding message
20:21:51.569 [remote-sender-0] WARN  org.apache.s4.comm.tcp.TCPEmitter - Could not connect to partition 0, discarding message
20:21:51.569 [remote-sender-1] WARN  org.apache.s4.comm.tcp.TCPEmitter - Could not connect to partition 0, discarding message
20:21:51.610 [remote-sender-2] WARN  org.apache.s4.comm.tcp.TCPEmitter - Could not connect to partition 0, discarding message
20:21:51.610 [remote-sender-3] WARN  org.apache.s4.comm.tcp.TCPEmitter - Could not connect to partition 0, discarding message
20:21:51.649 [remote-sender-0] WARN  org.apache.s4.comm.tcp.TCPEmitter - Could not connect to partition 0, discarding message
20:21:51.649 [remote-sender-4] WARN  org.apache.s4.comm.tcp.TCPEmitter - Could not connect to partition 0, discarding message
20:21:51.689 [remote-sender-1] WARN  org.apache.s4.comm.tcp.TCPEmitter - Could not connect to partition 0, discarding message
20:21:51.690 [remote-sender-2] WARN  org.apache.s4.comm.tcp.TCPEmitter - Could not connect to partition 0, discarding message
20:21:51.729 [remote-sender-3] WARN  org.apache.s4.comm.tcp.TCPEmitter - Could not connect to partition 0, discarding message
20:21:51.730 [remote-sender-0] WARN  org.apache.s4.comm.tcp.TCPEmitter - Could not connect to partition 0, discarding message
20:21:51.769 [remote-sender-1] WARN  org.apache.s4.comm.tcp.TCPEmitter - Could not connect to partition 0, discarding message
20:21:51.770 [remote-sender-4] WARN  org.apache.s4.comm.tcp.TCPEmitter - Could not connect to partition 0, discarding message
20:21:51.810 [remote-sender-3] WARN  org.apache.s4.comm.tcp.TCPEmitter - Could not connect to partition 0, discarding message
20:21:51.810 [remote-sender-2] WARN  org.apache.s4.comm.tcp.TCPEmitter - Could not connect to partition 0, discarding message
20:21:51.850 [remote-sender-0] WARN  org.apache.s4.comm.tcp.TCPEmitter - Could not connect to partition 0, discarding message
20:21:51.850 [remote-sender-1] WARN  org.apache.s4.comm.tcp.TCPEmitter - Could not connect to partition 0, discarding message
20:21:51.890 [remote-sender-4] WARN  org.apache.s4.comm.tcp.TCPEmitter - Could not connect to partition 0, discarding message
20:21:51.890 [remote-sender-3] WARN  org.apache.s4.comm.tcp.TCPEmitter - Could not connect to partition 0, discarding message
20:21:51.930 [remote-sender-2] WARN  org.apache.s4.comm.tcp.TCPEmitter - Could not connect to partition 0, discarding message
20:21:51.930 [remote-sender-0] WARN  org.apache.s4.comm.tcp.TCPEmitter - Could not connect to partition 0, discarding message
20:21:51.970 [remote-sender-1] WARN  org.apache.s4.comm.tcp.TCPEmitter - Could not connect to partition 0, discarding message
20:21:51.970 [remote-sender-4] WARN  org.apache.s4.comm.tcp.TCPEmitter - Could not connect to partition 0, discarding message
20:21:52.010 [remote-sender-3] WARN  org.apache.s4.comm.tcp.TCPEmitter - Could not connect to partition 0, discarding message
20:21:52.010 [remote-sender-2] WARN  org.apache.s4.comm.tcp.TCPEmitter - Could not connect to partition 0, discarding message
20:21:52.050 [remote-sender-1] WARN  org.apache.s4.comm.tcp.TCPEmitter - Could not connect to partition 0, discarding message
20:21:52.050 [remote-sender-0] WARN  org.apache.s4.comm.tcp.TCPEmitter - Could not connect to partition 0, discarding message
20:21:52.090 [remote-sender-4] WARN  org.apache.s4.comm.tcp.TCPEmitter - Could not connect to partition 0, discarding message
20:21:52.090 [remote-sender-3] WARN  org.apache.s4.comm.tcp.TCPEmitter - Could not connect to partition 0, discarding message
20:21:52.130 [remote-sender-1] WARN  org.apache.s4.comm.tcp.TCPEmitter - Could not connect to partition 0, discarding message
20:21:52.131 [remote-sender-2] WARN  org.apache.s4.comm.tcp.TCPEmitter - Could not connect to partition 0, discarding message
20:21:52.170 [remote-sender-0] WARN  org.apache.s4.comm.tcp.TCPEmitter - Could not connect to partition 0, discarding message
20:21:52.171 [remote-sender-4] WARN  org.apache.s4.comm.tcp.TCPEmitter - Could not connect to partition 0, discarding message
20:21:52.210 [remote-sender-3] WARN  org.apache.s4.comm.tcp.TCPEmitter - Could not connect to partition 0, discarding message
20:21:52.211 [remote-sender-1] WARN  org.apache.s4.comm.tcp.TCPEmitter - Could not connect to partition 0, discarding message
20:21:52.250 [remote-sender-0] WARN  org.apache.s4.comm.tcp.TCPEmitter - Could not connect to partition 0, discarding message
20:21:52.251 [remote-sender-2] WARN  org.apache.s4.comm.tcp.TCPEmitter - Could not connect to partition 0, discarding message
20:21:52.291 [remote-sender-3] WARN  org.apache.s4.comm.tcp.TCPEmitter - Could not connect to partition 0, discarding message
20:21:52.291 [remote-sender-4] WARN  org.apache.s4.comm.tcp.TCPEmitter - Could not connect to partition 0, discarding message
20:21:52.331 [remote-sender-0] WARN  org.apache.s4.comm.tcp.TCPEmitter - Could not connect to partition 0, discarding message
20:21:52.331 [remote-sender-1] WARN  org.apache.s4.comm.tcp.TCPEmitter - Could not connect to partition 0, discarding message
20:21:52.371 [remote-sender-3] WARN  org.apache.s4.comm.tcp.TCPEmitter - Could not connect to partition 0, discarding message
20:21:52.371 [remote-sender-2] WARN  org.apache.s4.comm.tcp.TCPEmitter - Could not connect to partition 0, discarding message
20:21:52.411 [remote-sender-4] WARN  org.apache.s4.comm.tcp.TCPEmitter - Could not connect to partition 0, discarding message
20:21:52.411 [remote-sender-0] WARN  org.apache.s4.comm.tcp.TCPEmitter - Could not connect to partition 0, discarding message
20:21:52.451 [remote-sender-3] WARN  org.apache.s4.comm.tcp.TCPEmitter - Could not connect to partition 0, discarding message
20:21:52.451 [remote-sender-1] WARN  org.apache.s4.comm.tcp.TCPEmitter - Could not connect to partition 0, discarding message
20:21:52.491 [remote-sender-4] WARN  org.apache.s4.comm.tcp.TCPEmitter - Could not connect to partition 0, discarding message
20:21:52.491 [remote-sender-2] WARN  org.apache.s4.comm.tcp.TCPEmitter - Could not connect to partition 0, discarding message
20:21:52.531 [remote-sender-0] WARN  org.apache.s4.comm.tcp.TCPEmitter - Could not connect to partition 0, discarding message
20:21:52.531 [remote-sender-3] WARN  org.apache.s4.comm.tcp.TCPEmitter - Could not connect to partition 0, discarding message
20:21:52.571 [remote-sender-1] WARN  org.apache.s4.comm.tcp.TCPEmitter - Could not connect to partition 0, discarding message
20:21:52.572 [remote-sender-4] WARN  org.apache.s4.comm.tcp.TCPEmitter - Could not connect to partition 0, discarding message
20:21:52.611 [remote-sender-0] WARN  org.apache.s4.comm.tcp.TCPEmitter - Could not connect to partition 0, discarding message
20:21:52.612 [remote-sender-2] WARN  org.apache.s4.comm.tcp.TCPEmitter - Could not connect to partition 0, discarding message
20:21:52.652 [remote-sender-1] WARN  org.apache.s4.comm.tcp.TCPEmitter - Could not connect to partition 0, discarding message
20:21:52.652 [remote-sender-3] WARN  org.apache.s4.comm.tcp.TCPEmitter - Could not connect to partition 0, discarding message
20:21:52.692 [remote-sender-0] WARN  org.apache.s4.comm.tcp.TCPEmitter - Could not connect to partition 0, discarding message
20:21:52.692 [remote-sender-4] WARN  org.apache.s4.comm.tcp.TCPEmitter - Could not connect to partition 0, discarding message
20:21:52.732 [remote-sender-1] WARN  org.apache.s4.comm.tcp.TCPEmitter - Could not connect to partition 0, discarding message
20:21:52.732 [remote-sender-2] WARN  org.apache.s4.comm.tcp.TCPEmitter - Could not connect to partition 0, discarding message
20:21:52.772 [remote-sender-3] WARN  org.apache.s4.comm.tcp.TCPEmitter - Could not connect to partition 0, discarding message
20:21:52.772 [remote-sender-0] WARN  org.apache.s4.comm.tcp.TCPEmitter - Could not connect to partition 0, discarding message
20:21:52.812 [remote-sender-1] WARN  org.apache.s4.comm.tcp.TCPEmitter - Could not connect to partition 0, discarding message
20:21:52.812 [remote-sender-4] WARN  org.apache.s4.comm.tcp.TCPEmitter - Could not connect to partition 0, discarding message
20:21:52.852 [remote-sender-2] WARN  org.apache.s4.comm.tcp.TCPEmitter - Could not connect to partition 0, discarding message
20:21:52.853 [remote-sender-3] WARN  org.apache.s4.comm.tcp.TCPEmitter - Could not connect to partition 0, discarding message
20:21:52.892 [remote-sender-0] WARN  org.apache.s4.comm.tcp.TCPEmitter - Could not connect to partition 0, discarding message
20:21:52.892 [remote-sender-1] WARN  org.apache.s4.comm.tcp.TCPEmitter - Could not connect to partition 0, discarding message
20:21:52.932 [remote-sender-4] WARN  org.apache.s4.comm.tcp.TCPEmitter - Could not connect to partition 0, discarding message
20:21:52.932 [remote-sender-2] WARN  org.apache.s4.comm.tcp.TCPEmitter - Could not connect to partition 0, discarding message
20:21:52.972 [remote-sender-3] WARN  org.apache.s4.comm.tcp.TCPEmitter - Could not connect to partition 0, discarding message
20:21:52.973 [remote-sender-0] WARN  org.apache.s4.comm.tcp.TCPEmitter - Could not connect to partition 0, discarding message
20:21:53.013 [remote-sender-4] WARN  org.apache.s4.comm.tcp.TCPEmitter - Could not connect to partition 0, discarding message
20:21:53.013 [remote-sender-1] WARN  org.apache.s4.comm.tcp.TCPEmitter - Could not connect to partition 0, discarding message
20:21:53.053 [remote-sender-3] WARN  org.apache.s4.comm.tcp.TCPEmitter - Could not connect to partition 0, discarding message
20:21:53.053 [remote-sender-2] WARN  org.apache.s4.comm.tcp.TCPEmitter - Could not connect to partition 0, discarding message
20:21:53.093 [remote-sender-4] WARN  org.apache.s4.comm.tcp.TCPEmitter - Could not connect to partition 0, discarding message
20:21:53.093 [remote-sender-0] WARN  org.apache.s4.comm.tcp.TCPEmitter - Could not connect to partition 0, discarding message
20:21:53.133 [remote-sender-3] WARN  org.apache.s4.comm.tcp.TCPEmitter - Could not connect to partition 0, discarding message
20:21:53.133 [remote-sender-1] WARN  org.apache.s4.comm.tcp.TCPEmitter - Could not connect to partition 0, discarding message
20:21:53.173 [remote-sender-4] WARN  org.apache.s4.comm.tcp.TCPEmitter - Could not connect to partition 0, discarding message
20:21:53.173 [remote-sender-2] WARN  org.apache.s4.comm.tcp.TCPEmitter - Could not connect to partition 0, discarding message
20:21:53.213 [remote-sender-0] WARN  org.apache.s4.comm.tcp.TCPEmitter - Could not connect to partition 0, discarding message
20:21:53.213 [remote-sender-3] WARN  org.apache.s4.comm.tcp.TCPEmitter - Could not connect to partition 0, discarding message
20:21:53.253 [remote-sender-4] WARN  org.apache.s4.comm.tcp.TCPEmitter - Could not connect to partition 0, discarding message
20:21:53.254 [remote-sender-1] WARN  org.apache.s4.comm.tcp.TCPEmitter - Could not connect to partition 0, discarding message
20:21:53.293 [remote-sender-0] WARN  org.apache.s4.comm.tcp.TCPEmitter - Could not connect to partition 0, discarding message
20:21:53.294 [remote-sender-2] WARN  org.apache.s4.comm.tcp.TCPEmitter - Could not connect to partition 0, discarding message
20:21:53.334 [remote-sender-3] WARN  org.apache.s4.comm.tcp.TCPEmitter - Could not connect to partition 0, discarding message
20:21:53.334 [remote-sender-4] WARN  org.apache.s4.comm.tcp.TCPEmitter - Could not connect to partition 0, discarding message
20:21:53.374 [remote-sender-1] WARN  org.apache.s4.comm.tcp.TCPEmitter - Could not connect to partition 0, discarding message
20:21:53.374 [remote-sender-0] WARN  org.apache.s4.comm.tcp.TCPEmitter - Could not connect to partition 0, discarding message
20:21:53.413 [remote-sender-2] WARN  org.apache.s4.comm.tcp.TCPEmitter - Could not connect to partition 0, discarding message
20:21:53.413 [remote-sender-3] WARN  org.apache.s4.comm.tcp.TCPEmitter - Could not connect to partition 0, discarding message
20:21:53.454 [remote-sender-4] WARN  org.apache.s4.comm.tcp.TCPEmitter - Could not connect to partition 0, discarding message
20:21:53.454 [remote-sender-1] WARN  org.apache.s4.comm.tcp.TCPEmitter - Could not connect to partition 0, discarding message
20:21:53.494 [remote-sender-0] WARN  org.apache.s4.comm.tcp.TCPEmitter - Could not connect to partition 0, discarding message
20:21:53.494 [remote-sender-2] WARN  org.apache.s4.comm.tcp.TCPEmitter - Could not connect to partition 0, discarding message
20:21:53.534 [remote-sender-4] WARN  org.apache.s4.comm.tcp.TCPEmitter - Could not connect to partition 0, discarding message
20:21:53.534 [remote-sender-3] WARN  org.apache.s4.comm.tcp.TCPEmitter - Could not connect to partition 0, discarding message
20:21:53.574 [remote-sender-0] WARN  org.apache.s4.comm.tcp.TCPEmitter - Could not connect to partition 0, discarding message
20:21:53.574 [remote-sender-1] WARN  org.apache.s4.comm.tcp.TCPEmitter - Could not connect to partition 0, discarding message
20:21:53.614 [remote-sender-2] WARN  org.apache.s4.comm.tcp.TCPEmitter - Could not connect to partition 0, discarding message
20:21:53.615 [remote-sender-4] WARN  org.apache.s4.comm.tcp.TCPEmitter - Could not connect to partition 0, discarding message
20:21:53.654 [remote-sender-0] WARN  org.apache.s4.comm.tcp.TCPEmitter - Could not connect to partition 0, discarding message
20:21:53.655 [remote-sender-3] WARN  org.apache.s4.comm.tcp.TCPEmitter - Could not connect to partition 0, discarding message
20:21:53.695 [remote-sender-1] WARN  org.apache.s4.comm.tcp.TCPEmitter - Could not connect to partition 0, discarding message
20:21:53.695 [remote-sender-2] WARN  org.apache.s4.comm.tcp.TCPEmitter - Could not connect to partition 0, discarding message
20:21:53.735 [remote-sender-0] WARN  org.apache.s4.comm.tcp.TCPEmitter - Could not connect to partition 0, discarding message
20:21:53.735 [remote-sender-4] WARN  org.apache.s4.comm.tcp.TCPEmitter - Could not connect to partition 0, discarding message
20:21:53.774 [remote-sender-3] WARN  org.apache.s4.comm.tcp.TCPEmitter - Could not connect to partition 0, discarding message
20:21:53.775 [remote-sender-1] WARN  org.apache.s4.comm.tcp.TCPEmitter - Could not connect to partition 0, discarding message
20:21:53.815 [remote-sender-2] WARN  org.apache.s4.comm.tcp.TCPEmitter - Could not connect to partition 0, discarding message
20:21:53.815 [remote-sender-0] WARN  org.apache.s4.comm.tcp.TCPEmitter - Could not connect to partition 0, discarding message
20:21:53.855 [remote-sender-4] WARN  org.apache.s4.comm.tcp.TCPEmitter - Could not connect to partition 0, discarding message
20:21:53.855 [remote-sender-3] WARN  org.apache.s4.comm.tcp.TCPEmitter - Could not connect to partition 0, discarding message
20:21:53.895 [remote-sender-1] WARN  org.apache.s4.comm.tcp.TCPEmitter - Could not connect to partition 0, discarding message
20:21:53.895 [remote-sender-2] WARN  org.apache.s4.comm.tcp.TCPEmitter - Could not connect to partition 0, discarding message
20:21:53.935 [remote-sender-0] WARN  org.apache.s4.comm.tcp.TCPEmitter - Could not connect to partition 0, discarding message
20:21:53.935 [remote-sender-4] WARN  org.apache.s4.comm.tcp.TCPEmitter - Could not connect to partition 0, discarding message
20:21:53.975 [remote-sender-1] WARN  org.apache.s4.comm.tcp.TCPEmitter - Could not connect to partition 0, discarding message
20:21:53.975 [remote-sender-3] WARN  org.apache.s4.comm.tcp.TCPEmitter - Could not connect to partition 0, discarding message
20:21:54.015 [remote-sender-2] WARN  org.apache.s4.comm.tcp.TCPEmitter - Could not connect to partition 0, discarding message
20:21:54.015 [remote-sender-0] WARN  org.apache.s4.comm.tcp.TCPEmitter - Could not connect to partition 0, discarding message
20:21:54.055 [remote-sender-1] WARN  org.apache.s4.comm.tcp.TCPEmitter - Could not connect to partition 0, discarding message
20:21:54.055 [remote-sender-4] WARN  org.apache.s4.comm.tcp.TCPEmitter - Could not connect to partition 0, discarding message
20:21:54.095 [remote-sender-3] WARN  org.apache.s4.comm.tcp.TCPEmitter - Could not connect to partition 0, discarding message
20:21:54.095 [remote-sender-2] WARN  org.apache.s4.comm.tcp.TCPEmitter - Could not connect to partition 0, discarding message
20:21:54.135 [remote-sender-0] WARN  org.apache.s4.comm.tcp.TCPEmitter - Could not connect to partition 0, discarding message
20:21:54.136 [remote-sender-1] WARN  org.apache.s4.comm.tcp.TCPEmitter - Could not connect to partition 0, discarding message
20:21:54.176 [remote-sender-3] WARN  org.apache.s4.comm.tcp.TCPEmitter - Could not connect to partition 0, discarding message
20:21:54.176 [remote-sender-4] WARN  org.apache.s4.comm.tcp.TCPEmitter - Could not connect to partition 0, discarding message
20:21:54.216 [remote-sender-2] WARN  org.apache.s4.comm.tcp.TCPEmitter - Could not connect to partition 0, discarding message
20:21:54.216 [remote-sender-0] WARN  org.apache.s4.comm.tcp.TCPEmitter - Could not connect to partition 0, discarding message
20:21:54.256 [remote-sender-3] WARN  org.apache.s4.comm.tcp.TCPEmitter - Could not connect to partition 0, discarding message
20:21:54.256 [remote-sender-1] WARN  org.apache.s4.comm.tcp.TCPEmitter - Could not connect to partition 0, discarding message
20:21:54.296 [remote-sender-4] WARN  org.apache.s4.comm.tcp.TCPEmitter - Could not connect to partition 0, discarding message
20:21:54.296 [remote-sender-2] WARN  org.apache.s4.comm.tcp.TCPEmitter - Could not connect to partition 0, discarding message
20:21:54.336 [remote-sender-3] WARN  org.apache.s4.comm.tcp.TCPEmitter - Could not connect to partition 0, discarding message
20:21:54.336 [remote-sender-0] WARN  org.apache.s4.comm.tcp.TCPEmitter - Could not connect to partition 0, discarding message
20:21:54.376 [remote-sender-1] WARN  org.apache.s4.comm.tcp.TCPEmitter - Could not connect to partition 0, discarding message
20:21:54.376 [remote-sender-4] WARN  org.apache.s4.comm.tcp.TCPEmitter - Could not connect to partition 0, discarding message
20:21:54.416 [remote-sender-3] WARN  org.apache.s4.comm.tcp.TCPEmitter - Could not connect to partition 0, discarding message
20:21:54.416 [remote-sender-2] WARN  org.apache.s4.comm.tcp.TCPEmitter - Could not connect to partition 0, discarding message
20:21:54.456 [remote-sender-0] WARN  org.apache.s4.comm.tcp.TCPEmitter - Could not connect to partition 0, discarding message
20:21:54.456 [remote-sender-1] WARN  org.apache.s4.comm.tcp.TCPEmitter - Could not connect to partition 0, discarding message
20:21:54.496 [remote-sender-4] WARN  org.apache.s4.comm.tcp.TCPEmitter - Could not connect to partition 0, discarding message
20:21:54.497 [remote-sender-3] WARN  org.apache.s4.comm.tcp.TCPEmitter - Could not connect to partition 0, discarding message
20:21:54.537 [remote-sender-2] WARN  org.apache.s4.comm.tcp.TCPEmitter - Could not connect to partition 0, discarding message
20:21:54.537 [remote-sender-0] WARN  org.apache.s4.comm.tcp.TCPEmitter - Could not connect to partition 0, discarding message
20:21:54.577 [remote-sender-1] WARN  org.apache.s4.comm.tcp.TCPEmitter - Could not connect to partition 0, discarding message
20:21:54.577 [remote-sender-4] WARN  org.apache.s4.comm.tcp.TCPEmitter - Could not connect to partition 0, discarding message
20:21:54.617 [remote-sender-3] WARN  org.apache.s4.comm.tcp.TCPEmitter - Could not connect to partition 0, discarding message
20:21:54.617 [remote-sender-2] WARN  org.apache.s4.comm.tcp.TCPEmitter - Could not connect to partition 0, discarding message
20:21:54.657 [remote-sender-0] WARN  org.apache.s4.comm.tcp.TCPEmitter - Could not connect to partition 0, discarding message
20:21:54.657 [remote-sender-1] WARN  org.apache.s4.comm.tcp.TCPEmitter - Could not connect to partition 0, discarding message
20:21:54.697 [remote-sender-4] WARN  org.apache.s4.comm.tcp.TCPEmitter - Could not connect to partition 0, discarding message
20:21:54.697 [remote-sender-3] WARN  org.apache.s4.comm.tcp.TCPEmitter - Could not connect to partition 0, discarding message
20:21:54.737 [remote-sender-2] WARN  org.apache.s4.comm.tcp.TCPEmitter - Could not connect to partition 0, discarding message
20:21:54.737 [remote-sender-0] WARN  org.apache.s4.comm.tcp.TCPEmitter - Could not connect to partition 0, discarding message
20:21:54.777 [remote-sender-1] WARN  org.apache.s4.comm.tcp.TCPEmitter - Could not connect to partition 0, discarding message
20:21:54.777 [remote-sender-4] WARN  org.apache.s4.comm.tcp.TCPEmitter - Could not connect to partition 0, discarding message
20:21:54.817 [remote-sender-3] WARN  org.apache.s4.comm.tcp.TCPEmitter - Could not connect to partition 0, discarding message
20:21:54.818 [remote-sender-2] WARN  org.apache.s4.comm.tcp.TCPEmitter - Could not connect to partition 0, discarding message
20:21:54.858 [remote-sender-1] WARN  org.apache.s4.comm.tcp.TCPEmitter - Could not connect to partition 0, discarding message
20:21:54.858 [remote-sender-0] WARN  org.apache.s4.comm.tcp.TCPEmitter - Could not connect to partition 0, discarding message
20:21:54.898 [remote-sender-4] WARN  org.apache.s4.comm.tcp.TCPEmitter - Could not connect to partition 0, discarding message
20:21:54.898 [remote-sender-3] WARN  org.apache.s4.comm.tcp.TCPEmitter - Could not connect to partition 0, discarding message
20:21:54.938 [remote-sender-1] WARN  org.apache.s4.comm.tcp.TCPEmitter - Could not connect to partition 0, discarding message
20:21:54.938 [remote-sender-2] WARN  org.apache.s4.comm.tcp.TCPEmitter - Could not connect to partition 0, discarding message
20:21:54.978 [remote-sender-4] WARN  org.apache.s4.comm.tcp.TCPEmitter - Could not connect to partition 0, discarding message
20:21:54.978 [remote-sender-0] WARN  org.apache.s4.comm.tcp.TCPEmitter - Could not connect to partition 0, discarding message
20:21:55.018 [remote-sender-1] WARN  org.apache.s4.comm.tcp.TCPEmitter - Could not connect to partition 0, discarding message
20:21:55.018 [remote-sender-3] WARN  org.apache.s4.comm.tcp.TCPEmitter - Could not connect to partition 0, discarding message
20:21:55.058 [remote-sender-2] WARN  org.apache.s4.comm.tcp.TCPEmitter - Could not connect to partition 0, discarding message
20:21:55.058 [remote-sender-4] WARN  org.apache.s4.comm.tcp.TCPEmitter - Could not connect to partition 0, discarding message
20:21:55.098 [remote-sender-0] WARN  org.apache.s4.comm.tcp.TCPEmitter - Could not connect to partition 0, discarding message
20:21:55.098 [remote-sender-1] WARN  org.apache.s4.comm.tcp.TCPEmitter - Could not connect to partition 0, discarding message
20:21:55.138 [remote-sender-3] WARN  org.apache.s4.comm.tcp.TCPEmitter - Could not connect to partition 0, discarding message
20:21:55.138 [remote-sender-2] WARN  org.apache.s4.comm.tcp.TCPEmitter - Could not connect to partition 0, discarding message
20:21:55.178 [remote-sender-4] WARN  org.apache.s4.comm.tcp.TCPEmitter - Could not connect to partition 0, discarding message
20:21:55.178 [remote-sender-0] WARN  org.apache.s4.comm.tcp.TCPEmitter - Could not connect to partition 0, discarding message
20:21:55.218 [remote-sender-3] WARN  org.apache.s4.comm.tcp.TCPEmitter - Could not connect to partition 0, discarding message
20:21:55.219 [remote-sender-1] WARN  org.apache.s4.comm.tcp.TCPEmitter - Could not connect to partition 0, discarding message
20:21:55.259 [remote-sender-4] WARN  org.apache.s4.comm.tcp.TCPEmitter - Could not connect to partition 0, discarding message
20:21:55.259 [remote-sender-2] WARN  org.apache.s4.comm.tcp.TCPEmitter - Could not connect to partition 0, discarding message
20:21:55.299 [remote-sender-3] WARN  org.apache.s4.comm.tcp.TCPEmitter - Could not connect to partition 0, discarding message
20:21:55.299 [remote-sender-0] WARN  org.apache.s4.comm.tcp.TCPEmitter - Could not connect to partition 0, discarding message
20:21:55.339 [remote-sender-1] WARN  org.apache.s4.comm.tcp.TCPEmitter - Could not connect to partition 0, discarding message
20:21:55.339 [remote-sender-4] WARN  org.apache.s4.comm.tcp.TCPEmitter - Could not connect to partition 0, discarding message
20:21:55.379 [remote-sender-2] WARN  org.apache.s4.comm.tcp.TCPEmitter - Could not connect to partition 0, discarding message
20:21:55.379 [remote-sender-3] WARN  org.apache.s4.comm.tcp.TCPEmitter - Could not connect to partition 0, discarding message
20:21:55.419 [remote-sender-1] WARN  org.apache.s4.comm.tcp.TCPEmitter - Could not connect to partition 0, discarding message
20:21:55.419 [remote-sender-0] WARN  org.apache.s4.comm.tcp.TCPEmitter - Could not connect to partition 0, discarding message
20:21:55.459 [remote-sender-2] WARN  org.apache.s4.comm.tcp.TCPEmitter - Could not connect to partition 0, discarding message
20:21:55.459 [remote-sender-4] WARN  org.apache.s4.comm.tcp.TCPEmitter - Could not connect to partition 0, discarding message
20:21:55.499 [remote-sender-1] WARN  org.apache.s4.comm.tcp.TCPEmitter - Could not connect to partition 0, discarding message
20:21:55.499 [remote-sender-3] WARN  org.apache.s4.comm.tcp.TCPEmitter - Could not connect to partition 0, discarding message
20:21:55.539 [remote-sender-0] WARN  org.apache.s4.comm.tcp.TCPEmitter - Could not connect to partition 0, discarding message
20:21:55.539 [remote-sender-2] WARN  org.apache.s4.comm.tcp.TCPEmitter - Could not connect to partition 0, discarding message
20:21:55.579 [remote-sender-4] WARN  org.apache.s4.comm.tcp.TCPEmitter - Could not connect to partition 0, discarding message
20:21:55.580 [remote-sender-1] WARN  org.apache.s4.comm.tcp.TCPEmitter - Could not connect to partition 0, discarding message
20:21:55.620 [remote-sender-3] WARN  org.apache.s4.comm.tcp.TCPEmitter - Could not connect to partition 0, discarding message
20:21:55.620 [remote-sender-0] WARN  org.apache.s4.comm.tcp.TCPEmitter - Could not connect to partition 0, discarding message
20:21:55.660 [remote-sender-2] WARN  org.apache.s4.comm.tcp.TCPEmitter - Could not connect to partition 0, discarding message
20:21:55.660 [remote-sender-4] WARN  org.apache.s4.comm.tcp.TCPEmitter - Could not connect to partition 0, discarding message
20:21:55.700 [remote-sender-1] WARN  org.apache.s4.comm.tcp.TCPEmitter - Could not connect to partition 0, discarding message
20:21:55.700 [remote-sender-3] WARN  org.apache.s4.comm.tcp.TCPEmitter - Could not connect to partition 0, discarding message
20:21:55.740 [remote-sender-2] WARN  org.apache.s4.comm.tcp.TCPEmitter - Could not connect to partition 0, discarding message
20:21:55.740 [remote-sender-0] WARN  org.apache.s4.comm.tcp.TCPEmitter - Could not connect to partition 0, discarding message
20:21:55.780 [remote-sender-1] WARN  org.apache.s4.comm.tcp.TCPEmitter - Could not connect to partition 0, discarding message
20:21:55.780 [remote-sender-4] WARN  org.apache.s4.comm.tcp.TCPEmitter - Could not connect to partition 0, discarding message
20:21:55.820 [remote-sender-3] WARN  org.apache.s4.comm.tcp.TCPEmitter - Could not connect to partition 0, discarding message
20:21:55.820 [remote-sender-2] WARN  org.apache.s4.comm.tcp.TCPEmitter - Could not connect to partition 0, discarding message
20:21:55.860 [remote-sender-1] WARN  org.apache.s4.comm.tcp.TCPEmitter - Could not connect to partition 0, discarding message
20:21:55.860 [remote-sender-0] WARN  org.apache.s4.comm.tcp.TCPEmitter - Could not connect to partition 0, discarding message
20:21:55.900 [remote-sender-3] WARN  org.apache.s4.comm.tcp.TCPEmitter - Could not connect to partition 0, discarding message
20:21:55.900 [remote-sender-4] WARN  org.apache.s4.comm.tcp.TCPEmitter - Could not connect to partition 0, discarding message
20:21:55.940 [remote-sender-2] WARN  org.apache.s4.comm.tcp.TCPEmitter - Could not connect to partition 0, discarding message
20:21:55.941 [remote-sender-1] WARN  org.apache.s4.comm.tcp.TCPEmitter - Could not connect to partition 0, discarding message
20:21:55.980 [remote-sender-0] WARN  org.apache.s4.comm.tcp.TCPEmitter - Could not connect to partition 0, discarding message
20:21:55.981 [remote-sender-3] WARN  org.apache.s4.comm.tcp.TCPEmitter - Could not connect to partition 0, discarding message
20:21:56.021 [remote-sender-2] WARN  org.apache.s4.comm.tcp.TCPEmitter - Could not connect to partition 0, discarding message
20:21:56.021 [remote-sender-4] WARN  org.apache.s4.comm.tcp.TCPEmitter - Could not connect to partition 0, discarding message
20:21:56.061 [remote-sender-1] WARN  org.apache.s4.comm.tcp.TCPEmitter - Could not connect to partition 0, discarding message
20:21:56.061 [remote-sender-0] WARN  org.apache.s4.comm.tcp.TCPEmitter - Could not connect to partition 0, discarding message
20:21:56.101 [remote-sender-2] WARN  org.apache.s4.comm.tcp.TCPEmitter - Could not connect to partition 0, discarding message
20:21:56.101 [remote-sender-3] WARN  org.apache.s4.comm.tcp.TCPEmitter - Could not connect to partition 0, discarding message
20:21:56.141 [remote-sender-4] WARN  org.apache.s4.comm.tcp.TCPEmitter - Could not connect to partition 0, discarding message
20:21:56.141 [remote-sender-1] WARN  org.apache.s4.comm.tcp.TCPEmitter - Could not connect to partition 0, discarding message
20:21:56.181 [remote-sender-2] WARN  org.apache.s4.comm.tcp.TCPEmitter - Could not connect to partition 0, discarding message
20:21:56.181 [remote-sender-0] WARN  org.apache.s4.comm.tcp.TCPEmitter - Could not connect to partition 0, discarding message
20:21:56.221 [remote-sender-3] WARN  org.apache.s4.comm.tcp.TCPEmitter - Could not connect to partition 0, discarding message
20:21:56.221 [remote-sender-4] WARN  org.apache.s4.comm.tcp.TCPEmitter - Could not connect to partition 0, discarding message
20:21:56.261 [remote-sender-2] WARN  org.apache.s4.comm.tcp.TCPEmitter - Could not connect to partition 0, discarding message
20:21:56.261 [remote-sender-1] WARN  org.apache.s4.comm.tcp.TCPEmitter - Could not connect to partition 0, discarding message
20:21:56.301 [remote-sender-0] WARN  org.apache.s4.comm.tcp.TCPEmitter - Could not connect to partition 0, discarding message
20:21:56.302 [remote-sender-3] WARN  org.apache.s4.comm.tcp.TCPEmitter - Could not connect to partition 0, discarding message
20:21:56.342 [remote-sender-4] WARN  org.apache.s4.comm.tcp.TCPEmitter - Could not connect to partition 0, discarding message
20:21:56.343 [remote-sender-2] WARN  org.apache.s4.comm.tcp.TCPEmitter - Could not connect to partition 0, discarding message
20:21:56.382 [remote-sender-1] WARN  org.apache.s4.comm.tcp.TCPEmitter - Could not connect to partition 0, discarding message
20:21:56.382 [remote-sender-0] WARN  org.apache.s4.comm.tcp.TCPEmitter - Could not connect to partition 0, discarding message
20:21:56.422 [remote-sender-4] WARN  org.apache.s4.comm.tcp.TCPEmitter - Could not connect to partition 0, discarding message
20:21:56.422 [remote-sender-3] WARN  org.apache.s4.comm.tcp.TCPEmitter - Could not connect to partition 0, discarding message
20:21:56.462 [remote-sender-1] WARN  org.apache.s4.comm.tcp.TCPEmitter - Could not connect to partition 0, discarding message
20:21:56.462 [remote-sender-2] WARN  org.apache.s4.comm.tcp.TCPEmitter - Could not connect to partition 0, discarding message
20:21:56.502 [remote-sender-0] WARN  org.apache.s4.comm.tcp.TCPEmitter - Could not connect to partition 0, discarding message
20:21:56.502 [remote-sender-4] WARN  org.apache.s4.comm.tcp.TCPEmitter - Could not connect to partition 0, discarding message
20:21:56.542 [remote-sender-3] WARN  org.apache.s4.comm.tcp.TCPEmitter - Could not connect to partition 0, discarding message
20:21:56.542 [remote-sender-1] WARN  org.apache.s4.comm.tcp.TCPEmitter - Could not connect to partition 0, discarding message
20:21:56.582 [remote-sender-0] WARN  org.apache.s4.comm.tcp.TCPEmitter - Could not connect to partition 0, discarding message
20:21:56.582 [remote-sender-2] WARN  org.apache.s4.comm.tcp.TCPEmitter - Could not connect to partition 0, discarding message
20:21:56.622 [remote-sender-3] WARN  org.apache.s4.comm.tcp.TCPEmitter - Could not connect to partition 0, discarding message
20:21:56.622 [remote-sender-4] WARN  org.apache.s4.comm.tcp.TCPEmitter - Could not connect to partition 0, discarding message
20:21:56.662 [remote-sender-1] WARN  org.apache.s4.comm.tcp.TCPEmitter - Could not connect to partition 0, discarding message
20:21:56.662 [remote-sender-0] WARN  org.apache.s4.comm.tcp.TCPEmitter - Could not connect to partition 0, discarding message
20:21:56.702 [remote-sender-2] WARN  org.apache.s4.comm.tcp.TCPEmitter - Could not connect to partition 0, discarding message
20:21:56.702 [remote-sender-3] WARN  org.apache.s4.comm.tcp.TCPEmitter - Could not connect to partition 0, discarding message
20:21:56.742 [remote-sender-1] WARN  org.apache.s4.comm.tcp.TCPEmitter - Could not connect to partition 0, discarding message
20:21:56.743 [remote-sender-4] WARN  org.apache.s4.comm.tcp.TCPEmitter - Could not connect to partition 0, discarding message
20:21:56.782 [remote-sender-0] WARN  org.apache.s4.comm.tcp.TCPEmitter - Could not connect to partition 0, discarding message
20:21:56.783 [remote-sender-2] WARN  org.apache.s4.comm.tcp.TCPEmitter - Could not connect to partition 0, discarding message
20:21:56.823 [remote-sender-3] WARN  org.apache.s4.comm.tcp.TCPEmitter - Could not connect to partition 0, discarding message
20:21:56.823 [remote-sender-1] WARN  org.apache.s4.comm.tcp.TCPEmitter - Could not connect to partition 0, discarding message
20:21:56.863 [remote-sender-0] WARN  org.apache.s4.comm.tcp.TCPEmitter - Could not connect to partition 0, discarding message
20:21:56.863 [remote-sender-4] WARN  org.apache.s4.comm.tcp.TCPEmitter - Could not connect to partition 0, discarding message
20:21:56.903 [remote-sender-2] WARN  org.apache.s4.comm.tcp.TCPEmitter - Could not connect to partition 0, discarding message
20:21:56.903 [remote-sender-3] WARN  org.apache.s4.comm.tcp.TCPEmitter - Could not connect to partition 0, discarding message
20:21:56.943 [remote-sender-1] WARN  org.apache.s4.comm.tcp.TCPEmitter - Could not connect to partition 0, discarding message
20:21:56.943 [remote-sender-0] WARN  org.apache.s4.comm.tcp.TCPEmitter - Could not connect to partition 0, discarding message
20:21:56.983 [remote-sender-4] WARN  org.apache.s4.comm.tcp.TCPEmitter - Could not connect to partition 0, discarding message
20:21:56.983 [remote-sender-2] WARN  org.apache.s4.comm.tcp.TCPEmitter - Could not connect to partition 0, discarding message
20:21:57.023 [remote-sender-3] WARN  org.apache.s4.comm.tcp.TCPEmitter - Could not connect to partition 0, discarding message
20:21:57.023 [remote-sender-1] WARN  org.apache.s4.comm.tcp.TCPEmitter - Could not connect to partition 0, discarding message
20:21:57.063 [remote-sender-0] WARN  org.apache.s4.comm.tcp.TCPEmitter - Could not connect to partition 0, discarding message
20:21:57.063 [remote-sender-4] WARN  org.apache.s4.comm.tcp.TCPEmitter - Could not connect to partition 0, discarding message
20:21:57.103 [remote-sender-2] WARN  org.apache.s4.comm.tcp.TCPEmitter - Could not connect to partition 0, discarding message
20:21:57.104 [remote-sender-3] WARN  org.apache.s4.comm.tcp.TCPEmitter - Could not connect to partition 0, discarding message
20:21:57.143 [remote-sender-1] WARN  org.apache.s4.comm.tcp.TCPEmitter - Could not connect to partition 0, discarding message
20:21:57.144 [remote-sender-0] WARN  org.apache.s4.comm.tcp.TCPEmitter - Could not connect to partition 0, discarding message
20:21:57.184 [remote-sender-2] WARN  org.apache.s4.comm.tcp.TCPEmitter - Could not connect to partition 0, discarding message
20:21:57.184 [remote-sender-4] WARN  org.apache.s4.comm.tcp.TCPEmitter - Could not connect to partition 0, discarding message
20:21:57.224 [remote-sender-1] WARN  org.apache.s4.comm.tcp.TCPEmitter - Could not connect to partition 0, discarding message
20:21:57.224 [remote-sender-3] WARN  org.apache.s4.comm.tcp.TCPEmitter - Could not connect to partition 0, discarding message
20:21:57.264 [remote-sender-0] WARN  org.apache.s4.comm.tcp.TCPEmitter - Could not connect to partition 0, discarding message
20:21:57.264 [remote-sender-2] WARN  org.apache.s4.comm.tcp.TCPEmitter - Could not connect to partition 0, discarding message
20:21:57.304 [remote-sender-1] WARN  org.apache.s4.comm.tcp.TCPEmitter - Could not connect to partition 0, discarding message
20:21:57.304 [remote-sender-4] WARN  org.apache.s4.comm.tcp.TCPEmitter - Could not connect to partition 0, discarding message
20:21:57.344 [remote-sender-3] WARN  org.apache.s4.comm.tcp.TCPEmitter - Could not connect to partition 0, discarding message
20:21:57.344 [remote-sender-0] WARN  org.apache.s4.comm.tcp.TCPEmitter - Could not connect to partition 0, discarding message
20:21:57.384 [remote-sender-1] WARN  org.apache.s4.comm.tcp.TCPEmitter - Could not connect to partition 0, discarding message
20:21:57.384 [remote-sender-2] WARN  org.apache.s4.comm.tcp.TCPEmitter - Could not connect to partition 0, discarding message
20:21:57.424 [remote-sender-3] WARN  org.apache.s4.comm.tcp.TCPEmitter - Could not connect to partition 0, discarding message
20:21:57.424 [remote-sender-4] WARN  org.apache.s4.comm.tcp.TCPEmitter - Could not connect to partition 0, discarding message
20:21:57.464 [remote-sender-1] WARN  org.apache.s4.comm.tcp.TCPEmitter - Could not connect to partition 0, discarding message
20:21:57.464 [remote-sender-0] WARN  org.apache.s4.comm.tcp.TCPEmitter - Could not connect to partition 0, discarding message
20:21:57.504 [remote-sender-2] WARN  org.apache.s4.comm.tcp.TCPEmitter - Could not connect to partition 0, discarding message
20:21:57.505 [remote-sender-3] WARN  org.apache.s4.comm.tcp.TCPEmitter - Could not connect to partition 0, discarding message
20:21:57.544 [remote-sender-4] WARN  org.apache.s4.comm.tcp.TCPEmitter - Could not connect to partition 0, discarding message
20:21:57.545 [remote-sender-1] WARN  org.apache.s4.comm.tcp.TCPEmitter - Could not connect to partition 0, discarding message
20:21:57.585 [remote-sender-2] WARN  org.apache.s4.comm.tcp.TCPEmitter - Could not connect to partition 0, discarding message
20:21:57.585 [remote-sender-0] WARN  org.apache.s4.comm.tcp.TCPEmitter - Could not connect to partition 0, discarding message
20:21:57.625 [remote-sender-4] WARN  org.apache.s4.comm.tcp.TCPEmitter - Could not connect to partition 0, discarding message
20:21:57.625 [remote-sender-3] WARN  org.apache.s4.comm.tcp.TCPEmitter - Could not connect to partition 0, discarding message
20:21:57.665 [remote-sender-1] WARN  org.apache.s4.comm.tcp.TCPEmitter - Could not connect to partition 0, discarding message
20:21:57.665 [remote-sender-2] WARN  org.apache.s4.comm.tcp.TCPEmitter - Could not connect to partition 0, discarding message
20:21:57.705 [remote-sender-0] WARN  org.apache.s4.comm.tcp.TCPEmitter - Could not connect to partition 0, discarding message
20:21:57.705 [remote-sender-4] WARN  org.apache.s4.comm.tcp.TCPEmitter - Could not connect to partition 0, discarding message
20:21:57.745 [remote-sender-1] WARN  org.apache.s4.comm.tcp.TCPEmitter - Could not connect to partition 0, discarding message
20:21:57.745 [remote-sender-3] WARN  org.apache.s4.comm.tcp.TCPEmitter - Could not connect to partition 0, discarding message
20:21:57.785 [remote-sender-0] WARN  org.apache.s4.comm.tcp.TCPEmitter - Could not connect to partition 0, discarding message
20:21:57.785 [remote-sender-2] WARN  org.apache.s4.comm.tcp.TCPEmitter - Could not connect to partition 0, discarding message
20:21:57.825 [remote-sender-1] WARN  org.apache.s4.comm.tcp.TCPEmitter - Could not connect to partition 0, discarding message
20:21:57.825 [remote-sender-4] WARN  org.apache.s4.comm.tcp.TCPEmitter - Could not connect to partition 0, discarding message
20:21:57.865 [remote-sender-3] WARN  org.apache.s4.comm.tcp.TCPEmitter - Could not connect to partition 0, discarding message
20:21:57.866 [remote-sender-0] WARN  org.apache.s4.comm.tcp.TCPEmitter - Could not connect to partition 0, discarding message
20:21:57.905 [remote-sender-2] WARN  org.apache.s4.comm.tcp.TCPEmitter - Could not connect to partition 0, discarding message
20:21:57.906 [remote-sender-1] WARN  org.apache.s4.comm.tcp.TCPEmitter - Could not connect to partition 0, discarding message
20:21:57.946 [remote-sender-3] WARN  org.apache.s4.comm.tcp.TCPEmitter - Could not connect to partition 0, discarding message
20:21:57.946 [remote-sender-4] WARN  org.apache.s4.comm.tcp.TCPEmitter - Could not connect to partition 0, discarding message
20:21:57.986 [remote-sender-0] WARN  org.apache.s4.comm.tcp.TCPEmitter - Could not connect to partition 0, discarding message
20:21:57.986 [remote-sender-2] WARN  org.apache.s4.comm.tcp.TCPEmitter - Could not connect to partition 0, discarding message
20:21:58.026 [remote-sender-1] WARN  org.apache.s4.comm.tcp.TCPEmitter - Could not connect to partition 0, discarding message
20:21:58.026 [remote-sender-3] WARN  org.apache.s4.comm.tcp.TCPEmitter - Could not connect to partition 0, discarding message
20:21:58.066 [remote-sender-4] WARN  org.apache.s4.comm.tcp.TCPEmitter - Could not connect to partition 0, discarding message
20:21:58.066 [remote-sender-0] WARN  org.apache.s4.comm.tcp.TCPEmitter - Could not connect to partition 0, discarding message
20:21:58.106 [remote-sender-1] WARN  org.apache.s4.comm.tcp.TCPEmitter - Could not connect to partition 0, discarding message
20:21:58.106 [remote-sender-2] WARN  org.apache.s4.comm.tcp.TCPEmitter - Could not connect to partition 0, discarding message
20:21:58.146 [remote-sender-3] WARN  org.apache.s4.comm.tcp.TCPEmitter - Could not connect to partition 0, discarding message
20:21:58.146 [remote-sender-4] WARN  org.apache.s4.comm.tcp.TCPEmitter - Could not connect to partition 0, discarding message
20:21:58.186 [remote-sender-1] WARN  org.apache.s4.comm.tcp.TCPEmitter - Could not connect to partition 0, discarding message
20:21:58.186 [remote-sender-0] WARN  org.apache.s4.comm.tcp.TCPEmitter - Could not connect to partition 0, discarding message
20:21:58.226 [remote-sender-2] WARN  org.apache.s4.comm.tcp.TCPEmitter - Could not connect to partition 0, discarding message
20:21:58.227 [remote-sender-3] WARN  org.apache.s4.comm.tcp.TCPEmitter - Could not connect to partition 0, discarding message
20:21:58.267 [remote-sender-1] WARN  org.apache.s4.comm.tcp.TCPEmitter - Could not connect to partition 0, discarding message
20:21:58.267 [remote-sender-4] WARN  org.apache.s4.comm.tcp.TCPEmitter - Could not connect to partition 0, discarding message
20:21:58.307 [remote-sender-0] WARN  org.apache.s4.comm.tcp.TCPEmitter - Could not connect to partition 0, discarding message
20:21:58.307 [remote-sender-2] WARN  org.apache.s4.comm.tcp.TCPEmitter - Could not connect to partition 0, discarding message
20:21:58.347 [remote-sender-3] WARN  org.apache.s4.comm.tcp.TCPEmitter - Could not connect to partition 0, discarding message
20:21:58.347 [remote-sender-1] WARN  org.apache.s4.comm.tcp.TCPEmitter - Could not connect to partition 0, discarding message
20:21:58.387 [remote-sender-4] WARN  org.apache.s4.comm.tcp.TCPEmitter - Could not connect to partition 0, discarding message
20:21:58.387 [remote-sender-0] WARN  org.apache.s4.comm.tcp.TCPEmitter - Could not connect to partition 0, discarding message
20:21:58.427 [remote-sender-3] WARN  org.apache.s4.comm.tcp.TCPEmitter - Could not connect to partition 0, discarding message
20:21:58.427 [remote-sender-2] WARN  org.apache.s4.comm.tcp.TCPEmitter - Could not connect to partition 0, discarding message
20:21:58.467 [remote-sender-1] WARN  org.apache.s4.comm.tcp.TCPEmitter - Could not connect to partition 0, discarding message
20:21:58.467 [remote-sender-4] WARN  org.apache.s4.comm.tcp.TCPEmitter - Could not connect to partition 0, discarding message
20:21:58.507 [remote-sender-0] WARN  org.apache.s4.comm.tcp.TCPEmitter - Could not connect to partition 0, discarding message
20:21:58.507 [remote-sender-3] WARN  org.apache.s4.comm.tcp.TCPEmitter - Could not connect to partition 0, discarding message
20:21:58.547 [remote-sender-2] WARN  org.apache.s4.comm.tcp.TCPEmitter - Could not connect to partition 0, discarding message
20:21:58.547 [remote-sender-1] WARN  org.apache.s4.comm.tcp.TCPEmitter - Could not connect to partition 0, discarding message
20:21:58.587 [remote-sender-4] WARN  org.apache.s4.comm.tcp.TCPEmitter - Could not connect to partition 0, discarding message
20:21:58.588 [remote-sender-0] WARN  org.apache.s4.comm.tcp.TCPEmitter - Could not connect to partition 0, discarding message
20:21:58.627 [remote-sender-3] WARN  org.apache.s4.comm.tcp.TCPEmitter - Could not connect to partition 0, discarding message
20:21:58.628 [remote-sender-2] WARN  org.apache.s4.comm.tcp.TCPEmitter - Could not connect to partition 0, discarding message
20:21:58.668 [remote-sender-1] WARN  org.apache.s4.comm.tcp.TCPEmitter - Could not connect to partition 0, discarding message
20:21:58.668 [remote-sender-4] WARN  org.apache.s4.comm.tcp.TCPEmitter - Could not connect to partition 0, discarding message
20:21:58.708 [remote-sender-0] WARN  org.apache.s4.comm.tcp.TCPEmitter - Could not connect to partition 0, discarding message
20:21:58.708 [remote-sender-3] WARN  org.apache.s4.comm.tcp.TCPEmitter - Could not connect to partition 0, discarding message
20:21:58.748 [remote-sender-1] WARN  org.apache.s4.comm.tcp.TCPEmitter - Could not connect to partition 0, discarding message
20:21:58.748 [remote-sender-2] WARN  org.apache.s4.comm.tcp.TCPEmitter - Could not connect to partition 0, discarding message
20:21:58.788 [remote-sender-4] WARN  org.apache.s4.comm.tcp.TCPEmitter - Could not connect to partition 0, discarding message
20:21:58.788 [remote-sender-0] WARN  org.apache.s4.comm.tcp.TCPEmitter - Could not connect to partition 0, discarding message
20:21:58.828 [remote-sender-3] WARN  org.apache.s4.comm.tcp.TCPEmitter - Could not connect to partition 0, discarding message
20:21:58.828 [remote-sender-1] WARN  org.apache.s4.comm.tcp.TCPEmitter - Could not connect to partition 0, discarding message
20:21:58.868 [remote-sender-4] WARN  org.apache.s4.comm.tcp.TCPEmitter - Could not connect to partition 0, discarding message
20:21:58.868 [remote-sender-2] WARN  org.apache.s4.comm.tcp.TCPEmitter - Could not connect to partition 0, discarding message
20:21:58.908 [remote-sender-0] WARN  org.apache.s4.comm.tcp.TCPEmitter - Could not connect to partition 0, discarding message
20:21:58.908 [remote-sender-3] WARN  org.apache.s4.comm.tcp.TCPEmitter - Could not connect to partition 0, discarding message
20:21:58.948 [remote-sender-4] WARN  org.apache.s4.comm.tcp.TCPEmitter - Could not connect to partition 0, discarding message
20:21:58.949 [remote-sender-1] WARN  org.apache.s4.comm.tcp.TCPEmitter - Could not connect to partition 0, discarding message
20:21:58.988 [remote-sender-0] WARN  org.apache.s4.comm.tcp.TCPEmitter - Could not connect to partition 0, discarding message
20:21:58.988 [remote-sender-2] WARN  org.apache.s4.comm.tcp.TCPEmitter - Could not connect to partition 0, discarding message
20:21:59.028 [remote-sender-3] WARN  org.apache.s4.comm.tcp.TCPEmitter - Could not connect to partition 0, discarding message
20:21:59.029 [remote-sender-4] WARN  org.apache.s4.comm.tcp.TCPEmitter - Could not connect to partition 0, discarding message
20:21:59.068 [remote-sender-1] WARN  org.apache.s4.comm.tcp.TCPEmitter - Could not connect to partition 0, discarding message
20:21:59.069 [remote-sender-0] WARN  org.apache.s4.comm.tcp.TCPEmitter - Could not connect to partition 0, discarding message
20:21:59.109 [remote-sender-2] WARN  org.apache.s4.comm.tcp.TCPEmitter - Could not connect to partition 0, discarding message
20:21:59.109 [remote-sender-3] WARN  org.apache.s4.comm.tcp.TCPEmitter - Could not connect to partition 0, discarding message
20:21:59.149 [remote-sender-1] WARN  org.apache.s4.comm.tcp.TCPEmitter - Could not connect to partition 0, discarding message
20:21:59.149 [remote-sender-4] WARN  org.apache.s4.comm.tcp.TCPEmitter - Could not connect to partition 0, discarding message
20:21:59.189 [remote-sender-0] WARN  org.apache.s4.comm.tcp.TCPEmitter - Could not connect to partition 0, discarding message
20:21:59.189 [remote-sender-2] WARN  org.apache.s4.comm.tcp.TCPEmitter - Could not connect to partition 0, discarding message
20:21:59.229 [remote-sender-3] WARN  org.apache.s4.comm.tcp.TCPEmitter - Could not connect to partition 0, discarding message
20:21:59.229 [remote-sender-1] WARN  org.apache.s4.comm.tcp.TCPEmitter - Could not connect to partition 0, discarding message
20:21:59.269 [remote-sender-4] WARN  org.apache.s4.comm.tcp.TCPEmitter - Could not connect to partition 0, discarding message
20:21:59.269 [remote-sender-0] WARN  org.apache.s4.comm.tcp.TCPEmitter - Could not connect to partition 0, discarding message
20:21:59.309 [remote-sender-2] WARN  org.apache.s4.comm.tcp.TCPEmitter - Could not connect to partition 0, discarding message
20:21:59.309 [remote-sender-3] WARN  org.apache.s4.comm.tcp.TCPEmitter - Could not connect to partition 0, discarding message
20:21:59.349 [remote-sender-1] WARN  org.apache.s4.comm.tcp.TCPEmitter - Could not connect to partition 0, discarding message
20:21:59.350 [remote-sender-4] WARN  org.apache.s4.comm.tcp.TCPEmitter - Could not connect to partition 0, discarding message
20:21:59.389 [remote-sender-0] WARN  org.apache.s4.comm.tcp.TCPEmitter - Could not connect to partition 0, discarding message
20:21:59.390 [remote-sender-2] WARN  org.apache.s4.comm.tcp.TCPEmitter - Could not connect to partition 0, discarding message
20:21:59.429 [remote-sender-3] WARN  org.apache.s4.comm.tcp.TCPEmitter - Could not connect to partition 0, discarding message
20:21:59.430 [remote-sender-1] WARN  org.apache.s4.comm.tcp.TCPEmitter - Could not connect to partition 0, discarding message
20:21:59.470 [remote-sender-4] WARN  org.apache.s4.comm.tcp.TCPEmitter - Could not connect to partition 0, discarding message
20:21:59.470 [remote-sender-0] WARN  org.apache.s4.comm.tcp.TCPEmitter - Could not connect to partition 0, discarding message
20:21:59.510 [remote-sender-2] WARN  org.apache.s4.comm.tcp.TCPEmitter - Could not connect to partition 0, discarding message
20:21:59.510 [remote-sender-3] WARN  org.apache.s4.comm.tcp.TCPEmitter - Could not connect to partition 0, discarding message
20:21:59.550 [remote-sender-4] WARN  org.apache.s4.comm.tcp.TCPEmitter - Could not connect to partition 0, discarding message
20:21:59.550 [remote-sender-1] WARN  org.apache.s4.comm.tcp.TCPEmitter - Could not connect to partition 0, discarding message
20:21:59.590 [remote-sender-0] WARN  org.apache.s4.comm.tcp.TCPEmitter - Could not connect to partition 0, discarding message
20:21:59.590 [remote-sender-2] WARN  org.apache.s4.comm.tcp.TCPEmitter - Could not connect to partition 0, discarding message
20:21:59.630 [remote-sender-3] WARN  org.apache.s4.comm.tcp.TCPEmitter - Could not connect to partition 0, discarding message
20:21:59.630 [remote-sender-4] WARN  org.apache.s4.comm.tcp.TCPEmitter - Could not connect to partition 0, discarding message
20:21:59.670 [remote-sender-1] WARN  org.apache.s4.comm.tcp.TCPEmitter - Could not connect to partition 0, discarding message
20:21:59.670 [remote-sender-0] WARN  org.apache.s4.comm.tcp.TCPEmitter - Could not connect to partition 0, discarding message
20:21:59.710 [remote-sender-2] WARN  org.apache.s4.comm.tcp.TCPEmitter - Could not connect to partition 0, discarding message
20:21:59.710 [remote-sender-3] WARN  org.apache.s4.comm.tcp.TCPEmitter - Could not connect to partition 0, discarding message
20:21:59.750 [remote-sender-1] WARN  org.apache.s4.comm.tcp.TCPEmitter - Could not connect to partition 0, discarding message
20:21:59.751 [remote-sender-4] WARN  org.apache.s4.comm.tcp.TCPEmitter - Could not connect to partition 0, discarding message
20:21:59.790 [remote-sender-2] WARN  org.apache.s4.comm.tcp.TCPEmitter - Could not connect to partition 0, discarding message
20:21:59.791 [remote-sender-0] WARN  org.apache.s4.comm.tcp.TCPEmitter - Could not connect to partition 0, discarding message
20:21:59.831 [remote-sender-3] WARN  org.apache.s4.comm.tcp.TCPEmitter - Could not connect to partition 0, discarding message
20:21:59.831 [remote-sender-1] WARN  org.apache.s4.comm.tcp.TCPEmitter - Could not connect to partition 0, discarding message
20:21:59.871 [remote-sender-4] WARN  org.apache.s4.comm.tcp.TCPEmitter - Could not connect to partition 0, discarding message
20:21:59.871 [remote-sender-2] WARN  org.apache.s4.comm.tcp.TCPEmitter - Could not connect to partition 0, discarding message
20:21:59.911 [remote-sender-0] WARN  org.apache.s4.comm.tcp.TCPEmitter - Could not connect to partition 0, discarding message
20:21:59.911 [remote-sender-3] WARN  org.apache.s4.comm.tcp.TCPEmitter - Could not connect to partition 0, discarding message
20:21:59.951 [remote-sender-4] WARN  org.apache.s4.comm.tcp.TCPEmitter - Could not connect to partition 0, discarding message
20:21:59.951 [remote-sender-1] WARN  org.apache.s4.comm.tcp.TCPEmitter - Could not connect to partition 0, discarding message
20:21:59.991 [remote-sender-0] WARN  org.apache.s4.comm.tcp.TCPEmitter - Could not connect to partition 0, discarding message
20:21:59.991 [remote-sender-2] WARN  org.apache.s4.comm.tcp.TCPEmitter - Could not connect to partition 0, discarding message
20:22:00.008 [ZkClient-EventThread-23-localhost:2181] INFO  o.a.s4.comm.topology.ClusterFromZK - Changing cluster topology to { nbNodes=0,name=unknown,mode=unicast,type=,nodes=[]} from { nbNodes=1,name=cluster1,mode=unicast,type=,nodes=[{partition=0,port=12000,machineName=citiaps1.informatica.usach.cl,taskId=Task-0}]}
