[H[Jcalling referenced s4 script : /alumnos/dwladdimiro/S4/apache-s4-0.6.0/s4
18:48:55.058 [main] INFO  org.apache.s4.tools.DefineCluster - preparing new cluster [cluster2] with [1] node(s)
18:48:55.241 [main] INFO  org.apache.s4.tools.DefineCluster - New cluster configuration uploaded into zookeeper
calling referenced s4 script : /alumnos/dwladdimiro/S4/apache-s4-0.6.0/s4
18:48:55.975 [main] INFO  o.a.s.c.u.ParsingUtils$InlineConfigParameterConverter - processing inline configuration parameter s4.adapter.output.stream=textInput
18:48:56.093 [main] INFO  org.apache.s4.tools.Deploy - No S4R path specified, nor build file specified: this assumes the app is in the classpath
:cp

BUILD SUCCESSFUL

Total time: 3.239 secs
18:49:00.583 [main] INFO  o.a.s.comm.topology.AssignmentFromZK - New session:94390195641909256; state is : SyncConnected
18:49:00.684 [main] INFO  o.a.s.comm.topology.AssignmentFromZK - Successfully acquired task:Task-0 by citiaps1.informatica.usach.cl
18:49:00.699 [S4 platform loader] INFO  org.apache.s4.core.S4Bootstrap - Initializing S4 app with : []]
18:49:00.701 [S4 platform loader] DEBUG org.apache.s4.core.S4Bootstrap - Adding named parameters for injection : s4.adapter.output.stream=textInput,
18:49:00.842 [S4 platform loader] INFO  org.apache.s4.core.S4Bootstrap - Starting S4 app with application class [adapter.Adapter]
18:49:00.880 [S4 platform loader] INFO  o.a.s4.comm.topology.ClusterFromZK - Changing cluster topology to { nbNodes=1,name=cluster2,mode=unicast,type=,nodes=[{partition=0,port=13000,machineName=citiaps1.informatica.usach.cl,taskId=Task-0}]} from null
18:49:00.975 [S4 platform loader] INFO  o.a.s4.comm.topology.ClusterFromZK - Adding topology change listener:org.apache.s4.comm.tcp.TCPEmitter@3bcc5b05
18:49:01.028 [S4 platform loader] INFO  o.a.s.c.s.ThrottlingSenderExecutorServiceFactory - Creating a throttling executor with a pool size of 5 and max rate of 10000 events / s
18:49:01.037 [S4 platform loader] INFO  org.apache.s4.core.util.S4Metrics - Metrics reporting not configured
18:49:01.038 [S4 platform loader] INFO  o.a.s4.comm.topology.ClusterFromZK - Adding topology change listener:org.apache.s4.core.SenderImpl@7ca7e306
18:49:01.083 [S4 platform loader] INFO  o.a.s4.comm.topology.ClustersFromZK - New session:94390195641909256
18:49:01.088 [S4 platform loader] INFO  o.a.s4.comm.topology.ClustersFromZK - Detected new stream [textInput]
18:49:01.099 [S4 platform loader] INFO  o.a.s4.comm.topology.ClustersFromZK - New session:94390195641909256
18:49:01.112 [S4 platform loader] INFO  o.a.s4.comm.topology.ClusterFromZK - Changing cluster topology to { nbNodes=1,name=cluster1,mode=unicast,type=,nodes=[{partition=0,port=12000,machineName=citiaps1.informatica.usach.cl,taskId=Task-0}]} from null
18:49:01.116 [S4 platform loader] INFO  o.a.s4.comm.topology.ClusterFromZK - Changing cluster topology to { nbNodes=1,name=cluster2,mode=unicast,type=,nodes=[{partition=0,port=13000,machineName=citiaps1.informatica.usach.cl,taskId=Task-0}]} from null
18:49:01.118 [S4 platform loader] INFO  org.apache.s4.core.monitor.S4Monitor - Init Monitor
18:49:01.118 [S4 platform loader] INFO  adapter.Adapter - Create Adapter
18:49:01.119 [S4 platform loader] DEBUG o.a.s4.comm.topology.ClustersFromZK - Adding output stream [textInput] in cluster [cluster2]
18:49:01.640 [S4 platform loader] INFO  adapter.Adapter - Init ClockTime
18:49:01.657 [Thread-3] INFO  o.a.s4.comm.topology.ClusterFromZK - Adding topology change listener:org.apache.s4.comm.tcp.TCPRemoteEmitter@7ac1e315
19:03:54.523 [New I/O worker #132] ERROR org.apache.s4.comm.tcp.TCPEmitter - Unexpected exception
java.io.IOException: Conexión reinicializada por la máquina remota
	at sun.nio.ch.FileDispatcherImpl.read0(Native Method) ~[na:1.8.0_45]
	at sun.nio.ch.SocketDispatcher.read(SocketDispatcher.java:39) ~[na:1.8.0_45]
	at sun.nio.ch.IOUtil.readIntoNativeBuffer(IOUtil.java:223) ~[na:1.8.0_45]
	at sun.nio.ch.IOUtil.read(IOUtil.java:192) ~[na:1.8.0_45]
	at sun.nio.ch.SocketChannelImpl.read(SocketChannelImpl.java:380) ~[na:1.8.0_45]
	at org.jboss.netty.channel.socket.nio.NioWorker.read(NioWorker.java:64) [netty-3.9.8.Final.jar:na]
	at org.jboss.netty.channel.socket.nio.AbstractNioWorker.process(AbstractNioWorker.java:108) [netty-3.9.8.Final.jar:na]
	at org.jboss.netty.channel.socket.nio.AbstractNioSelector.run(AbstractNioSelector.java:337) [netty-3.9.8.Final.jar:na]
	at org.jboss.netty.channel.socket.nio.AbstractNioWorker.run(AbstractNioWorker.java:89) [netty-3.9.8.Final.jar:na]
	at org.jboss.netty.channel.socket.nio.NioWorker.run(NioWorker.java:178) [netty-3.9.8.Final.jar:na]
	at org.jboss.netty.util.ThreadRenamingRunnable.run(ThreadRenamingRunnable.java:108) [netty-3.9.8.Final.jar:na]
	at org.jboss.netty.util.internal.DeadLockProofWorker$1.run(DeadLockProofWorker.java:42) [netty-3.9.8.Final.jar:na]
	at java.util.concurrent.ThreadPoolExecutor.runWorker(ThreadPoolExecutor.java:1142) [na:1.8.0_45]
	at java.util.concurrent.ThreadPoolExecutor$Worker.run(ThreadPoolExecutor.java:617) [na:1.8.0_45]
	at java.lang.Thread.run(Thread.java:745) [na:1.8.0_45]
19:03:54.523 [New I/O worker #132] WARN  org.apache.s4.comm.tcp.TCPEmitter - Failed to send message to node {partition=0,port=12000,machineName=citiaps1.informatica.usach.cl,taskId=Task-0} (according to current cluster information)
19:03:54.544 [remote-sender-2] WARN  org.apache.s4.comm.tcp.TCPEmitter - Could not connect to partition 0, discarding message
19:03:54.562 [remote-sender-1] WARN  org.apache.s4.comm.tcp.TCPEmitter - Could not connect to partition 0, discarding message
19:03:54.582 [remote-sender-4] WARN  org.apache.s4.comm.tcp.TCPEmitter - Could not connect to partition 0, discarding message
19:03:54.603 [remote-sender-3] WARN  org.apache.s4.comm.tcp.TCPEmitter - Could not connect to partition 0, discarding message
19:03:54.627 [remote-sender-0] WARN  org.apache.s4.comm.tcp.TCPEmitter - Could not connect to partition 0, discarding message
19:03:54.642 [remote-sender-2] WARN  org.apache.s4.comm.tcp.TCPEmitter - Could not connect to partition 0, discarding message
19:03:54.662 [remote-sender-1] WARN  org.apache.s4.comm.tcp.TCPEmitter - Could not connect to partition 0, discarding message
19:03:54.683 [remote-sender-4] WARN  org.apache.s4.comm.tcp.TCPEmitter - Could not connect to partition 0, discarding message
19:03:54.703 [remote-sender-3] WARN  org.apache.s4.comm.tcp.TCPEmitter - Could not connect to partition 0, discarding message
19:03:54.725 [remote-sender-0] WARN  org.apache.s4.comm.tcp.TCPEmitter - Could not connect to partition 0, discarding message
19:03:54.740 [remote-sender-2] WARN  org.apache.s4.comm.tcp.TCPEmitter - Could not connect to partition 0, discarding message
19:03:54.760 [remote-sender-1] WARN  org.apache.s4.comm.tcp.TCPEmitter - Could not connect to partition 0, discarding message
19:03:54.780 [remote-sender-4] WARN  org.apache.s4.comm.tcp.TCPEmitter - Could not connect to partition 0, discarding message
19:03:54.800 [remote-sender-3] WARN  org.apache.s4.comm.tcp.TCPEmitter - Could not connect to partition 0, discarding message
19:03:54.820 [remote-sender-0] WARN  org.apache.s4.comm.tcp.TCPEmitter - Could not connect to partition 0, discarding message
19:03:54.840 [remote-sender-2] WARN  org.apache.s4.comm.tcp.TCPEmitter - Could not connect to partition 0, discarding message
19:03:54.860 [remote-sender-1] WARN  org.apache.s4.comm.tcp.TCPEmitter - Could not connect to partition 0, discarding message
19:03:54.880 [remote-sender-4] WARN  org.apache.s4.comm.tcp.TCPEmitter - Could not connect to partition 0, discarding message
19:03:54.901 [remote-sender-3] WARN  org.apache.s4.comm.tcp.TCPEmitter - Could not connect to partition 0, discarding message
19:03:54.921 [remote-sender-0] WARN  org.apache.s4.comm.tcp.TCPEmitter - Could not connect to partition 0, discarding message
19:03:54.941 [remote-sender-2] WARN  org.apache.s4.comm.tcp.TCPEmitter - Could not connect to partition 0, discarding message
19:03:54.961 [remote-sender-1] WARN  org.apache.s4.comm.tcp.TCPEmitter - Could not connect to partition 0, discarding message
19:03:54.981 [remote-sender-4] WARN  org.apache.s4.comm.tcp.TCPEmitter - Could not connect to partition 0, discarding message
19:03:55.001 [remote-sender-3] WARN  org.apache.s4.comm.tcp.TCPEmitter - Could not connect to partition 0, discarding message
19:03:55.021 [remote-sender-0] WARN  org.apache.s4.comm.tcp.TCPEmitter - Could not connect to partition 0, discarding message
19:03:55.041 [remote-sender-2] WARN  org.apache.s4.comm.tcp.TCPEmitter - Could not connect to partition 0, discarding message
19:03:55.062 [remote-sender-1] WARN  org.apache.s4.comm.tcp.TCPEmitter - Could not connect to partition 0, discarding message
19:03:55.082 [remote-sender-4] WARN  org.apache.s4.comm.tcp.TCPEmitter - Could not connect to partition 0, discarding message
19:03:55.102 [remote-sender-3] WARN  org.apache.s4.comm.tcp.TCPEmitter - Could not connect to partition 0, discarding message
19:03:55.122 [remote-sender-0] WARN  org.apache.s4.comm.tcp.TCPEmitter - Could not connect to partition 0, discarding message
19:03:55.142 [remote-sender-2] WARN  org.apache.s4.comm.tcp.TCPEmitter - Could not connect to partition 0, discarding message
19:03:55.162 [remote-sender-1] WARN  org.apache.s4.comm.tcp.TCPEmitter - Could not connect to partition 0, discarding message
19:03:55.182 [remote-sender-4] WARN  org.apache.s4.comm.tcp.TCPEmitter - Could not connect to partition 0, discarding message
19:03:55.203 [remote-sender-3] WARN  org.apache.s4.comm.tcp.TCPEmitter - Could not connect to partition 0, discarding message
19:03:55.223 [remote-sender-0] WARN  org.apache.s4.comm.tcp.TCPEmitter - Could not connect to partition 0, discarding message
19:03:55.243 [remote-sender-2] WARN  org.apache.s4.comm.tcp.TCPEmitter - Could not connect to partition 0, discarding message
19:03:55.263 [remote-sender-1] WARN  org.apache.s4.comm.tcp.TCPEmitter - Could not connect to partition 0, discarding message
19:03:55.283 [remote-sender-4] WARN  org.apache.s4.comm.tcp.TCPEmitter - Could not connect to partition 0, discarding message
19:03:55.304 [remote-sender-3] WARN  org.apache.s4.comm.tcp.TCPEmitter - Could not connect to partition 0, discarding message
19:03:55.323 [remote-sender-0] WARN  org.apache.s4.comm.tcp.TCPEmitter - Could not connect to partition 0, discarding message
19:03:55.343 [remote-sender-2] WARN  org.apache.s4.comm.tcp.TCPEmitter - Could not connect to partition 0, discarding message
19:03:55.363 [remote-sender-1] WARN  org.apache.s4.comm.tcp.TCPEmitter - Could not connect to partition 0, discarding message
19:03:55.383 [remote-sender-4] WARN  org.apache.s4.comm.tcp.TCPEmitter - Could not connect to partition 0, discarding message
19:03:55.404 [remote-sender-3] WARN  org.apache.s4.comm.tcp.TCPEmitter - Could not connect to partition 0, discarding message
19:03:55.424 [remote-sender-0] WARN  org.apache.s4.comm.tcp.TCPEmitter - Could not connect to partition 0, discarding message
19:03:55.444 [remote-sender-2] WARN  org.apache.s4.comm.tcp.TCPEmitter - Could not connect to partition 0, discarding message
19:03:55.464 [remote-sender-1] WARN  org.apache.s4.comm.tcp.TCPEmitter - Could not connect to partition 0, discarding message
19:03:55.484 [remote-sender-4] WARN  org.apache.s4.comm.tcp.TCPEmitter - Could not connect to partition 0, discarding message
19:03:55.504 [remote-sender-3] WARN  org.apache.s4.comm.tcp.TCPEmitter - Could not connect to partition 0, discarding message
19:03:55.524 [remote-sender-0] WARN  org.apache.s4.comm.tcp.TCPEmitter - Could not connect to partition 0, discarding message
19:03:55.544 [remote-sender-2] WARN  org.apache.s4.comm.tcp.TCPEmitter - Could not connect to partition 0, discarding message
19:03:55.565 [remote-sender-1] WARN  org.apache.s4.comm.tcp.TCPEmitter - Could not connect to partition 0, discarding message
19:03:55.585 [remote-sender-4] WARN  org.apache.s4.comm.tcp.TCPEmitter - Could not connect to partition 0, discarding message
19:03:55.605 [remote-sender-3] WARN  org.apache.s4.comm.tcp.TCPEmitter - Could not connect to partition 0, discarding message
19:03:55.625 [remote-sender-0] WARN  org.apache.s4.comm.tcp.TCPEmitter - Could not connect to partition 0, discarding message
19:03:55.645 [remote-sender-2] WARN  org.apache.s4.comm.tcp.TCPEmitter - Could not connect to partition 0, discarding message
19:03:55.665 [remote-sender-1] WARN  org.apache.s4.comm.tcp.TCPEmitter - Could not connect to partition 0, discarding message
19:03:55.685 [remote-sender-4] WARN  org.apache.s4.comm.tcp.TCPEmitter - Could not connect to partition 0, discarding message
19:03:55.705 [remote-sender-3] WARN  org.apache.s4.comm.tcp.TCPEmitter - Could not connect to partition 0, discarding message
19:03:55.726 [remote-sender-0] WARN  org.apache.s4.comm.tcp.TCPEmitter - Could not connect to partition 0, discarding message
19:03:55.746 [remote-sender-2] WARN  org.apache.s4.comm.tcp.TCPEmitter - Could not connect to partition 0, discarding message
19:03:55.766 [remote-sender-1] WARN  org.apache.s4.comm.tcp.TCPEmitter - Could not connect to partition 0, discarding message
19:03:55.786 [remote-sender-4] WARN  org.apache.s4.comm.tcp.TCPEmitter - Could not connect to partition 0, discarding message
19:03:55.806 [remote-sender-3] WARN  org.apache.s4.comm.tcp.TCPEmitter - Could not connect to partition 0, discarding message
19:03:55.826 [remote-sender-0] WARN  org.apache.s4.comm.tcp.TCPEmitter - Could not connect to partition 0, discarding message
19:03:55.846 [remote-sender-2] WARN  org.apache.s4.comm.tcp.TCPEmitter - Could not connect to partition 0, discarding message
19:03:55.866 [remote-sender-1] WARN  org.apache.s4.comm.tcp.TCPEmitter - Could not connect to partition 0, discarding message
19:03:55.886 [remote-sender-4] WARN  org.apache.s4.comm.tcp.TCPEmitter - Could not connect to partition 0, discarding message
19:03:55.906 [remote-sender-3] WARN  org.apache.s4.comm.tcp.TCPEmitter - Could not connect to partition 0, discarding message
19:03:55.927 [remote-sender-0] WARN  org.apache.s4.comm.tcp.TCPEmitter - Could not connect to partition 0, discarding message
19:03:55.947 [remote-sender-2] WARN  org.apache.s4.comm.tcp.TCPEmitter - Could not connect to partition 0, discarding message
19:03:55.967 [remote-sender-1] WARN  org.apache.s4.comm.tcp.TCPEmitter - Could not connect to partition 0, discarding message
19:03:55.987 [remote-sender-4] WARN  org.apache.s4.comm.tcp.TCPEmitter - Could not connect to partition 0, discarding message
19:03:56.007 [remote-sender-3] WARN  org.apache.s4.comm.tcp.TCPEmitter - Could not connect to partition 0, discarding message
19:03:56.027 [remote-sender-0] WARN  org.apache.s4.comm.tcp.TCPEmitter - Could not connect to partition 0, discarding message
19:03:56.047 [remote-sender-2] WARN  org.apache.s4.comm.tcp.TCPEmitter - Could not connect to partition 0, discarding message
19:03:56.067 [remote-sender-1] WARN  org.apache.s4.comm.tcp.TCPEmitter - Could not connect to partition 0, discarding message
19:03:56.088 [remote-sender-4] WARN  org.apache.s4.comm.tcp.TCPEmitter - Could not connect to partition 0, discarding message
19:03:56.108 [remote-sender-3] WARN  org.apache.s4.comm.tcp.TCPEmitter - Could not connect to partition 0, discarding message
19:03:56.128 [remote-sender-0] WARN  org.apache.s4.comm.tcp.TCPEmitter - Could not connect to partition 0, discarding message
19:03:56.148 [remote-sender-2] WARN  org.apache.s4.comm.tcp.TCPEmitter - Could not connect to partition 0, discarding message
19:03:56.168 [remote-sender-1] WARN  org.apache.s4.comm.tcp.TCPEmitter - Could not connect to partition 0, discarding message
19:03:56.188 [remote-sender-4] WARN  org.apache.s4.comm.tcp.TCPEmitter - Could not connect to partition 0, discarding message
19:03:56.208 [remote-sender-3] WARN  org.apache.s4.comm.tcp.TCPEmitter - Could not connect to partition 0, discarding message
19:03:56.228 [remote-sender-0] WARN  org.apache.s4.comm.tcp.TCPEmitter - Could not connect to partition 0, discarding message
19:03:56.249 [remote-sender-2] WARN  org.apache.s4.comm.tcp.TCPEmitter - Could not connect to partition 0, discarding message
19:03:56.269 [remote-sender-1] WARN  org.apache.s4.comm.tcp.TCPEmitter - Could not connect to partition 0, discarding message
19:03:56.289 [remote-sender-4] WARN  org.apache.s4.comm.tcp.TCPEmitter - Could not connect to partition 0, discarding message
19:03:56.309 [remote-sender-3] WARN  org.apache.s4.comm.tcp.TCPEmitter - Could not connect to partition 0, discarding message
19:03:56.329 [remote-sender-0] WARN  org.apache.s4.comm.tcp.TCPEmitter - Could not connect to partition 0, discarding message
19:03:56.349 [remote-sender-2] WARN  org.apache.s4.comm.tcp.TCPEmitter - Could not connect to partition 0, discarding message
19:03:56.369 [remote-sender-1] WARN  org.apache.s4.comm.tcp.TCPEmitter - Could not connect to partition 0, discarding message
19:03:56.389 [remote-sender-4] WARN  org.apache.s4.comm.tcp.TCPEmitter - Could not connect to partition 0, discarding message
19:03:56.409 [remote-sender-3] WARN  org.apache.s4.comm.tcp.TCPEmitter - Could not connect to partition 0, discarding message
19:03:56.430 [remote-sender-0] WARN  org.apache.s4.comm.tcp.TCPEmitter - Could not connect to partition 0, discarding message
19:03:56.450 [remote-sender-2] WARN  org.apache.s4.comm.tcp.TCPEmitter - Could not connect to partition 0, discarding message
19:03:56.470 [remote-sender-1] WARN  org.apache.s4.comm.tcp.TCPEmitter - Could not connect to partition 0, discarding message
19:03:56.490 [remote-sender-4] WARN  org.apache.s4.comm.tcp.TCPEmitter - Could not connect to partition 0, discarding message
19:03:56.510 [remote-sender-3] WARN  org.apache.s4.comm.tcp.TCPEmitter - Could not connect to partition 0, discarding message
19:03:56.530 [remote-sender-0] WARN  org.apache.s4.comm.tcp.TCPEmitter - Could not connect to partition 0, discarding message
19:03:56.550 [remote-sender-2] WARN  org.apache.s4.comm.tcp.TCPEmitter - Could not connect to partition 0, discarding message
19:03:56.570 [remote-sender-1] WARN  org.apache.s4.comm.tcp.TCPEmitter - Could not connect to partition 0, discarding message
19:03:56.590 [remote-sender-4] WARN  org.apache.s4.comm.tcp.TCPEmitter - Could not connect to partition 0, discarding message
19:03:56.611 [remote-sender-3] WARN  org.apache.s4.comm.tcp.TCPEmitter - Could not connect to partition 0, discarding message
19:03:56.631 [remote-sender-0] WARN  org.apache.s4.comm.tcp.TCPEmitter - Could not connect to partition 0, discarding message
19:03:56.651 [remote-sender-2] WARN  org.apache.s4.comm.tcp.TCPEmitter - Could not connect to partition 0, discarding message
19:03:56.671 [remote-sender-1] WARN  org.apache.s4.comm.tcp.TCPEmitter - Could not connect to partition 0, discarding message
19:03:56.691 [remote-sender-4] WARN  org.apache.s4.comm.tcp.TCPEmitter - Could not connect to partition 0, discarding message
19:03:56.711 [remote-sender-3] WARN  org.apache.s4.comm.tcp.TCPEmitter - Could not connect to partition 0, discarding message
19:03:56.731 [remote-sender-0] WARN  org.apache.s4.comm.tcp.TCPEmitter - Could not connect to partition 0, discarding message
19:03:56.751 [remote-sender-2] WARN  org.apache.s4.comm.tcp.TCPEmitter - Could not connect to partition 0, discarding message
19:03:56.771 [remote-sender-1] WARN  org.apache.s4.comm.tcp.TCPEmitter - Could not connect to partition 0, discarding message
19:03:56.792 [remote-sender-4] WARN  org.apache.s4.comm.tcp.TCPEmitter - Could not connect to partition 0, discarding message
19:03:56.812 [remote-sender-3] WARN  org.apache.s4.comm.tcp.TCPEmitter - Could not connect to partition 0, discarding message
19:03:56.832 [remote-sender-0] WARN  org.apache.s4.comm.tcp.TCPEmitter - Could not connect to partition 0, discarding message
19:03:56.852 [remote-sender-2] WARN  org.apache.s4.comm.tcp.TCPEmitter - Could not connect to partition 0, discarding message
19:03:56.872 [remote-sender-1] WARN  org.apache.s4.comm.tcp.TCPEmitter - Could not connect to partition 0, discarding message
19:03:56.892 [remote-sender-4] WARN  org.apache.s4.comm.tcp.TCPEmitter - Could not connect to partition 0, discarding message
19:03:56.912 [remote-sender-3] WARN  org.apache.s4.comm.tcp.TCPEmitter - Could not connect to partition 0, discarding message
19:03:56.932 [remote-sender-0] WARN  org.apache.s4.comm.tcp.TCPEmitter - Could not connect to partition 0, discarding message
19:03:56.952 [remote-sender-2] WARN  org.apache.s4.comm.tcp.TCPEmitter - Could not connect to partition 0, discarding message
19:03:56.973 [remote-sender-1] WARN  org.apache.s4.comm.tcp.TCPEmitter - Could not connect to partition 0, discarding message
19:03:56.993 [remote-sender-4] WARN  org.apache.s4.comm.tcp.TCPEmitter - Could not connect to partition 0, discarding message
19:03:57.013 [remote-sender-3] WARN  org.apache.s4.comm.tcp.TCPEmitter - Could not connect to partition 0, discarding message
19:03:57.033 [remote-sender-0] WARN  org.apache.s4.comm.tcp.TCPEmitter - Could not connect to partition 0, discarding message
19:03:57.053 [remote-sender-2] WARN  org.apache.s4.comm.tcp.TCPEmitter - Could not connect to partition 0, discarding message
19:03:57.073 [remote-sender-1] WARN  org.apache.s4.comm.tcp.TCPEmitter - Could not connect to partition 0, discarding message
19:03:57.093 [remote-sender-4] WARN  org.apache.s4.comm.tcp.TCPEmitter - Could not connect to partition 0, discarding message
19:03:57.114 [remote-sender-3] WARN  org.apache.s4.comm.tcp.TCPEmitter - Could not connect to partition 0, discarding message
19:03:57.134 [remote-sender-0] WARN  org.apache.s4.comm.tcp.TCPEmitter - Could not connect to partition 0, discarding message
19:03:57.154 [remote-sender-2] WARN  org.apache.s4.comm.tcp.TCPEmitter - Could not connect to partition 0, discarding message
19:03:57.174 [remote-sender-1] WARN  org.apache.s4.comm.tcp.TCPEmitter - Could not connect to partition 0, discarding message
19:03:57.194 [remote-sender-4] WARN  org.apache.s4.comm.tcp.TCPEmitter - Could not connect to partition 0, discarding message
19:03:57.214 [remote-sender-3] WARN  org.apache.s4.comm.tcp.TCPEmitter - Could not connect to partition 0, discarding message
19:03:57.234 [remote-sender-0] WARN  org.apache.s4.comm.tcp.TCPEmitter - Could not connect to partition 0, discarding message
19:03:57.254 [remote-sender-2] WARN  org.apache.s4.comm.tcp.TCPEmitter - Could not connect to partition 0, discarding message
19:03:57.274 [remote-sender-1] WARN  org.apache.s4.comm.tcp.TCPEmitter - Could not connect to partition 0, discarding message
19:03:57.294 [remote-sender-4] WARN  org.apache.s4.comm.tcp.TCPEmitter - Could not connect to partition 0, discarding message
19:03:57.315 [remote-sender-3] WARN  org.apache.s4.comm.tcp.TCPEmitter - Could not connect to partition 0, discarding message
19:03:57.335 [remote-sender-0] WARN  org.apache.s4.comm.tcp.TCPEmitter - Could not connect to partition 0, discarding message
19:03:57.355 [remote-sender-2] WARN  org.apache.s4.comm.tcp.TCPEmitter - Could not connect to partition 0, discarding message
19:03:57.375 [remote-sender-1] WARN  org.apache.s4.comm.tcp.TCPEmitter - Could not connect to partition 0, discarding message
19:03:57.395 [remote-sender-4] WARN  org.apache.s4.comm.tcp.TCPEmitter - Could not connect to partition 0, discarding message
19:03:57.415 [remote-sender-3] WARN  org.apache.s4.comm.tcp.TCPEmitter - Could not connect to partition 0, discarding message
19:03:57.435 [remote-sender-0] WARN  org.apache.s4.comm.tcp.TCPEmitter - Could not connect to partition 0, discarding message
19:03:57.455 [remote-sender-2] WARN  org.apache.s4.comm.tcp.TCPEmitter - Could not connect to partition 0, discarding message
19:03:57.475 [remote-sender-1] WARN  org.apache.s4.comm.tcp.TCPEmitter - Could not connect to partition 0, discarding message
19:03:57.495 [remote-sender-4] WARN  org.apache.s4.comm.tcp.TCPEmitter - Could not connect to partition 0, discarding message
19:03:57.516 [remote-sender-3] WARN  org.apache.s4.comm.tcp.TCPEmitter - Could not connect to partition 0, discarding message
19:03:57.535 [remote-sender-0] WARN  org.apache.s4.comm.tcp.TCPEmitter - Could not connect to partition 0, discarding message
19:03:57.556 [remote-sender-2] WARN  org.apache.s4.comm.tcp.TCPEmitter - Could not connect to partition 0, discarding message
19:03:57.576 [remote-sender-1] WARN  org.apache.s4.comm.tcp.TCPEmitter - Could not connect to partition 0, discarding message
19:03:57.596 [remote-sender-4] WARN  org.apache.s4.comm.tcp.TCPEmitter - Could not connect to partition 0, discarding message
19:03:57.616 [remote-sender-3] WARN  org.apache.s4.comm.tcp.TCPEmitter - Could not connect to partition 0, discarding message
19:03:57.636 [remote-sender-0] WARN  org.apache.s4.comm.tcp.TCPEmitter - Could not connect to partition 0, discarding message
19:03:57.656 [remote-sender-2] WARN  org.apache.s4.comm.tcp.TCPEmitter - Could not connect to partition 0, discarding message
19:03:57.676 [remote-sender-1] WARN  org.apache.s4.comm.tcp.TCPEmitter - Could not connect to partition 0, discarding message
19:03:57.697 [remote-sender-4] WARN  org.apache.s4.comm.tcp.TCPEmitter - Could not connect to partition 0, discarding message
19:03:57.717 [remote-sender-3] WARN  org.apache.s4.comm.tcp.TCPEmitter - Could not connect to partition 0, discarding message
19:03:57.737 [remote-sender-0] WARN  org.apache.s4.comm.tcp.TCPEmitter - Could not connect to partition 0, discarding message
19:03:57.757 [remote-sender-2] WARN  org.apache.s4.comm.tcp.TCPEmitter - Could not connect to partition 0, discarding message
19:03:57.777 [remote-sender-1] WARN  org.apache.s4.comm.tcp.TCPEmitter - Could not connect to partition 0, discarding message
19:03:57.797 [remote-sender-4] WARN  org.apache.s4.comm.tcp.TCPEmitter - Could not connect to partition 0, discarding message
19:03:57.817 [remote-sender-3] WARN  org.apache.s4.comm.tcp.TCPEmitter - Could not connect to partition 0, discarding message
19:03:57.837 [remote-sender-0] WARN  org.apache.s4.comm.tcp.TCPEmitter - Could not connect to partition 0, discarding message
19:03:57.858 [remote-sender-2] WARN  org.apache.s4.comm.tcp.TCPEmitter - Could not connect to partition 0, discarding message
19:03:57.878 [remote-sender-1] WARN  org.apache.s4.comm.tcp.TCPEmitter - Could not connect to partition 0, discarding message
19:03:57.898 [remote-sender-4] WARN  org.apache.s4.comm.tcp.TCPEmitter - Could not connect to partition 0, discarding message
19:03:57.918 [remote-sender-3] WARN  org.apache.s4.comm.tcp.TCPEmitter - Could not connect to partition 0, discarding message
19:03:57.938 [remote-sender-0] WARN  org.apache.s4.comm.tcp.TCPEmitter - Could not connect to partition 0, discarding message
19:03:57.958 [remote-sender-2] WARN  org.apache.s4.comm.tcp.TCPEmitter - Could not connect to partition 0, discarding message
19:03:57.978 [remote-sender-1] WARN  org.apache.s4.comm.tcp.TCPEmitter - Could not connect to partition 0, discarding message
19:03:57.998 [remote-sender-4] WARN  org.apache.s4.comm.tcp.TCPEmitter - Could not connect to partition 0, discarding message
19:03:58.018 [remote-sender-3] WARN  org.apache.s4.comm.tcp.TCPEmitter - Could not connect to partition 0, discarding message
19:03:58.038 [remote-sender-0] WARN  org.apache.s4.comm.tcp.TCPEmitter - Could not connect to partition 0, discarding message
19:03:58.059 [remote-sender-2] WARN  org.apache.s4.comm.tcp.TCPEmitter - Could not connect to partition 0, discarding message
19:03:58.079 [remote-sender-1] WARN  org.apache.s4.comm.tcp.TCPEmitter - Could not connect to partition 0, discarding message
19:03:58.099 [remote-sender-4] WARN  org.apache.s4.comm.tcp.TCPEmitter - Could not connect to partition 0, discarding message
19:03:58.119 [remote-sender-3] WARN  org.apache.s4.comm.tcp.TCPEmitter - Could not connect to partition 0, discarding message
19:03:58.139 [remote-sender-0] WARN  org.apache.s4.comm.tcp.TCPEmitter - Could not connect to partition 0, discarding message
19:03:58.159 [remote-sender-2] WARN  org.apache.s4.comm.tcp.TCPEmitter - Could not connect to partition 0, discarding message
19:03:58.179 [remote-sender-1] WARN  org.apache.s4.comm.tcp.TCPEmitter - Could not connect to partition 0, discarding message
19:03:58.199 [remote-sender-4] WARN  org.apache.s4.comm.tcp.TCPEmitter - Could not connect to partition 0, discarding message
19:03:58.220 [remote-sender-3] WARN  org.apache.s4.comm.tcp.TCPEmitter - Could not connect to partition 0, discarding message
19:03:58.239 [remote-sender-0] WARN  org.apache.s4.comm.tcp.TCPEmitter - Could not connect to partition 0, discarding message
19:03:58.260 [remote-sender-2] WARN  org.apache.s4.comm.tcp.TCPEmitter - Could not connect to partition 0, discarding message
19:03:58.280 [remote-sender-1] WARN  org.apache.s4.comm.tcp.TCPEmitter - Could not connect to partition 0, discarding message
19:03:58.300 [remote-sender-4] WARN  org.apache.s4.comm.tcp.TCPEmitter - Could not connect to partition 0, discarding message
19:03:58.320 [remote-sender-3] WARN  org.apache.s4.comm.tcp.TCPEmitter - Could not connect to partition 0, discarding message
19:03:58.340 [remote-sender-0] WARN  org.apache.s4.comm.tcp.TCPEmitter - Could not connect to partition 0, discarding message
19:03:58.360 [remote-sender-2] WARN  org.apache.s4.comm.tcp.TCPEmitter - Could not connect to partition 0, discarding message
19:03:58.380 [remote-sender-1] WARN  org.apache.s4.comm.tcp.TCPEmitter - Could not connect to partition 0, discarding message
19:03:58.401 [remote-sender-4] WARN  org.apache.s4.comm.tcp.TCPEmitter - Could not connect to partition 0, discarding message
19:03:58.421 [remote-sender-3] WARN  org.apache.s4.comm.tcp.TCPEmitter - Could not connect to partition 0, discarding message
19:03:58.441 [remote-sender-0] WARN  org.apache.s4.comm.tcp.TCPEmitter - Could not connect to partition 0, discarding message
19:03:58.461 [remote-sender-2] WARN  org.apache.s4.comm.tcp.TCPEmitter - Could not connect to partition 0, discarding message
19:03:58.481 [remote-sender-1] WARN  org.apache.s4.comm.tcp.TCPEmitter - Could not connect to partition 0, discarding message
19:03:58.501 [remote-sender-4] WARN  org.apache.s4.comm.tcp.TCPEmitter - Could not connect to partition 0, discarding message
19:03:58.521 [remote-sender-3] WARN  org.apache.s4.comm.tcp.TCPEmitter - Could not connect to partition 0, discarding message
19:03:58.541 [remote-sender-0] WARN  org.apache.s4.comm.tcp.TCPEmitter - Could not connect to partition 0, discarding message
19:03:58.562 [remote-sender-2] WARN  org.apache.s4.comm.tcp.TCPEmitter - Could not connect to partition 0, discarding message
19:03:58.582 [remote-sender-1] WARN  org.apache.s4.comm.tcp.TCPEmitter - Could not connect to partition 0, discarding message
19:03:58.602 [remote-sender-4] WARN  org.apache.s4.comm.tcp.TCPEmitter - Could not connect to partition 0, discarding message
19:03:58.622 [remote-sender-3] WARN  org.apache.s4.comm.tcp.TCPEmitter - Could not connect to partition 0, discarding message
19:03:58.642 [remote-sender-0] WARN  org.apache.s4.comm.tcp.TCPEmitter - Could not connect to partition 0, discarding message
19:03:58.662 [remote-sender-2] WARN  org.apache.s4.comm.tcp.TCPEmitter - Could not connect to partition 0, discarding message
19:03:58.682 [remote-sender-1] WARN  org.apache.s4.comm.tcp.TCPEmitter - Could not connect to partition 0, discarding message
19:03:58.702 [remote-sender-4] WARN  org.apache.s4.comm.tcp.TCPEmitter - Could not connect to partition 0, discarding message
19:03:58.723 [remote-sender-3] WARN  org.apache.s4.comm.tcp.TCPEmitter - Could not connect to partition 0, discarding message
19:03:58.742 [remote-sender-0] WARN  org.apache.s4.comm.tcp.TCPEmitter - Could not connect to partition 0, discarding message
19:03:58.763 [remote-sender-2] WARN  org.apache.s4.comm.tcp.TCPEmitter - Could not connect to partition 0, discarding message
19:03:58.783 [remote-sender-1] WARN  org.apache.s4.comm.tcp.TCPEmitter - Could not connect to partition 0, discarding message
19:03:58.803 [remote-sender-4] WARN  org.apache.s4.comm.tcp.TCPEmitter - Could not connect to partition 0, discarding message
19:03:58.823 [remote-sender-3] WARN  org.apache.s4.comm.tcp.TCPEmitter - Could not connect to partition 0, discarding message
19:03:58.843 [remote-sender-0] WARN  org.apache.s4.comm.tcp.TCPEmitter - Could not connect to partition 0, discarding message
19:03:58.863 [remote-sender-2] WARN  org.apache.s4.comm.tcp.TCPEmitter - Could not connect to partition 0, discarding message
19:03:58.883 [remote-sender-1] WARN  org.apache.s4.comm.tcp.TCPEmitter - Could not connect to partition 0, discarding message
19:03:58.904 [remote-sender-4] WARN  org.apache.s4.comm.tcp.TCPEmitter - Could not connect to partition 0, discarding message
19:03:58.924 [remote-sender-3] WARN  org.apache.s4.comm.tcp.TCPEmitter - Could not connect to partition 0, discarding message
19:03:58.944 [remote-sender-0] WARN  org.apache.s4.comm.tcp.TCPEmitter - Could not connect to partition 0, discarding message
19:03:58.964 [remote-sender-2] WARN  org.apache.s4.comm.tcp.TCPEmitter - Could not connect to partition 0, discarding message
19:03:58.984 [remote-sender-1] WARN  org.apache.s4.comm.tcp.TCPEmitter - Could not connect to partition 0, discarding message
19:03:59.004 [remote-sender-4] WARN  org.apache.s4.comm.tcp.TCPEmitter - Could not connect to partition 0, discarding message
19:03:59.024 [remote-sender-3] WARN  org.apache.s4.comm.tcp.TCPEmitter - Could not connect to partition 0, discarding message
19:03:59.044 [remote-sender-0] WARN  org.apache.s4.comm.tcp.TCPEmitter - Could not connect to partition 0, discarding message
19:03:59.065 [remote-sender-2] WARN  org.apache.s4.comm.tcp.TCPEmitter - Could not connect to partition 0, discarding message
19:03:59.085 [remote-sender-1] WARN  org.apache.s4.comm.tcp.TCPEmitter - Could not connect to partition 0, discarding message
19:03:59.105 [remote-sender-4] WARN  org.apache.s4.comm.tcp.TCPEmitter - Could not connect to partition 0, discarding message
19:03:59.125 [remote-sender-3] WARN  org.apache.s4.comm.tcp.TCPEmitter - Could not connect to partition 0, discarding message
19:03:59.145 [remote-sender-0] WARN  org.apache.s4.comm.tcp.TCPEmitter - Could not connect to partition 0, discarding message
19:03:59.166 [remote-sender-2] WARN  org.apache.s4.comm.tcp.TCPEmitter - Could not connect to partition 0, discarding message
19:03:59.185 [remote-sender-1] WARN  org.apache.s4.comm.tcp.TCPEmitter - Could not connect to partition 0, discarding message
19:03:59.205 [remote-sender-4] WARN  org.apache.s4.comm.tcp.TCPEmitter - Could not connect to partition 0, discarding message
19:03:59.226 [remote-sender-3] WARN  org.apache.s4.comm.tcp.TCPEmitter - Could not connect to partition 0, discarding message
19:03:59.246 [remote-sender-0] WARN  org.apache.s4.comm.tcp.TCPEmitter - Could not connect to partition 0, discarding message
19:03:59.266 [remote-sender-2] WARN  org.apache.s4.comm.tcp.TCPEmitter - Could not connect to partition 0, discarding message
19:03:59.286 [remote-sender-1] WARN  org.apache.s4.comm.tcp.TCPEmitter - Could not connect to partition 0, discarding message
19:03:59.306 [remote-sender-4] WARN  org.apache.s4.comm.tcp.TCPEmitter - Could not connect to partition 0, discarding message
19:03:59.326 [remote-sender-3] WARN  org.apache.s4.comm.tcp.TCPEmitter - Could not connect to partition 0, discarding message
19:03:59.346 [remote-sender-0] WARN  org.apache.s4.comm.tcp.TCPEmitter - Could not connect to partition 0, discarding message
19:03:59.366 [remote-sender-2] WARN  org.apache.s4.comm.tcp.TCPEmitter - Could not connect to partition 0, discarding message
19:03:59.386 [remote-sender-1] WARN  org.apache.s4.comm.tcp.TCPEmitter - Could not connect to partition 0, discarding message
19:03:59.407 [remote-sender-4] WARN  org.apache.s4.comm.tcp.TCPEmitter - Could not connect to partition 0, discarding message
19:03:59.427 [remote-sender-3] WARN  org.apache.s4.comm.tcp.TCPEmitter - Could not connect to partition 0, discarding message
19:03:59.447 [remote-sender-0] WARN  org.apache.s4.comm.tcp.TCPEmitter - Could not connect to partition 0, discarding message
19:03:59.467 [remote-sender-2] WARN  org.apache.s4.comm.tcp.TCPEmitter - Could not connect to partition 0, discarding message
19:03:59.487 [remote-sender-1] WARN  org.apache.s4.comm.tcp.TCPEmitter - Could not connect to partition 0, discarding message
19:03:59.507 [remote-sender-4] WARN  org.apache.s4.comm.tcp.TCPEmitter - Could not connect to partition 0, discarding message
19:03:59.527 [remote-sender-3] WARN  org.apache.s4.comm.tcp.TCPEmitter - Could not connect to partition 0, discarding message
19:03:59.548 [remote-sender-0] WARN  org.apache.s4.comm.tcp.TCPEmitter - Could not connect to partition 0, discarding message
19:03:59.567 [remote-sender-2] WARN  org.apache.s4.comm.tcp.TCPEmitter - Could not connect to partition 0, discarding message
19:03:59.588 [remote-sender-1] WARN  org.apache.s4.comm.tcp.TCPEmitter - Could not connect to partition 0, discarding message
19:03:59.608 [remote-sender-4] WARN  org.apache.s4.comm.tcp.TCPEmitter - Could not connect to partition 0, discarding message
19:03:59.628 [remote-sender-3] WARN  org.apache.s4.comm.tcp.TCPEmitter - Could not connect to partition 0, discarding message
19:03:59.648 [remote-sender-0] WARN  org.apache.s4.comm.tcp.TCPEmitter - Could not connect to partition 0, discarding message
19:03:59.668 [remote-sender-2] WARN  org.apache.s4.comm.tcp.TCPEmitter - Could not connect to partition 0, discarding message
19:03:59.688 [remote-sender-1] WARN  org.apache.s4.comm.tcp.TCPEmitter - Could not connect to partition 0, discarding message
19:03:59.708 [remote-sender-4] WARN  org.apache.s4.comm.tcp.TCPEmitter - Could not connect to partition 0, discarding message
19:03:59.728 [remote-sender-3] WARN  org.apache.s4.comm.tcp.TCPEmitter - Could not connect to partition 0, discarding message
19:03:59.748 [remote-sender-0] WARN  org.apache.s4.comm.tcp.TCPEmitter - Could not connect to partition 0, discarding message
19:03:59.768 [remote-sender-2] WARN  org.apache.s4.comm.tcp.TCPEmitter - Could not connect to partition 0, discarding message
19:03:59.789 [remote-sender-1] WARN  org.apache.s4.comm.tcp.TCPEmitter - Could not connect to partition 0, discarding message
19:03:59.809 [remote-sender-4] WARN  org.apache.s4.comm.tcp.TCPEmitter - Could not connect to partition 0, discarding message
19:03:59.829 [remote-sender-3] WARN  org.apache.s4.comm.tcp.TCPEmitter - Could not connect to partition 0, discarding message
19:03:59.849 [remote-sender-0] WARN  org.apache.s4.comm.tcp.TCPEmitter - Could not connect to partition 0, discarding message
19:03:59.869 [remote-sender-2] WARN  org.apache.s4.comm.tcp.TCPEmitter - Could not connect to partition 0, discarding message
19:03:59.889 [remote-sender-1] WARN  org.apache.s4.comm.tcp.TCPEmitter - Could not connect to partition 0, discarding message
19:03:59.909 [remote-sender-4] WARN  org.apache.s4.comm.tcp.TCPEmitter - Could not connect to partition 0, discarding message
19:03:59.930 [remote-sender-3] WARN  org.apache.s4.comm.tcp.TCPEmitter - Could not connect to partition 0, discarding message
19:03:59.949 [remote-sender-0] WARN  org.apache.s4.comm.tcp.TCPEmitter - Could not connect to partition 0, discarding message
19:03:59.970 [remote-sender-2] WARN  org.apache.s4.comm.tcp.TCPEmitter - Could not connect to partition 0, discarding message
19:03:59.990 [remote-sender-1] WARN  org.apache.s4.comm.tcp.TCPEmitter - Could not connect to partition 0, discarding message
19:04:00.010 [remote-sender-4] WARN  org.apache.s4.comm.tcp.TCPEmitter - Could not connect to partition 0, discarding message
19:04:00.030 [remote-sender-3] WARN  org.apache.s4.comm.tcp.TCPEmitter - Could not connect to partition 0, discarding message
19:04:00.050 [remote-sender-0] WARN  org.apache.s4.comm.tcp.TCPEmitter - Could not connect to partition 0, discarding message
19:04:00.070 [remote-sender-2] WARN  org.apache.s4.comm.tcp.TCPEmitter - Could not connect to partition 0, discarding message
19:04:00.090 [remote-sender-1] WARN  org.apache.s4.comm.tcp.TCPEmitter - Could not connect to partition 0, discarding message
19:04:00.110 [remote-sender-4] WARN  org.apache.s4.comm.tcp.TCPEmitter - Could not connect to partition 0, discarding message
