[H[Jcalling referenced s4 script : /alumnos/dwladdimiro/S4/apache-s4-0.6.0/s4
18:48:50.975 [main] DEBUG org.gradle.tooling.GradleConnector - Connecting from tooling API consumer version 1.4
18:48:51.004 [main] INFO  org.apache.s4.tools.Deploy - [-stacktrace, -PappClass=topology.Topology, -PappName=monitorS4]
18:48:51.038 [Connection worker] DEBUG o.g.t.i.c.l.DefaultToolingImplementationLoader - Using tooling provider from Gradle distribution 'http://services.gradle.org/distributions/gradle-1.4-bin.zip'
18:48:51.038 [Connection worker] DEBUG o.g.t.i.c.l.DefaultToolingImplementationLoader - Using tooling provider classpath: [/alumnos/dwladdimiro/.gradle/wrapper/dists/gradle-1.4-bin/47n6g3pbi5plc7n8fn58nkinje/gradle-1.4/lib/ant-1.8.4.jar, /alumnos/dwladdimiro/.gradle/wrapper/dists/gradle-1.4-bin/47n6g3pbi5plc7n8fn58nkinje/gradle-1.4/lib/asm-all-4.0.jar, /alumnos/dwladdimiro/.gradle/wrapper/dists/gradle-1.4-bin/47n6g3pbi5plc7n8fn58nkinje/gradle-1.4/lib/gradle-core-1.4.jar, /alumnos/dwladdimiro/.gradle/wrapper/dists/gradle-1.4-bin/47n6g3pbi5plc7n8fn58nkinje/gradle-1.4/lib/gradle-launcher-1.4.jar, /alumnos/dwladdimiro/.gradle/wrapper/dists/gradle-1.4-bin/47n6g3pbi5plc7n8fn58nkinje/gradle-1.4/lib/jcip-annotations-1.0.jar, /alumnos/dwladdimiro/.gradle/wrapper/dists/gradle-1.4-bin/47n6g3pbi5plc7n8fn58nkinje/gradle-1.4/lib/native-platform-0.2.jar, /alumnos/dwladdimiro/.gradle/wrapper/dists/gradle-1.4-bin/47n6g3pbi5plc7n8fn58nkinje/gradle-1.4/lib/native-platform-windows-amd64-0.2.jar, /alumnos/dwladdimiro/.gradle/wrapper/dists/gradle-1.4-bin/47n6g3pbi5plc7n8fn58nkinje/gradle-1.4/lib/reflectasm-1.07-shaded.jar, /alumnos/dwladdimiro/.gradle/wrapper/dists/gradle-1.4-bin/47n6g3pbi5plc7n8fn58nkinje/gradle-1.4/lib/gradle-cli-1.4.jar, /alumnos/dwladdimiro/.gradle/wrapper/dists/gradle-1.4-bin/47n6g3pbi5plc7n8fn58nkinje/gradle-1.4/lib/gradle-base-services-1.4.jar, /alumnos/dwladdimiro/.gradle/wrapper/dists/gradle-1.4-bin/47n6g3pbi5plc7n8fn58nkinje/gradle-1.4/lib/jsch-0.1.46.jar, /alumnos/dwladdimiro/.gradle/wrapper/dists/gradle-1.4-bin/47n6g3pbi5plc7n8fn58nkinje/gradle-1.4/lib/jna-posix-1.0.3.jar, /alumnos/dwladdimiro/.gradle/wrapper/dists/gradle-1.4-bin/47n6g3pbi5plc7n8fn58nkinje/gradle-1.4/lib/slf4j-api-1.7.2.jar, /alumnos/dwladdimiro/.gradle/wrapper/dists/gradle-1.4-bin/47n6g3pbi5plc7n8fn58nkinje/gradle-1.4/lib/native-platform-linux-i386-0.2.jar, /alumnos/dwladdimiro/.gradle/wrapper/dists/gradle-1.4-bin/47n6g3pbi5plc7n8fn58nkinje/gradle-1.4/lib/groovy-all-1.8.6.jar, /alumnos/dwladdimiro/.gradle/wrapper/dists/gradle-1.4-bin/47n6g3pbi5plc7n8fn58nkinje/gradle-1.4/lib/gradle-wrapper-1.4.jar, /alumnos/dwladdimiro/.gradle/wrapper/dists/gradle-1.4-bin/47n6g3pbi5plc7n8fn58nkinje/gradle-1.4/lib/ant-launcher-1.8.4.jar, /alumnos/dwladdimiro/.gradle/wrapper/dists/gradle-1.4-bin/47n6g3pbi5plc7n8fn58nkinje/gradle-1.4/lib/jna-3.2.7.jar, /alumnos/dwladdimiro/.gradle/wrapper/dists/gradle-1.4-bin/47n6g3pbi5plc7n8fn58nkinje/gradle-1.4/lib/javax.inject-1.jar, /alumnos/dwladdimiro/.gradle/wrapper/dists/gradle-1.4-bin/47n6g3pbi5plc7n8fn58nkinje/gradle-1.4/lib/jansi-1.2.1.jar, /alumnos/dwladdimiro/.gradle/wrapper/dists/gradle-1.4-bin/47n6g3pbi5plc7n8fn58nkinje/gradle-1.4/lib/jaxen-1.1.jar, /alumnos/dwladdimiro/.gradle/wrapper/dists/gradle-1.4-bin/47n6g3pbi5plc7n8fn58nkinje/gradle-1.4/lib/commons-collections-3.2.1.jar, /alumnos/dwladdimiro/.gradle/wrapper/dists/gradle-1.4-bin/47n6g3pbi5plc7n8fn58nkinje/gradle-1.4/lib/asm-4.0.jar, /alumnos/dwladdimiro/.gradle/wrapper/dists/gradle-1.4-bin/47n6g3pbi5plc7n8fn58nkinje/gradle-1.4/lib/native-platform-windows-i386-0.2.jar, /alumnos/dwladdimiro/.gradle/wrapper/dists/gradle-1.4-bin/47n6g3pbi5plc7n8fn58nkinje/gradle-1.4/lib/gradle-messaging-1.4.jar, /alumnos/dwladdimiro/.gradle/wrapper/dists/gradle-1.4-bin/47n6g3pbi5plc7n8fn58nkinje/gradle-1.4/lib/jul-to-slf4j-1.7.2.jar, /alumnos/dwladdimiro/.gradle/wrapper/dists/gradle-1.4-bin/47n6g3pbi5plc7n8fn58nkinje/gradle-1.4/lib/minlog-1.2.jar, /alumnos/dwladdimiro/.gradle/wrapper/dists/gradle-1.4-bin/47n6g3pbi5plc7n8fn58nkinje/gradle-1.4/lib/gradle-tooling-api-1.4.jar, /alumnos/dwladdimiro/.gradle/wrapper/dists/gradle-1.4-bin/47n6g3pbi5plc7n8fn58nkinje/gradle-1.4/lib/kryo-2.20.jar, /alumnos/dwladdimiro/.gradle/wrapper/dists/gradle-1.4-bin/47n6g3pbi5plc7n8fn58nkinje/gradle-1.4/lib/jcl-over-slf4j-1.7.2.jar, /alumnos/dwladdimiro/.gradle/wrapper/dists/gradle-1.4-bin/47n6g3pbi5plc7n8fn58nkinje/gradle-1.4/lib/gradle-native-1.4.jar, /alumnos/dwladdimiro/.gradle/wrapper/dists/gradle-1.4-bin/47n6g3pbi5plc7n8fn58nkinje/gradle-1.4/lib/log4j-over-slf4j-1.7.2.jar, /alumnos/dwladdimiro/.gradle/wrapper/dists/gradle-1.4-bin/47n6g3pbi5plc7n8fn58nkinje/gradle-1.4/lib/objenesis-1.2.jar, /alumnos/dwladdimiro/.gradle/wrapper/dists/gradle-1.4-bin/47n6g3pbi5plc7n8fn58nkinje/gradle-1.4/lib/native-platform-linux-amd64-0.2.jar, /alumnos/dwladdimiro/.gradle/wrapper/dists/gradle-1.4-bin/47n6g3pbi5plc7n8fn58nkinje/gradle-1.4/lib/logback-classic-1.0.9.jar, /alumnos/dwladdimiro/.gradle/wrapper/dists/gradle-1.4-bin/47n6g3pbi5plc7n8fn58nkinje/gradle-1.4/lib/commons-io-1.4.jar, /alumnos/dwladdimiro/.gradle/wrapper/dists/gradle-1.4-bin/47n6g3pbi5plc7n8fn58nkinje/gradle-1.4/lib/ivy-2.2.0.jar, /alumnos/dwladdimiro/.gradle/wrapper/dists/gradle-1.4-bin/47n6g3pbi5plc7n8fn58nkinje/gradle-1.4/lib/jarjar-1.3.jar, /alumnos/dwladdimiro/.gradle/wrapper/dists/gradle-1.4-bin/47n6g3pbi5plc7n8fn58nkinje/gradle-1.4/lib/commons-lang-2.6.jar, /alumnos/dwladdimiro/.gradle/wrapper/dists/gradle-1.4-bin/47n6g3pbi5plc7n8fn58nkinje/gradle-1.4/lib/gradle-base-services-groovy-1.4.jar, /alumnos/dwladdimiro/.gradle/wrapper/dists/gradle-1.4-bin/47n6g3pbi5plc7n8fn58nkinje/gradle-1.4/lib/dom4j-1.6.1.jar, /alumnos/dwladdimiro/.gradle/wrapper/dists/gradle-1.4-bin/47n6g3pbi5plc7n8fn58nkinje/gradle-1.4/lib/gradle-ui-1.4.jar, /alumnos/dwladdimiro/.gradle/wrapper/dists/gradle-1.4-bin/47n6g3pbi5plc7n8fn58nkinje/gradle-1.4/lib/guava-11.0.2.jar, /alumnos/dwladdimiro/.gradle/wrapper/dists/gradle-1.4-bin/47n6g3pbi5plc7n8fn58nkinje/gradle-1.4/lib/gradle-open-api-1.4.jar, /alumnos/dwladdimiro/.gradle/wrapper/dists/gradle-1.4-bin/47n6g3pbi5plc7n8fn58nkinje/gradle-1.4/lib/native-platform-osx-universal-0.2.jar, /alumnos/dwladdimiro/.gradle/wrapper/dists/gradle-1.4-bin/47n6g3pbi5plc7n8fn58nkinje/gradle-1.4/lib/logback-core-1.0.9.jar]
18:48:51.147 [Connection worker] DEBUG o.g.t.i.provider.DefaultConnection - Provider implementation created.
18:48:51.218 [Connection worker] DEBUG o.g.t.i.provider.DefaultConnection - Embedded executer support created.
18:48:51.226 [Connection worker] DEBUG o.g.t.i.provider.DefaultConnection - Configuring logging to level: INFO
Tooling API uses target gradle version: 1.4.
Connected to the daemon. Dispatching Build{id=058093ff-52fb-4fc5-87ac-edfa452379d0.1, currentDir=/alumnos/dwladdimiro/S4/apache-s4-0.6.0} request.
:compileJava
:processResources UP-TO-DATE
:classes
:jar
:buildProjectJar
:cleanBuildProjectJar UP-TO-DATE
:cleanCopyDependenciesToLib
:copyDependenciesToLib
:s4r
Adding to s4 archive: s4-base-0.6.0-incubating.jar
Adding to s4 archive: s4-comm-0.6.0-incubating.jar
Adding to s4 archive: s4-core-0.6.0-incubating.jar
Adding to s4 archive: mongo-java-driver-2.12.4.jar
Adding to s4 archive: opencsv-3.3.jar
Adding to s4 archive: collections-generic-4.01.jar
Adding to s4 archive: logback-core-0.9.29.jar
Adding to s4 archive: slf4j-api-1.6.4.jar
Adding to s4 archive: logback-classic-0.9.29.jar
Adding to s4 archive: asm-4.0.jar
Adding to s4 archive: commons-codec-1.4.jar
Adding to s4 archive: aopalliance-1.0.jar
Adding to s4 archive: javax.inject-1.jar
Adding to s4 archive: asm-3.1.jar
Adding to s4 archive: cglib-2.2.1-v20090111.jar
Adding to s4 archive: guice-3.0.jar
Adding to s4 archive: objenesis-1.2.jar
Adding to s4 archive: metrics-core-2.1.3.jar
Adding to s4 archive: reflectasm-1.07-shaded.jar
Adding to s4 archive: netty-3.9.8.Final.jar
Adding to s4 archive: commons-collections-3.2.1.jar
Adding to s4 archive: log4j-1.2.15.jar
Adding to s4 archive: junit-3.8.1.jar
Adding to s4 archive: jline-0.9.94.jar
Adding to s4 archive: zookeeper-3.3.3.jar
Adding to s4 archive: gson-1.6.jar
Adding to s4 archive: guava-13.0.1.jar
Adding to s4 archive: commons-io-2.4.jar
Adding to s4 archive: jcip-annotations-1.0.jar
Adding to s4 archive: commons-math3-3.4.1.jar
Adding to s4 archive: commons-logging-1.1.1.jar
Adding to s4 archive: commons-lang-2.6.jar
Adding to s4 archive: guice-assistedinject-3.0.jar
Adding to s4 archive: commons-collections4-4.0.jar
Adding to s4 archive: commons-beanutils-1.7.0.jar
Adding to s4 archive: commons-digester-1.8.jar
Adding to s4 archive: commons-beanutils-core-1.8.0.jar
Adding to s4 archive: commons-configuration-1.6.jar
Adding to s4 archive: minlog-1.2.jar
Adding to s4 archive: minlog-1.2.jar
Adding to s4 archive: kryo-2.20.jar
Adding to s4 archive: zkclient-0.1.jar
Adding to s4 archive: jcommander-1.25.jar
Adding to s4 archive: commons-lang3-3.3.2.jar
Adding to s4 archive: monitorS4.jar

BUILD SUCCESSFUL

Total time: 1.867 secs
calling referenced s4 script : /alumnos/dwladdimiro/S4/apache-s4-0.6.0/s4
18:48:53.433 [main] INFO  org.apache.s4.tools.Deploy - Using specified S4R [file:/alumnos/dwladdimiro/S4/monitorS4/build/libs/monitorS4.s4r]
