[H[Jcalling referenced s4 script : /alumnos/dwladdimiro/S4/apache-s4-0.6.0/s4
18:48:20.832 [main] INFO  o.a.s.comm.topology.AssignmentFromZK - New session:94390195641909250; state is : SyncConnected
18:48:20.910 [main] INFO  o.a.s.comm.topology.AssignmentFromZK - Successfully acquired task:Task-0 by citiaps1.informatica.usach.cl
18:48:53.520 [S4 platform loader] INFO  org.apache.s4.core.S4Bootstrap - Initializing S4 app with : []]
18:48:53.659 [S4 platform loader] INFO  org.apache.s4.core.S4Bootstrap - Loading application [monitorS4] from file [/tmp/tmp8946133622060191024s4r]
18:48:53.660 [S4 platform loader] WARN  org.apache.s4.core.DefaultCoreModule - s4.tmp.dir not specified, using temporary directory [/tmp/1440280133659-0] for unpacking S4R. You may want to specify a parent non-temporary directory.
18:48:53.660 [S4 platform loader] INFO  o.a.s4.base.util.S4RLoaderFactory - Unzipping S4R archive in [/tmp/1440280133659-0/tmp8946133622060191024s4r-1440280133660]
18:48:53.777 [S4 platform loader] INFO  org.apache.s4.core.S4Bootstrap - App class name is: topology.Topology
18:48:53.823 [S4 platform loader] INFO  o.a.s4.comm.topology.ClusterFromZK - Changing cluster topology to { nbNodes=1,name=cluster1,mode=unicast,type=,nodes=[{partition=0,port=12000,machineName=citiaps1.informatica.usach.cl,taskId=Task-0}]} from null
18:48:53.962 [S4 platform loader] INFO  o.a.s4.comm.topology.ClusterFromZK - Adding topology change listener:org.apache.s4.comm.tcp.TCPEmitter@13f28935
18:48:54.016 [S4 platform loader] INFO  o.a.s.c.s.ThrottlingSenderExecutorServiceFactory - Creating a throttling executor with a pool size of 5 and max rate of 10000 events / s
18:48:54.024 [S4 platform loader] INFO  org.apache.s4.core.util.S4Metrics - Metrics reporting not configured
18:48:54.025 [S4 platform loader] INFO  o.a.s4.comm.topology.ClusterFromZK - Adding topology change listener:org.apache.s4.core.SenderImpl@1c695432
18:48:54.071 [S4 platform loader] INFO  o.a.s4.comm.topology.ClustersFromZK - New session:94390195641909250
18:48:54.073 [S4 platform loader] INFO  o.a.s4.comm.topology.ClustersFromZK - New session:94390195641909250
18:48:54.080 [S4 platform loader] INFO  o.a.s4.comm.topology.ClusterFromZK - Changing cluster topology to { nbNodes=1,name=cluster1,mode=unicast,type=,nodes=[{partition=0,port=12000,machineName=citiaps1.informatica.usach.cl,taskId=Task-0}]} from null
18:48:54.082 [S4 platform loader] INFO  org.apache.s4.core.monitor.S4Monitor - Init Monitor
18:48:54.082 [S4 platform loader] INFO  org.apache.s4.core.S4Bootstrap - Loaded application from file /tmp/tmp8946133622060191024s4r
18:48:54.121 [S4 platform loader] DEBUG o.a.s4.comm.topology.ClustersFromZK - Adding input stream [textInput] in cluster [cluster1]
18:48:54.132 [S4 platform loader] INFO  o.a.s4.comm.topology.ClustersFromZK - Detected new stream [textInput]
18:48:54.143 [S4 platform loader] INFO  org.apache.s4.core.App - Init prototype [processElements.ProcessOnePE].
18:48:54.143 [S4 platform loader] INFO  org.apache.s4.core.App - Init prototype [processElements.ProcessTwoPE].
18:48:54.144 [S4 platform loader] INFO  org.apache.s4.core.App - Init prototype [processElements.MongoPE].
18:48:54.144 [S4 platform loader] INFO  org.apache.s4.core.App - Start S4Monitor
18:48:54.150 [S4 platform loader] INFO  o.a.s4.core.monitor.MonitorMetrics - Init S4Monitor Metrics
18:48:54.150 [S4 platform loader] INFO  o.a.s4.core.monitor.MonitorMetrics - Reporting metrics of the monitor through csv files in directory [/alumnos/dwladdimiro/S4/statistics/] with frequency of [5] [SECONDS]
18:48:54.153 [S4 platform loader] INFO  topology.Topology - Start Topology
18:48:54.153 [S4 platform loader] INFO  org.apache.s4.core.monitor.S4Monitor - Register PE
18:48:54.157 [S4 platform loader] INFO  org.apache.s4.core.monitor.S4Monitor - Register PE
18:48:54.158 [S4 platform loader] INFO  org.apache.s4.core.monitor.S4Monitor - Register PE
18:48:54.159 [S4 platform loader] INFO  topology.Topology - Init ClockTime
18:49:01.856 [textInput] INFO  processElements.ProcessOnePE - Create ProcessOne PE
18:49:01.879 [processTwoStream] INFO  processElements.ProcessTwoPE - Create ProcessTwo PE
18:49:01.910 [mongoStream] INFO  processElements.MongoPE - Create Mongo PE
18:49:04.153 [pool-6-thread-1] DEBUG org.apache.s4.core.monitor.S4Monitor - [PE] processElements.ProcessOnePE | [λ] 123 | [μ] 112 | [ρ] 1.0081967213114753
18:49:04.154 [pool-6-thread-1] DEBUG org.apache.s4.core.monitor.S4Monitor - [PE] processElements.ProcessTwoPE | [λ] 112 | [μ] 74 | [ρ] 1.3333333333333333
18:49:04.154 [pool-6-thread-1] DEBUG org.apache.s4.core.monitor.S4Monitor - [PE] processElements.MongoPE | [λ] 74 | [μ] 74 | [ρ] 0.8809523809523809
18:49:09.153 [pool-6-thread-1] DEBUG org.apache.s4.core.monitor.S4Monitor - [PE] processElements.ProcessOnePE | [λ] 248 | [μ] 248 | [ρ] 0.9612403100775194
18:49:09.154 [pool-6-thread-1] DEBUG org.apache.s4.core.monitor.S4Monitor - [PE] processElements.ProcessTwoPE | [λ] 248 | [μ] 166 | [ρ] 1.4090909090909092
18:49:09.154 [pool-6-thread-1] DEBUG org.apache.s4.core.monitor.S4Monitor - [PE] processElements.MongoPE | [λ] 166 | [μ] 166 | [ρ] 0.9431818181818182
18:49:14.153 [pool-6-thread-1] DEBUG org.apache.s4.core.monitor.S4Monitor - [PE] processElements.ProcessOnePE | [λ] 248 | [μ] 248 | [ρ] 0.9612403100775194
18:49:14.154 [pool-6-thread-1] DEBUG org.apache.s4.core.monitor.S4Monitor - [PE] processElements.ProcessTwoPE | [λ] 248 | [μ] 166 | [ρ] 1.4090909090909092
18:49:14.154 [pool-6-thread-1] DEBUG org.apache.s4.core.monitor.S4Monitor - [PE] processElements.MongoPE | [λ] 166 | [μ] 165 | [ρ] 0.9485714285714286
18:49:19.153 [pool-6-thread-1] DEBUG org.apache.s4.core.monitor.S4Monitor - [PE] processElements.ProcessOnePE | [λ] 249 | [μ] 248 | [ρ] 0.9651162790697675
18:49:19.154 [pool-6-thread-1] DEBUG org.apache.s4.core.monitor.S4Monitor - [PE] processElements.ProcessTwoPE | [λ] 248 | [μ] 165 | [ρ] 1.417142857142857
18:49:19.154 [pool-6-thread-1] DEBUG org.apache.s4.core.monitor.S4Monitor - [PE] processElements.MongoPE | [λ] 165 | [μ] 166 | [ρ] 0.9375
18:49:24.153 [pool-6-thread-1] DEBUG org.apache.s4.core.monitor.S4Monitor - [PE] processElements.ProcessOnePE | [λ] 248 | [μ] 248 | [ρ] 0.9612403100775194
18:49:24.154 [pool-6-thread-1] DEBUG org.apache.s4.core.monitor.S4Monitor - [PE] processElements.ProcessTwoPE | [λ] 248 | [μ] 166 | [ρ] 1.4090909090909092
18:49:24.154 [pool-6-thread-1] DEBUG org.apache.s4.core.monitor.S4Monitor - [PE] processElements.MongoPE | [λ] 166 | [μ] 166 | [ρ] 0.9431818181818182
18:49:29.153 [pool-6-thread-1] DEBUG org.apache.s4.core.monitor.S4Monitor - [PE] processElements.ProcessOnePE | [λ] 248 | [μ] 248 | [ρ] 0.9612403100775194
18:49:29.154 [pool-6-thread-1] DEBUG org.apache.s4.core.monitor.S4Monitor - [PE] processElements.ProcessTwoPE | [λ] 248 | [μ] 166 | [ρ] 1.4090909090909092
18:49:29.154 [pool-6-thread-1] DEBUG org.apache.s4.core.monitor.S4Monitor - [PE] processElements.MongoPE | [λ] 166 | [μ] 166 | [ρ] 0.9431818181818182
18:49:34.153 [pool-6-thread-1] DEBUG org.apache.s4.core.monitor.S4Monitor - [PE] processElements.ProcessOnePE | [λ] 249 | [μ] 247 | [ρ] 0.9688715953307393
18:49:34.154 [pool-6-thread-1] DEBUG org.apache.s4.core.monitor.S4Monitor - [PE] processElements.ProcessTwoPE | [λ] 247 | [μ] 166 | [ρ] 1.4034090909090908
18:49:34.154 [pool-6-thread-1] DEBUG org.apache.s4.core.monitor.S4Monitor - [PE] processElements.MongoPE | [λ] 166 | [μ] 165 | [ρ] 0.9485714285714286
18:49:39.153 [pool-6-thread-1] DEBUG org.apache.s4.core.monitor.S4Monitor - [PE] processElements.ProcessOnePE | [λ] 248 | [μ] 248 | [ρ] 0.9612403100775194
18:49:39.154 [pool-6-thread-1] DEBUG org.apache.s4.core.monitor.S4Monitor - [PE] processElements.ProcessTwoPE | [λ] 248 | [μ] 166 | [ρ] 1.4090909090909092
18:49:39.154 [pool-6-thread-1] DEBUG org.apache.s4.core.monitor.S4Monitor - [PE] processElements.MongoPE | [λ] 166 | [μ] 166 | [ρ] 0.9431818181818182
18:49:44.153 [pool-6-thread-1] DEBUG org.apache.s4.core.monitor.S4Monitor - [PE] processElements.ProcessOnePE | [λ] 248 | [μ] 248 | [ρ] 0.9612403100775194
18:49:44.154 [pool-6-thread-1] DEBUG org.apache.s4.core.monitor.S4Monitor - [PE] processElements.ProcessTwoPE | [λ] 248 | [μ] 166 | [ρ] 1.4090909090909092
18:49:44.154 [pool-6-thread-1] DEBUG org.apache.s4.core.monitor.S4Monitor - [PE] processElements.MongoPE | [λ] 166 | [μ] 166 | [ρ] 0.9431818181818182
18:49:49.153 [pool-6-thread-1] DEBUG org.apache.s4.core.monitor.S4Monitor - [PE] processElements.ProcessOnePE | [λ] 249 | [μ] 249 | [ρ] 0.9613899613899614
18:49:49.154 [pool-6-thread-1] DEBUG org.apache.s4.core.monitor.S4Monitor - [PE] processElements.ProcessTwoPE | [λ] 249 | [μ] 166 | [ρ] 1.4147727272727273
18:49:49.154 [pool-6-thread-1] DEBUG org.apache.s4.core.monitor.S4Monitor - [PE] processElements.MongoPE | [λ] 166 | [μ] 166 | [ρ] 0.9431818181818182
18:49:54.153 [pool-6-thread-1] DEBUG org.apache.s4.core.monitor.S4Monitor - [PE] processElements.ProcessOnePE | [λ] 248 | [μ] 248 | [ρ] 0.9612403100775194
18:49:54.154 [pool-6-thread-1] DEBUG org.apache.s4.core.monitor.S4Monitor - [PE] processElements.ProcessTwoPE | [λ] 248 | [μ] 165 | [ρ] 1.417142857142857
18:49:54.154 [pool-6-thread-1] DEBUG org.apache.s4.core.monitor.S4Monitor - [PE] processElements.MongoPE | [λ] 165 | [μ] 166 | [ρ] 0.9375
18:49:59.153 [pool-6-thread-1] DEBUG org.apache.s4.core.monitor.S4Monitor - [PE] processElements.ProcessOnePE | [λ] 249 | [μ] 248 | [ρ] 0.9651162790697675
18:49:59.154 [pool-6-thread-1] DEBUG org.apache.s4.core.monitor.S4Monitor - [PE] processElements.ProcessTwoPE | [λ] 248 | [μ] 166 | [ρ] 1.4090909090909092
18:49:59.154 [pool-6-thread-1] DEBUG org.apache.s4.core.monitor.S4Monitor - [PE] processElements.MongoPE | [λ] 166 | [μ] 166 | [ρ] 0.9431818181818182
18:50:04.153 [pool-6-thread-1] DEBUG org.apache.s4.core.monitor.S4Monitor - [PE] processElements.ProcessOnePE | [λ] 248 | [μ] 248 | [ρ] 0.9612403100775194
18:50:04.154 [pool-6-thread-1] DEBUG org.apache.s4.core.monitor.S4Monitor - [PE] processElements.ProcessTwoPE | [λ] 248 | [μ] 166 | [ρ] 1.4090909090909092
18:50:04.154 [pool-6-thread-1] DEBUG org.apache.s4.core.monitor.S4Monitor - [PE] processElements.MongoPE | [λ] 166 | [μ] 166 | [ρ] 0.9431818181818182
18:50:09.153 [pool-6-thread-1] DEBUG org.apache.s4.core.monitor.S4Monitor - [PE] processElements.ProcessOnePE | [λ] 248 | [μ] 248 | [ρ] 0.9612403100775194
18:50:09.154 [pool-6-thread-1] DEBUG org.apache.s4.core.monitor.S4Monitor - [PE] processElements.ProcessTwoPE | [λ] 248 | [μ] 166 | [ρ] 1.4090909090909092
18:50:09.154 [pool-6-thread-1] DEBUG org.apache.s4.core.monitor.S4Monitor - [PE] processElements.MongoPE | [λ] 166 | [μ] 165 | [ρ] 0.9485714285714286
18:50:14.153 [pool-6-thread-1] DEBUG org.apache.s4.core.monitor.S4Monitor - [PE] processElements.ProcessOnePE | [λ] 249 | [μ] 248 | [ρ] 0.9651162790697675
18:50:14.154 [pool-6-thread-1] DEBUG org.apache.s4.core.monitor.S4Monitor - [PE] processElements.ProcessTwoPE | [λ] 248 | [μ] 166 | [ρ] 1.4090909090909092
18:50:14.154 [pool-6-thread-1] DEBUG org.apache.s4.core.monitor.S4Monitor - [PE] processElements.MongoPE | [λ] 166 | [μ] 166 | [ρ] 0.9431818181818182
18:50:19.153 [pool-6-thread-1] DEBUG org.apache.s4.core.monitor.S4Monitor - [PE] processElements.ProcessOnePE | [λ] 248 | [μ] 248 | [ρ] 0.9612403100775194
18:50:19.154 [pool-6-thread-1] DEBUG org.apache.s4.core.monitor.S4Monitor - [PE] processElements.ProcessTwoPE | [λ] 248 | [μ] 166 | [ρ] 1.4090909090909092
18:50:19.154 [pool-6-thread-1] DEBUG org.apache.s4.core.monitor.S4Monitor - [PE] processElements.MongoPE | [λ] 166 | [μ] 166 | [ρ] 0.9431818181818182
18:50:24.153 [pool-6-thread-1] DEBUG org.apache.s4.core.monitor.S4Monitor - [PE] processElements.ProcessOnePE | [λ] 249 | [μ] 248 | [ρ] 0.9651162790697675
18:50:24.154 [pool-6-thread-1] DEBUG org.apache.s4.core.monitor.S4Monitor - [PE] processElements.ProcessTwoPE | [λ] 248 | [μ] 166 | [ρ] 1.4090909090909092
18:50:24.154 [pool-6-thread-1] DEBUG org.apache.s4.core.monitor.S4Monitor - [PE] processElements.MongoPE | [λ] 166 | [μ] 166 | [ρ] 0.9431818181818182
18:50:29.153 [pool-6-thread-1] DEBUG org.apache.s4.core.monitor.S4Monitor - [PE] processElements.ProcessOnePE | [λ] 248 | [μ] 248 | [ρ] 0.9612403100775194
18:50:29.154 [pool-6-thread-1] DEBUG org.apache.s4.core.monitor.S4Monitor - [PE] processElements.ProcessTwoPE | [λ] 248 | [μ] 166 | [ρ] 1.4090909090909092
18:50:29.154 [pool-6-thread-1] DEBUG org.apache.s4.core.monitor.S4Monitor - [PE] processElements.MongoPE | [λ] 166 | [μ] 166 | [ρ] 0.9431818181818182
18:50:34.154 [pool-6-thread-1] DEBUG org.apache.s4.core.monitor.S4Monitor - [PE] processElements.ProcessOnePE | [λ] 248 | [μ] 248 | [ρ] 0.9612403100775194
18:50:34.154 [pool-6-thread-1] DEBUG org.apache.s4.core.monitor.S4Monitor - [PE] processElements.ProcessTwoPE | [λ] 249 | [μ] 166 | [ρ] 1.4147727272727273
18:50:34.154 [pool-6-thread-1] DEBUG org.apache.s4.core.monitor.S4Monitor - [PE] processElements.MongoPE | [λ] 166 | [μ] 166 | [ρ] 0.9431818181818182
18:50:39.153 [pool-6-thread-1] DEBUG org.apache.s4.core.monitor.S4Monitor - [PE] processElements.ProcessOnePE | [λ] 249 | [μ] 249 | [ρ] 0.9613899613899614
18:50:39.154 [pool-6-thread-1] DEBUG org.apache.s4.core.monitor.S4Monitor - [PE] processElements.ProcessTwoPE | [λ] 248 | [μ] 166 | [ρ] 1.4090909090909092
18:50:39.154 [pool-6-thread-1] DEBUG org.apache.s4.core.monitor.S4Monitor - [PE] processElements.MongoPE | [λ] 166 | [μ] 166 | [ρ] 0.9431818181818182
18:50:44.153 [pool-6-thread-1] DEBUG org.apache.s4.core.monitor.S4Monitor - [PE] processElements.ProcessOnePE | [λ] 248 | [μ] 248 | [ρ] 0.9612403100775194
18:50:44.154 [pool-6-thread-1] DEBUG org.apache.s4.core.monitor.S4Monitor - [PE] processElements.ProcessTwoPE | [λ] 248 | [μ] 166 | [ρ] 1.4090909090909092
18:50:44.154 [pool-6-thread-1] DEBUG org.apache.s4.core.monitor.S4Monitor - [PE] processElements.MongoPE | [λ] 166 | [μ] 166 | [ρ] 0.9431818181818182
18:50:49.153 [pool-6-thread-1] DEBUG org.apache.s4.core.monitor.S4Monitor - [PE] processElements.ProcessOnePE | [λ] 249 | [μ] 248 | [ρ] 0.9651162790697675
18:50:49.154 [pool-6-thread-1] DEBUG org.apache.s4.core.monitor.S4Monitor - [PE] processElements.ProcessTwoPE | [λ] 248 | [μ] 166 | [ρ] 1.4090909090909092
18:50:49.154 [pool-6-thread-1] DEBUG org.apache.s4.core.monitor.S4Monitor - [PE] processElements.MongoPE | [λ] 166 | [μ] 166 | [ρ] 0.9431818181818182
18:50:54.153 [pool-6-thread-1] DEBUG org.apache.s4.core.monitor.S4Monitor - [PE] processElements.ProcessOnePE | [λ] 248 | [μ] 248 | [ρ] 0.9612403100775194
18:50:54.154 [pool-6-thread-1] DEBUG org.apache.s4.core.monitor.S4Monitor - [PE] processElements.ProcessTwoPE | [λ] 248 | [μ] 166 | [ρ] 1.4090909090909092
18:50:54.154 [pool-6-thread-1] DEBUG org.apache.s4.core.monitor.S4Monitor - [PE] processElements.MongoPE | [λ] 166 | [μ] 166 | [ρ] 0.9431818181818182
18:50:59.153 [pool-6-thread-1] DEBUG org.apache.s4.core.monitor.S4Monitor - [PE] processElements.ProcessOnePE | [λ] 249 | [μ] 249 | [ρ] 0.9613899613899614
18:50:59.154 [pool-6-thread-1] DEBUG org.apache.s4.core.monitor.S4Monitor - [PE] processElements.ProcessTwoPE | [λ] 249 | [μ] 165 | [ρ] 1.4228571428571428
18:50:59.154 [pool-6-thread-1] DEBUG org.apache.s4.core.monitor.S4Monitor - [PE] processElements.MongoPE | [λ] 165 | [μ] 166 | [ρ] 0.9375
18:51:04.153 [pool-6-thread-1] DEBUG org.apache.s4.core.monitor.S4Monitor - [PE] processElements.ProcessOnePE | [λ] 248 | [μ] 248 | [ρ] 0.9612403100775194
18:51:04.154 [pool-6-thread-1] DEBUG org.apache.s4.core.monitor.S4Monitor - [PE] processElements.ProcessTwoPE | [λ] 248 | [μ] 166 | [ρ] 1.4090909090909092
18:51:04.154 [pool-6-thread-1] DEBUG org.apache.s4.core.monitor.S4Monitor - [PE] processElements.MongoPE | [λ] 166 | [μ] 166 | [ρ] 0.9431818181818182
18:51:09.153 [pool-6-thread-1] DEBUG org.apache.s4.core.monitor.S4Monitor - [PE] processElements.ProcessOnePE | [λ] 249 | [μ] 248 | [ρ] 0.9651162790697675
18:51:09.154 [pool-6-thread-1] DEBUG org.apache.s4.core.monitor.S4Monitor - [PE] processElements.ProcessTwoPE | [λ] 248 | [μ] 166 | [ρ] 1.4090909090909092
18:51:09.154 [pool-6-thread-1] DEBUG org.apache.s4.core.monitor.S4Monitor - [PE] processElements.MongoPE | [λ] 166 | [μ] 166 | [ρ] 0.9431818181818182
18:51:14.153 [pool-6-thread-1] DEBUG org.apache.s4.core.monitor.S4Monitor - [PE] processElements.ProcessOnePE | [λ] 248 | [μ] 248 | [ρ] 0.9612403100775194
18:51:14.154 [pool-6-thread-1] DEBUG org.apache.s4.core.monitor.S4Monitor - [PE] processElements.ProcessTwoPE | [λ] 248 | [μ] 166 | [ρ] 1.4090909090909092
18:51:14.154 [pool-6-thread-1] DEBUG org.apache.s4.core.monitor.S4Monitor - [PE] processElements.MongoPE | [λ] 166 | [μ] 166 | [ρ] 0.9431818181818182
18:51:19.153 [pool-6-thread-1] DEBUG org.apache.s4.core.monitor.S4Monitor - [PE] processElements.ProcessOnePE | [λ] 249 | [μ] 248 | [ρ] 0.9651162790697675
18:51:19.154 [pool-6-thread-1] DEBUG org.apache.s4.core.monitor.S4Monitor - [PE] processElements.ProcessTwoPE | [λ] 248 | [μ] 166 | [ρ] 1.4090909090909092
18:51:19.154 [pool-6-thread-1] DEBUG org.apache.s4.core.monitor.S4Monitor - [PE] processElements.MongoPE | [λ] 166 | [μ] 166 | [ρ] 0.9431818181818182
18:51:24.153 [pool-6-thread-1] DEBUG org.apache.s4.core.monitor.S4Monitor - [PE] processElements.ProcessOnePE | [λ] 248 | [μ] 249 | [ρ] 0.9575289575289575
18:51:24.154 [pool-6-thread-1] DEBUG org.apache.s4.core.monitor.S4Monitor - [PE] processElements.ProcessTwoPE | [λ] 249 | [μ] 166 | [ρ] 1.4147727272727273
18:51:24.154 [pool-6-thread-1] DEBUG org.apache.s4.core.monitor.S4Monitor - [PE] processElements.MongoPE | [λ] 166 | [μ] 166 | [ρ] 0.9431818181818182
18:51:29.153 [pool-6-thread-1] DEBUG org.apache.s4.core.monitor.S4Monitor - [PE] processElements.ProcessOnePE | [λ] 249 | [μ] 248 | [ρ] 0.9651162790697675
18:51:29.154 [pool-6-thread-1] DEBUG org.apache.s4.core.monitor.S4Monitor - [PE] processElements.ProcessTwoPE | [λ] 248 | [μ] 166 | [ρ] 1.4090909090909092
18:51:29.154 [pool-6-thread-1] DEBUG org.apache.s4.core.monitor.S4Monitor - [PE] processElements.MongoPE | [λ] 166 | [μ] 166 | [ρ] 0.9431818181818182
18:51:34.153 [pool-6-thread-1] DEBUG org.apache.s4.core.monitor.S4Monitor - [PE] processElements.ProcessOnePE | [λ] 249 | [μ] 248 | [ρ] 0.9651162790697675
18:51:34.154 [pool-6-thread-1] DEBUG org.apache.s4.core.monitor.S4Monitor - [PE] processElements.ProcessTwoPE | [λ] 248 | [μ] 166 | [ρ] 1.4090909090909092
18:51:34.154 [pool-6-thread-1] DEBUG org.apache.s4.core.monitor.S4Monitor - [PE] processElements.MongoPE | [λ] 166 | [μ] 166 | [ρ] 0.9431818181818182
18:51:39.153 [pool-6-thread-1] DEBUG org.apache.s4.core.monitor.S4Monitor - [PE] processElements.ProcessOnePE | [λ] 248 | [μ] 248 | [ρ] 0.9612403100775194
18:51:39.154 [pool-6-thread-1] DEBUG org.apache.s4.core.monitor.S4Monitor - [PE] processElements.ProcessTwoPE | [λ] 248 | [μ] 166 | [ρ] 1.4090909090909092
18:51:39.154 [pool-6-thread-1] DEBUG org.apache.s4.core.monitor.S4Monitor - [PE] processElements.MongoPE | [λ] 166 | [μ] 166 | [ρ] 0.9431818181818182
18:51:44.153 [pool-6-thread-1] DEBUG org.apache.s4.core.monitor.S4Monitor - [PE] processElements.ProcessOnePE | [λ] 249 | [μ] 248 | [ρ] 0.9651162790697675
18:51:44.154 [pool-6-thread-1] DEBUG org.apache.s4.core.monitor.S4Monitor - [PE] processElements.ProcessTwoPE | [λ] 248 | [μ] 166 | [ρ] 1.4090909090909092
18:51:44.154 [pool-6-thread-1] DEBUG org.apache.s4.core.monitor.S4Monitor - [PE] processElements.MongoPE | [λ] 166 | [μ] 166 | [ρ] 0.9431818181818182
18:51:49.153 [pool-6-thread-1] DEBUG org.apache.s4.core.monitor.S4Monitor - [PE] processElements.ProcessOnePE | [λ] 248 | [μ] 249 | [ρ] 0.9575289575289575
18:51:49.154 [pool-6-thread-1] DEBUG org.apache.s4.core.monitor.S4Monitor - [PE] processElements.ProcessTwoPE | [λ] 249 | [μ] 166 | [ρ] 1.4147727272727273
18:51:49.154 [pool-6-thread-1] DEBUG org.apache.s4.core.monitor.S4Monitor - [PE] processElements.MongoPE | [λ] 166 | [μ] 166 | [ρ] 0.9431818181818182
18:51:54.153 [pool-6-thread-1] DEBUG org.apache.s4.core.monitor.S4Monitor - [PE] processElements.ProcessOnePE | [λ] 249 | [μ] 248 | [ρ] 0.9651162790697675
18:51:54.154 [pool-6-thread-1] DEBUG org.apache.s4.core.monitor.S4Monitor - [PE] processElements.ProcessTwoPE | [λ] 248 | [μ] 166 | [ρ] 1.4090909090909092
18:51:54.154 [pool-6-thread-1] DEBUG org.apache.s4.core.monitor.S4Monitor - [PE] processElements.MongoPE | [λ] 166 | [μ] 165 | [ρ] 0.9485714285714286
18:51:59.153 [pool-6-thread-1] DEBUG org.apache.s4.core.monitor.S4Monitor - [PE] processElements.ProcessOnePE | [λ] 248 | [μ] 248 | [ρ] 0.9612403100775194
18:51:59.154 [pool-6-thread-1] DEBUG org.apache.s4.core.monitor.S4Monitor - [PE] processElements.ProcessTwoPE | [λ] 248 | [μ] 166 | [ρ] 1.4090909090909092
18:51:59.154 [pool-6-thread-1] DEBUG org.apache.s4.core.monitor.S4Monitor - [PE] processElements.MongoPE | [λ] 166 | [μ] 166 | [ρ] 0.9431818181818182
18:52:04.154 [pool-6-thread-1] DEBUG org.apache.s4.core.monitor.S4Monitor - [PE] processElements.ProcessOnePE | [λ] 249 | [μ] 248 | [ρ] 0.9651162790697675
18:52:04.155 [pool-6-thread-1] DEBUG org.apache.s4.core.monitor.S4Monitor - [PE] processElements.ProcessTwoPE | [λ] 248 | [μ] 166 | [ρ] 1.4090909090909092
18:52:04.155 [pool-6-thread-1] DEBUG org.apache.s4.core.monitor.S4Monitor - [PE] processElements.MongoPE | [λ] 166 | [μ] 166 | [ρ] 0.9431818181818182
18:52:09.153 [pool-6-thread-1] DEBUG org.apache.s4.core.monitor.S4Monitor - [PE] processElements.ProcessOnePE | [λ] 248 | [μ] 248 | [ρ] 0.9612403100775194
18:52:09.154 [pool-6-thread-1] DEBUG org.apache.s4.core.monitor.S4Monitor - [PE] processElements.ProcessTwoPE | [λ] 248 | [μ] 166 | [ρ] 1.4090909090909092
18:52:09.154 [pool-6-thread-1] DEBUG org.apache.s4.core.monitor.S4Monitor - [PE] processElements.MongoPE | [λ] 166 | [μ] 166 | [ρ] 0.9431818181818182
18:52:14.153 [pool-6-thread-1] DEBUG org.apache.s4.core.monitor.S4Monitor - [PE] processElements.ProcessOnePE | [λ] 249 | [μ] 249 | [ρ] 0.9613899613899614
18:52:14.154 [pool-6-thread-1] DEBUG org.apache.s4.core.monitor.S4Monitor - [PE] processElements.ProcessTwoPE | [λ] 249 | [μ] 166 | [ρ] 1.4147727272727273
18:52:14.154 [pool-6-thread-1] DEBUG org.apache.s4.core.monitor.S4Monitor - [PE] processElements.MongoPE | [λ] 166 | [μ] 166 | [ρ] 0.9431818181818182
18:52:19.153 [pool-6-thread-1] DEBUG org.apache.s4.core.monitor.S4Monitor - [PE] processElements.ProcessOnePE | [λ] 249 | [μ] 248 | [ρ] 0.9651162790697675
18:52:19.154 [pool-6-thread-1] DEBUG org.apache.s4.core.monitor.S4Monitor - [PE] processElements.ProcessTwoPE | [λ] 248 | [μ] 166 | [ρ] 1.4090909090909092
18:52:19.154 [pool-6-thread-1] DEBUG org.apache.s4.core.monitor.S4Monitor - [PE] processElements.MongoPE | [λ] 166 | [μ] 166 | [ρ] 0.9431818181818182
18:52:24.153 [pool-6-thread-1] DEBUG org.apache.s4.core.monitor.S4Monitor - [PE] processElements.ProcessOnePE | [λ] 248 | [μ] 248 | [ρ] 0.9612403100775194
18:52:24.154 [pool-6-thread-1] DEBUG org.apache.s4.core.monitor.S4Monitor - [PE] processElements.ProcessTwoPE | [λ] 248 | [μ] 166 | [ρ] 1.4090909090909092
18:52:24.154 [pool-6-thread-1] DEBUG org.apache.s4.core.monitor.S4Monitor - [PE] processElements.MongoPE | [λ] 166 | [μ] 166 | [ρ] 0.9431818181818182
18:52:29.153 [pool-6-thread-1] DEBUG org.apache.s4.core.monitor.S4Monitor - [PE] processElements.ProcessOnePE | [λ] 249 | [μ] 248 | [ρ] 0.9651162790697675
18:52:29.154 [pool-6-thread-1] DEBUG org.apache.s4.core.monitor.S4Monitor - [PE] processElements.ProcessTwoPE | [λ] 248 | [μ] 166 | [ρ] 1.4090909090909092
18:52:29.154 [pool-6-thread-1] DEBUG org.apache.s4.core.monitor.S4Monitor - [PE] processElements.MongoPE | [λ] 166 | [μ] 166 | [ρ] 0.9431818181818182
18:52:34.153 [pool-6-thread-1] DEBUG org.apache.s4.core.monitor.S4Monitor - [PE] processElements.ProcessOnePE | [λ] 248 | [μ] 248 | [ρ] 0.9612403100775194
18:52:34.154 [pool-6-thread-1] DEBUG org.apache.s4.core.monitor.S4Monitor - [PE] processElements.ProcessTwoPE | [λ] 248 | [μ] 166 | [ρ] 1.4090909090909092
18:52:34.154 [pool-6-thread-1] DEBUG org.apache.s4.core.monitor.S4Monitor - [PE] processElements.MongoPE | [λ] 166 | [μ] 166 | [ρ] 0.9431818181818182
18:52:39.153 [pool-6-thread-1] DEBUG org.apache.s4.core.monitor.S4Monitor - [PE] processElements.ProcessOnePE | [λ] 249 | [μ] 248 | [ρ] 0.9651162790697675
18:52:39.154 [pool-6-thread-1] DEBUG org.apache.s4.core.monitor.S4Monitor - [PE] processElements.ProcessTwoPE | [λ] 248 | [μ] 166 | [ρ] 1.4090909090909092
18:52:39.154 [pool-6-thread-1] DEBUG org.apache.s4.core.monitor.S4Monitor - [PE] processElements.MongoPE | [λ] 166 | [μ] 166 | [ρ] 0.9431818181818182
18:52:44.153 [pool-6-thread-1] DEBUG org.apache.s4.core.monitor.S4Monitor - [PE] processElements.ProcessOnePE | [λ] 248 | [μ] 249 | [ρ] 0.9575289575289575
18:52:44.154 [pool-6-thread-1] DEBUG org.apache.s4.core.monitor.S4Monitor - [PE] processElements.ProcessTwoPE | [λ] 249 | [μ] 166 | [ρ] 1.4147727272727273
18:52:44.154 [pool-6-thread-1] DEBUG org.apache.s4.core.monitor.S4Monitor - [PE] processElements.MongoPE | [λ] 166 | [μ] 166 | [ρ] 0.9431818181818182
18:52:49.153 [pool-6-thread-1] DEBUG org.apache.s4.core.monitor.S4Monitor - [PE] processElements.ProcessOnePE | [λ] 249 | [μ] 248 | [ρ] 0.9651162790697675
18:52:49.154 [pool-6-thread-1] DEBUG org.apache.s4.core.monitor.S4Monitor - [PE] processElements.ProcessTwoPE | [λ] 248 | [μ] 166 | [ρ] 1.4090909090909092
18:52:49.154 [pool-6-thread-1] DEBUG org.apache.s4.core.monitor.S4Monitor - [PE] processElements.MongoPE | [λ] 166 | [μ] 166 | [ρ] 0.9431818181818182
18:52:54.154 [pool-6-thread-1] DEBUG org.apache.s4.core.monitor.S4Monitor - [PE] processElements.ProcessOnePE | [λ] 249 | [μ] 248 | [ρ] 0.9651162790697675
18:52:54.154 [pool-6-thread-1] DEBUG org.apache.s4.core.monitor.S4Monitor - [PE] processElements.ProcessTwoPE | [λ] 248 | [μ] 166 | [ρ] 1.4090909090909092
18:52:54.154 [pool-6-thread-1] DEBUG org.apache.s4.core.monitor.S4Monitor - [PE] processElements.MongoPE | [λ] 166 | [μ] 166 | [ρ] 0.9431818181818182
18:52:59.153 [pool-6-thread-1] DEBUG org.apache.s4.core.monitor.S4Monitor - [PE] processElements.ProcessOnePE | [λ] 248 | [μ] 248 | [ρ] 0.9612403100775194
18:52:59.154 [pool-6-thread-1] DEBUG org.apache.s4.core.monitor.S4Monitor - [PE] processElements.ProcessTwoPE | [λ] 248 | [μ] 166 | [ρ] 1.4090909090909092
18:52:59.154 [pool-6-thread-1] DEBUG org.apache.s4.core.monitor.S4Monitor - [PE] processElements.MongoPE | [λ] 166 | [μ] 166 | [ρ] 0.9431818181818182
18:53:04.153 [pool-6-thread-1] DEBUG org.apache.s4.core.monitor.S4Monitor - [PE] processElements.ProcessOnePE | [λ] 249 | [μ] 248 | [ρ] 0.9651162790697675
18:53:04.154 [pool-6-thread-1] DEBUG org.apache.s4.core.monitor.S4Monitor - [PE] processElements.ProcessTwoPE | [λ] 248 | [μ] 166 | [ρ] 1.4090909090909092
18:53:04.154 [pool-6-thread-1] DEBUG org.apache.s4.core.monitor.S4Monitor - [PE] processElements.MongoPE | [λ] 166 | [μ] 166 | [ρ] 0.9431818181818182
18:53:09.153 [pool-6-thread-1] DEBUG org.apache.s4.core.monitor.S4Monitor - [PE] processElements.ProcessOnePE | [λ] 248 | [μ] 249 | [ρ] 0.9575289575289575
18:53:09.154 [pool-6-thread-1] DEBUG org.apache.s4.core.monitor.S4Monitor - [PE] processElements.ProcessTwoPE | [λ] 249 | [μ] 165 | [ρ] 1.4228571428571428
18:53:09.154 [pool-6-thread-1] DEBUG org.apache.s4.core.monitor.S4Monitor - [PE] processElements.MongoPE | [λ] 166 | [μ] 166 | [ρ] 0.9431818181818182
18:53:14.153 [pool-6-thread-1] DEBUG org.apache.s4.core.monitor.S4Monitor - [PE] processElements.ProcessOnePE | [λ] 249 | [μ] 248 | [ρ] 0.9651162790697675
18:53:14.154 [pool-6-thread-1] DEBUG org.apache.s4.core.monitor.S4Monitor - [PE] processElements.ProcessTwoPE | [λ] 248 | [μ] 166 | [ρ] 1.4090909090909092
18:53:14.154 [pool-6-thread-1] DEBUG org.apache.s4.core.monitor.S4Monitor - [PE] processElements.MongoPE | [λ] 165 | [μ] 166 | [ρ] 0.9375
18:53:19.153 [pool-6-thread-1] DEBUG org.apache.s4.core.monitor.S4Monitor - [PE] processElements.ProcessOnePE | [λ] 248 | [μ] 248 | [ρ] 0.9612403100775194
18:53:19.154 [pool-6-thread-1] DEBUG org.apache.s4.core.monitor.S4Monitor - [PE] processElements.ProcessTwoPE | [λ] 248 | [μ] 166 | [ρ] 1.4090909090909092
18:53:19.154 [pool-6-thread-1] DEBUG org.apache.s4.core.monitor.S4Monitor - [PE] processElements.MongoPE | [λ] 166 | [μ] 166 | [ρ] 0.9431818181818182
18:53:24.153 [pool-6-thread-1] DEBUG org.apache.s4.core.monitor.S4Monitor - [PE] processElements.ProcessOnePE | [λ] 249 | [μ] 248 | [ρ] 0.9651162790697675
18:53:24.154 [pool-6-thread-1] DEBUG org.apache.s4.core.monitor.S4Monitor - [PE] processElements.ProcessTwoPE | [λ] 248 | [μ] 166 | [ρ] 1.4090909090909092
18:53:24.154 [pool-6-thread-1] DEBUG org.apache.s4.core.monitor.S4Monitor - [PE] processElements.MongoPE | [λ] 166 | [μ] 166 | [ρ] 0.9431818181818182
18:53:29.153 [pool-6-thread-1] DEBUG org.apache.s4.core.monitor.S4Monitor - [PE] processElements.ProcessOnePE | [λ] 249 | [μ] 249 | [ρ] 0.9613899613899614
18:53:29.154 [pool-6-thread-1] DEBUG org.apache.s4.core.monitor.S4Monitor - [PE] processElements.ProcessTwoPE | [λ] 249 | [μ] 166 | [ρ] 1.4147727272727273
18:53:29.154 [pool-6-thread-1] DEBUG org.apache.s4.core.monitor.S4Monitor - [PE] processElements.MongoPE | [λ] 166 | [μ] 166 | [ρ] 0.9431818181818182
18:53:34.153 [pool-6-thread-1] DEBUG org.apache.s4.core.monitor.S4Monitor - [PE] processElements.ProcessOnePE | [λ] 248 | [μ] 248 | [ρ] 0.9612403100775194
18:53:34.154 [pool-6-thread-1] DEBUG org.apache.s4.core.monitor.S4Monitor - [PE] processElements.ProcessTwoPE | [λ] 248 | [μ] 166 | [ρ] 1.4090909090909092
18:53:34.154 [pool-6-thread-1] DEBUG org.apache.s4.core.monitor.S4Monitor - [PE] processElements.MongoPE | [λ] 166 | [μ] 166 | [ρ] 0.9431818181818182
18:53:39.153 [pool-6-thread-1] DEBUG org.apache.s4.core.monitor.S4Monitor - [PE] processElements.ProcessOnePE | [λ] 249 | [μ] 249 | [ρ] 0.9613899613899614
18:53:39.154 [pool-6-thread-1] DEBUG org.apache.s4.core.monitor.S4Monitor - [PE] processElements.ProcessTwoPE | [λ] 249 | [μ] 166 | [ρ] 1.4147727272727273
18:53:39.154 [pool-6-thread-1] DEBUG org.apache.s4.core.monitor.S4Monitor - [PE] processElements.MongoPE | [λ] 166 | [μ] 166 | [ρ] 0.9431818181818182
18:53:44.153 [pool-6-thread-1] DEBUG org.apache.s4.core.monitor.S4Monitor - [PE] processElements.ProcessOnePE | [λ] 248 | [μ] 248 | [ρ] 0.9612403100775194
18:53:44.154 [pool-6-thread-1] DEBUG org.apache.s4.core.monitor.S4Monitor - [PE] processElements.ProcessTwoPE | [λ] 248 | [μ] 166 | [ρ] 1.4090909090909092
18:53:44.154 [pool-6-thread-1] DEBUG org.apache.s4.core.monitor.S4Monitor - [PE] processElements.MongoPE | [λ] 166 | [μ] 166 | [ρ] 0.9431818181818182
18:53:49.153 [pool-6-thread-1] DEBUG org.apache.s4.core.monitor.S4Monitor - [PE] processElements.ProcessOnePE | [λ] 249 | [μ] 248 | [ρ] 0.9651162790697675
18:53:49.154 [pool-6-thread-1] DEBUG org.apache.s4.core.monitor.S4Monitor - [PE] processElements.ProcessTwoPE | [λ] 248 | [μ] 166 | [ρ] 1.4090909090909092
18:53:49.154 [pool-6-thread-1] DEBUG org.apache.s4.core.monitor.S4Monitor - [PE] processElements.MongoPE | [λ] 166 | [μ] 166 | [ρ] 0.9431818181818182
18:53:54.153 [pool-6-thread-1] DEBUG org.apache.s4.core.monitor.S4Monitor - [PE] processElements.ProcessOnePE | [λ] 248 | [μ] 248 | [ρ] 0.9612403100775194
18:53:54.154 [pool-6-thread-1] DEBUG org.apache.s4.core.monitor.S4Monitor - [PE] processElements.ProcessTwoPE | [λ] 248 | [μ] 166 | [ρ] 1.4090909090909092
18:53:54.154 [pool-6-thread-1] DEBUG org.apache.s4.core.monitor.S4Monitor - [PE] processElements.MongoPE | [λ] 166 | [μ] 166 | [ρ] 0.9431818181818182
18:53:59.153 [pool-6-thread-1] DEBUG org.apache.s4.core.monitor.S4Monitor - [PE] processElements.ProcessOnePE | [λ] 249 | [μ] 248 | [ρ] 0.9651162790697675
18:53:59.154 [pool-6-thread-1] DEBUG org.apache.s4.core.monitor.S4Monitor - [PE] processElements.ProcessTwoPE | [λ] 248 | [μ] 166 | [ρ] 1.4090909090909092
18:53:59.154 [pool-6-thread-1] DEBUG org.apache.s4.core.monitor.S4Monitor - [PE] processElements.MongoPE | [λ] 166 | [μ] 166 | [ρ] 0.9431818181818182
18:54:04.153 [pool-6-thread-1] DEBUG org.apache.s4.core.monitor.S4Monitor - [PE] processElements.ProcessOnePE | [λ] 371 | [μ] 249 | [ρ] 1.4324324324324325
18:54:04.154 [pool-6-thread-1] DEBUG org.apache.s4.core.monitor.S4Monitor - [PE] processElements.ProcessTwoPE | [λ] 249 | [μ] 166 | [ρ] 1.4147727272727273
18:54:04.154 [pool-6-thread-1] DEBUG org.apache.s4.core.monitor.S4Monitor - [PE] processElements.MongoPE | [λ] 166 | [μ] 166 | [ρ] 0.9431818181818182
18:54:09.153 [pool-6-thread-1] DEBUG org.apache.s4.core.monitor.S4Monitor - [PE] processElements.ProcessOnePE | [λ] 495 | [μ] 248 | [ρ] 1.9186046511627908
18:54:09.154 [pool-6-thread-1] DEBUG org.apache.s4.core.monitor.S4Monitor - [PE] processElements.ProcessTwoPE | [λ] 248 | [μ] 166 | [ρ] 1.4090909090909092
18:54:09.154 [pool-6-thread-1] DEBUG org.apache.s4.core.monitor.S4Monitor - [PE] processElements.MongoPE | [λ] 166 | [μ] 166 | [ρ] 0.9431818181818182
18:54:14.153 [pool-6-thread-1] DEBUG org.apache.s4.core.monitor.S4Monitor - [PE] processElements.ProcessOnePE | [λ] 494 | [μ] 249 | [ρ] 1.9073359073359073
18:54:14.154 [pool-6-thread-1] DEBUG org.apache.s4.core.monitor.S4Monitor - [PE] processElements.ProcessTwoPE | [λ] 249 | [μ] 166 | [ρ] 1.4147727272727273
18:54:14.154 [pool-6-thread-1] DEBUG org.apache.s4.core.monitor.S4Monitor - [PE] processElements.MongoPE | [λ] 166 | [μ] 166 | [ρ] 0.9431818181818182
18:54:19.153 [pool-6-thread-1] DEBUG org.apache.s4.core.monitor.S4Monitor - [PE] processElements.ProcessOnePE | [λ] 494 | [μ] 249 | [ρ] 1.9073359073359073
18:54:19.154 [pool-6-thread-1] DEBUG org.apache.s4.core.monitor.S4Monitor - [PE] processElements.ProcessTwoPE | [λ] 249 | [μ] 166 | [ρ] 1.4147727272727273
18:54:19.154 [pool-6-thread-1] DEBUG org.apache.s4.core.monitor.S4Monitor - [PE] processElements.MongoPE | [λ] 166 | [μ] 166 | [ρ] 0.9431818181818182
18:54:24.153 [pool-6-thread-1] DEBUG org.apache.s4.core.monitor.S4Monitor - [PE] processElements.ProcessOnePE | [λ] 494 | [μ] 248 | [ρ] 1.9147286821705427
18:54:24.154 [pool-6-thread-1] DEBUG org.apache.s4.core.monitor.S4Monitor - [PE] processElements.ProcessTwoPE | [λ] 248 | [μ] 166 | [ρ] 1.4090909090909092
18:54:24.154 [pool-6-thread-1] DEBUG org.apache.s4.core.monitor.S4Monitor - [PE] processElements.MongoPE | [λ] 166 | [μ] 166 | [ρ] 0.9431818181818182
18:54:29.153 [pool-6-thread-1] DEBUG org.apache.s4.core.monitor.S4Monitor - [PE] processElements.ProcessOnePE | [λ] 495 | [μ] 249 | [ρ] 1.9111969111969112
18:54:29.154 [pool-6-thread-1] DEBUG org.apache.s4.core.monitor.S4Monitor - [PE] processElements.ProcessTwoPE | [λ] 249 | [μ] 166 | [ρ] 1.4147727272727273
18:54:29.154 [pool-6-thread-1] DEBUG org.apache.s4.core.monitor.S4Monitor - [PE] processElements.MongoPE | [λ] 166 | [μ] 166 | [ρ] 0.9431818181818182
18:54:34.153 [pool-6-thread-1] DEBUG org.apache.s4.core.monitor.S4Monitor - [PE] processElements.ProcessOnePE | [λ] 494 | [μ] 248 | [ρ] 1.9147286821705427
18:54:34.154 [pool-6-thread-1] DEBUG org.apache.s4.core.monitor.S4Monitor - [PE] processElements.ProcessTwoPE | [λ] 248 | [μ] 166 | [ρ] 1.4090909090909092
18:54:34.154 [pool-6-thread-1] DEBUG org.apache.s4.core.monitor.S4Monitor - [PE] processElements.MongoPE | [λ] 166 | [μ] 166 | [ρ] 0.9431818181818182
18:54:39.153 [pool-6-thread-1] DEBUG org.apache.s4.core.monitor.S4Monitor - [PE] processElements.ProcessOnePE | [λ] 494 | [μ] 249 | [ρ] 1.9073359073359073
18:54:39.154 [pool-6-thread-1] DEBUG org.apache.s4.core.monitor.S4Monitor - [PE] processElements.ProcessTwoPE | [λ] 249 | [μ] 166 | [ρ] 1.4147727272727273
18:54:39.154 [pool-6-thread-1] DEBUG org.apache.s4.core.monitor.S4Monitor - [PE] processElements.MongoPE | [λ] 166 | [μ] 166 | [ρ] 0.9431818181818182
18:54:44.153 [pool-6-thread-1] DEBUG org.apache.s4.core.monitor.S4Monitor - [PE] processElements.ProcessOnePE | [λ] 495 | [μ] 248 | [ρ] 1.9186046511627908
18:54:44.154 [pool-6-thread-1] DEBUG org.apache.s4.core.monitor.S4Monitor - [PE] processElements.ProcessTwoPE | [λ] 248 | [μ] 166 | [ρ] 1.4090909090909092
18:54:44.154 [pool-6-thread-1] DEBUG org.apache.s4.core.monitor.S4Monitor - [PE] processElements.MongoPE | [λ] 166 | [μ] 166 | [ρ] 0.9431818181818182
18:54:49.153 [pool-6-thread-1] DEBUG org.apache.s4.core.monitor.S4Monitor - [PE] processElements.ProcessOnePE | [λ] 494 | [μ] 249 | [ρ] 1.9073359073359073
18:54:49.154 [pool-6-thread-1] DEBUG org.apache.s4.core.monitor.S4Monitor - [PE] processElements.ProcessTwoPE | [λ] 249 | [μ] 166 | [ρ] 1.4147727272727273
18:54:49.154 [pool-6-thread-1] DEBUG org.apache.s4.core.monitor.S4Monitor - [PE] processElements.MongoPE | [λ] 166 | [μ] 166 | [ρ] 0.9431818181818182
18:54:54.153 [pool-6-thread-1] DEBUG org.apache.s4.core.monitor.S4Monitor - [PE] processElements.ProcessOnePE | [λ] 494 | [μ] 249 | [ρ] 1.9073359073359073
18:54:54.154 [pool-6-thread-1] DEBUG org.apache.s4.core.monitor.S4Monitor - [PE] processElements.ProcessTwoPE | [λ] 249 | [μ] 166 | [ρ] 1.4147727272727273
18:54:54.154 [pool-6-thread-1] DEBUG org.apache.s4.core.monitor.S4Monitor - [PE] processElements.MongoPE | [λ] 166 | [μ] 166 | [ρ] 0.9431818181818182
18:54:59.153 [pool-6-thread-1] DEBUG org.apache.s4.core.monitor.S4Monitor - [PE] processElements.ProcessOnePE | [λ] 495 | [μ] 248 | [ρ] 1.9186046511627908
18:54:59.154 [pool-6-thread-1] DEBUG org.apache.s4.core.monitor.S4Monitor - [PE] processElements.ProcessTwoPE | [λ] 248 | [μ] 166 | [ρ] 1.4090909090909092
18:54:59.154 [pool-6-thread-1] DEBUG org.apache.s4.core.monitor.S4Monitor - [PE] processElements.MongoPE | [λ] 166 | [μ] 166 | [ρ] 0.9431818181818182
18:55:04.153 [pool-6-thread-1] DEBUG org.apache.s4.core.monitor.S4Monitor - [PE] processElements.ProcessOnePE | [λ] 494 | [μ] 249 | [ρ] 1.9073359073359073
18:55:04.154 [pool-6-thread-1] DEBUG org.apache.s4.core.monitor.S4Monitor - [PE] processElements.ProcessTwoPE | [λ] 249 | [μ] 166 | [ρ] 1.4147727272727273
18:55:04.154 [pool-6-thread-1] DEBUG org.apache.s4.core.monitor.S4Monitor - [PE] processElements.MongoPE | [λ] 166 | [μ] 166 | [ρ] 0.9431818181818182
18:55:09.153 [pool-6-thread-1] DEBUG org.apache.s4.core.monitor.S4Monitor - [PE] processElements.ProcessOnePE | [λ] 494 | [μ] 247 | [ρ] 1.9221789883268483
18:55:09.154 [pool-6-thread-1] DEBUG org.apache.s4.core.monitor.S4Monitor - [PE] processElements.ProcessTwoPE | [λ] 247 | [μ] 165 | [ρ] 1.4114285714285715
18:55:09.154 [pool-6-thread-1] DEBUG org.apache.s4.core.monitor.S4Monitor - [PE] processElements.MongoPE | [λ] 165 | [μ] 164 | [ρ] 0.9482758620689655
18:55:14.153 [pool-6-thread-1] DEBUG org.apache.s4.core.monitor.S4Monitor - [PE] processElements.ProcessOnePE | [λ] 494 | [μ] 249 | [ρ] 1.9073359073359073
18:55:14.154 [pool-6-thread-1] DEBUG org.apache.s4.core.monitor.S4Monitor - [PE] processElements.ProcessTwoPE | [λ] 249 | [μ] 166 | [ρ] 1.4147727272727273
18:55:14.154 [pool-6-thread-1] DEBUG org.apache.s4.core.monitor.S4Monitor - [PE] processElements.MongoPE | [λ] 166 | [μ] 166 | [ρ] 0.9431818181818182
18:55:19.153 [pool-6-thread-1] DEBUG org.apache.s4.core.monitor.S4Monitor - [PE] processElements.ProcessOnePE | [λ] 495 | [μ] 248 | [ρ] 1.9186046511627908
18:55:19.154 [pool-6-thread-1] DEBUG org.apache.s4.core.monitor.S4Monitor - [PE] processElements.ProcessTwoPE | [λ] 248 | [μ] 166 | [ρ] 1.4090909090909092
18:55:19.154 [pool-6-thread-1] DEBUG org.apache.s4.core.monitor.S4Monitor - [PE] processElements.MongoPE | [λ] 166 | [μ] 166 | [ρ] 0.9431818181818182
18:55:24.153 [pool-6-thread-1] DEBUG org.apache.s4.core.monitor.S4Monitor - [PE] processElements.ProcessOnePE | [λ] 494 | [μ] 249 | [ρ] 1.9073359073359073
18:55:24.154 [pool-6-thread-1] DEBUG org.apache.s4.core.monitor.S4Monitor - [PE] processElements.ProcessTwoPE | [λ] 249 | [μ] 166 | [ρ] 1.4147727272727273
18:55:24.154 [pool-6-thread-1] DEBUG org.apache.s4.core.monitor.S4Monitor - [PE] processElements.MongoPE | [λ] 166 | [μ] 166 | [ρ] 0.9431818181818182
18:55:29.153 [pool-6-thread-1] DEBUG org.apache.s4.core.monitor.S4Monitor - [PE] processElements.ProcessOnePE | [λ] 494 | [μ] 248 | [ρ] 1.9147286821705427
18:55:29.154 [pool-6-thread-1] DEBUG org.apache.s4.core.monitor.S4Monitor - [PE] processElements.ProcessTwoPE | [λ] 248 | [μ] 166 | [ρ] 1.4090909090909092
18:55:29.155 [pool-6-thread-1] DEBUG org.apache.s4.core.monitor.S4Monitor - [PE] processElements.MongoPE | [λ] 166 | [μ] 166 | [ρ] 0.9431818181818182
18:55:34.153 [pool-6-thread-1] DEBUG org.apache.s4.core.monitor.S4Monitor - [PE] processElements.ProcessOnePE | [λ] 495 | [μ] 249 | [ρ] 1.9111969111969112
18:55:34.154 [pool-6-thread-1] DEBUG org.apache.s4.core.monitor.S4Monitor - [PE] processElements.ProcessTwoPE | [λ] 249 | [μ] 166 | [ρ] 1.4147727272727273
18:55:34.154 [pool-6-thread-1] DEBUG org.apache.s4.core.monitor.S4Monitor - [PE] processElements.MongoPE | [λ] 166 | [μ] 166 | [ρ] 0.9431818181818182
18:55:39.153 [pool-6-thread-1] DEBUG org.apache.s4.core.monitor.S4Monitor - [PE] processElements.ProcessOnePE | [λ] 494 | [μ] 249 | [ρ] 1.9073359073359073
18:55:39.154 [pool-6-thread-1] DEBUG org.apache.s4.core.monitor.S4Monitor - [PE] processElements.ProcessTwoPE | [λ] 249 | [μ] 166 | [ρ] 1.4147727272727273
18:55:39.154 [pool-6-thread-1] DEBUG org.apache.s4.core.monitor.S4Monitor - [PE] processElements.MongoPE | [λ] 166 | [μ] 166 | [ρ] 0.9431818181818182
18:55:44.153 [pool-6-thread-1] DEBUG org.apache.s4.core.monitor.S4Monitor - [PE] processElements.ProcessOnePE | [λ] 494 | [μ] 248 | [ρ] 1.9147286821705427
18:55:44.154 [pool-6-thread-1] DEBUG org.apache.s4.core.monitor.S4Monitor - [PE] processElements.ProcessTwoPE | [λ] 248 | [μ] 166 | [ρ] 1.4090909090909092
18:55:44.154 [pool-6-thread-1] DEBUG org.apache.s4.core.monitor.S4Monitor - [PE] processElements.MongoPE | [λ] 166 | [μ] 166 | [ρ] 0.9431818181818182
18:55:49.153 [pool-6-thread-1] DEBUG org.apache.s4.core.monitor.S4Monitor - [PE] processElements.ProcessOnePE | [λ] 494 | [μ] 249 | [ρ] 1.9073359073359073
18:55:49.154 [pool-6-thread-1] DEBUG org.apache.s4.core.monitor.S4Monitor - [PE] processElements.ProcessTwoPE | [λ] 249 | [μ] 166 | [ρ] 1.4147727272727273
18:55:49.154 [pool-6-thread-1] DEBUG org.apache.s4.core.monitor.S4Monitor - [PE] processElements.MongoPE | [λ] 166 | [μ] 166 | [ρ] 0.9431818181818182
18:55:54.153 [pool-6-thread-1] DEBUG org.apache.s4.core.monitor.S4Monitor - [PE] processElements.ProcessOnePE | [λ] 495 | [μ] 248 | [ρ] 1.9186046511627908
18:55:54.154 [pool-6-thread-1] DEBUG org.apache.s4.core.monitor.S4Monitor - [PE] processElements.ProcessTwoPE | [λ] 248 | [μ] 166 | [ρ] 1.4090909090909092
18:55:54.154 [pool-6-thread-1] DEBUG org.apache.s4.core.monitor.S4Monitor - [PE] processElements.MongoPE | [λ] 166 | [μ] 166 | [ρ] 0.9431818181818182
18:55:59.154 [pool-6-thread-1] DEBUG org.apache.s4.core.monitor.S4Monitor - [PE] processElements.ProcessOnePE | [λ] 494 | [μ] 249 | [ρ] 1.9073359073359073
18:55:59.154 [pool-6-thread-1] DEBUG org.apache.s4.core.monitor.S4Monitor - [PE] processElements.ProcessTwoPE | [λ] 249 | [μ] 166 | [ρ] 1.4147727272727273
18:55:59.154 [pool-6-thread-1] DEBUG org.apache.s4.core.monitor.S4Monitor - [PE] processElements.MongoPE | [λ] 166 | [μ] 166 | [ρ] 0.9431818181818182
18:56:04.153 [pool-6-thread-1] DEBUG org.apache.s4.core.monitor.S4Monitor - [PE] processElements.ProcessOnePE | [λ] 494 | [μ] 249 | [ρ] 1.9073359073359073
18:56:04.154 [pool-6-thread-1] DEBUG org.apache.s4.core.monitor.S4Monitor - [PE] processElements.ProcessTwoPE | [λ] 249 | [μ] 166 | [ρ] 1.4147727272727273
18:56:04.154 [pool-6-thread-1] DEBUG org.apache.s4.core.monitor.S4Monitor - [PE] processElements.MongoPE | [λ] 166 | [μ] 166 | [ρ] 0.9431818181818182
18:56:09.154 [pool-6-thread-1] DEBUG org.apache.s4.core.monitor.S4Monitor - [PE] processElements.ProcessOnePE | [λ] 495 | [μ] 248 | [ρ] 1.9186046511627908
18:56:09.154 [pool-6-thread-1] DEBUG org.apache.s4.core.monitor.S4Monitor - [PE] processElements.ProcessTwoPE | [λ] 248 | [μ] 166 | [ρ] 1.4090909090909092
18:56:09.154 [pool-6-thread-1] DEBUG org.apache.s4.core.monitor.S4Monitor - [PE] processElements.MongoPE | [λ] 166 | [μ] 166 | [ρ] 0.9431818181818182
18:56:14.153 [pool-6-thread-1] DEBUG org.apache.s4.core.monitor.S4Monitor - [PE] processElements.ProcessOnePE | [λ] 494 | [μ] 249 | [ρ] 1.9073359073359073
18:56:14.154 [pool-6-thread-1] DEBUG org.apache.s4.core.monitor.S4Monitor - [PE] processElements.ProcessTwoPE | [λ] 249 | [μ] 166 | [ρ] 1.4147727272727273
18:56:14.154 [pool-6-thread-1] DEBUG org.apache.s4.core.monitor.S4Monitor - [PE] processElements.MongoPE | [λ] 166 | [μ] 166 | [ρ] 0.9431818181818182
18:56:19.153 [pool-6-thread-1] DEBUG org.apache.s4.core.monitor.S4Monitor - [PE] processElements.ProcessOnePE | [λ] 494 | [μ] 248 | [ρ] 1.9147286821705427
18:56:19.154 [pool-6-thread-1] DEBUG org.apache.s4.core.monitor.S4Monitor - [PE] processElements.ProcessTwoPE | [λ] 248 | [μ] 166 | [ρ] 1.4090909090909092
18:56:19.154 [pool-6-thread-1] DEBUG org.apache.s4.core.monitor.S4Monitor - [PE] processElements.MongoPE | [λ] 166 | [μ] 166 | [ρ] 0.9431818181818182
18:56:24.153 [pool-6-thread-1] DEBUG org.apache.s4.core.monitor.S4Monitor - [PE] processElements.ProcessOnePE | [λ] 495 | [μ] 249 | [ρ] 1.9111969111969112
18:56:24.154 [pool-6-thread-1] DEBUG org.apache.s4.core.monitor.S4Monitor - [PE] processElements.ProcessTwoPE | [λ] 249 | [μ] 166 | [ρ] 1.4147727272727273
18:56:24.154 [pool-6-thread-1] DEBUG org.apache.s4.core.monitor.S4Monitor - [PE] processElements.MongoPE | [λ] 166 | [μ] 166 | [ρ] 0.9431818181818182
18:56:29.154 [pool-6-thread-1] DEBUG org.apache.s4.core.monitor.S4Monitor - [PE] processElements.ProcessOnePE | [λ] 494 | [μ] 249 | [ρ] 1.9073359073359073
18:56:29.154 [pool-6-thread-1] DEBUG org.apache.s4.core.monitor.S4Monitor - [PE] processElements.ProcessTwoPE | [λ] 249 | [μ] 166 | [ρ] 1.4147727272727273
18:56:29.154 [pool-6-thread-1] DEBUG org.apache.s4.core.monitor.S4Monitor - [PE] processElements.MongoPE | [λ] 166 | [μ] 166 | [ρ] 0.9431818181818182
18:56:34.153 [pool-6-thread-1] DEBUG org.apache.s4.core.monitor.S4Monitor - [PE] processElements.ProcessOnePE | [λ] 494 | [μ] 248 | [ρ] 1.9147286821705427
18:56:34.154 [pool-6-thread-1] DEBUG org.apache.s4.core.monitor.S4Monitor - [PE] processElements.ProcessTwoPE | [λ] 248 | [μ] 166 | [ρ] 1.4090909090909092
18:56:34.154 [pool-6-thread-1] DEBUG org.apache.s4.core.monitor.S4Monitor - [PE] processElements.MongoPE | [λ] 166 | [μ] 166 | [ρ] 0.9431818181818182
18:56:39.153 [pool-6-thread-1] DEBUG org.apache.s4.core.monitor.S4Monitor - [PE] processElements.ProcessOnePE | [λ] 495 | [μ] 249 | [ρ] 1.9111969111969112
18:56:39.154 [pool-6-thread-1] DEBUG org.apache.s4.core.monitor.S4Monitor - [PE] processElements.ProcessTwoPE | [λ] 249 | [μ] 166 | [ρ] 1.4147727272727273
18:56:39.154 [pool-6-thread-1] DEBUG org.apache.s4.core.monitor.S4Monitor - [PE] processElements.MongoPE | [λ] 166 | [μ] 166 | [ρ] 0.9431818181818182
18:56:44.153 [pool-6-thread-1] DEBUG org.apache.s4.core.monitor.S4Monitor - [PE] processElements.ProcessOnePE | [λ] 494 | [μ] 248 | [ρ] 1.9147286821705427
18:56:44.154 [pool-6-thread-1] DEBUG org.apache.s4.core.monitor.S4Monitor - [PE] processElements.ProcessTwoPE | [λ] 248 | [μ] 166 | [ρ] 1.4090909090909092
18:56:44.154 [pool-6-thread-1] DEBUG org.apache.s4.core.monitor.S4Monitor - [PE] processElements.MongoPE | [λ] 166 | [μ] 166 | [ρ] 0.9431818181818182
18:56:49.153 [pool-6-thread-1] DEBUG org.apache.s4.core.monitor.S4Monitor - [PE] processElements.ProcessOnePE | [λ] 494 | [μ] 249 | [ρ] 1.9073359073359073
18:56:49.153 [pool-6-thread-1] DEBUG org.apache.s4.core.monitor.S4Monitor - [PE] processElements.ProcessTwoPE | [λ] 249 | [μ] 166 | [ρ] 1.4147727272727273
18:56:49.154 [pool-6-thread-1] DEBUG org.apache.s4.core.monitor.S4Monitor - [PE] processElements.MongoPE | [λ] 166 | [μ] 166 | [ρ] 0.9431818181818182
18:56:54.153 [pool-6-thread-1] DEBUG org.apache.s4.core.monitor.S4Monitor - [PE] processElements.ProcessOnePE | [λ] 495 | [μ] 249 | [ρ] 1.9111969111969112
18:56:54.154 [pool-6-thread-1] DEBUG org.apache.s4.core.monitor.S4Monitor - [PE] processElements.ProcessTwoPE | [λ] 249 | [μ] 166 | [ρ] 1.4147727272727273
18:56:54.154 [pool-6-thread-1] DEBUG org.apache.s4.core.monitor.S4Monitor - [PE] processElements.MongoPE | [λ] 166 | [μ] 166 | [ρ] 0.9431818181818182
18:56:59.153 [pool-6-thread-1] DEBUG org.apache.s4.core.monitor.S4Monitor - [PE] processElements.ProcessOnePE | [λ] 494 | [μ] 248 | [ρ] 1.9147286821705427
18:56:59.154 [pool-6-thread-1] DEBUG org.apache.s4.core.monitor.S4Monitor - [PE] processElements.ProcessTwoPE | [λ] 248 | [μ] 166 | [ρ] 1.4090909090909092
18:56:59.154 [pool-6-thread-1] DEBUG org.apache.s4.core.monitor.S4Monitor - [PE] processElements.MongoPE | [λ] 166 | [μ] 166 | [ρ] 0.9431818181818182
18:57:04.153 [pool-6-thread-1] DEBUG org.apache.s4.core.monitor.S4Monitor - [PE] processElements.ProcessOnePE | [λ] 494 | [μ] 249 | [ρ] 1.9073359073359073
18:57:04.154 [pool-6-thread-1] DEBUG org.apache.s4.core.monitor.S4Monitor - [PE] processElements.ProcessTwoPE | [λ] 249 | [μ] 166 | [ρ] 1.4147727272727273
18:57:04.154 [pool-6-thread-1] DEBUG org.apache.s4.core.monitor.S4Monitor - [PE] processElements.MongoPE | [λ] 166 | [μ] 166 | [ρ] 0.9431818181818182
18:57:09.153 [pool-6-thread-1] DEBUG org.apache.s4.core.monitor.S4Monitor - [PE] processElements.ProcessOnePE | [λ] 494 | [μ] 248 | [ρ] 1.9147286821705427
18:57:09.154 [pool-6-thread-1] DEBUG org.apache.s4.core.monitor.S4Monitor - [PE] processElements.ProcessTwoPE | [λ] 248 | [μ] 166 | [ρ] 1.4090909090909092
18:57:09.154 [pool-6-thread-1] DEBUG org.apache.s4.core.monitor.S4Monitor - [PE] processElements.MongoPE | [λ] 166 | [μ] 166 | [ρ] 0.9431818181818182
18:57:14.153 [pool-6-thread-1] DEBUG org.apache.s4.core.monitor.S4Monitor - [PE] processElements.ProcessOnePE | [λ] 495 | [μ] 249 | [ρ] 1.9111969111969112
18:57:14.154 [pool-6-thread-1] DEBUG org.apache.s4.core.monitor.S4Monitor - [PE] processElements.ProcessTwoPE | [λ] 249 | [μ] 166 | [ρ] 1.4147727272727273
18:57:14.154 [pool-6-thread-1] DEBUG org.apache.s4.core.monitor.S4Monitor - [PE] processElements.MongoPE | [λ] 166 | [μ] 166 | [ρ] 0.9431818181818182
18:57:19.153 [pool-6-thread-1] DEBUG org.apache.s4.core.monitor.S4Monitor - [PE] processElements.ProcessOnePE | [λ] 494 | [μ] 249 | [ρ] 1.9073359073359073
18:57:19.154 [pool-6-thread-1] DEBUG org.apache.s4.core.monitor.S4Monitor - [PE] processElements.ProcessTwoPE | [λ] 249 | [μ] 166 | [ρ] 1.4147727272727273
18:57:19.154 [pool-6-thread-1] DEBUG org.apache.s4.core.monitor.S4Monitor - [PE] processElements.MongoPE | [λ] 166 | [μ] 166 | [ρ] 0.9431818181818182
18:57:24.153 [pool-6-thread-1] DEBUG org.apache.s4.core.monitor.S4Monitor - [PE] processElements.ProcessOnePE | [λ] 494 | [μ] 248 | [ρ] 1.9147286821705427
18:57:24.154 [pool-6-thread-1] DEBUG org.apache.s4.core.monitor.S4Monitor - [PE] processElements.ProcessTwoPE | [λ] 248 | [μ] 166 | [ρ] 1.4090909090909092
18:57:24.154 [pool-6-thread-1] DEBUG org.apache.s4.core.monitor.S4Monitor - [PE] processElements.MongoPE | [λ] 166 | [μ] 166 | [ρ] 0.9431818181818182
18:57:29.153 [pool-6-thread-1] DEBUG org.apache.s4.core.monitor.S4Monitor - [PE] processElements.ProcessOnePE | [λ] 494 | [μ] 249 | [ρ] 1.9073359073359073
18:57:29.154 [pool-6-thread-1] DEBUG org.apache.s4.core.monitor.S4Monitor - [PE] processElements.ProcessTwoPE | [λ] 249 | [μ] 166 | [ρ] 1.4147727272727273
18:57:29.154 [pool-6-thread-1] DEBUG org.apache.s4.core.monitor.S4Monitor - [PE] processElements.MongoPE | [λ] 166 | [μ] 166 | [ρ] 0.9431818181818182
18:57:34.153 [pool-6-thread-1] DEBUG org.apache.s4.core.monitor.S4Monitor - [PE] processElements.ProcessOnePE | [λ] 495 | [μ] 248 | [ρ] 1.9186046511627908
18:57:34.154 [pool-6-thread-1] DEBUG org.apache.s4.core.monitor.S4Monitor - [PE] processElements.ProcessTwoPE | [λ] 248 | [μ] 166 | [ρ] 1.4090909090909092
18:57:34.154 [pool-6-thread-1] DEBUG org.apache.s4.core.monitor.S4Monitor - [PE] processElements.MongoPE | [λ] 166 | [μ] 166 | [ρ] 0.9431818181818182
18:57:39.153 [pool-6-thread-1] DEBUG org.apache.s4.core.monitor.S4Monitor - [PE] processElements.ProcessOnePE | [λ] 494 | [μ] 249 | [ρ] 1.9073359073359073
18:57:39.154 [pool-6-thread-1] DEBUG org.apache.s4.core.monitor.S4Monitor - [PE] processElements.ProcessTwoPE | [λ] 249 | [μ] 166 | [ρ] 1.4147727272727273
18:57:39.154 [pool-6-thread-1] DEBUG org.apache.s4.core.monitor.S4Monitor - [PE] processElements.MongoPE | [λ] 166 | [μ] 166 | [ρ] 0.9431818181818182
18:57:44.153 [pool-6-thread-1] DEBUG org.apache.s4.core.monitor.S4Monitor - [PE] processElements.ProcessOnePE | [λ] 494 | [μ] 248 | [ρ] 1.9147286821705427
18:57:44.154 [pool-6-thread-1] DEBUG org.apache.s4.core.monitor.S4Monitor - [PE] processElements.ProcessTwoPE | [λ] 248 | [μ] 166 | [ρ] 1.4090909090909092
18:57:44.154 [pool-6-thread-1] DEBUG org.apache.s4.core.monitor.S4Monitor - [PE] processElements.MongoPE | [λ] 166 | [μ] 166 | [ρ] 0.9431818181818182
18:57:49.153 [pool-6-thread-1] DEBUG org.apache.s4.core.monitor.S4Monitor - [PE] processElements.ProcessOnePE | [λ] 494 | [μ] 249 | [ρ] 1.9073359073359073
18:57:49.154 [pool-6-thread-1] DEBUG org.apache.s4.core.monitor.S4Monitor - [PE] processElements.ProcessTwoPE | [λ] 249 | [μ] 166 | [ρ] 1.4147727272727273
18:57:49.154 [pool-6-thread-1] DEBUG org.apache.s4.core.monitor.S4Monitor - [PE] processElements.MongoPE | [λ] 166 | [μ] 166 | [ρ] 0.9431818181818182
18:57:54.153 [pool-6-thread-1] DEBUG org.apache.s4.core.monitor.S4Monitor - [PE] processElements.ProcessOnePE | [λ] 495 | [μ] 249 | [ρ] 1.9111969111969112
18:57:54.153 [pool-6-thread-1] DEBUG org.apache.s4.core.monitor.S4Monitor - [PE] processElements.ProcessTwoPE | [λ] 249 | [μ] 166 | [ρ] 1.4147727272727273
18:57:54.153 [pool-6-thread-1] DEBUG org.apache.s4.core.monitor.S4Monitor - [PE] processElements.MongoPE | [λ] 166 | [μ] 166 | [ρ] 0.9431818181818182
18:57:59.153 [pool-6-thread-1] DEBUG org.apache.s4.core.monitor.S4Monitor - [PE] processElements.ProcessOnePE | [λ] 494 | [μ] 248 | [ρ] 1.9147286821705427
18:57:59.154 [pool-6-thread-1] DEBUG org.apache.s4.core.monitor.S4Monitor - [PE] processElements.ProcessTwoPE | [λ] 248 | [μ] 166 | [ρ] 1.4090909090909092
18:57:59.154 [pool-6-thread-1] DEBUG org.apache.s4.core.monitor.S4Monitor - [PE] processElements.MongoPE | [λ] 166 | [μ] 166 | [ρ] 0.9431818181818182
18:58:04.153 [pool-6-thread-1] DEBUG org.apache.s4.core.monitor.S4Monitor - [PE] processElements.ProcessOnePE | [λ] 494 | [μ] 249 | [ρ] 1.9073359073359073
18:58:04.154 [pool-6-thread-1] DEBUG org.apache.s4.core.monitor.S4Monitor - [PE] processElements.ProcessTwoPE | [λ] 249 | [μ] 166 | [ρ] 1.4147727272727273
18:58:04.154 [pool-6-thread-1] DEBUG org.apache.s4.core.monitor.S4Monitor - [PE] processElements.MongoPE | [λ] 166 | [μ] 166 | [ρ] 0.9431818181818182
18:58:09.153 [pool-6-thread-1] DEBUG org.apache.s4.core.monitor.S4Monitor - [PE] processElements.ProcessOnePE | [λ] 494 | [μ] 248 | [ρ] 1.9147286821705427
18:58:09.154 [pool-6-thread-1] DEBUG org.apache.s4.core.monitor.S4Monitor - [PE] processElements.ProcessTwoPE | [λ] 248 | [μ] 166 | [ρ] 1.4090909090909092
18:58:09.154 [pool-6-thread-1] DEBUG org.apache.s4.core.monitor.S4Monitor - [PE] processElements.MongoPE | [λ] 166 | [μ] 166 | [ρ] 0.9431818181818182
18:58:14.153 [pool-6-thread-1] DEBUG org.apache.s4.core.monitor.S4Monitor - [PE] processElements.ProcessOnePE | [λ] 495 | [μ] 249 | [ρ] 1.9111969111969112
18:58:14.154 [pool-6-thread-1] DEBUG org.apache.s4.core.monitor.S4Monitor - [PE] processElements.ProcessTwoPE | [λ] 249 | [μ] 166 | [ρ] 1.4147727272727273
18:58:14.154 [pool-6-thread-1] DEBUG org.apache.s4.core.monitor.S4Monitor - [PE] processElements.MongoPE | [λ] 166 | [μ] 166 | [ρ] 0.9431818181818182
18:58:19.153 [pool-6-thread-1] DEBUG org.apache.s4.core.monitor.S4Monitor - [PE] processElements.ProcessOnePE | [λ] 494 | [μ] 249 | [ρ] 1.9073359073359073
18:58:19.154 [pool-6-thread-1] DEBUG org.apache.s4.core.monitor.S4Monitor - [PE] processElements.ProcessTwoPE | [λ] 249 | [μ] 166 | [ρ] 1.4147727272727273
18:58:19.154 [pool-6-thread-1] DEBUG org.apache.s4.core.monitor.S4Monitor - [PE] processElements.MongoPE | [λ] 166 | [μ] 166 | [ρ] 0.9431818181818182
18:58:24.153 [pool-6-thread-1] DEBUG org.apache.s4.core.monitor.S4Monitor - [PE] processElements.ProcessOnePE | [λ] 494 | [μ] 248 | [ρ] 1.9147286821705427
18:58:24.154 [pool-6-thread-1] DEBUG org.apache.s4.core.monitor.S4Monitor - [PE] processElements.ProcessTwoPE | [λ] 248 | [μ] 166 | [ρ] 1.4090909090909092
18:58:24.154 [pool-6-thread-1] DEBUG org.apache.s4.core.monitor.S4Monitor - [PE] processElements.MongoPE | [λ] 166 | [μ] 166 | [ρ] 0.9431818181818182
18:58:29.153 [pool-6-thread-1] DEBUG org.apache.s4.core.monitor.S4Monitor - [PE] processElements.ProcessOnePE | [λ] 495 | [μ] 249 | [ρ] 1.9111969111969112
18:58:29.154 [pool-6-thread-1] DEBUG org.apache.s4.core.monitor.S4Monitor - [PE] processElements.ProcessTwoPE | [λ] 249 | [μ] 166 | [ρ] 1.4147727272727273
18:58:29.154 [pool-6-thread-1] DEBUG org.apache.s4.core.monitor.S4Monitor - [PE] processElements.MongoPE | [λ] 166 | [μ] 166 | [ρ] 0.9431818181818182
18:58:34.153 [pool-6-thread-1] DEBUG org.apache.s4.core.monitor.S4Monitor - [PE] processElements.ProcessOnePE | [λ] 495 | [μ] 248 | [ρ] 1.9186046511627908
18:58:34.154 [pool-6-thread-1] DEBUG org.apache.s4.core.monitor.S4Monitor - [PE] processElements.ProcessTwoPE | [λ] 248 | [μ] 166 | [ρ] 1.4090909090909092
18:58:34.154 [pool-6-thread-1] DEBUG org.apache.s4.core.monitor.S4Monitor - [PE] processElements.MongoPE | [λ] 166 | [μ] 166 | [ρ] 0.9431818181818182
18:58:39.153 [pool-6-thread-1] DEBUG org.apache.s4.core.monitor.S4Monitor - [PE] processElements.ProcessOnePE | [λ] 494 | [μ] 249 | [ρ] 1.9073359073359073
18:58:39.154 [pool-6-thread-1] DEBUG org.apache.s4.core.monitor.S4Monitor - [PE] processElements.ProcessTwoPE | [λ] 249 | [μ] 166 | [ρ] 1.4147727272727273
18:58:39.154 [pool-6-thread-1] DEBUG org.apache.s4.core.monitor.S4Monitor - [PE] processElements.MongoPE | [λ] 166 | [μ] 166 | [ρ] 0.9431818181818182
18:58:44.153 [pool-6-thread-1] DEBUG org.apache.s4.core.monitor.S4Monitor - [PE] processElements.ProcessOnePE | [λ] 494 | [μ] 249 | [ρ] 1.9073359073359073
18:58:44.154 [pool-6-thread-1] DEBUG org.apache.s4.core.monitor.S4Monitor - [PE] processElements.ProcessTwoPE | [λ] 249 | [μ] 166 | [ρ] 1.4147727272727273
18:58:44.154 [pool-6-thread-1] DEBUG org.apache.s4.core.monitor.S4Monitor - [PE] processElements.MongoPE | [λ] 166 | [μ] 166 | [ρ] 0.9431818181818182
18:58:49.154 [pool-6-thread-1] DEBUG org.apache.s4.core.monitor.S4Monitor - [PE] processElements.ProcessOnePE | [λ] 495 | [μ] 248 | [ρ] 1.9186046511627908
18:58:49.154 [pool-6-thread-1] DEBUG org.apache.s4.core.monitor.S4Monitor - [PE] processElements.ProcessTwoPE | [λ] 248 | [μ] 166 | [ρ] 1.4090909090909092
18:58:49.155 [pool-6-thread-1] DEBUG org.apache.s4.core.monitor.S4Monitor - [PE] processElements.MongoPE | [λ] 166 | [μ] 166 | [ρ] 0.9431818181818182
18:58:54.153 [pool-6-thread-1] DEBUG org.apache.s4.core.monitor.S4Monitor - [PE] processElements.ProcessOnePE | [λ] 494 | [μ] 249 | [ρ] 1.9073359073359073
18:58:54.153 [pool-6-thread-1] DEBUG org.apache.s4.core.monitor.S4Monitor - [PE] processElements.ProcessTwoPE | [λ] 249 | [μ] 166 | [ρ] 1.4147727272727273
18:58:54.154 [pool-6-thread-1] DEBUG org.apache.s4.core.monitor.S4Monitor - [PE] processElements.MongoPE | [λ] 166 | [μ] 166 | [ρ] 0.9431818181818182
18:58:59.153 [pool-6-thread-1] DEBUG org.apache.s4.core.monitor.S4Monitor - [PE] processElements.ProcessOnePE | [λ] 494 | [μ] 248 | [ρ] 1.9147286821705427
18:58:59.153 [pool-6-thread-1] DEBUG org.apache.s4.core.monitor.S4Monitor - [PE] processElements.ProcessTwoPE | [λ] 248 | [μ] 166 | [ρ] 1.4090909090909092
18:58:59.154 [pool-6-thread-1] DEBUG org.apache.s4.core.monitor.S4Monitor - [PE] processElements.MongoPE | [λ] 166 | [μ] 166 | [ρ] 0.9431818181818182
18:59:04.153 [pool-6-thread-1] DEBUG org.apache.s4.core.monitor.S4Monitor - [PE] processElements.ProcessOnePE | [λ] 371 | [μ] 249 | [ρ] 1.4324324324324325
18:59:04.153 [pool-6-thread-1] DEBUG org.apache.s4.core.monitor.S4Monitor - [PE] processElements.ProcessTwoPE | [λ] 249 | [μ] 166 | [ρ] 1.4147727272727273
18:59:04.154 [pool-6-thread-1] DEBUG org.apache.s4.core.monitor.S4Monitor - [PE] processElements.MongoPE | [λ] 166 | [μ] 166 | [ρ] 0.9431818181818182
18:59:09.153 [pool-6-thread-1] DEBUG org.apache.s4.core.monitor.S4Monitor - [PE] processElements.ProcessOnePE | [λ] 249 | [μ] 249 | [ρ] 0.9613899613899614
18:59:09.153 [pool-6-thread-1] DEBUG org.apache.s4.core.monitor.S4Monitor - [PE] processElements.ProcessTwoPE | [λ] 249 | [μ] 166 | [ρ] 1.4147727272727273
18:59:09.154 [pool-6-thread-1] DEBUG org.apache.s4.core.monitor.S4Monitor - [PE] processElements.MongoPE | [λ] 166 | [μ] 166 | [ρ] 0.9431818181818182
18:59:14.153 [pool-6-thread-1] DEBUG org.apache.s4.core.monitor.S4Monitor - [PE] processElements.ProcessOnePE | [λ] 248 | [μ] 248 | [ρ] 0.9612403100775194
18:59:14.154 [pool-6-thread-1] DEBUG org.apache.s4.core.monitor.S4Monitor - [PE] processElements.ProcessTwoPE | [λ] 248 | [μ] 166 | [ρ] 1.4090909090909092
18:59:14.154 [pool-6-thread-1] DEBUG org.apache.s4.core.monitor.S4Monitor - [PE] processElements.MongoPE | [λ] 166 | [μ] 166 | [ρ] 0.9431818181818182
18:59:19.153 [pool-6-thread-1] DEBUG org.apache.s4.core.monitor.S4Monitor - [PE] processElements.ProcessOnePE | [λ] 249 | [μ] 249 | [ρ] 0.9613899613899614
18:59:19.153 [pool-6-thread-1] DEBUG org.apache.s4.core.monitor.S4Monitor - [PE] processElements.ProcessTwoPE | [λ] 249 | [μ] 166 | [ρ] 1.4147727272727273
18:59:19.154 [pool-6-thread-1] DEBUG org.apache.s4.core.monitor.S4Monitor - [PE] processElements.MongoPE | [λ] 166 | [μ] 166 | [ρ] 0.9431818181818182
18:59:24.154 [pool-6-thread-1] DEBUG org.apache.s4.core.monitor.S4Monitor - [PE] processElements.ProcessOnePE | [λ] 248 | [μ] 248 | [ρ] 0.9612403100775194
18:59:24.154 [pool-6-thread-1] DEBUG org.apache.s4.core.monitor.S4Monitor - [PE] processElements.ProcessTwoPE | [λ] 248 | [μ] 166 | [ρ] 1.4090909090909092
18:59:24.154 [pool-6-thread-1] DEBUG org.apache.s4.core.monitor.S4Monitor - [PE] processElements.MongoPE | [λ] 166 | [μ] 166 | [ρ] 0.9431818181818182
18:59:29.153 [pool-6-thread-1] DEBUG org.apache.s4.core.monitor.S4Monitor - [PE] processElements.ProcessOnePE | [λ] 249 | [μ] 249 | [ρ] 0.9613899613899614
18:59:29.154 [pool-6-thread-1] DEBUG org.apache.s4.core.monitor.S4Monitor - [PE] processElements.ProcessTwoPE | [λ] 249 | [μ] 166 | [ρ] 1.4147727272727273
18:59:29.154 [pool-6-thread-1] DEBUG org.apache.s4.core.monitor.S4Monitor - [PE] processElements.MongoPE | [λ] 166 | [μ] 166 | [ρ] 0.9431818181818182
18:59:34.153 [pool-6-thread-1] DEBUG org.apache.s4.core.monitor.S4Monitor - [PE] processElements.ProcessOnePE | [λ] 249 | [μ] 248 | [ρ] 0.9651162790697675
18:59:34.153 [pool-6-thread-1] DEBUG org.apache.s4.core.monitor.S4Monitor - [PE] processElements.ProcessTwoPE | [λ] 248 | [μ] 166 | [ρ] 1.4090909090909092
18:59:34.154 [pool-6-thread-1] DEBUG org.apache.s4.core.monitor.S4Monitor - [PE] processElements.MongoPE | [λ] 166 | [μ] 166 | [ρ] 0.9431818181818182
18:59:39.153 [pool-6-thread-1] DEBUG org.apache.s4.core.monitor.S4Monitor - [PE] processElements.ProcessOnePE | [λ] 248 | [μ] 249 | [ρ] 0.9575289575289575
18:59:39.153 [pool-6-thread-1] DEBUG org.apache.s4.core.monitor.S4Monitor - [PE] processElements.ProcessTwoPE | [λ] 249 | [μ] 166 | [ρ] 1.4147727272727273
18:59:39.154 [pool-6-thread-1] DEBUG org.apache.s4.core.monitor.S4Monitor - [PE] processElements.MongoPE | [λ] 166 | [μ] 166 | [ρ] 0.9431818181818182
18:59:44.153 [pool-6-thread-1] DEBUG org.apache.s4.core.monitor.S4Monitor - [PE] processElements.ProcessOnePE | [λ] 249 | [μ] 249 | [ρ] 0.9613899613899614
18:59:44.154 [pool-6-thread-1] DEBUG org.apache.s4.core.monitor.S4Monitor - [PE] processElements.ProcessTwoPE | [λ] 249 | [μ] 166 | [ρ] 1.4147727272727273
18:59:44.154 [pool-6-thread-1] DEBUG org.apache.s4.core.monitor.S4Monitor - [PE] processElements.MongoPE | [λ] 166 | [μ] 166 | [ρ] 0.9431818181818182
18:59:49.153 [pool-6-thread-1] DEBUG org.apache.s4.core.monitor.S4Monitor - [PE] processElements.ProcessOnePE | [λ] 248 | [μ] 248 | [ρ] 0.9612403100775194
18:59:49.153 [pool-6-thread-1] DEBUG org.apache.s4.core.monitor.S4Monitor - [PE] processElements.ProcessTwoPE | [λ] 248 | [μ] 166 | [ρ] 1.4090909090909092
18:59:49.154 [pool-6-thread-1] DEBUG org.apache.s4.core.monitor.S4Monitor - [PE] processElements.MongoPE | [λ] 166 | [μ] 166 | [ρ] 0.9431818181818182
18:59:54.153 [pool-6-thread-1] DEBUG org.apache.s4.core.monitor.S4Monitor - [PE] processElements.ProcessOnePE | [λ] 249 | [μ] 249 | [ρ] 0.9613899613899614
18:59:54.153 [pool-6-thread-1] DEBUG org.apache.s4.core.monitor.S4Monitor - [PE] processElements.ProcessTwoPE | [λ] 249 | [μ] 166 | [ρ] 1.4147727272727273
18:59:54.154 [pool-6-thread-1] DEBUG org.apache.s4.core.monitor.S4Monitor - [PE] processElements.MongoPE | [λ] 166 | [μ] 166 | [ρ] 0.9431818181818182
18:59:59.153 [pool-6-thread-1] DEBUG org.apache.s4.core.monitor.S4Monitor - [PE] processElements.ProcessOnePE | [λ] 248 | [μ] 248 | [ρ] 0.9612403100775194
18:59:59.153 [pool-6-thread-1] DEBUG org.apache.s4.core.monitor.S4Monitor - [PE] processElements.ProcessTwoPE | [λ] 248 | [μ] 166 | [ρ] 1.4090909090909092
18:59:59.154 [pool-6-thread-1] DEBUG org.apache.s4.core.monitor.S4Monitor - [PE] processElements.MongoPE | [λ] 166 | [μ] 166 | [ρ] 0.9431818181818182
19:00:04.153 [pool-6-thread-1] DEBUG org.apache.s4.core.monitor.S4Monitor - [PE] processElements.ProcessOnePE | [λ] 249 | [μ] 249 | [ρ] 0.9613899613899614
19:00:04.154 [pool-6-thread-1] DEBUG org.apache.s4.core.monitor.S4Monitor - [PE] processElements.ProcessTwoPE | [λ] 249 | [μ] 166 | [ρ] 1.4147727272727273
19:00:04.154 [pool-6-thread-1] DEBUG org.apache.s4.core.monitor.S4Monitor - [PE] processElements.MongoPE | [λ] 166 | [μ] 166 | [ρ] 0.9431818181818182
19:00:09.153 [pool-6-thread-1] DEBUG org.apache.s4.core.monitor.S4Monitor - [PE] processElements.ProcessOnePE | [λ] 249 | [μ] 249 | [ρ] 0.9613899613899614
19:00:09.153 [pool-6-thread-1] DEBUG org.apache.s4.core.monitor.S4Monitor - [PE] processElements.ProcessTwoPE | [λ] 249 | [μ] 166 | [ρ] 1.4147727272727273
19:00:09.153 [pool-6-thread-1] DEBUG org.apache.s4.core.monitor.S4Monitor - [PE] processElements.MongoPE | [λ] 166 | [μ] 166 | [ρ] 0.9431818181818182
19:00:14.153 [pool-6-thread-1] DEBUG org.apache.s4.core.monitor.S4Monitor - [PE] processElements.ProcessOnePE | [λ] 248 | [μ] 248 | [ρ] 0.9612403100775194
19:00:14.153 [pool-6-thread-1] DEBUG org.apache.s4.core.monitor.S4Monitor - [PE] processElements.ProcessTwoPE | [λ] 248 | [μ] 166 | [ρ] 1.4090909090909092
19:00:14.154 [pool-6-thread-1] DEBUG org.apache.s4.core.monitor.S4Monitor - [PE] processElements.MongoPE | [λ] 166 | [μ] 166 | [ρ] 0.9431818181818182
19:00:19.153 [pool-6-thread-1] DEBUG org.apache.s4.core.monitor.S4Monitor - [PE] processElements.ProcessOnePE | [λ] 249 | [μ] 249 | [ρ] 0.9613899613899614
19:00:19.153 [pool-6-thread-1] DEBUG org.apache.s4.core.monitor.S4Monitor - [PE] processElements.ProcessTwoPE | [λ] 249 | [μ] 166 | [ρ] 1.4147727272727273
19:00:19.154 [pool-6-thread-1] DEBUG org.apache.s4.core.monitor.S4Monitor - [PE] processElements.MongoPE | [λ] 166 | [μ] 166 | [ρ] 0.9431818181818182
19:00:24.153 [pool-6-thread-1] DEBUG org.apache.s4.core.monitor.S4Monitor - [PE] processElements.ProcessOnePE | [λ] 248 | [μ] 248 | [ρ] 0.9612403100775194
19:00:24.153 [pool-6-thread-1] DEBUG org.apache.s4.core.monitor.S4Monitor - [PE] processElements.ProcessTwoPE | [λ] 248 | [μ] 166 | [ρ] 1.4090909090909092
19:00:24.154 [pool-6-thread-1] DEBUG org.apache.s4.core.monitor.S4Monitor - [PE] processElements.MongoPE | [λ] 166 | [μ] 166 | [ρ] 0.9431818181818182
19:00:29.153 [pool-6-thread-1] DEBUG org.apache.s4.core.monitor.S4Monitor - [PE] processElements.ProcessOnePE | [λ] 249 | [μ] 249 | [ρ] 0.9613899613899614
19:00:29.154 [pool-6-thread-1] DEBUG org.apache.s4.core.monitor.S4Monitor - [PE] processElements.ProcessTwoPE | [λ] 249 | [μ] 166 | [ρ] 1.4147727272727273
19:00:29.154 [pool-6-thread-1] DEBUG org.apache.s4.core.monitor.S4Monitor - [PE] processElements.MongoPE | [λ] 166 | [μ] 166 | [ρ] 0.9431818181818182
19:00:34.153 [pool-6-thread-1] DEBUG org.apache.s4.core.monitor.S4Monitor - [PE] processElements.ProcessOnePE | [λ] 249 | [μ] 249 | [ρ] 0.9613899613899614
19:00:34.153 [pool-6-thread-1] DEBUG org.apache.s4.core.monitor.S4Monitor - [PE] processElements.ProcessTwoPE | [λ] 249 | [μ] 166 | [ρ] 1.4147727272727273
19:00:34.154 [pool-6-thread-1] DEBUG org.apache.s4.core.monitor.S4Monitor - [PE] processElements.MongoPE | [λ] 166 | [μ] 166 | [ρ] 0.9431818181818182
19:00:39.153 [pool-6-thread-1] DEBUG org.apache.s4.core.monitor.S4Monitor - [PE] processElements.ProcessOnePE | [λ] 248 | [μ] 248 | [ρ] 0.9612403100775194
19:00:39.153 [pool-6-thread-1] DEBUG org.apache.s4.core.monitor.S4Monitor - [PE] processElements.ProcessTwoPE | [λ] 248 | [μ] 166 | [ρ] 1.4090909090909092
19:00:39.153 [pool-6-thread-1] DEBUG org.apache.s4.core.monitor.S4Monitor - [PE] processElements.MongoPE | [λ] 166 | [μ] 166 | [ρ] 0.9431818181818182
19:00:44.153 [pool-6-thread-1] DEBUG org.apache.s4.core.monitor.S4Monitor - [PE] processElements.ProcessOnePE | [λ] 249 | [μ] 249 | [ρ] 0.9613899613899614
19:00:44.153 [pool-6-thread-1] DEBUG org.apache.s4.core.monitor.S4Monitor - [PE] processElements.ProcessTwoPE | [λ] 249 | [μ] 166 | [ρ] 1.4147727272727273
19:00:44.154 [pool-6-thread-1] DEBUG org.apache.s4.core.monitor.S4Monitor - [PE] processElements.MongoPE | [λ] 166 | [μ] 166 | [ρ] 0.9431818181818182
19:00:49.153 [pool-6-thread-1] DEBUG org.apache.s4.core.monitor.S4Monitor - [PE] processElements.ProcessOnePE | [λ] 248 | [μ] 248 | [ρ] 0.9612403100775194
19:00:49.153 [pool-6-thread-1] DEBUG org.apache.s4.core.monitor.S4Monitor - [PE] processElements.ProcessTwoPE | [λ] 248 | [μ] 166 | [ρ] 1.4090909090909092
19:00:49.153 [pool-6-thread-1] DEBUG org.apache.s4.core.monitor.S4Monitor - [PE] processElements.MongoPE | [λ] 166 | [μ] 167 | [ρ] 0.9378531073446328
19:00:54.153 [pool-6-thread-1] DEBUG org.apache.s4.core.monitor.S4Monitor - [PE] processElements.ProcessOnePE | [λ] 249 | [μ] 249 | [ρ] 0.9613899613899614
19:00:54.154 [pool-6-thread-1] DEBUG org.apache.s4.core.monitor.S4Monitor - [PE] processElements.ProcessTwoPE | [λ] 249 | [μ] 166 | [ρ] 1.4147727272727273
19:00:54.154 [pool-6-thread-1] DEBUG org.apache.s4.core.monitor.S4Monitor - [PE] processElements.MongoPE | [λ] 166 | [μ] 166 | [ρ] 0.9431818181818182
19:00:59.153 [pool-6-thread-1] DEBUG org.apache.s4.core.monitor.S4Monitor - [PE] processElements.ProcessOnePE | [λ] 248 | [μ] 249 | [ρ] 0.9575289575289575
19:00:59.153 [pool-6-thread-1] DEBUG org.apache.s4.core.monitor.S4Monitor - [PE] processElements.ProcessTwoPE | [λ] 249 | [μ] 166 | [ρ] 1.4147727272727273
19:00:59.154 [pool-6-thread-1] DEBUG org.apache.s4.core.monitor.S4Monitor - [PE] processElements.MongoPE | [λ] 166 | [μ] 166 | [ρ] 0.9431818181818182
19:01:04.153 [pool-6-thread-1] DEBUG org.apache.s4.core.monitor.S4Monitor - [PE] processElements.ProcessOnePE | [λ] 249 | [μ] 248 | [ρ] 0.9651162790697675
19:01:04.154 [pool-6-thread-1] DEBUG org.apache.s4.core.monitor.S4Monitor - [PE] processElements.ProcessTwoPE | [λ] 248 | [μ] 166 | [ρ] 1.4090909090909092
19:01:04.154 [pool-6-thread-1] DEBUG org.apache.s4.core.monitor.S4Monitor - [PE] processElements.MongoPE | [λ] 166 | [μ] 166 | [ρ] 0.9431818181818182
19:01:09.153 [pool-6-thread-1] DEBUG org.apache.s4.core.monitor.S4Monitor - [PE] processElements.ProcessOnePE | [λ] 248 | [μ] 249 | [ρ] 0.9575289575289575
19:01:09.153 [pool-6-thread-1] DEBUG org.apache.s4.core.monitor.S4Monitor - [PE] processElements.ProcessTwoPE | [λ] 249 | [μ] 166 | [ρ] 1.4147727272727273
19:01:09.154 [pool-6-thread-1] DEBUG org.apache.s4.core.monitor.S4Monitor - [PE] processElements.MongoPE | [λ] 166 | [μ] 166 | [ρ] 0.9431818181818182
19:01:14.153 [pool-6-thread-1] DEBUG org.apache.s4.core.monitor.S4Monitor - [PE] processElements.ProcessOnePE | [λ] 249 | [μ] 248 | [ρ] 0.9651162790697675
19:01:14.153 [pool-6-thread-1] DEBUG org.apache.s4.core.monitor.S4Monitor - [PE] processElements.ProcessTwoPE | [λ] 248 | [μ] 166 | [ρ] 1.4090909090909092
19:01:14.154 [pool-6-thread-1] DEBUG org.apache.s4.core.monitor.S4Monitor - [PE] processElements.MongoPE | [λ] 166 | [μ] 166 | [ρ] 0.9431818181818182
19:01:19.153 [pool-6-thread-1] DEBUG org.apache.s4.core.monitor.S4Monitor - [PE] processElements.ProcessOnePE | [λ] 249 | [μ] 249 | [ρ] 0.9613899613899614
19:01:19.153 [pool-6-thread-1] DEBUG org.apache.s4.core.monitor.S4Monitor - [PE] processElements.ProcessTwoPE | [λ] 249 | [μ] 166 | [ρ] 1.4147727272727273
19:01:19.153 [pool-6-thread-1] DEBUG org.apache.s4.core.monitor.S4Monitor - [PE] processElements.MongoPE | [λ] 166 | [μ] 166 | [ρ] 0.9431818181818182
19:01:24.153 [pool-6-thread-1] DEBUG org.apache.s4.core.monitor.S4Monitor - [PE] processElements.ProcessOnePE | [λ] 248 | [μ] 249 | [ρ] 0.9575289575289575
19:01:24.153 [pool-6-thread-1] DEBUG org.apache.s4.core.monitor.S4Monitor - [PE] processElements.ProcessTwoPE | [λ] 249 | [μ] 166 | [ρ] 1.4147727272727273
19:01:24.154 [pool-6-thread-1] DEBUG org.apache.s4.core.monitor.S4Monitor - [PE] processElements.MongoPE | [λ] 166 | [μ] 166 | [ρ] 0.9431818181818182
19:01:29.153 [pool-6-thread-1] DEBUG org.apache.s4.core.monitor.S4Monitor - [PE] processElements.ProcessOnePE | [λ] 249 | [μ] 248 | [ρ] 0.9651162790697675
19:01:29.153 [pool-6-thread-1] DEBUG org.apache.s4.core.monitor.S4Monitor - [PE] processElements.ProcessTwoPE | [λ] 248 | [μ] 166 | [ρ] 1.4090909090909092
19:01:29.154 [pool-6-thread-1] DEBUG org.apache.s4.core.monitor.S4Monitor - [PE] processElements.MongoPE | [λ] 166 | [μ] 166 | [ρ] 0.9431818181818182
19:01:34.153 [pool-6-thread-1] DEBUG org.apache.s4.core.monitor.S4Monitor - [PE] processElements.ProcessOnePE | [λ] 248 | [μ] 249 | [ρ] 0.9575289575289575
19:01:34.153 [pool-6-thread-1] DEBUG org.apache.s4.core.monitor.S4Monitor - [PE] processElements.ProcessTwoPE | [λ] 249 | [μ] 166 | [ρ] 1.4147727272727273
19:01:34.154 [pool-6-thread-1] DEBUG org.apache.s4.core.monitor.S4Monitor - [PE] processElements.MongoPE | [λ] 166 | [μ] 166 | [ρ] 0.9431818181818182
19:01:39.153 [pool-6-thread-1] DEBUG org.apache.s4.core.monitor.S4Monitor - [PE] processElements.ProcessOnePE | [λ] 249 | [μ] 248 | [ρ] 0.9651162790697675
19:01:39.154 [pool-6-thread-1] DEBUG org.apache.s4.core.monitor.S4Monitor - [PE] processElements.ProcessTwoPE | [λ] 248 | [μ] 166 | [ρ] 1.4090909090909092
19:01:39.154 [pool-6-thread-1] DEBUG org.apache.s4.core.monitor.S4Monitor - [PE] processElements.MongoPE | [λ] 166 | [μ] 166 | [ρ] 0.9431818181818182
19:01:44.153 [pool-6-thread-1] DEBUG org.apache.s4.core.monitor.S4Monitor - [PE] processElements.ProcessOnePE | [λ] 248 | [μ] 249 | [ρ] 0.9575289575289575
19:01:44.153 [pool-6-thread-1] DEBUG org.apache.s4.core.monitor.S4Monitor - [PE] processElements.ProcessTwoPE | [λ] 249 | [μ] 166 | [ρ] 1.4147727272727273
19:01:44.154 [pool-6-thread-1] DEBUG org.apache.s4.core.monitor.S4Monitor - [PE] processElements.MongoPE | [λ] 166 | [μ] 166 | [ρ] 0.9431818181818182
19:01:49.153 [pool-6-thread-1] DEBUG org.apache.s4.core.monitor.S4Monitor - [PE] processElements.ProcessOnePE | [λ] 249 | [μ] 249 | [ρ] 0.9613899613899614
19:01:49.153 [pool-6-thread-1] DEBUG org.apache.s4.core.monitor.S4Monitor - [PE] processElements.ProcessTwoPE | [λ] 249 | [μ] 166 | [ρ] 1.4147727272727273
19:01:49.153 [pool-6-thread-1] DEBUG org.apache.s4.core.monitor.S4Monitor - [PE] processElements.MongoPE | [λ] 166 | [μ] 166 | [ρ] 0.9431818181818182
19:01:54.153 [pool-6-thread-1] DEBUG org.apache.s4.core.monitor.S4Monitor - [PE] processElements.ProcessOnePE | [λ] 248 | [μ] 248 | [ρ] 0.9612403100775194
19:01:54.153 [pool-6-thread-1] DEBUG org.apache.s4.core.monitor.S4Monitor - [PE] processElements.ProcessTwoPE | [λ] 248 | [μ] 166 | [ρ] 1.4090909090909092
19:01:54.154 [pool-6-thread-1] DEBUG org.apache.s4.core.monitor.S4Monitor - [PE] processElements.MongoPE | [λ] 166 | [μ] 166 | [ρ] 0.9431818181818182
19:01:59.153 [pool-6-thread-1] DEBUG org.apache.s4.core.monitor.S4Monitor - [PE] processElements.ProcessOnePE | [λ] 249 | [μ] 249 | [ρ] 0.9613899613899614
19:01:59.153 [pool-6-thread-1] DEBUG org.apache.s4.core.monitor.S4Monitor - [PE] processElements.ProcessTwoPE | [λ] 249 | [μ] 166 | [ρ] 1.4147727272727273
19:01:59.154 [pool-6-thread-1] DEBUG org.apache.s4.core.monitor.S4Monitor - [PE] processElements.MongoPE | [λ] 166 | [μ] 166 | [ρ] 0.9431818181818182
19:02:04.153 [pool-6-thread-1] DEBUG org.apache.s4.core.monitor.S4Monitor - [PE] processElements.ProcessOnePE | [λ] 249 | [μ] 248 | [ρ] 0.9651162790697675
19:02:04.153 [pool-6-thread-1] DEBUG org.apache.s4.core.monitor.S4Monitor - [PE] processElements.ProcessTwoPE | [λ] 248 | [μ] 166 | [ρ] 1.4090909090909092
19:02:04.153 [pool-6-thread-1] DEBUG org.apache.s4.core.monitor.S4Monitor - [PE] processElements.MongoPE | [λ] 166 | [μ] 166 | [ρ] 0.9431818181818182
19:02:09.153 [pool-6-thread-1] DEBUG org.apache.s4.core.monitor.S4Monitor - [PE] processElements.ProcessOnePE | [λ] 248 | [μ] 249 | [ρ] 0.9575289575289575
19:02:09.153 [pool-6-thread-1] DEBUG org.apache.s4.core.monitor.S4Monitor - [PE] processElements.ProcessTwoPE | [λ] 249 | [μ] 166 | [ρ] 1.4147727272727273
19:02:09.154 [pool-6-thread-1] DEBUG org.apache.s4.core.monitor.S4Monitor - [PE] processElements.MongoPE | [λ] 166 | [μ] 166 | [ρ] 0.9431818181818182
19:02:14.153 [pool-6-thread-1] DEBUG org.apache.s4.core.monitor.S4Monitor - [PE] processElements.ProcessOnePE | [λ] 249 | [μ] 249 | [ρ] 0.9613899613899614
19:02:14.154 [pool-6-thread-1] DEBUG org.apache.s4.core.monitor.S4Monitor - [PE] processElements.ProcessTwoPE | [λ] 249 | [μ] 166 | [ρ] 1.4147727272727273
19:02:14.154 [pool-6-thread-1] DEBUG org.apache.s4.core.monitor.S4Monitor - [PE] processElements.MongoPE | [λ] 166 | [μ] 166 | [ρ] 0.9431818181818182
19:02:19.153 [pool-6-thread-1] DEBUG org.apache.s4.core.monitor.S4Monitor - [PE] processElements.ProcessOnePE | [λ] 248 | [μ] 248 | [ρ] 0.9612403100775194
19:02:19.153 [pool-6-thread-1] DEBUG org.apache.s4.core.monitor.S4Monitor - [PE] processElements.ProcessTwoPE | [λ] 248 | [μ] 166 | [ρ] 1.4090909090909092
19:02:19.154 [pool-6-thread-1] DEBUG org.apache.s4.core.monitor.S4Monitor - [PE] processElements.MongoPE | [λ] 166 | [μ] 166 | [ρ] 0.9431818181818182
19:02:24.153 [pool-6-thread-1] DEBUG org.apache.s4.core.monitor.S4Monitor - [PE] processElements.ProcessOnePE | [λ] 249 | [μ] 249 | [ρ] 0.9613899613899614
19:02:24.154 [pool-6-thread-1] DEBUG org.apache.s4.core.monitor.S4Monitor - [PE] processElements.ProcessTwoPE | [λ] 249 | [μ] 166 | [ρ] 1.4147727272727273
19:02:24.154 [pool-6-thread-1] DEBUG org.apache.s4.core.monitor.S4Monitor - [PE] processElements.MongoPE | [λ] 166 | [μ] 166 | [ρ] 0.9431818181818182
19:02:29.153 [pool-6-thread-1] DEBUG org.apache.s4.core.monitor.S4Monitor - [PE] processElements.ProcessOnePE | [λ] 248 | [μ] 248 | [ρ] 0.9612403100775194
19:02:29.153 [pool-6-thread-1] DEBUG org.apache.s4.core.monitor.S4Monitor - [PE] processElements.ProcessTwoPE | [λ] 248 | [μ] 166 | [ρ] 1.4090909090909092
19:02:29.154 [pool-6-thread-1] DEBUG org.apache.s4.core.monitor.S4Monitor - [PE] processElements.MongoPE | [λ] 166 | [μ] 166 | [ρ] 0.9431818181818182
19:02:34.153 [pool-6-thread-1] DEBUG org.apache.s4.core.monitor.S4Monitor - [PE] processElements.ProcessOnePE | [λ] 249 | [μ] 249 | [ρ] 0.9613899613899614
19:02:34.153 [pool-6-thread-1] DEBUG org.apache.s4.core.monitor.S4Monitor - [PE] processElements.ProcessTwoPE | [λ] 249 | [μ] 166 | [ρ] 1.4147727272727273
19:02:34.154 [pool-6-thread-1] DEBUG org.apache.s4.core.monitor.S4Monitor - [PE] processElements.MongoPE | [λ] 166 | [μ] 166 | [ρ] 0.9431818181818182
19:02:39.153 [pool-6-thread-1] DEBUG org.apache.s4.core.monitor.S4Monitor - [PE] processElements.ProcessOnePE | [λ] 249 | [μ] 248 | [ρ] 0.9651162790697675
19:02:39.153 [pool-6-thread-1] DEBUG org.apache.s4.core.monitor.S4Monitor - [PE] processElements.ProcessTwoPE | [λ] 248 | [μ] 166 | [ρ] 1.4090909090909092
19:02:39.154 [pool-6-thread-1] DEBUG org.apache.s4.core.monitor.S4Monitor - [PE] processElements.MongoPE | [λ] 166 | [μ] 166 | [ρ] 0.9431818181818182
19:02:44.153 [pool-6-thread-1] DEBUG org.apache.s4.core.monitor.S4Monitor - [PE] processElements.ProcessOnePE | [λ] 248 | [μ] 249 | [ρ] 0.9575289575289575
19:02:44.153 [pool-6-thread-1] DEBUG org.apache.s4.core.monitor.S4Monitor - [PE] processElements.ProcessTwoPE | [λ] 249 | [μ] 166 | [ρ] 1.4147727272727273
19:02:44.154 [pool-6-thread-1] DEBUG org.apache.s4.core.monitor.S4Monitor - [PE] processElements.MongoPE | [λ] 166 | [μ] 166 | [ρ] 0.9431818181818182
19:02:49.153 [pool-6-thread-1] DEBUG org.apache.s4.core.monitor.S4Monitor - [PE] processElements.ProcessOnePE | [λ] 249 | [μ] 249 | [ρ] 0.9613899613899614
19:02:49.153 [pool-6-thread-1] DEBUG org.apache.s4.core.monitor.S4Monitor - [PE] processElements.ProcessTwoPE | [λ] 249 | [μ] 166 | [ρ] 1.4147727272727273
19:02:49.154 [pool-6-thread-1] DEBUG org.apache.s4.core.monitor.S4Monitor - [PE] processElements.MongoPE | [λ] 166 | [μ] 166 | [ρ] 0.9431818181818182
19:02:54.153 [pool-6-thread-1] DEBUG org.apache.s4.core.monitor.S4Monitor - [PE] processElements.ProcessOnePE | [λ] 248 | [μ] 248 | [ρ] 0.9612403100775194
19:02:54.153 [pool-6-thread-1] DEBUG org.apache.s4.core.monitor.S4Monitor - [PE] processElements.ProcessTwoPE | [λ] 248 | [μ] 166 | [ρ] 1.4090909090909092
19:02:54.154 [pool-6-thread-1] DEBUG org.apache.s4.core.monitor.S4Monitor - [PE] processElements.MongoPE | [λ] 166 | [μ] 166 | [ρ] 0.9431818181818182
19:02:59.153 [pool-6-thread-1] DEBUG org.apache.s4.core.monitor.S4Monitor - [PE] processElements.ProcessOnePE | [λ] 249 | [μ] 249 | [ρ] 0.9613899613899614
19:02:59.153 [pool-6-thread-1] DEBUG org.apache.s4.core.monitor.S4Monitor - [PE] processElements.ProcessTwoPE | [λ] 249 | [μ] 166 | [ρ] 1.4147727272727273
19:02:59.153 [pool-6-thread-1] DEBUG org.apache.s4.core.monitor.S4Monitor - [PE] processElements.MongoPE | [λ] 166 | [μ] 166 | [ρ] 0.9431818181818182
19:03:04.153 [pool-6-thread-1] DEBUG org.apache.s4.core.monitor.S4Monitor - [PE] processElements.ProcessOnePE | [λ] 248 | [μ] 248 | [ρ] 0.9612403100775194
19:03:04.153 [pool-6-thread-1] DEBUG org.apache.s4.core.monitor.S4Monitor - [PE] processElements.ProcessTwoPE | [λ] 248 | [μ] 166 | [ρ] 1.4090909090909092
19:03:04.154 [pool-6-thread-1] DEBUG org.apache.s4.core.monitor.S4Monitor - [PE] processElements.MongoPE | [λ] 166 | [μ] 166 | [ρ] 0.9431818181818182
19:03:09.153 [pool-6-thread-1] DEBUG org.apache.s4.core.monitor.S4Monitor - [PE] processElements.ProcessOnePE | [λ] 249 | [μ] 249 | [ρ] 0.9613899613899614
19:03:09.153 [pool-6-thread-1] DEBUG org.apache.s4.core.monitor.S4Monitor - [PE] processElements.ProcessTwoPE | [λ] 249 | [μ] 166 | [ρ] 1.4147727272727273
19:03:09.154 [pool-6-thread-1] DEBUG org.apache.s4.core.monitor.S4Monitor - [PE] processElements.MongoPE | [λ] 166 | [μ] 166 | [ρ] 0.9431818181818182
19:03:14.153 [pool-6-thread-1] DEBUG org.apache.s4.core.monitor.S4Monitor - [PE] processElements.ProcessOnePE | [λ] 248 | [μ] 249 | [ρ] 0.9575289575289575
19:03:14.153 [pool-6-thread-1] DEBUG org.apache.s4.core.monitor.S4Monitor - [PE] processElements.ProcessTwoPE | [λ] 249 | [μ] 166 | [ρ] 1.4147727272727273
19:03:14.154 [pool-6-thread-1] DEBUG org.apache.s4.core.monitor.S4Monitor - [PE] processElements.MongoPE | [λ] 166 | [μ] 166 | [ρ] 0.9431818181818182
19:03:19.153 [pool-6-thread-1] DEBUG org.apache.s4.core.monitor.S4Monitor - [PE] processElements.ProcessOnePE | [λ] 249 | [μ] 248 | [ρ] 0.9651162790697675
19:03:19.153 [pool-6-thread-1] DEBUG org.apache.s4.core.monitor.S4Monitor - [PE] processElements.ProcessTwoPE | [λ] 248 | [μ] 166 | [ρ] 1.4090909090909092
19:03:19.154 [pool-6-thread-1] DEBUG org.apache.s4.core.monitor.S4Monitor - [PE] processElements.MongoPE | [λ] 166 | [μ] 166 | [ρ] 0.9431818181818182
19:03:24.153 [pool-6-thread-1] DEBUG org.apache.s4.core.monitor.S4Monitor - [PE] processElements.ProcessOnePE | [λ] 248 | [μ] 249 | [ρ] 0.9575289575289575
19:03:24.153 [pool-6-thread-1] DEBUG org.apache.s4.core.monitor.S4Monitor - [PE] processElements.ProcessTwoPE | [λ] 249 | [μ] 166 | [ρ] 1.4147727272727273
19:03:24.154 [pool-6-thread-1] DEBUG org.apache.s4.core.monitor.S4Monitor - [PE] processElements.MongoPE | [λ] 166 | [μ] 166 | [ρ] 0.9431818181818182
19:03:29.153 [pool-6-thread-1] DEBUG org.apache.s4.core.monitor.S4Monitor - [PE] processElements.ProcessOnePE | [λ] 249 | [μ] 246 | [ρ] 0.97265625
19:03:29.153 [pool-6-thread-1] DEBUG org.apache.s4.core.monitor.S4Monitor - [PE] processElements.ProcessTwoPE | [λ] 246 | [μ] 165 | [ρ] 1.4057142857142857
19:03:29.154 [pool-6-thread-1] DEBUG org.apache.s4.core.monitor.S4Monitor - [PE] processElements.MongoPE | [λ] 165 | [μ] 164 | [ρ] 0.9482758620689655
19:03:34.153 [pool-6-thread-1] DEBUG org.apache.s4.core.monitor.S4Monitor - [PE] processElements.ProcessOnePE | [λ] 249 | [μ] 249 | [ρ] 0.9613899613899614
19:03:34.153 [pool-6-thread-1] DEBUG org.apache.s4.core.monitor.S4Monitor - [PE] processElements.ProcessTwoPE | [λ] 249 | [μ] 166 | [ρ] 1.4147727272727273
19:03:34.154 [pool-6-thread-1] DEBUG org.apache.s4.core.monitor.S4Monitor - [PE] processElements.MongoPE | [λ] 166 | [μ] 166 | [ρ] 0.9431818181818182
19:03:39.153 [pool-6-thread-1] DEBUG org.apache.s4.core.monitor.S4Monitor - [PE] processElements.ProcessOnePE | [λ] 248 | [μ] 248 | [ρ] 0.9612403100775194
19:03:39.154 [pool-6-thread-1] DEBUG org.apache.s4.core.monitor.S4Monitor - [PE] processElements.ProcessTwoPE | [λ] 248 | [μ] 166 | [ρ] 1.4090909090909092
19:03:39.154 [pool-6-thread-1] DEBUG org.apache.s4.core.monitor.S4Monitor - [PE] processElements.MongoPE | [λ] 166 | [μ] 166 | [ρ] 0.9431818181818182
19:03:44.153 [pool-6-thread-1] DEBUG org.apache.s4.core.monitor.S4Monitor - [PE] processElements.ProcessOnePE | [λ] 249 | [μ] 249 | [ρ] 0.9613899613899614
19:03:44.153 [pool-6-thread-1] DEBUG org.apache.s4.core.monitor.S4Monitor - [PE] processElements.ProcessTwoPE | [λ] 249 | [μ] 166 | [ρ] 1.4147727272727273
19:03:44.154 [pool-6-thread-1] DEBUG org.apache.s4.core.monitor.S4Monitor - [PE] processElements.MongoPE | [λ] 166 | [μ] 166 | [ρ] 0.9431818181818182
19:03:49.153 [pool-6-thread-1] DEBUG org.apache.s4.core.monitor.S4Monitor - [PE] processElements.ProcessOnePE | [λ] 248 | [μ] 248 | [ρ] 0.9612403100775194
19:03:49.153 [pool-6-thread-1] DEBUG org.apache.s4.core.monitor.S4Monitor - [PE] processElements.ProcessTwoPE | [λ] 248 | [μ] 166 | [ρ] 1.4090909090909092
19:03:49.154 [pool-6-thread-1] DEBUG org.apache.s4.core.monitor.S4Monitor - [PE] processElements.MongoPE | [λ] 166 | [μ] 166 | [ρ] 0.9431818181818182
19:03:54.153 [pool-6-thread-1] DEBUG org.apache.s4.core.monitor.S4Monitor - [PE] processElements.ProcessOnePE | [λ] 249 | [μ] 249 | [ρ] 0.9613899613899614
19:03:54.154 [pool-6-thread-1] DEBUG org.apache.s4.core.monitor.S4Monitor - [PE] processElements.ProcessTwoPE | [λ] 249 | [μ] 166 | [ρ] 1.4147727272727273
19:03:54.154 [pool-6-thread-1] DEBUG org.apache.s4.core.monitor.S4Monitor - [PE] processElements.MongoPE | [λ] 166 | [μ] 166 | [ρ] 0.9431818181818182
19:03:54.159 [Thread-3] INFO  topology.Topology - Finish experiment
19:03:54.159 [Thread-3] INFO  processElements.ProcessOnePE - Remove ProcessOne PE
19:03:54.161 [Thread-3] INFO  processElements.ProcessTwoPE - Remove ProcessTwo PE
19:03:54.161 [Thread-3] INFO  processElements.MongoPE - Remove Mongo PE
