[H[Jcalling referenced s4 script : /alumnos/dwladdimiro/S4/apache-s4-0.6.0/s4
01:58:29.669 [main] INFO  org.apache.s4.tools.DefineCluster - preparing new cluster [cluster2] with [1] node(s)
01:58:29.859 [main] INFO  org.apache.s4.tools.DefineCluster - New cluster configuration uploaded into zookeeper
calling referenced s4 script : /alumnos/dwladdimiro/S4/apache-s4-0.6.0/s4
01:58:30.587 [main] INFO  o.a.s.c.u.ParsingUtils$InlineConfigParameterConverter - processing inline configuration parameter s4.adapter.output.stream=textInput
01:58:30.686 [main] INFO  org.apache.s4.tools.Deploy - No S4R path specified, nor build file specified: this assumes the app is in the classpath
:cp

BUILD SUCCESSFUL

Total time: 3.255 secs
01:58:35.190 [main] INFO  o.a.s.comm.topology.AssignmentFromZK - New session:94244667395866632; state is : SyncConnected
01:58:35.288 [main] INFO  o.a.s.comm.topology.AssignmentFromZK - Successfully acquired task:Task-0 by citiaps1.informatica.usach.cl
01:58:35.302 [S4 platform loader] INFO  org.apache.s4.core.S4Bootstrap - Initializing S4 app with : []]
01:58:35.303 [S4 platform loader] DEBUG org.apache.s4.core.S4Bootstrap - Adding named parameters for injection : s4.adapter.output.stream=textInput,
01:58:35.432 [S4 platform loader] INFO  org.apache.s4.core.S4Bootstrap - Starting S4 app with application class [adapter.NormalAdapter]
01:58:35.463 [S4 platform loader] INFO  o.a.s4.comm.topology.ClusterFromZK - Changing cluster topology to { nbNodes=1,name=cluster2,mode=unicast,type=,nodes=[{partition=0,port=13000,machineName=citiaps1.informatica.usach.cl,taskId=Task-0}]} from null
01:58:35.555 [S4 platform loader] INFO  o.a.s4.comm.topology.ClusterFromZK - Adding topology change listener:org.apache.s4.comm.tcp.TCPEmitter@469c153a
01:58:35.616 [S4 platform loader] INFO  o.a.s.c.s.ThrottlingSenderExecutorServiceFactory - Creating a throttling executor with a pool size of 5 and max rate of 10000 events / s
01:58:35.625 [S4 platform loader] INFO  org.apache.s4.core.util.S4Metrics - Metrics reporting not configured
01:58:35.626 [S4 platform loader] INFO  o.a.s4.comm.topology.ClusterFromZK - Adding topology change listener:org.apache.s4.core.SenderImpl@5951cddf
01:58:35.669 [S4 platform loader] INFO  o.a.s4.comm.topology.ClustersFromZK - New session:94244667395866632
01:58:35.672 [S4 platform loader] INFO  o.a.s4.comm.topology.ClustersFromZK - Detected new stream [textInput]
01:58:35.680 [S4 platform loader] INFO  o.a.s4.comm.topology.ClustersFromZK - New session:94244667395866632
01:58:35.692 [S4 platform loader] INFO  o.a.s4.comm.topology.ClusterFromZK - Changing cluster topology to { nbNodes=1,name=cluster1,mode=unicast,type=,nodes=[{partition=0,port=12000,machineName=citiaps1.informatica.usach.cl,taskId=Task-0}]} from null
01:58:35.696 [S4 platform loader] INFO  o.a.s4.comm.topology.ClusterFromZK - Changing cluster topology to { nbNodes=1,name=cluster2,mode=unicast,type=,nodes=[{partition=0,port=13000,machineName=citiaps1.informatica.usach.cl,taskId=Task-0}]} from null
01:58:35.698 [S4 platform loader] INFO  org.apache.s4.core.monitor.S4Monitor - Init Monitor
01:58:35.699 [S4 platform loader] INFO  adapter.NormalAdapter - Create Normal Adapter
01:58:48.507 [S4 platform loader] DEBUG o.a.s4.comm.topology.ClustersFromZK - Adding output stream [textInput] in cluster [cluster2]
01:58:48.527 [S4 platform loader] INFO  org.apache.s4.core.App - Create Listener Monitor
[class processElements.SplitPE]
01:58:48.556 [S4 platform loader] INFO  o.a.s4.comm.topology.ClusterFromZK - Adding topology change listener:org.apache.s4.comm.tcp.TCPRemoteEmitter@3ae1c528
01:58:49.059 [Thread-4] INFO  adapter.NormalAdapter - Time init (ms): 1438059529058
01:58:49.060 [S4 platform loader] INFO  adapter.NormalAdapter - Init ClockTime
02:27:55.045 [ZkClient-EventThread-23-localhost:2181] INFO  o.a.s4.comm.topology.ClusterFromZK - Changing cluster topology to { nbNodes=0,name=unknown,mode=unicast,type=,nodes=[]} from { nbNodes=1,name=cluster1,mode=unicast,type=,nodes=[{partition=0,port=12000,machineName=citiaps1.informatica.usach.cl,taskId=Task-0}]}
