[H[Jcalling referenced s4 script : /alumnos/dwladdimiro/S4/apache-s4-0.6.0/s4
17:28:58.365 [main] INFO  org.apache.s4.tools.DefineCluster - preparing new cluster [cluster2] with [1] node(s)
17:28:58.546 [main] INFO  org.apache.s4.tools.DefineCluster - New cluster configuration uploaded into zookeeper
calling referenced s4 script : /alumnos/dwladdimiro/S4/apache-s4-0.6.0/s4
17:28:59.274 [main] INFO  o.a.s.c.u.ParsingUtils$InlineConfigParameterConverter - processing inline configuration parameter s4.adapter.output.stream=textInput
17:28:59.383 [main] INFO  org.apache.s4.tools.Deploy - No S4R path specified, nor build file specified: this assumes the app is in the classpath
:cp

BUILD SUCCESSFUL

Total time: 3.437 secs
17:29:04.092 [main] INFO  o.a.s.comm.topology.AssignmentFromZK - New session:94389884130689032; state is : SyncConnected
17:29:04.191 [main] INFO  o.a.s.comm.topology.AssignmentFromZK - Successfully acquired task:Task-0 by citiaps1.informatica.usach.cl
17:29:04.210 [S4 platform loader] INFO  org.apache.s4.core.S4Bootstrap - Initializing S4 app with : []]
17:29:04.211 [S4 platform loader] DEBUG org.apache.s4.core.S4Bootstrap - Adding named parameters for injection : s4.adapter.output.stream=textInput,
17:29:04.343 [S4 platform loader] INFO  org.apache.s4.core.S4Bootstrap - Starting S4 app with application class [adapter.Adapter]
17:29:04.370 [S4 platform loader] INFO  o.a.s4.comm.topology.ClusterFromZK - Changing cluster topology to { nbNodes=1,name=cluster2,mode=unicast,type=,nodes=[{partition=0,port=13000,machineName=citiaps1.informatica.usach.cl,taskId=Task-0}]} from null
17:29:04.461 [S4 platform loader] INFO  o.a.s4.comm.topology.ClusterFromZK - Adding topology change listener:org.apache.s4.comm.tcp.TCPEmitter@3bcc5b05
17:29:04.515 [S4 platform loader] INFO  o.a.s.c.s.ThrottlingSenderExecutorServiceFactory - Creating a throttling executor with a pool size of 5 and max rate of 10000 events / s
17:29:04.525 [S4 platform loader] INFO  org.apache.s4.core.util.S4Metrics - Metrics reporting not configured
17:29:04.526 [S4 platform loader] INFO  o.a.s4.comm.topology.ClusterFromZK - Adding topology change listener:org.apache.s4.core.SenderImpl@7ca7e306
17:29:04.567 [S4 platform loader] INFO  o.a.s4.comm.topology.ClustersFromZK - New session:94389884130689032
17:29:04.569 [S4 platform loader] INFO  o.a.s4.comm.topology.ClustersFromZK - Detected new stream [textInput]
17:29:04.576 [S4 platform loader] INFO  o.a.s4.comm.topology.ClustersFromZK - New session:94389884130689032
17:29:04.592 [S4 platform loader] INFO  o.a.s4.comm.topology.ClusterFromZK - Changing cluster topology to { nbNodes=1,name=cluster1,mode=unicast,type=,nodes=[{partition=0,port=12000,machineName=citiaps1.informatica.usach.cl,taskId=Task-0}]} from null
17:29:04.597 [S4 platform loader] INFO  o.a.s4.comm.topology.ClusterFromZK - Changing cluster topology to { nbNodes=1,name=cluster2,mode=unicast,type=,nodes=[{partition=0,port=13000,machineName=citiaps1.informatica.usach.cl,taskId=Task-0}]} from null
17:29:04.600 [S4 platform loader] INFO  org.apache.s4.core.monitor.S4Monitor - Init Monitor
17:29:04.601 [S4 platform loader] INFO  adapter.Adapter - Create Adapter
17:29:04.602 [S4 platform loader] DEBUG o.a.s4.comm.topology.ClustersFromZK - Adding output stream [textInput] in cluster [cluster2]
17:29:04.621 [S4 platform loader] INFO  org.apache.s4.core.App - Create Listener Monitor
[class processElements.ProcessOnePE]
17:29:04.639 [S4 platform loader] INFO  o.a.s4.comm.topology.ClusterFromZK - Adding topology change listener:org.apache.s4.comm.tcp.TCPRemoteEmitter@7ecc4e61
17:29:05.141 [S4 platform loader] INFO  adapter.Adapter - Init ClockTime
17:34:14.796 [tListenerMonitor] DEBUG org.apache.s4.core.App - Increment PE  class processElements.ProcessOnePE in Adapter org.apache.s4.core.adapter.AdapterApp.ListenerMonitor
17:39:14.795 [tListenerMonitor] DEBUG org.apache.s4.core.App - Decrement PE  class processElements.ProcessOnePE in Adapter org.apache.s4.core.adapter.AdapterApp.ListenerMonitor
