[H[Jcalling referenced s4 script : /alumnos/dwladdimiro/S4/apache-s4-0.6.0/s4
17:38:44.580 [main] INFO  org.apache.s4.tools.DefineCluster - preparing new cluster [cluster2] with [1] node(s)
17:38:44.740 [main] INFO  org.apache.s4.tools.DefineCluster - New cluster configuration uploaded into zookeeper
calling referenced s4 script : /alumnos/dwladdimiro/S4/apache-s4-0.6.0/s4
17:38:45.485 [main] INFO  o.a.s.c.u.ParsingUtils$InlineConfigParameterConverter - processing inline configuration parameter s4.adapter.output.stream=textInput
17:38:45.601 [main] INFO  org.apache.s4.tools.Deploy - No S4R path specified, nor build file specified: this assumes the app is in the classpath
:cp

BUILD SUCCESSFUL

Total time: 3.106 secs
17:38:49.976 [main] INFO  o.a.s.comm.topology.AssignmentFromZK - New session:94242702735507464; state is : SyncConnected
17:38:50.070 [main] INFO  o.a.s.comm.topology.AssignmentFromZK - Successfully acquired task:Task-0 by citiaps1.informatica.usach.cl
17:38:50.086 [S4 platform loader] INFO  org.apache.s4.core.S4Bootstrap - Initializing S4 app with : []]
17:38:50.088 [S4 platform loader] DEBUG org.apache.s4.core.S4Bootstrap - Adding named parameters for injection : s4.adapter.output.stream=textInput,
17:38:50.213 [S4 platform loader] INFO  org.apache.s4.core.S4Bootstrap - Starting S4 app with application class [adapter.UniformAdapter]
17:38:50.243 [S4 platform loader] INFO  o.a.s4.comm.topology.ClusterFromZK - Changing cluster topology to { nbNodes=1,name=cluster2,mode=unicast,type=,nodes=[{partition=0,port=13000,machineName=citiaps1.informatica.usach.cl,taskId=Task-0}]} from null
17:38:50.327 [S4 platform loader] INFO  o.a.s4.comm.topology.ClusterFromZK - Adding topology change listener:org.apache.s4.comm.tcp.TCPEmitter@54277c98
17:38:50.381 [S4 platform loader] INFO  o.a.s.c.s.ThrottlingSenderExecutorServiceFactory - Creating a throttling executor with a pool size of 5 and max rate of 10000 events / s
17:38:50.390 [S4 platform loader] INFO  org.apache.s4.core.util.S4Metrics - Metrics reporting not configured
17:38:50.391 [S4 platform loader] INFO  o.a.s4.comm.topology.ClusterFromZK - Adding topology change listener:org.apache.s4.core.SenderImpl@70c943e2
17:38:50.433 [S4 platform loader] INFO  o.a.s4.comm.topology.ClustersFromZK - New session:94242702735507464
17:38:50.436 [S4 platform loader] INFO  o.a.s4.comm.topology.ClustersFromZK - Detected new stream [textInput]
17:38:50.443 [S4 platform loader] INFO  o.a.s4.comm.topology.ClustersFromZK - New session:94242702735507464
17:38:50.451 [S4 platform loader] INFO  o.a.s4.comm.topology.ClusterFromZK - Changing cluster topology to { nbNodes=1,name=cluster1,mode=unicast,type=,nodes=[{partition=0,port=12000,machineName=citiaps1.informatica.usach.cl,taskId=Task-0}]} from null
17:38:50.454 [S4 platform loader] INFO  o.a.s4.comm.topology.ClusterFromZK - Changing cluster topology to { nbNodes=1,name=cluster2,mode=unicast,type=,nodes=[{partition=0,port=13000,machineName=citiaps1.informatica.usach.cl,taskId=Task-0}]} from null
17:38:50.457 [S4 platform loader] INFO  org.apache.s4.core.monitor.S4Monitor - Init Monitor
17:38:50.458 [S4 platform loader] INFO  adapter.UniformAdapter - Create Uniform Adapter
17:39:03.394 [S4 platform loader] DEBUG o.a.s4.comm.topology.ClustersFromZK - Adding output stream [textInput] in cluster [cluster2]
17:39:03.412 [S4 platform loader] INFO  org.apache.s4.core.App - Create Listener Monitor
[class processElements.SplitPE]
17:39:03.444 [S4 platform loader] INFO  o.a.s4.comm.topology.ClusterFromZK - Adding topology change listener:org.apache.s4.comm.tcp.TCPRemoteEmitter@a3bb63
17:39:03.946 [S4 platform loader] INFO  org.apache.s4.core.App - Wait for register
17:39:03.947 [S4 platform loader] INFO  adapter.UniformAdapter - Init ClockTime
