[H[Jcalling referenced s4 script : /alumnos/dwladdimiro/S4/apache-s4-0.6.0/s4
14:10:36.444 [main] INFO  org.apache.s4.tools.DefineCluster - preparing new cluster [cluster2] with [1] node(s)
14:10:36.635 [main] INFO  org.apache.s4.tools.DefineCluster - New cluster configuration uploaded into zookeeper
calling referenced s4 script : /alumnos/dwladdimiro/S4/apache-s4-0.6.0/s4
14:10:37.383 [main] INFO  o.a.s.c.u.ParsingUtils$InlineConfigParameterConverter - processing inline configuration parameter s4.adapter.output.stream=textInput
14:10:37.498 [main] INFO  org.apache.s4.tools.Deploy - No S4R path specified, nor build file specified: this assumes the app is in the classpath
:cp

BUILD SUCCESSFUL

Total time: 4.401 secs
14:10:43.403 [main] INFO  o.a.s.comm.topology.AssignmentFromZK - New session:94315493497896966; state is : SyncConnected
14:10:43.500 [main] INFO  o.a.s.comm.topology.AssignmentFromZK - Successfully acquired task:Task-0 by citiaps1.informatica.usach.cl
14:10:43.517 [S4 platform loader] INFO  org.apache.s4.core.S4Bootstrap - Initializing S4 app with : []]
14:10:43.519 [S4 platform loader] DEBUG org.apache.s4.core.S4Bootstrap - Adding named parameters for injection : s4.adapter.output.stream=textInput,
14:10:43.688 [S4 platform loader] INFO  org.apache.s4.core.S4Bootstrap - Starting S4 app with application class [adapter.NormalAdapter]
14:10:43.724 [S4 platform loader] INFO  o.a.s4.comm.topology.ClusterFromZK - Changing cluster topology to { nbNodes=1,name=cluster2,mode=unicast,type=,nodes=[{partition=0,port=13000,machineName=citiaps1.informatica.usach.cl,taskId=Task-0}]} from null
14:10:43.831 [S4 platform loader] INFO  o.a.s4.comm.topology.ClusterFromZK - Adding topology change listener:org.apache.s4.comm.tcp.TCPEmitter@6f7551ef
14:10:43.886 [S4 platform loader] INFO  o.a.s.c.s.ThrottlingSenderExecutorServiceFactory - Creating a throttling executor with a pool size of 5 and max rate of 10000 events / s
14:10:43.894 [S4 platform loader] INFO  org.apache.s4.core.util.S4Metrics - Metrics reporting not configured
14:10:43.895 [S4 platform loader] INFO  o.a.s4.comm.topology.ClusterFromZK - Adding topology change listener:org.apache.s4.core.SenderImpl@6485486
14:10:43.933 [S4 platform loader] INFO  o.a.s4.comm.topology.ClustersFromZK - New session:94315493497896966
14:10:43.937 [S4 platform loader] INFO  o.a.s4.comm.topology.ClustersFromZK - New session:94315493497896966
14:10:43.951 [S4 platform loader] INFO  o.a.s4.comm.topology.ClusterFromZK - Changing cluster topology to { nbNodes=1,name=cluster1,mode=unicast,type=,nodes=[{partition=0,port=12000,machineName=citiaps1.informatica.usach.cl,taskId=Task-0}]} from null
14:10:43.957 [S4 platform loader] INFO  o.a.s4.comm.topology.ClusterFromZK - Changing cluster topology to { nbNodes=1,name=cluster2,mode=unicast,type=,nodes=[{partition=0,port=13000,machineName=citiaps1.informatica.usach.cl,taskId=Task-0}]} from null
14:10:43.961 [S4 platform loader] INFO  org.apache.s4.core.monitor.S4Monitor - Init Monitor
14:10:43.962 [S4 platform loader] INFO  adapter.NormalAdapter - Create Normal Adapter
14:10:49.095 [ZkClient-EventThread-23-localhost:2181] INFO  o.a.s4.comm.topology.ClustersFromZK - Detected new stream [textInput]
14:10:58.003 [S4 platform loader] DEBUG o.a.s4.comm.topology.ClustersFromZK - Adding output stream [textInput] in cluster [cluster2]
14:10:58.028 [S4 platform loader] INFO  org.apache.s4.core.App - Create Listener Monitor
[class processElements.StopwordPE]
14:10:58.061 [S4 platform loader] INFO  o.a.s4.comm.topology.ClusterFromZK - Adding topology change listener:org.apache.s4.comm.tcp.TCPRemoteEmitter@2292ccf9
14:10:58.564 [S4 platform loader] INFO  adapter.NormalAdapter - Init ClockTime
14:28:38.215 [tListenerMonitor] DEBUG org.apache.s4.core.App - Increment PE  class processElements.StopwordPE in Adapter org.apache.s4.core.adapter.AdapterApp.ListenerMonitor
15:03:38.216 [tListenerMonitor] DEBUG org.apache.s4.core.App - Decrement PE  class processElements.StopwordPE in Adapter org.apache.s4.core.adapter.AdapterApp.ListenerMonitor
