[H[Jcalling referenced s4 script : /alumnos/dwladdimiro/S4/apache-s4-0.6.0/s4
21:10:18.931 [main] INFO  org.apache.s4.tools.DefineCluster - preparing new cluster [cluster2] with [1] node(s)
21:10:19.112 [main] INFO  org.apache.s4.tools.DefineCluster - New cluster configuration uploaded into zookeeper
calling referenced s4 script : /alumnos/dwladdimiro/S4/apache-s4-0.6.0/s4
21:10:19.833 [main] INFO  o.a.s.c.u.ParsingUtils$InlineConfigParameterConverter - processing inline configuration parameter s4.adapter.output.stream=textInput
21:10:19.945 [main] INFO  org.apache.s4.tools.Deploy - No S4R path specified, nor build file specified: this assumes the app is in the classpath
:cp

BUILD SUCCESSFUL

Total time: 3.346 secs
21:10:24.543 [main] INFO  o.a.s.comm.topology.AssignmentFromZK - New session:94690857027436552; state is : SyncConnected
21:10:24.643 [main] INFO  o.a.s.comm.topology.AssignmentFromZK - Successfully acquired task:Task-0 by citiaps1.informatica.usach.cl
21:10:24.660 [S4 platform loader] INFO  org.apache.s4.core.S4Bootstrap - Initializing S4 app with : []]
21:10:24.662 [S4 platform loader] DEBUG org.apache.s4.core.S4Bootstrap - Adding named parameters for injection : s4.adapter.output.stream=textInput,
21:10:24.799 [S4 platform loader] INFO  org.apache.s4.core.S4Bootstrap - Starting S4 app with application class [adapter.NormalAdapter]
21:10:24.832 [S4 platform loader] INFO  o.a.s4.comm.topology.ClusterFromZK - Changing cluster topology to { nbNodes=1,name=cluster2,mode=unicast,type=,nodes=[{partition=0,port=13000,machineName=citiaps1.informatica.usach.cl,taskId=Task-0}]} from null
21:10:24.951 [S4 platform loader] INFO  o.a.s4.comm.topology.ClusterFromZK - Adding topology change listener:org.apache.s4.comm.tcp.TCPEmitter@469c153a
21:10:25.008 [S4 platform loader] INFO  o.a.s.c.s.ThrottlingSenderExecutorServiceFactory - Creating a throttling executor with a pool size of 5 and max rate of 10000 events / s
21:10:25.017 [S4 platform loader] INFO  org.apache.s4.core.util.S4Metrics - Metrics reporting not configured
21:10:25.018 [S4 platform loader] INFO  o.a.s4.comm.topology.ClusterFromZK - Adding topology change listener:org.apache.s4.core.SenderImpl@5951cddf
21:10:25.059 [S4 platform loader] INFO  o.a.s4.comm.topology.ClustersFromZK - New session:94690857027436552
21:10:25.062 [S4 platform loader] INFO  o.a.s4.comm.topology.ClustersFromZK - Detected new stream [textInput]
21:10:25.071 [S4 platform loader] INFO  o.a.s4.comm.topology.ClustersFromZK - New session:94690857027436552
21:10:25.080 [S4 platform loader] INFO  o.a.s4.comm.topology.ClusterFromZK - Changing cluster topology to { nbNodes=1,name=cluster1,mode=unicast,type=,nodes=[{partition=0,port=12000,machineName=citiaps1.informatica.usach.cl,taskId=Task-0}]} from null
21:10:25.083 [S4 platform loader] INFO  o.a.s4.comm.topology.ClusterFromZK - Changing cluster topology to { nbNodes=1,name=cluster2,mode=unicast,type=,nodes=[{partition=0,port=13000,machineName=citiaps1.informatica.usach.cl,taskId=Task-0}]} from null
21:10:25.084 [S4 platform loader] INFO  org.apache.s4.core.monitor.S4Monitor - Init Monitor
21:10:25.085 [S4 platform loader] INFO  adapter.NormalAdapter - Create Normal Adapter
21:10:41.096 [S4 platform loader] DEBUG o.a.s4.comm.topology.ClustersFromZK - Adding output stream [textInput] in cluster [cluster2]
21:10:41.613 [S4 platform loader] INFO  adapter.NormalAdapter - Init ClockTime
21:10:41.649 [Thread-4] INFO  o.a.s4.comm.topology.ClusterFromZK - Adding topology change listener:org.apache.s4.comm.tcp.TCPRemoteEmitter@6a6aefd6
22:20:19.388 [New I/O worker #132] ERROR org.apache.s4.comm.tcp.TCPEmitter - Unexpected exception
java.io.IOException: Conexión reinicializada por la máquina remota
	at sun.nio.ch.FileDispatcherImpl.read0(Native Method) ~[na:1.8.0_45]
	at sun.nio.ch.SocketDispatcher.read(SocketDispatcher.java:39) ~[na:1.8.0_45]
	at sun.nio.ch.IOUtil.readIntoNativeBuffer(IOUtil.java:223) ~[na:1.8.0_45]
	at sun.nio.ch.IOUtil.read(IOUtil.java:192) ~[na:1.8.0_45]
	at sun.nio.ch.SocketChannelImpl.read(SocketChannelImpl.java:380) ~[na:1.8.0_45]
	at org.jboss.netty.channel.socket.nio.NioWorker.read(NioWorker.java:64) [netty-3.9.8.Final.jar:na]
	at org.jboss.netty.channel.socket.nio.AbstractNioWorker.process(AbstractNioWorker.java:108) [netty-3.9.8.Final.jar:na]
	at org.jboss.netty.channel.socket.nio.AbstractNioSelector.run(AbstractNioSelector.java:337) [netty-3.9.8.Final.jar:na]
	at org.jboss.netty.channel.socket.nio.AbstractNioWorker.run(AbstractNioWorker.java:89) [netty-3.9.8.Final.jar:na]
	at org.jboss.netty.channel.socket.nio.NioWorker.run(NioWorker.java:178) [netty-3.9.8.Final.jar:na]
	at org.jboss.netty.util.ThreadRenamingRunnable.run(ThreadRenamingRunnable.java:108) [netty-3.9.8.Final.jar:na]
	at org.jboss.netty.util.internal.DeadLockProofWorker$1.run(DeadLockProofWorker.java:42) [netty-3.9.8.Final.jar:na]
	at java.util.concurrent.ThreadPoolExecutor.runWorker(ThreadPoolExecutor.java:1142) [na:1.8.0_45]
	at java.util.concurrent.ThreadPoolExecutor$Worker.run(ThreadPoolExecutor.java:617) [na:1.8.0_45]
	at java.lang.Thread.run(Thread.java:745) [na:1.8.0_45]
22:20:19.390 [New I/O worker #132] WARN  org.apache.s4.comm.tcp.TCPEmitter - Failed to send message to node {partition=0,port=12000,machineName=citiaps1.informatica.usach.cl,taskId=Task-0} (according to current cluster information)
22:20:19.390 [New I/O worker #132] WARN  org.apache.s4.comm.tcp.TCPEmitter - Failed to send message to node {partition=0,port=12000,machineName=citiaps1.informatica.usach.cl,taskId=Task-0} (according to current cluster information)
22:20:19.390 [New I/O worker #132] WARN  org.apache.s4.comm.tcp.TCPEmitter - Failed to send message to node {partition=0,port=12000,machineName=citiaps1.informatica.usach.cl,taskId=Task-0} (according to current cluster information)
22:20:19.390 [New I/O worker #132] WARN  org.apache.s4.comm.tcp.TCPEmitter - Failed to send message to node {partition=0,port=12000,machineName=citiaps1.informatica.usach.cl,taskId=Task-0} (according to current cluster information)
22:20:19.391 [New I/O worker #132] WARN  org.apache.s4.comm.tcp.TCPEmitter - Failed to send message to node {partition=0,port=12000,machineName=citiaps1.informatica.usach.cl,taskId=Task-0} (according to current cluster information)
22:20:19.406 [remote-sender-4] WARN  org.apache.s4.comm.tcp.TCPEmitter - Could not connect to partition 0, discarding message
22:20:19.414 [remote-sender-0] WARN  org.apache.s4.comm.tcp.TCPEmitter - Could not connect to partition 0, discarding message
22:20:19.434 [remote-sender-2] WARN  org.apache.s4.comm.tcp.TCPEmitter - Could not connect to partition 0, discarding message
22:20:19.454 [remote-sender-3] WARN  org.apache.s4.comm.tcp.TCPEmitter - Could not connect to partition 0, discarding message
22:20:19.473 [remote-sender-1] WARN  org.apache.s4.comm.tcp.TCPEmitter - Could not connect to partition 0, discarding message
22:20:19.494 [remote-sender-4] WARN  org.apache.s4.comm.tcp.TCPEmitter - Could not connect to partition 0, discarding message
22:20:19.514 [remote-sender-0] WARN  org.apache.s4.comm.tcp.TCPEmitter - Could not connect to partition 0, discarding message
22:20:19.533 [remote-sender-2] WARN  org.apache.s4.comm.tcp.TCPEmitter - Could not connect to partition 0, discarding message
22:20:19.554 [remote-sender-3] WARN  org.apache.s4.comm.tcp.TCPEmitter - Could not connect to partition 0, discarding message
22:20:19.574 [remote-sender-1] WARN  org.apache.s4.comm.tcp.TCPEmitter - Could not connect to partition 0, discarding message
22:20:19.594 [remote-sender-4] WARN  org.apache.s4.comm.tcp.TCPEmitter - Could not connect to partition 0, discarding message
22:20:19.614 [remote-sender-0] WARN  org.apache.s4.comm.tcp.TCPEmitter - Could not connect to partition 0, discarding message
22:20:19.634 [remote-sender-2] WARN  org.apache.s4.comm.tcp.TCPEmitter - Could not connect to partition 0, discarding message
22:20:19.654 [remote-sender-3] WARN  org.apache.s4.comm.tcp.TCPEmitter - Could not connect to partition 0, discarding message
22:20:19.674 [remote-sender-1] WARN  org.apache.s4.comm.tcp.TCPEmitter - Could not connect to partition 0, discarding message
22:20:19.694 [remote-sender-4] WARN  org.apache.s4.comm.tcp.TCPEmitter - Could not connect to partition 0, discarding message
22:20:19.714 [remote-sender-0] WARN  org.apache.s4.comm.tcp.TCPEmitter - Could not connect to partition 0, discarding message
22:20:19.735 [remote-sender-2] WARN  org.apache.s4.comm.tcp.TCPEmitter - Could not connect to partition 0, discarding message
22:20:19.755 [remote-sender-3] WARN  org.apache.s4.comm.tcp.TCPEmitter - Could not connect to partition 0, discarding message
22:20:19.775 [remote-sender-1] WARN  org.apache.s4.comm.tcp.TCPEmitter - Could not connect to partition 0, discarding message
22:20:19.795 [remote-sender-4] WARN  org.apache.s4.comm.tcp.TCPEmitter - Could not connect to partition 0, discarding message
22:20:19.815 [remote-sender-0] WARN  org.apache.s4.comm.tcp.TCPEmitter - Could not connect to partition 0, discarding message
22:20:19.835 [remote-sender-2] WARN  org.apache.s4.comm.tcp.TCPEmitter - Could not connect to partition 0, discarding message
22:20:19.856 [remote-sender-3] WARN  org.apache.s4.comm.tcp.TCPEmitter - Could not connect to partition 0, discarding message
22:20:19.875 [remote-sender-1] WARN  org.apache.s4.comm.tcp.TCPEmitter - Could not connect to partition 0, discarding message
22:20:19.896 [remote-sender-4] WARN  org.apache.s4.comm.tcp.TCPEmitter - Could not connect to partition 0, discarding message
22:20:19.916 [remote-sender-0] WARN  org.apache.s4.comm.tcp.TCPEmitter - Could not connect to partition 0, discarding message
22:20:19.936 [remote-sender-2] WARN  org.apache.s4.comm.tcp.TCPEmitter - Could not connect to partition 0, discarding message
22:20:19.956 [remote-sender-3] WARN  org.apache.s4.comm.tcp.TCPEmitter - Could not connect to partition 0, discarding message
22:20:19.976 [remote-sender-1] WARN  org.apache.s4.comm.tcp.TCPEmitter - Could not connect to partition 0, discarding message
22:20:19.996 [remote-sender-4] WARN  org.apache.s4.comm.tcp.TCPEmitter - Could not connect to partition 0, discarding message
22:20:20.016 [remote-sender-0] WARN  org.apache.s4.comm.tcp.TCPEmitter - Could not connect to partition 0, discarding message
22:20:20.037 [remote-sender-2] WARN  org.apache.s4.comm.tcp.TCPEmitter - Could not connect to partition 0, discarding message
22:20:20.056 [remote-sender-3] WARN  org.apache.s4.comm.tcp.TCPEmitter - Could not connect to partition 0, discarding message
22:20:20.076 [remote-sender-1] WARN  org.apache.s4.comm.tcp.TCPEmitter - Could not connect to partition 0, discarding message
22:20:20.096 [remote-sender-4] WARN  org.apache.s4.comm.tcp.TCPEmitter - Could not connect to partition 0, discarding message
22:20:20.117 [remote-sender-0] WARN  org.apache.s4.comm.tcp.TCPEmitter - Could not connect to partition 0, discarding message
22:20:20.137 [remote-sender-2] WARN  org.apache.s4.comm.tcp.TCPEmitter - Could not connect to partition 0, discarding message
22:20:20.157 [remote-sender-3] WARN  org.apache.s4.comm.tcp.TCPEmitter - Could not connect to partition 0, discarding message
22:20:20.177 [remote-sender-1] WARN  org.apache.s4.comm.tcp.TCPEmitter - Could not connect to partition 0, discarding message
22:20:20.197 [remote-sender-4] WARN  org.apache.s4.comm.tcp.TCPEmitter - Could not connect to partition 0, discarding message
22:20:20.217 [remote-sender-0] WARN  org.apache.s4.comm.tcp.TCPEmitter - Could not connect to partition 0, discarding message
22:20:20.237 [remote-sender-2] WARN  org.apache.s4.comm.tcp.TCPEmitter - Could not connect to partition 0, discarding message
22:20:20.257 [remote-sender-3] WARN  org.apache.s4.comm.tcp.TCPEmitter - Could not connect to partition 0, discarding message
22:20:20.277 [remote-sender-1] WARN  org.apache.s4.comm.tcp.TCPEmitter - Could not connect to partition 0, discarding message
22:20:20.298 [remote-sender-4] WARN  org.apache.s4.comm.tcp.TCPEmitter - Could not connect to partition 0, discarding message
22:20:20.318 [remote-sender-0] WARN  org.apache.s4.comm.tcp.TCPEmitter - Could not connect to partition 0, discarding message
22:20:20.338 [remote-sender-2] WARN  org.apache.s4.comm.tcp.TCPEmitter - Could not connect to partition 0, discarding message
22:20:20.358 [remote-sender-3] WARN  org.apache.s4.comm.tcp.TCPEmitter - Could not connect to partition 0, discarding message
22:20:20.378 [remote-sender-1] WARN  org.apache.s4.comm.tcp.TCPEmitter - Could not connect to partition 0, discarding message
22:20:20.398 [remote-sender-4] WARN  org.apache.s4.comm.tcp.TCPEmitter - Could not connect to partition 0, discarding message
22:20:20.418 [remote-sender-0] WARN  org.apache.s4.comm.tcp.TCPEmitter - Could not connect to partition 0, discarding message
22:20:20.438 [remote-sender-2] WARN  org.apache.s4.comm.tcp.TCPEmitter - Could not connect to partition 0, discarding message
22:20:20.459 [remote-sender-3] WARN  org.apache.s4.comm.tcp.TCPEmitter - Could not connect to partition 0, discarding message
22:20:20.479 [remote-sender-1] WARN  org.apache.s4.comm.tcp.TCPEmitter - Could not connect to partition 0, discarding message
22:20:20.499 [remote-sender-4] WARN  org.apache.s4.comm.tcp.TCPEmitter - Could not connect to partition 0, discarding message
22:20:20.519 [remote-sender-0] WARN  org.apache.s4.comm.tcp.TCPEmitter - Could not connect to partition 0, discarding message
22:20:20.539 [remote-sender-2] WARN  org.apache.s4.comm.tcp.TCPEmitter - Could not connect to partition 0, discarding message
22:20:20.559 [remote-sender-3] WARN  org.apache.s4.comm.tcp.TCPEmitter - Could not connect to partition 0, discarding message
22:20:20.579 [remote-sender-1] WARN  org.apache.s4.comm.tcp.TCPEmitter - Could not connect to partition 0, discarding message
22:20:20.599 [remote-sender-4] WARN  org.apache.s4.comm.tcp.TCPEmitter - Could not connect to partition 0, discarding message
22:20:20.620 [remote-sender-0] WARN  org.apache.s4.comm.tcp.TCPEmitter - Could not connect to partition 0, discarding message
22:20:20.640 [remote-sender-2] WARN  org.apache.s4.comm.tcp.TCPEmitter - Could not connect to partition 0, discarding message
22:20:20.660 [remote-sender-3] WARN  org.apache.s4.comm.tcp.TCPEmitter - Could not connect to partition 0, discarding message
22:20:20.680 [remote-sender-1] WARN  org.apache.s4.comm.tcp.TCPEmitter - Could not connect to partition 0, discarding message
22:20:20.700 [remote-sender-4] WARN  org.apache.s4.comm.tcp.TCPEmitter - Could not connect to partition 0, discarding message
22:20:20.720 [remote-sender-0] WARN  org.apache.s4.comm.tcp.TCPEmitter - Could not connect to partition 0, discarding message
22:20:20.740 [remote-sender-2] WARN  org.apache.s4.comm.tcp.TCPEmitter - Could not connect to partition 0, discarding message
22:20:20.760 [remote-sender-3] WARN  org.apache.s4.comm.tcp.TCPEmitter - Could not connect to partition 0, discarding message
22:20:20.780 [remote-sender-1] WARN  org.apache.s4.comm.tcp.TCPEmitter - Could not connect to partition 0, discarding message
22:20:20.801 [remote-sender-4] WARN  org.apache.s4.comm.tcp.TCPEmitter - Could not connect to partition 0, discarding message
22:20:20.821 [remote-sender-0] WARN  org.apache.s4.comm.tcp.TCPEmitter - Could not connect to partition 0, discarding message
22:20:20.841 [remote-sender-2] WARN  org.apache.s4.comm.tcp.TCPEmitter - Could not connect to partition 0, discarding message
22:20:20.861 [remote-sender-3] WARN  org.apache.s4.comm.tcp.TCPEmitter - Could not connect to partition 0, discarding message
22:20:20.881 [remote-sender-1] WARN  org.apache.s4.comm.tcp.TCPEmitter - Could not connect to partition 0, discarding message
22:20:20.901 [remote-sender-4] WARN  org.apache.s4.comm.tcp.TCPEmitter - Could not connect to partition 0, discarding message
22:20:20.921 [remote-sender-0] WARN  org.apache.s4.comm.tcp.TCPEmitter - Could not connect to partition 0, discarding message
22:20:20.941 [remote-sender-2] WARN  org.apache.s4.comm.tcp.TCPEmitter - Could not connect to partition 0, discarding message
22:20:20.961 [remote-sender-3] WARN  org.apache.s4.comm.tcp.TCPEmitter - Could not connect to partition 0, discarding message
22:20:20.982 [remote-sender-1] WARN  org.apache.s4.comm.tcp.TCPEmitter - Could not connect to partition 0, discarding message
22:20:21.002 [remote-sender-4] WARN  org.apache.s4.comm.tcp.TCPEmitter - Could not connect to partition 0, discarding message
22:20:21.022 [remote-sender-0] WARN  org.apache.s4.comm.tcp.TCPEmitter - Could not connect to partition 0, discarding message
22:20:21.042 [remote-sender-2] WARN  org.apache.s4.comm.tcp.TCPEmitter - Could not connect to partition 0, discarding message
22:20:21.062 [remote-sender-3] WARN  org.apache.s4.comm.tcp.TCPEmitter - Could not connect to partition 0, discarding message
22:20:21.082 [remote-sender-1] WARN  org.apache.s4.comm.tcp.TCPEmitter - Could not connect to partition 0, discarding message
22:20:21.102 [remote-sender-4] WARN  org.apache.s4.comm.tcp.TCPEmitter - Could not connect to partition 0, discarding message
22:20:21.122 [remote-sender-0] WARN  org.apache.s4.comm.tcp.TCPEmitter - Could not connect to partition 0, discarding message
22:20:21.143 [remote-sender-2] WARN  org.apache.s4.comm.tcp.TCPEmitter - Could not connect to partition 0, discarding message
22:20:21.163 [remote-sender-3] WARN  org.apache.s4.comm.tcp.TCPEmitter - Could not connect to partition 0, discarding message
22:20:21.183 [remote-sender-1] WARN  org.apache.s4.comm.tcp.TCPEmitter - Could not connect to partition 0, discarding message
22:20:21.203 [remote-sender-4] WARN  org.apache.s4.comm.tcp.TCPEmitter - Could not connect to partition 0, discarding message
22:20:21.223 [remote-sender-0] WARN  org.apache.s4.comm.tcp.TCPEmitter - Could not connect to partition 0, discarding message
22:20:21.243 [remote-sender-2] WARN  org.apache.s4.comm.tcp.TCPEmitter - Could not connect to partition 0, discarding message
22:20:21.263 [remote-sender-3] WARN  org.apache.s4.comm.tcp.TCPEmitter - Could not connect to partition 0, discarding message
22:20:21.283 [remote-sender-1] WARN  org.apache.s4.comm.tcp.TCPEmitter - Could not connect to partition 0, discarding message
22:20:21.303 [remote-sender-4] WARN  org.apache.s4.comm.tcp.TCPEmitter - Could not connect to partition 0, discarding message
22:20:21.324 [remote-sender-0] WARN  org.apache.s4.comm.tcp.TCPEmitter - Could not connect to partition 0, discarding message
22:20:21.344 [remote-sender-2] WARN  org.apache.s4.comm.tcp.TCPEmitter - Could not connect to partition 0, discarding message
22:20:21.363 [remote-sender-3] WARN  org.apache.s4.comm.tcp.TCPEmitter - Could not connect to partition 0, discarding message
22:20:21.383 [remote-sender-1] WARN  org.apache.s4.comm.tcp.TCPEmitter - Could not connect to partition 0, discarding message
22:20:21.404 [remote-sender-4] WARN  org.apache.s4.comm.tcp.TCPEmitter - Could not connect to partition 0, discarding message
22:20:21.424 [remote-sender-0] WARN  org.apache.s4.comm.tcp.TCPEmitter - Could not connect to partition 0, discarding message
22:20:21.444 [remote-sender-2] WARN  org.apache.s4.comm.tcp.TCPEmitter - Could not connect to partition 0, discarding message
22:20:21.464 [remote-sender-3] WARN  org.apache.s4.comm.tcp.TCPEmitter - Could not connect to partition 0, discarding message
22:20:21.484 [remote-sender-1] WARN  org.apache.s4.comm.tcp.TCPEmitter - Could not connect to partition 0, discarding message
22:20:21.504 [remote-sender-4] WARN  org.apache.s4.comm.tcp.TCPEmitter - Could not connect to partition 0, discarding message
22:20:21.524 [remote-sender-0] WARN  org.apache.s4.comm.tcp.TCPEmitter - Could not connect to partition 0, discarding message
22:20:21.544 [remote-sender-2] WARN  org.apache.s4.comm.tcp.TCPEmitter - Could not connect to partition 0, discarding message
22:20:21.564 [remote-sender-3] WARN  org.apache.s4.comm.tcp.TCPEmitter - Could not connect to partition 0, discarding message
22:20:21.584 [remote-sender-1] WARN  org.apache.s4.comm.tcp.TCPEmitter - Could not connect to partition 0, discarding message
22:20:21.605 [remote-sender-4] WARN  org.apache.s4.comm.tcp.TCPEmitter - Could not connect to partition 0, discarding message
22:20:21.625 [remote-sender-0] WARN  org.apache.s4.comm.tcp.TCPEmitter - Could not connect to partition 0, discarding message
22:20:21.645 [remote-sender-2] WARN  org.apache.s4.comm.tcp.TCPEmitter - Could not connect to partition 0, discarding message
22:20:21.665 [remote-sender-3] WARN  org.apache.s4.comm.tcp.TCPEmitter - Could not connect to partition 0, discarding message
22:20:21.685 [remote-sender-1] WARN  org.apache.s4.comm.tcp.TCPEmitter - Could not connect to partition 0, discarding message
22:20:21.705 [remote-sender-4] WARN  org.apache.s4.comm.tcp.TCPEmitter - Could not connect to partition 0, discarding message
22:20:21.726 [remote-sender-0] WARN  org.apache.s4.comm.tcp.TCPEmitter - Could not connect to partition 0, discarding message
22:20:21.745 [remote-sender-2] WARN  org.apache.s4.comm.tcp.TCPEmitter - Could not connect to partition 0, discarding message
22:20:21.766 [remote-sender-3] WARN  org.apache.s4.comm.tcp.TCPEmitter - Could not connect to partition 0, discarding message
22:20:21.786 [remote-sender-1] WARN  org.apache.s4.comm.tcp.TCPEmitter - Could not connect to partition 0, discarding message
22:20:21.806 [remote-sender-4] WARN  org.apache.s4.comm.tcp.TCPEmitter - Could not connect to partition 0, discarding message
22:20:21.826 [remote-sender-0] WARN  org.apache.s4.comm.tcp.TCPEmitter - Could not connect to partition 0, discarding message
22:20:21.846 [remote-sender-2] WARN  org.apache.s4.comm.tcp.TCPEmitter - Could not connect to partition 0, discarding message
22:20:21.866 [remote-sender-3] WARN  org.apache.s4.comm.tcp.TCPEmitter - Could not connect to partition 0, discarding message
22:20:21.886 [remote-sender-1] WARN  org.apache.s4.comm.tcp.TCPEmitter - Could not connect to partition 0, discarding message
22:20:21.906 [remote-sender-4] WARN  org.apache.s4.comm.tcp.TCPEmitter - Could not connect to partition 0, discarding message
22:20:21.926 [remote-sender-0] WARN  org.apache.s4.comm.tcp.TCPEmitter - Could not connect to partition 0, discarding message
22:20:21.947 [remote-sender-2] WARN  org.apache.s4.comm.tcp.TCPEmitter - Could not connect to partition 0, discarding message
22:20:21.967 [remote-sender-3] WARN  org.apache.s4.comm.tcp.TCPEmitter - Could not connect to partition 0, discarding message
22:20:21.986 [remote-sender-1] WARN  org.apache.s4.comm.tcp.TCPEmitter - Could not connect to partition 0, discarding message
22:20:22.007 [remote-sender-4] WARN  org.apache.s4.comm.tcp.TCPEmitter - Could not connect to partition 0, discarding message
22:20:22.027 [remote-sender-0] WARN  org.apache.s4.comm.tcp.TCPEmitter - Could not connect to partition 0, discarding message
22:20:22.047 [remote-sender-2] WARN  org.apache.s4.comm.tcp.TCPEmitter - Could not connect to partition 0, discarding message
22:20:22.067 [remote-sender-3] WARN  org.apache.s4.comm.tcp.TCPEmitter - Could not connect to partition 0, discarding message
22:20:22.087 [remote-sender-1] WARN  org.apache.s4.comm.tcp.TCPEmitter - Could not connect to partition 0, discarding message
22:20:22.107 [remote-sender-4] WARN  org.apache.s4.comm.tcp.TCPEmitter - Could not connect to partition 0, discarding message
22:20:22.127 [remote-sender-0] WARN  org.apache.s4.comm.tcp.TCPEmitter - Could not connect to partition 0, discarding message
22:20:22.148 [remote-sender-2] WARN  org.apache.s4.comm.tcp.TCPEmitter - Could not connect to partition 0, discarding message
22:20:22.167 [remote-sender-3] WARN  org.apache.s4.comm.tcp.TCPEmitter - Could not connect to partition 0, discarding message
22:20:22.187 [remote-sender-1] WARN  org.apache.s4.comm.tcp.TCPEmitter - Could not connect to partition 0, discarding message
22:20:22.208 [remote-sender-4] WARN  org.apache.s4.comm.tcp.TCPEmitter - Could not connect to partition 0, discarding message
22:20:22.228 [remote-sender-0] WARN  org.apache.s4.comm.tcp.TCPEmitter - Could not connect to partition 0, discarding message
22:20:22.248 [remote-sender-2] WARN  org.apache.s4.comm.tcp.TCPEmitter - Could not connect to partition 0, discarding message
22:20:22.268 [remote-sender-3] WARN  org.apache.s4.comm.tcp.TCPEmitter - Could not connect to partition 0, discarding message
22:20:22.288 [remote-sender-1] WARN  org.apache.s4.comm.tcp.TCPEmitter - Could not connect to partition 0, discarding message
22:20:22.308 [remote-sender-4] WARN  org.apache.s4.comm.tcp.TCPEmitter - Could not connect to partition 0, discarding message
22:20:22.328 [remote-sender-0] WARN  org.apache.s4.comm.tcp.TCPEmitter - Could not connect to partition 0, discarding message
22:20:22.348 [remote-sender-2] WARN  org.apache.s4.comm.tcp.TCPEmitter - Could not connect to partition 0, discarding message
22:20:22.368 [remote-sender-3] WARN  org.apache.s4.comm.tcp.TCPEmitter - Could not connect to partition 0, discarding message
22:20:22.389 [remote-sender-1] WARN  org.apache.s4.comm.tcp.TCPEmitter - Could not connect to partition 0, discarding message
22:20:22.409 [remote-sender-4] WARN  org.apache.s4.comm.tcp.TCPEmitter - Could not connect to partition 0, discarding message
22:20:22.429 [remote-sender-0] WARN  org.apache.s4.comm.tcp.TCPEmitter - Could not connect to partition 0, discarding message
22:20:22.449 [remote-sender-2] WARN  org.apache.s4.comm.tcp.TCPEmitter - Could not connect to partition 0, discarding message
22:20:22.469 [remote-sender-3] WARN  org.apache.s4.comm.tcp.TCPEmitter - Could not connect to partition 0, discarding message
22:20:22.489 [remote-sender-1] WARN  org.apache.s4.comm.tcp.TCPEmitter - Could not connect to partition 0, discarding message
22:20:22.509 [remote-sender-4] WARN  org.apache.s4.comm.tcp.TCPEmitter - Could not connect to partition 0, discarding message
22:20:22.530 [remote-sender-0] WARN  org.apache.s4.comm.tcp.TCPEmitter - Could not connect to partition 0, discarding message
22:20:22.550 [remote-sender-2] WARN  org.apache.s4.comm.tcp.TCPEmitter - Could not connect to partition 0, discarding message
22:20:22.570 [remote-sender-3] WARN  org.apache.s4.comm.tcp.TCPEmitter - Could not connect to partition 0, discarding message
22:20:22.590 [remote-sender-1] WARN  org.apache.s4.comm.tcp.TCPEmitter - Could not connect to partition 0, discarding message
22:20:22.610 [remote-sender-4] WARN  org.apache.s4.comm.tcp.TCPEmitter - Could not connect to partition 0, discarding message
22:20:22.630 [remote-sender-0] WARN  org.apache.s4.comm.tcp.TCPEmitter - Could not connect to partition 0, discarding message
22:20:22.650 [remote-sender-2] WARN  org.apache.s4.comm.tcp.TCPEmitter - Could not connect to partition 0, discarding message
22:20:22.670 [remote-sender-3] WARN  org.apache.s4.comm.tcp.TCPEmitter - Could not connect to partition 0, discarding message
22:20:22.690 [remote-sender-1] WARN  org.apache.s4.comm.tcp.TCPEmitter - Could not connect to partition 0, discarding message
22:20:22.710 [remote-sender-4] WARN  org.apache.s4.comm.tcp.TCPEmitter - Could not connect to partition 0, discarding message
22:20:22.730 [remote-sender-0] WARN  org.apache.s4.comm.tcp.TCPEmitter - Could not connect to partition 0, discarding message
22:20:22.750 [remote-sender-2] WARN  org.apache.s4.comm.tcp.TCPEmitter - Could not connect to partition 0, discarding message
22:20:22.770 [remote-sender-3] WARN  org.apache.s4.comm.tcp.TCPEmitter - Could not connect to partition 0, discarding message
22:20:22.791 [remote-sender-1] WARN  org.apache.s4.comm.tcp.TCPEmitter - Could not connect to partition 0, discarding message
22:20:22.811 [remote-sender-4] WARN  org.apache.s4.comm.tcp.TCPEmitter - Could not connect to partition 0, discarding message
22:20:22.831 [remote-sender-0] WARN  org.apache.s4.comm.tcp.TCPEmitter - Could not connect to partition 0, discarding message
22:20:22.851 [remote-sender-2] WARN  org.apache.s4.comm.tcp.TCPEmitter - Could not connect to partition 0, discarding message
22:20:22.871 [remote-sender-3] WARN  org.apache.s4.comm.tcp.TCPEmitter - Could not connect to partition 0, discarding message
22:20:22.891 [remote-sender-1] WARN  org.apache.s4.comm.tcp.TCPEmitter - Could not connect to partition 0, discarding message
22:20:22.911 [remote-sender-4] WARN  org.apache.s4.comm.tcp.TCPEmitter - Could not connect to partition 0, discarding message
22:20:22.931 [remote-sender-0] WARN  org.apache.s4.comm.tcp.TCPEmitter - Could not connect to partition 0, discarding message
22:20:22.951 [remote-sender-2] WARN  org.apache.s4.comm.tcp.TCPEmitter - Could not connect to partition 0, discarding message
22:20:22.972 [remote-sender-3] WARN  org.apache.s4.comm.tcp.TCPEmitter - Could not connect to partition 0, discarding message
22:20:22.992 [remote-sender-1] WARN  org.apache.s4.comm.tcp.TCPEmitter - Could not connect to partition 0, discarding message
22:20:23.012 [remote-sender-4] WARN  org.apache.s4.comm.tcp.TCPEmitter - Could not connect to partition 0, discarding message
22:20:23.032 [remote-sender-0] WARN  org.apache.s4.comm.tcp.TCPEmitter - Could not connect to partition 0, discarding message
22:20:23.052 [remote-sender-2] WARN  org.apache.s4.comm.tcp.TCPEmitter - Could not connect to partition 0, discarding message
22:20:23.072 [remote-sender-3] WARN  org.apache.s4.comm.tcp.TCPEmitter - Could not connect to partition 0, discarding message
22:20:23.092 [remote-sender-1] WARN  org.apache.s4.comm.tcp.TCPEmitter - Could not connect to partition 0, discarding message
22:20:23.113 [remote-sender-4] WARN  org.apache.s4.comm.tcp.TCPEmitter - Could not connect to partition 0, discarding message
22:20:23.133 [remote-sender-0] WARN  org.apache.s4.comm.tcp.TCPEmitter - Could not connect to partition 0, discarding message
22:20:23.152 [remote-sender-2] WARN  org.apache.s4.comm.tcp.TCPEmitter - Could not connect to partition 0, discarding message
22:20:23.173 [remote-sender-3] WARN  org.apache.s4.comm.tcp.TCPEmitter - Could not connect to partition 0, discarding message
22:20:23.193 [remote-sender-1] WARN  org.apache.s4.comm.tcp.TCPEmitter - Could not connect to partition 0, discarding message
22:20:23.213 [remote-sender-4] WARN  org.apache.s4.comm.tcp.TCPEmitter - Could not connect to partition 0, discarding message
22:20:23.233 [remote-sender-0] WARN  org.apache.s4.comm.tcp.TCPEmitter - Could not connect to partition 0, discarding message
22:20:23.253 [remote-sender-2] WARN  org.apache.s4.comm.tcp.TCPEmitter - Could not connect to partition 0, discarding message
22:20:23.273 [remote-sender-3] WARN  org.apache.s4.comm.tcp.TCPEmitter - Could not connect to partition 0, discarding message
22:20:23.293 [remote-sender-1] WARN  org.apache.s4.comm.tcp.TCPEmitter - Could not connect to partition 0, discarding message
22:20:23.314 [remote-sender-4] WARN  org.apache.s4.comm.tcp.TCPEmitter - Could not connect to partition 0, discarding message
22:20:23.334 [remote-sender-0] WARN  org.apache.s4.comm.tcp.TCPEmitter - Could not connect to partition 0, discarding message
22:20:23.354 [remote-sender-2] WARN  org.apache.s4.comm.tcp.TCPEmitter - Could not connect to partition 0, discarding message
22:20:23.374 [remote-sender-3] WARN  org.apache.s4.comm.tcp.TCPEmitter - Could not connect to partition 0, discarding message
22:20:23.394 [remote-sender-1] WARN  org.apache.s4.comm.tcp.TCPEmitter - Could not connect to partition 0, discarding message
22:20:23.414 [remote-sender-4] WARN  org.apache.s4.comm.tcp.TCPEmitter - Could not connect to partition 0, discarding message
22:20:23.434 [remote-sender-0] WARN  org.apache.s4.comm.tcp.TCPEmitter - Could not connect to partition 0, discarding message
22:20:23.454 [remote-sender-2] WARN  org.apache.s4.comm.tcp.TCPEmitter - Could not connect to partition 0, discarding message
22:20:23.474 [remote-sender-3] WARN  org.apache.s4.comm.tcp.TCPEmitter - Could not connect to partition 0, discarding message
22:20:23.495 [remote-sender-1] WARN  org.apache.s4.comm.tcp.TCPEmitter - Could not connect to partition 0, discarding message
22:20:23.515 [remote-sender-4] WARN  org.apache.s4.comm.tcp.TCPEmitter - Could not connect to partition 0, discarding message
22:20:23.535 [remote-sender-0] WARN  org.apache.s4.comm.tcp.TCPEmitter - Could not connect to partition 0, discarding message
22:20:23.554 [remote-sender-2] WARN  org.apache.s4.comm.tcp.TCPEmitter - Could not connect to partition 0, discarding message
22:20:23.575 [remote-sender-3] WARN  org.apache.s4.comm.tcp.TCPEmitter - Could not connect to partition 0, discarding message
22:20:23.595 [remote-sender-1] WARN  org.apache.s4.comm.tcp.TCPEmitter - Could not connect to partition 0, discarding message
22:20:23.615 [remote-sender-4] WARN  org.apache.s4.comm.tcp.TCPEmitter - Could not connect to partition 0, discarding message
22:20:23.635 [remote-sender-0] WARN  org.apache.s4.comm.tcp.TCPEmitter - Could not connect to partition 0, discarding message
22:20:23.655 [remote-sender-2] WARN  org.apache.s4.comm.tcp.TCPEmitter - Could not connect to partition 0, discarding message
22:20:23.675 [remote-sender-3] WARN  org.apache.s4.comm.tcp.TCPEmitter - Could not connect to partition 0, discarding message
22:20:23.696 [remote-sender-1] WARN  org.apache.s4.comm.tcp.TCPEmitter - Could not connect to partition 0, discarding message
22:20:23.715 [remote-sender-4] WARN  org.apache.s4.comm.tcp.TCPEmitter - Could not connect to partition 0, discarding message
22:20:23.736 [remote-sender-0] WARN  org.apache.s4.comm.tcp.TCPEmitter - Could not connect to partition 0, discarding message
22:20:23.756 [remote-sender-2] WARN  org.apache.s4.comm.tcp.TCPEmitter - Could not connect to partition 0, discarding message
22:20:23.776 [remote-sender-3] WARN  org.apache.s4.comm.tcp.TCPEmitter - Could not connect to partition 0, discarding message
22:20:23.796 [remote-sender-1] WARN  org.apache.s4.comm.tcp.TCPEmitter - Could not connect to partition 0, discarding message
22:20:23.816 [remote-sender-4] WARN  org.apache.s4.comm.tcp.TCPEmitter - Could not connect to partition 0, discarding message
22:20:23.836 [remote-sender-0] WARN  org.apache.s4.comm.tcp.TCPEmitter - Could not connect to partition 0, discarding message
22:20:23.856 [remote-sender-2] WARN  org.apache.s4.comm.tcp.TCPEmitter - Could not connect to partition 0, discarding message
22:20:23.876 [remote-sender-3] WARN  org.apache.s4.comm.tcp.TCPEmitter - Could not connect to partition 0, discarding message
22:20:23.896 [remote-sender-1] WARN  org.apache.s4.comm.tcp.TCPEmitter - Could not connect to partition 0, discarding message
22:20:23.917 [remote-sender-4] WARN  org.apache.s4.comm.tcp.TCPEmitter - Could not connect to partition 0, discarding message
22:20:23.937 [remote-sender-0] WARN  org.apache.s4.comm.tcp.TCPEmitter - Could not connect to partition 0, discarding message
22:20:23.957 [remote-sender-2] WARN  org.apache.s4.comm.tcp.TCPEmitter - Could not connect to partition 0, discarding message
22:20:23.977 [remote-sender-3] WARN  org.apache.s4.comm.tcp.TCPEmitter - Could not connect to partition 0, discarding message
22:20:23.997 [remote-sender-1] WARN  org.apache.s4.comm.tcp.TCPEmitter - Could not connect to partition 0, discarding message
22:20:24.017 [remote-sender-4] WARN  org.apache.s4.comm.tcp.TCPEmitter - Could not connect to partition 0, discarding message
22:20:24.037 [remote-sender-0] WARN  org.apache.s4.comm.tcp.TCPEmitter - Could not connect to partition 0, discarding message
22:20:24.057 [remote-sender-2] WARN  org.apache.s4.comm.tcp.TCPEmitter - Could not connect to partition 0, discarding message
22:20:24.077 [remote-sender-3] WARN  org.apache.s4.comm.tcp.TCPEmitter - Could not connect to partition 0, discarding message
22:20:24.098 [remote-sender-1] WARN  org.apache.s4.comm.tcp.TCPEmitter - Could not connect to partition 0, discarding message
22:20:24.117 [remote-sender-4] WARN  org.apache.s4.comm.tcp.TCPEmitter - Could not connect to partition 0, discarding message
22:20:24.138 [remote-sender-0] WARN  org.apache.s4.comm.tcp.TCPEmitter - Could not connect to partition 0, discarding message
22:20:24.158 [remote-sender-2] WARN  org.apache.s4.comm.tcp.TCPEmitter - Could not connect to partition 0, discarding message
22:20:24.178 [remote-sender-3] WARN  org.apache.s4.comm.tcp.TCPEmitter - Could not connect to partition 0, discarding message
22:20:24.198 [remote-sender-1] WARN  org.apache.s4.comm.tcp.TCPEmitter - Could not connect to partition 0, discarding message
22:20:24.218 [remote-sender-4] WARN  org.apache.s4.comm.tcp.TCPEmitter - Could not connect to partition 0, discarding message
22:20:24.238 [remote-sender-0] WARN  org.apache.s4.comm.tcp.TCPEmitter - Could not connect to partition 0, discarding message
22:20:24.258 [remote-sender-2] WARN  org.apache.s4.comm.tcp.TCPEmitter - Could not connect to partition 0, discarding message
22:20:24.278 [remote-sender-3] WARN  org.apache.s4.comm.tcp.TCPEmitter - Could not connect to partition 0, discarding message
22:20:24.299 [remote-sender-1] WARN  org.apache.s4.comm.tcp.TCPEmitter - Could not connect to partition 0, discarding message
22:20:24.319 [remote-sender-4] WARN  org.apache.s4.comm.tcp.TCPEmitter - Could not connect to partition 0, discarding message
22:20:24.339 [remote-sender-0] WARN  org.apache.s4.comm.tcp.TCPEmitter - Could not connect to partition 0, discarding message
22:20:24.359 [remote-sender-2] WARN  org.apache.s4.comm.tcp.TCPEmitter - Could not connect to partition 0, discarding message
22:20:24.379 [remote-sender-3] WARN  org.apache.s4.comm.tcp.TCPEmitter - Could not connect to partition 0, discarding message
22:20:24.399 [remote-sender-1] WARN  org.apache.s4.comm.tcp.TCPEmitter - Could not connect to partition 0, discarding message
22:20:24.420 [remote-sender-4] WARN  org.apache.s4.comm.tcp.TCPEmitter - Could not connect to partition 0, discarding message
22:20:24.439 [remote-sender-0] WARN  org.apache.s4.comm.tcp.TCPEmitter - Could not connect to partition 0, discarding message
22:20:24.459 [remote-sender-2] WARN  org.apache.s4.comm.tcp.TCPEmitter - Could not connect to partition 0, discarding message
22:20:24.479 [remote-sender-3] WARN  org.apache.s4.comm.tcp.TCPEmitter - Could not connect to partition 0, discarding message
22:20:24.500 [remote-sender-1] WARN  org.apache.s4.comm.tcp.TCPEmitter - Could not connect to partition 0, discarding message
22:20:24.520 [remote-sender-4] WARN  org.apache.s4.comm.tcp.TCPEmitter - Could not connect to partition 0, discarding message
22:20:24.540 [remote-sender-0] WARN  org.apache.s4.comm.tcp.TCPEmitter - Could not connect to partition 0, discarding message
22:20:24.560 [remote-sender-2] WARN  org.apache.s4.comm.tcp.TCPEmitter - Could not connect to partition 0, discarding message
22:20:24.580 [remote-sender-3] WARN  org.apache.s4.comm.tcp.TCPEmitter - Could not connect to partition 0, discarding message
22:20:24.600 [remote-sender-1] WARN  org.apache.s4.comm.tcp.TCPEmitter - Could not connect to partition 0, discarding message
22:20:24.620 [remote-sender-4] WARN  org.apache.s4.comm.tcp.TCPEmitter - Could not connect to partition 0, discarding message
22:20:24.640 [remote-sender-0] WARN  org.apache.s4.comm.tcp.TCPEmitter - Could not connect to partition 0, discarding message
22:20:24.660 [remote-sender-2] WARN  org.apache.s4.comm.tcp.TCPEmitter - Could not connect to partition 0, discarding message
22:20:24.681 [remote-sender-3] WARN  org.apache.s4.comm.tcp.TCPEmitter - Could not connect to partition 0, discarding message
22:20:24.701 [remote-sender-1] WARN  org.apache.s4.comm.tcp.TCPEmitter - Could not connect to partition 0, discarding message
22:20:24.721 [remote-sender-4] WARN  org.apache.s4.comm.tcp.TCPEmitter - Could not connect to partition 0, discarding message
22:20:24.741 [remote-sender-0] WARN  org.apache.s4.comm.tcp.TCPEmitter - Could not connect to partition 0, discarding message
22:20:24.761 [remote-sender-2] WARN  org.apache.s4.comm.tcp.TCPEmitter - Could not connect to partition 0, discarding message
22:20:24.781 [remote-sender-3] WARN  org.apache.s4.comm.tcp.TCPEmitter - Could not connect to partition 0, discarding message
22:20:24.801 [remote-sender-1] WARN  org.apache.s4.comm.tcp.TCPEmitter - Could not connect to partition 0, discarding message
22:20:24.821 [remote-sender-4] WARN  org.apache.s4.comm.tcp.TCPEmitter - Could not connect to partition 0, discarding message
22:20:24.841 [remote-sender-0] WARN  org.apache.s4.comm.tcp.TCPEmitter - Could not connect to partition 0, discarding message
22:20:24.861 [remote-sender-2] WARN  org.apache.s4.comm.tcp.TCPEmitter - Could not connect to partition 0, discarding message
22:20:24.882 [remote-sender-3] WARN  org.apache.s4.comm.tcp.TCPEmitter - Could not connect to partition 0, discarding message
22:20:24.902 [remote-sender-1] WARN  org.apache.s4.comm.tcp.TCPEmitter - Could not connect to partition 0, discarding message
22:20:24.922 [remote-sender-4] WARN  org.apache.s4.comm.tcp.TCPEmitter - Could not connect to partition 0, discarding message
22:20:24.942 [remote-sender-0] WARN  org.apache.s4.comm.tcp.TCPEmitter - Could not connect to partition 0, discarding message
22:20:24.962 [remote-sender-2] WARN  org.apache.s4.comm.tcp.TCPEmitter - Could not connect to partition 0, discarding message
22:20:24.982 [remote-sender-3] WARN  org.apache.s4.comm.tcp.TCPEmitter - Could not connect to partition 0, discarding message
22:20:25.002 [remote-sender-1] WARN  org.apache.s4.comm.tcp.TCPEmitter - Could not connect to partition 0, discarding message
22:20:25.022 [remote-sender-4] WARN  org.apache.s4.comm.tcp.TCPEmitter - Could not connect to partition 0, discarding message
22:20:25.042 [remote-sender-0] WARN  org.apache.s4.comm.tcp.TCPEmitter - Could not connect to partition 0, discarding message
22:20:25.062 [remote-sender-2] WARN  org.apache.s4.comm.tcp.TCPEmitter - Could not connect to partition 0, discarding message
22:20:25.086 [remote-sender-3] WARN  org.apache.s4.comm.tcp.TCPEmitter - Could not connect to partition 0, discarding message
22:20:25.106 [remote-sender-1] WARN  org.apache.s4.comm.tcp.TCPEmitter - Could not connect to partition 0, discarding message
22:20:25.126 [remote-sender-4] WARN  org.apache.s4.comm.tcp.TCPEmitter - Could not connect to partition 0, discarding message
22:20:25.146 [remote-sender-0] WARN  org.apache.s4.comm.tcp.TCPEmitter - Could not connect to partition 0, discarding message
22:20:25.166 [remote-sender-2] WARN  org.apache.s4.comm.tcp.TCPEmitter - Could not connect to partition 0, discarding message
22:20:25.187 [remote-sender-3] WARN  org.apache.s4.comm.tcp.TCPEmitter - Could not connect to partition 0, discarding message
22:20:25.207 [remote-sender-1] WARN  org.apache.s4.comm.tcp.TCPEmitter - Could not connect to partition 0, discarding message
22:20:25.227 [remote-sender-4] WARN  org.apache.s4.comm.tcp.TCPEmitter - Could not connect to partition 0, discarding message
22:20:25.247 [remote-sender-0] WARN  org.apache.s4.comm.tcp.TCPEmitter - Could not connect to partition 0, discarding message
22:20:25.267 [remote-sender-2] WARN  org.apache.s4.comm.tcp.TCPEmitter - Could not connect to partition 0, discarding message
22:20:25.287 [remote-sender-3] WARN  org.apache.s4.comm.tcp.TCPEmitter - Could not connect to partition 0, discarding message
22:20:25.307 [remote-sender-1] WARN  org.apache.s4.comm.tcp.TCPEmitter - Could not connect to partition 0, discarding message
22:20:25.327 [remote-sender-4] WARN  org.apache.s4.comm.tcp.TCPEmitter - Could not connect to partition 0, discarding message
22:20:25.347 [remote-sender-0] WARN  org.apache.s4.comm.tcp.TCPEmitter - Could not connect to partition 0, discarding message
22:20:25.367 [remote-sender-2] WARN  org.apache.s4.comm.tcp.TCPEmitter - Could not connect to partition 0, discarding message
22:20:25.388 [remote-sender-3] WARN  org.apache.s4.comm.tcp.TCPEmitter - Could not connect to partition 0, discarding message
22:20:25.408 [remote-sender-1] WARN  org.apache.s4.comm.tcp.TCPEmitter - Could not connect to partition 0, discarding message
22:20:25.428 [remote-sender-4] WARN  org.apache.s4.comm.tcp.TCPEmitter - Could not connect to partition 0, discarding message
22:20:25.448 [remote-sender-0] WARN  org.apache.s4.comm.tcp.TCPEmitter - Could not connect to partition 0, discarding message
22:20:25.468 [remote-sender-2] WARN  org.apache.s4.comm.tcp.TCPEmitter - Could not connect to partition 0, discarding message
22:20:25.488 [remote-sender-3] WARN  org.apache.s4.comm.tcp.TCPEmitter - Could not connect to partition 0, discarding message
22:20:25.508 [remote-sender-1] WARN  org.apache.s4.comm.tcp.TCPEmitter - Could not connect to partition 0, discarding message
22:20:25.528 [remote-sender-4] WARN  org.apache.s4.comm.tcp.TCPEmitter - Could not connect to partition 0, discarding message
22:20:25.548 [remote-sender-0] WARN  org.apache.s4.comm.tcp.TCPEmitter - Could not connect to partition 0, discarding message
22:20:25.568 [remote-sender-2] WARN  org.apache.s4.comm.tcp.TCPEmitter - Could not connect to partition 0, discarding message
22:20:25.589 [remote-sender-3] WARN  org.apache.s4.comm.tcp.TCPEmitter - Could not connect to partition 0, discarding message
22:20:25.609 [remote-sender-1] WARN  org.apache.s4.comm.tcp.TCPEmitter - Could not connect to partition 0, discarding message
22:20:25.629 [remote-sender-4] WARN  org.apache.s4.comm.tcp.TCPEmitter - Could not connect to partition 0, discarding message
22:20:25.649 [remote-sender-0] WARN  org.apache.s4.comm.tcp.TCPEmitter - Could not connect to partition 0, discarding message
22:20:25.669 [remote-sender-2] WARN  org.apache.s4.comm.tcp.TCPEmitter - Could not connect to partition 0, discarding message
22:20:25.689 [remote-sender-3] WARN  org.apache.s4.comm.tcp.TCPEmitter - Could not connect to partition 0, discarding message
22:20:25.709 [remote-sender-1] WARN  org.apache.s4.comm.tcp.TCPEmitter - Could not connect to partition 0, discarding message
22:20:25.729 [remote-sender-4] WARN  org.apache.s4.comm.tcp.TCPEmitter - Could not connect to partition 0, discarding message
22:20:25.749 [remote-sender-0] WARN  org.apache.s4.comm.tcp.TCPEmitter - Could not connect to partition 0, discarding message
22:20:25.770 [remote-sender-2] WARN  org.apache.s4.comm.tcp.TCPEmitter - Could not connect to partition 0, discarding message
22:20:25.790 [remote-sender-3] WARN  org.apache.s4.comm.tcp.TCPEmitter - Could not connect to partition 0, discarding message
22:20:25.810 [remote-sender-1] WARN  org.apache.s4.comm.tcp.TCPEmitter - Could not connect to partition 0, discarding message
22:20:25.830 [remote-sender-4] WARN  org.apache.s4.comm.tcp.TCPEmitter - Could not connect to partition 0, discarding message
22:20:25.850 [remote-sender-0] WARN  org.apache.s4.comm.tcp.TCPEmitter - Could not connect to partition 0, discarding message
22:20:25.870 [remote-sender-2] WARN  org.apache.s4.comm.tcp.TCPEmitter - Could not connect to partition 0, discarding message
22:20:25.890 [remote-sender-3] WARN  org.apache.s4.comm.tcp.TCPEmitter - Could not connect to partition 0, discarding message
22:20:25.910 [remote-sender-1] WARN  org.apache.s4.comm.tcp.TCPEmitter - Could not connect to partition 0, discarding message
22:20:25.930 [remote-sender-4] WARN  org.apache.s4.comm.tcp.TCPEmitter - Could not connect to partition 0, discarding message
22:20:25.950 [remote-sender-0] WARN  org.apache.s4.comm.tcp.TCPEmitter - Could not connect to partition 0, discarding message
22:20:25.971 [remote-sender-2] WARN  org.apache.s4.comm.tcp.TCPEmitter - Could not connect to partition 0, discarding message
22:20:25.991 [remote-sender-3] WARN  org.apache.s4.comm.tcp.TCPEmitter - Could not connect to partition 0, discarding message
22:20:26.011 [remote-sender-1] WARN  org.apache.s4.comm.tcp.TCPEmitter - Could not connect to partition 0, discarding message
22:20:26.031 [remote-sender-4] WARN  org.apache.s4.comm.tcp.TCPEmitter - Could not connect to partition 0, discarding message
22:20:26.051 [remote-sender-0] WARN  org.apache.s4.comm.tcp.TCPEmitter - Could not connect to partition 0, discarding message
22:20:26.071 [remote-sender-2] WARN  org.apache.s4.comm.tcp.TCPEmitter - Could not connect to partition 0, discarding message
22:20:26.091 [remote-sender-3] WARN  org.apache.s4.comm.tcp.TCPEmitter - Could not connect to partition 0, discarding message
22:20:26.111 [remote-sender-1] WARN  org.apache.s4.comm.tcp.TCPEmitter - Could not connect to partition 0, discarding message
22:20:26.131 [remote-sender-4] WARN  org.apache.s4.comm.tcp.TCPEmitter - Could not connect to partition 0, discarding message
22:20:26.152 [remote-sender-0] WARN  org.apache.s4.comm.tcp.TCPEmitter - Could not connect to partition 0, discarding message
22:20:26.172 [remote-sender-2] WARN  org.apache.s4.comm.tcp.TCPEmitter - Could not connect to partition 0, discarding message
22:20:26.192 [remote-sender-3] WARN  org.apache.s4.comm.tcp.TCPEmitter - Could not connect to partition 0, discarding message
22:20:26.212 [remote-sender-1] WARN  org.apache.s4.comm.tcp.TCPEmitter - Could not connect to partition 0, discarding message
22:20:26.232 [remote-sender-4] WARN  org.apache.s4.comm.tcp.TCPEmitter - Could not connect to partition 0, discarding message
22:20:26.252 [remote-sender-0] WARN  org.apache.s4.comm.tcp.TCPEmitter - Could not connect to partition 0, discarding message
22:20:26.272 [remote-sender-2] WARN  org.apache.s4.comm.tcp.TCPEmitter - Could not connect to partition 0, discarding message
22:20:26.292 [remote-sender-3] WARN  org.apache.s4.comm.tcp.TCPEmitter - Could not connect to partition 0, discarding message
22:20:26.312 [remote-sender-1] WARN  org.apache.s4.comm.tcp.TCPEmitter - Could not connect to partition 0, discarding message
22:20:26.332 [remote-sender-4] WARN  org.apache.s4.comm.tcp.TCPEmitter - Could not connect to partition 0, discarding message
22:20:26.353 [remote-sender-0] WARN  org.apache.s4.comm.tcp.TCPEmitter - Could not connect to partition 0, discarding message
22:20:26.373 [remote-sender-2] WARN  org.apache.s4.comm.tcp.TCPEmitter - Could not connect to partition 0, discarding message
22:20:26.393 [remote-sender-3] WARN  org.apache.s4.comm.tcp.TCPEmitter - Could not connect to partition 0, discarding message
22:20:26.413 [remote-sender-1] WARN  org.apache.s4.comm.tcp.TCPEmitter - Could not connect to partition 0, discarding message
22:20:26.433 [remote-sender-4] WARN  org.apache.s4.comm.tcp.TCPEmitter - Could not connect to partition 0, discarding message
22:20:26.453 [remote-sender-0] WARN  org.apache.s4.comm.tcp.TCPEmitter - Could not connect to partition 0, discarding message
22:20:26.473 [remote-sender-2] WARN  org.apache.s4.comm.tcp.TCPEmitter - Could not connect to partition 0, discarding message
22:20:26.493 [remote-sender-3] WARN  org.apache.s4.comm.tcp.TCPEmitter - Could not connect to partition 0, discarding message
22:20:26.514 [remote-sender-1] WARN  org.apache.s4.comm.tcp.TCPEmitter - Could not connect to partition 0, discarding message
22:20:26.534 [remote-sender-4] WARN  org.apache.s4.comm.tcp.TCPEmitter - Could not connect to partition 0, discarding message
22:20:26.554 [remote-sender-0] WARN  org.apache.s4.comm.tcp.TCPEmitter - Could not connect to partition 0, discarding message
22:20:26.574 [remote-sender-2] WARN  org.apache.s4.comm.tcp.TCPEmitter - Could not connect to partition 0, discarding message
22:20:26.594 [remote-sender-3] WARN  org.apache.s4.comm.tcp.TCPEmitter - Could not connect to partition 0, discarding message
22:20:26.614 [remote-sender-1] WARN  org.apache.s4.comm.tcp.TCPEmitter - Could not connect to partition 0, discarding message
22:20:26.634 [remote-sender-4] WARN  org.apache.s4.comm.tcp.TCPEmitter - Could not connect to partition 0, discarding message
22:20:26.654 [remote-sender-0] WARN  org.apache.s4.comm.tcp.TCPEmitter - Could not connect to partition 0, discarding message
22:20:26.674 [remote-sender-2] WARN  org.apache.s4.comm.tcp.TCPEmitter - Could not connect to partition 0, discarding message
22:20:26.694 [remote-sender-3] WARN  org.apache.s4.comm.tcp.TCPEmitter - Could not connect to partition 0, discarding message
22:20:26.714 [remote-sender-1] WARN  org.apache.s4.comm.tcp.TCPEmitter - Could not connect to partition 0, discarding message
22:20:26.734 [remote-sender-4] WARN  org.apache.s4.comm.tcp.TCPEmitter - Could not connect to partition 0, discarding message
22:20:26.755 [remote-sender-0] WARN  org.apache.s4.comm.tcp.TCPEmitter - Could not connect to partition 0, discarding message
22:20:26.775 [remote-sender-2] WARN  org.apache.s4.comm.tcp.TCPEmitter - Could not connect to partition 0, discarding message
22:20:26.795 [remote-sender-3] WARN  org.apache.s4.comm.tcp.TCPEmitter - Could not connect to partition 0, discarding message
22:20:26.815 [remote-sender-1] WARN  org.apache.s4.comm.tcp.TCPEmitter - Could not connect to partition 0, discarding message
22:20:26.835 [remote-sender-4] WARN  org.apache.s4.comm.tcp.TCPEmitter - Could not connect to partition 0, discarding message
22:20:26.855 [remote-sender-0] WARN  org.apache.s4.comm.tcp.TCPEmitter - Could not connect to partition 0, discarding message
22:20:26.875 [remote-sender-2] WARN  org.apache.s4.comm.tcp.TCPEmitter - Could not connect to partition 0, discarding message
22:20:26.895 [remote-sender-3] WARN  org.apache.s4.comm.tcp.TCPEmitter - Could not connect to partition 0, discarding message
22:20:26.915 [remote-sender-1] WARN  org.apache.s4.comm.tcp.TCPEmitter - Could not connect to partition 0, discarding message
22:20:26.935 [remote-sender-4] WARN  org.apache.s4.comm.tcp.TCPEmitter - Could not connect to partition 0, discarding message
22:20:26.955 [remote-sender-0] WARN  org.apache.s4.comm.tcp.TCPEmitter - Could not connect to partition 0, discarding message
22:20:26.976 [remote-sender-2] WARN  org.apache.s4.comm.tcp.TCPEmitter - Could not connect to partition 0, discarding message
22:20:26.996 [remote-sender-3] WARN  org.apache.s4.comm.tcp.TCPEmitter - Could not connect to partition 0, discarding message
22:20:27.016 [remote-sender-1] WARN  org.apache.s4.comm.tcp.TCPEmitter - Could not connect to partition 0, discarding message
22:20:27.036 [remote-sender-4] WARN  org.apache.s4.comm.tcp.TCPEmitter - Could not connect to partition 0, discarding message
22:20:27.056 [remote-sender-0] WARN  org.apache.s4.comm.tcp.TCPEmitter - Could not connect to partition 0, discarding message
22:20:27.076 [remote-sender-2] WARN  org.apache.s4.comm.tcp.TCPEmitter - Could not connect to partition 0, discarding message
22:20:27.096 [remote-sender-3] WARN  org.apache.s4.comm.tcp.TCPEmitter - Could not connect to partition 0, discarding message
22:20:27.116 [remote-sender-1] WARN  org.apache.s4.comm.tcp.TCPEmitter - Could not connect to partition 0, discarding message
22:20:27.136 [remote-sender-4] WARN  org.apache.s4.comm.tcp.TCPEmitter - Could not connect to partition 0, discarding message
22:20:27.156 [remote-sender-0] WARN  org.apache.s4.comm.tcp.TCPEmitter - Could not connect to partition 0, discarding message
22:20:27.177 [remote-sender-2] WARN  org.apache.s4.comm.tcp.TCPEmitter - Could not connect to partition 0, discarding message
22:20:27.197 [remote-sender-3] WARN  org.apache.s4.comm.tcp.TCPEmitter - Could not connect to partition 0, discarding message
22:20:27.217 [remote-sender-1] WARN  org.apache.s4.comm.tcp.TCPEmitter - Could not connect to partition 0, discarding message
22:20:27.237 [remote-sender-4] WARN  org.apache.s4.comm.tcp.TCPEmitter - Could not connect to partition 0, discarding message
22:20:27.257 [remote-sender-0] WARN  org.apache.s4.comm.tcp.TCPEmitter - Could not connect to partition 0, discarding message
22:20:27.277 [remote-sender-2] WARN  org.apache.s4.comm.tcp.TCPEmitter - Could not connect to partition 0, discarding message
22:20:27.297 [remote-sender-3] WARN  org.apache.s4.comm.tcp.TCPEmitter - Could not connect to partition 0, discarding message
22:20:27.317 [remote-sender-1] WARN  org.apache.s4.comm.tcp.TCPEmitter - Could not connect to partition 0, discarding message
22:20:27.337 [remote-sender-4] WARN  org.apache.s4.comm.tcp.TCPEmitter - Could not connect to partition 0, discarding message
22:20:27.358 [remote-sender-0] WARN  org.apache.s4.comm.tcp.TCPEmitter - Could not connect to partition 0, discarding message
22:20:27.378 [remote-sender-2] WARN  org.apache.s4.comm.tcp.TCPEmitter - Could not connect to partition 0, discarding message
22:20:27.398 [remote-sender-3] WARN  org.apache.s4.comm.tcp.TCPEmitter - Could not connect to partition 0, discarding message
22:20:27.418 [remote-sender-1] WARN  org.apache.s4.comm.tcp.TCPEmitter - Could not connect to partition 0, discarding message
22:20:27.438 [remote-sender-4] WARN  org.apache.s4.comm.tcp.TCPEmitter - Could not connect to partition 0, discarding message
22:20:27.458 [remote-sender-0] WARN  org.apache.s4.comm.tcp.TCPEmitter - Could not connect to partition 0, discarding message
22:20:27.478 [remote-sender-2] WARN  org.apache.s4.comm.tcp.TCPEmitter - Could not connect to partition 0, discarding message
22:20:27.498 [remote-sender-3] WARN  org.apache.s4.comm.tcp.TCPEmitter - Could not connect to partition 0, discarding message
22:20:27.518 [remote-sender-1] WARN  org.apache.s4.comm.tcp.TCPEmitter - Could not connect to partition 0, discarding message
22:20:27.538 [remote-sender-4] WARN  org.apache.s4.comm.tcp.TCPEmitter - Could not connect to partition 0, discarding message
22:20:27.558 [remote-sender-0] WARN  org.apache.s4.comm.tcp.TCPEmitter - Could not connect to partition 0, discarding message
22:20:27.579 [remote-sender-2] WARN  org.apache.s4.comm.tcp.TCPEmitter - Could not connect to partition 0, discarding message
22:20:27.599 [remote-sender-3] WARN  org.apache.s4.comm.tcp.TCPEmitter - Could not connect to partition 0, discarding message
22:20:27.619 [remote-sender-1] WARN  org.apache.s4.comm.tcp.TCPEmitter - Could not connect to partition 0, discarding message
22:20:27.639 [remote-sender-4] WARN  org.apache.s4.comm.tcp.TCPEmitter - Could not connect to partition 0, discarding message
22:20:27.659 [remote-sender-0] WARN  org.apache.s4.comm.tcp.TCPEmitter - Could not connect to partition 0, discarding message
22:20:27.679 [remote-sender-2] WARN  org.apache.s4.comm.tcp.TCPEmitter - Could not connect to partition 0, discarding message
22:20:27.699 [remote-sender-3] WARN  org.apache.s4.comm.tcp.TCPEmitter - Could not connect to partition 0, discarding message
22:20:27.719 [remote-sender-1] WARN  org.apache.s4.comm.tcp.TCPEmitter - Could not connect to partition 0, discarding message
22:20:27.739 [remote-sender-4] WARN  org.apache.s4.comm.tcp.TCPEmitter - Could not connect to partition 0, discarding message
22:20:27.759 [remote-sender-0] WARN  org.apache.s4.comm.tcp.TCPEmitter - Could not connect to partition 0, discarding message
22:20:27.779 [remote-sender-2] WARN  org.apache.s4.comm.tcp.TCPEmitter - Could not connect to partition 0, discarding message
22:20:27.800 [remote-sender-3] WARN  org.apache.s4.comm.tcp.TCPEmitter - Could not connect to partition 0, discarding message
22:20:27.819 [remote-sender-1] WARN  org.apache.s4.comm.tcp.TCPEmitter - Could not connect to partition 0, discarding message
22:20:27.840 [remote-sender-4] WARN  org.apache.s4.comm.tcp.TCPEmitter - Could not connect to partition 0, discarding message
22:20:27.860 [remote-sender-0] WARN  org.apache.s4.comm.tcp.TCPEmitter - Could not connect to partition 0, discarding message
22:20:27.880 [remote-sender-2] WARN  org.apache.s4.comm.tcp.TCPEmitter - Could not connect to partition 0, discarding message
22:20:27.900 [remote-sender-3] WARN  org.apache.s4.comm.tcp.TCPEmitter - Could not connect to partition 0, discarding message
22:20:27.920 [remote-sender-1] WARN  org.apache.s4.comm.tcp.TCPEmitter - Could not connect to partition 0, discarding message
22:20:27.940 [remote-sender-4] WARN  org.apache.s4.comm.tcp.TCPEmitter - Could not connect to partition 0, discarding message
22:20:27.960 [remote-sender-0] WARN  org.apache.s4.comm.tcp.TCPEmitter - Could not connect to partition 0, discarding message
22:20:27.981 [remote-sender-2] WARN  org.apache.s4.comm.tcp.TCPEmitter - Could not connect to partition 0, discarding message
22:20:28.000 [remote-sender-3] WARN  org.apache.s4.comm.tcp.TCPEmitter - Could not connect to partition 0, discarding message
22:20:28.021 [remote-sender-1] WARN  org.apache.s4.comm.tcp.TCPEmitter - Could not connect to partition 0, discarding message
22:20:28.041 [remote-sender-4] WARN  org.apache.s4.comm.tcp.TCPEmitter - Could not connect to partition 0, discarding message
22:20:28.061 [remote-sender-0] WARN  org.apache.s4.comm.tcp.TCPEmitter - Could not connect to partition 0, discarding message
22:20:28.081 [remote-sender-2] WARN  org.apache.s4.comm.tcp.TCPEmitter - Could not connect to partition 0, discarding message
22:20:28.101 [remote-sender-3] WARN  org.apache.s4.comm.tcp.TCPEmitter - Could not connect to partition 0, discarding message
22:20:28.121 [remote-sender-1] WARN  org.apache.s4.comm.tcp.TCPEmitter - Could not connect to partition 0, discarding message
22:20:28.141 [remote-sender-4] WARN  org.apache.s4.comm.tcp.TCPEmitter - Could not connect to partition 0, discarding message
22:20:28.162 [remote-sender-0] WARN  org.apache.s4.comm.tcp.TCPEmitter - Could not connect to partition 0, discarding message
22:20:28.182 [remote-sender-2] WARN  org.apache.s4.comm.tcp.TCPEmitter - Could not connect to partition 0, discarding message
22:20:28.202 [remote-sender-3] WARN  org.apache.s4.comm.tcp.TCPEmitter - Could not connect to partition 0, discarding message
22:20:28.222 [remote-sender-1] WARN  org.apache.s4.comm.tcp.TCPEmitter - Could not connect to partition 0, discarding message
22:20:28.242 [remote-sender-4] WARN  org.apache.s4.comm.tcp.TCPEmitter - Could not connect to partition 0, discarding message
22:20:28.262 [remote-sender-0] WARN  org.apache.s4.comm.tcp.TCPEmitter - Could not connect to partition 0, discarding message
22:20:28.282 [remote-sender-2] WARN  org.apache.s4.comm.tcp.TCPEmitter - Could not connect to partition 0, discarding message
22:20:28.302 [remote-sender-3] WARN  org.apache.s4.comm.tcp.TCPEmitter - Could not connect to partition 0, discarding message
22:20:28.323 [remote-sender-1] WARN  org.apache.s4.comm.tcp.TCPEmitter - Could not connect to partition 0, discarding message
22:20:28.343 [remote-sender-4] WARN  org.apache.s4.comm.tcp.TCPEmitter - Could not connect to partition 0, discarding message
22:20:28.363 [remote-sender-0] WARN  org.apache.s4.comm.tcp.TCPEmitter - Could not connect to partition 0, discarding message
22:20:28.383 [remote-sender-2] WARN  org.apache.s4.comm.tcp.TCPEmitter - Could not connect to partition 0, discarding message
22:20:28.403 [remote-sender-3] WARN  org.apache.s4.comm.tcp.TCPEmitter - Could not connect to partition 0, discarding message
22:20:28.423 [remote-sender-1] WARN  org.apache.s4.comm.tcp.TCPEmitter - Could not connect to partition 0, discarding message
22:20:28.443 [remote-sender-4] WARN  org.apache.s4.comm.tcp.TCPEmitter - Could not connect to partition 0, discarding message
22:20:28.463 [remote-sender-0] WARN  org.apache.s4.comm.tcp.TCPEmitter - Could not connect to partition 0, discarding message
22:20:28.483 [remote-sender-2] WARN  org.apache.s4.comm.tcp.TCPEmitter - Could not connect to partition 0, discarding message
22:20:28.503 [remote-sender-3] WARN  org.apache.s4.comm.tcp.TCPEmitter - Could not connect to partition 0, discarding message
22:20:28.523 [remote-sender-1] WARN  org.apache.s4.comm.tcp.TCPEmitter - Could not connect to partition 0, discarding message
22:20:28.544 [remote-sender-4] WARN  org.apache.s4.comm.tcp.TCPEmitter - Could not connect to partition 0, discarding message
22:20:28.564 [remote-sender-0] WARN  org.apache.s4.comm.tcp.TCPEmitter - Could not connect to partition 0, discarding message
22:20:28.584 [remote-sender-2] WARN  org.apache.s4.comm.tcp.TCPEmitter - Could not connect to partition 0, discarding message
22:20:28.604 [remote-sender-3] WARN  org.apache.s4.comm.tcp.TCPEmitter - Could not connect to partition 0, discarding message
22:20:28.624 [remote-sender-1] WARN  org.apache.s4.comm.tcp.TCPEmitter - Could not connect to partition 0, discarding message
22:20:28.644 [remote-sender-4] WARN  org.apache.s4.comm.tcp.TCPEmitter - Could not connect to partition 0, discarding message
22:20:28.664 [remote-sender-0] WARN  org.apache.s4.comm.tcp.TCPEmitter - Could not connect to partition 0, discarding message
22:20:28.684 [remote-sender-2] WARN  org.apache.s4.comm.tcp.TCPEmitter - Could not connect to partition 0, discarding message
22:20:28.704 [remote-sender-3] WARN  org.apache.s4.comm.tcp.TCPEmitter - Could not connect to partition 0, discarding message
22:20:28.725 [remote-sender-1] WARN  org.apache.s4.comm.tcp.TCPEmitter - Could not connect to partition 0, discarding message
22:20:28.745 [remote-sender-4] WARN  org.apache.s4.comm.tcp.TCPEmitter - Could not connect to partition 0, discarding message
22:20:28.765 [remote-sender-0] WARN  org.apache.s4.comm.tcp.TCPEmitter - Could not connect to partition 0, discarding message
22:20:28.785 [remote-sender-2] WARN  org.apache.s4.comm.tcp.TCPEmitter - Could not connect to partition 0, discarding message
22:20:28.805 [remote-sender-3] WARN  org.apache.s4.comm.tcp.TCPEmitter - Could not connect to partition 0, discarding message
22:20:28.825 [remote-sender-1] WARN  org.apache.s4.comm.tcp.TCPEmitter - Could not connect to partition 0, discarding message
22:20:28.845 [remote-sender-4] WARN  org.apache.s4.comm.tcp.TCPEmitter - Could not connect to partition 0, discarding message
22:20:28.865 [remote-sender-0] WARN  org.apache.s4.comm.tcp.TCPEmitter - Could not connect to partition 0, discarding message
22:20:28.885 [remote-sender-2] WARN  org.apache.s4.comm.tcp.TCPEmitter - Could not connect to partition 0, discarding message
22:20:28.906 [remote-sender-3] WARN  org.apache.s4.comm.tcp.TCPEmitter - Could not connect to partition 0, discarding message
22:20:28.926 [remote-sender-1] WARN  org.apache.s4.comm.tcp.TCPEmitter - Could not connect to partition 0, discarding message
22:20:28.946 [remote-sender-4] WARN  org.apache.s4.comm.tcp.TCPEmitter - Could not connect to partition 0, discarding message
22:20:28.966 [remote-sender-0] WARN  org.apache.s4.comm.tcp.TCPEmitter - Could not connect to partition 0, discarding message
22:20:28.986 [remote-sender-2] WARN  org.apache.s4.comm.tcp.TCPEmitter - Could not connect to partition 0, discarding message
22:20:29.006 [remote-sender-3] WARN  org.apache.s4.comm.tcp.TCPEmitter - Could not connect to partition 0, discarding message
22:20:29.026 [remote-sender-1] WARN  org.apache.s4.comm.tcp.TCPEmitter - Could not connect to partition 0, discarding message
22:20:29.046 [remote-sender-4] WARN  org.apache.s4.comm.tcp.TCPEmitter - Could not connect to partition 0, discarding message
22:20:29.066 [remote-sender-0] WARN  org.apache.s4.comm.tcp.TCPEmitter - Could not connect to partition 0, discarding message
22:20:29.086 [remote-sender-2] WARN  org.apache.s4.comm.tcp.TCPEmitter - Could not connect to partition 0, discarding message
22:20:29.107 [remote-sender-3] WARN  org.apache.s4.comm.tcp.TCPEmitter - Could not connect to partition 0, discarding message
22:20:29.127 [remote-sender-1] WARN  org.apache.s4.comm.tcp.TCPEmitter - Could not connect to partition 0, discarding message
22:20:29.147 [remote-sender-4] WARN  org.apache.s4.comm.tcp.TCPEmitter - Could not connect to partition 0, discarding message
22:20:29.167 [remote-sender-0] WARN  org.apache.s4.comm.tcp.TCPEmitter - Could not connect to partition 0, discarding message
22:20:29.187 [remote-sender-2] WARN  org.apache.s4.comm.tcp.TCPEmitter - Could not connect to partition 0, discarding message
22:20:29.208 [remote-sender-3] WARN  org.apache.s4.comm.tcp.TCPEmitter - Could not connect to partition 0, discarding message
22:20:29.228 [remote-sender-1] WARN  org.apache.s4.comm.tcp.TCPEmitter - Could not connect to partition 0, discarding message
22:20:29.248 [remote-sender-4] WARN  org.apache.s4.comm.tcp.TCPEmitter - Could not connect to partition 0, discarding message
22:20:29.268 [remote-sender-0] WARN  org.apache.s4.comm.tcp.TCPEmitter - Could not connect to partition 0, discarding message
22:20:29.288 [remote-sender-2] WARN  org.apache.s4.comm.tcp.TCPEmitter - Could not connect to partition 0, discarding message
22:20:29.308 [remote-sender-3] WARN  org.apache.s4.comm.tcp.TCPEmitter - Could not connect to partition 0, discarding message
22:20:29.328 [remote-sender-1] WARN  org.apache.s4.comm.tcp.TCPEmitter - Could not connect to partition 0, discarding message
22:20:29.348 [remote-sender-4] WARN  org.apache.s4.comm.tcp.TCPEmitter - Could not connect to partition 0, discarding message
22:20:29.368 [remote-sender-0] WARN  org.apache.s4.comm.tcp.TCPEmitter - Could not connect to partition 0, discarding message
22:20:29.388 [remote-sender-2] WARN  org.apache.s4.comm.tcp.TCPEmitter - Could not connect to partition 0, discarding message
22:20:29.408 [remote-sender-3] WARN  org.apache.s4.comm.tcp.TCPEmitter - Could not connect to partition 0, discarding message
22:20:29.428 [remote-sender-1] WARN  org.apache.s4.comm.tcp.TCPEmitter - Could not connect to partition 0, discarding message
22:20:29.449 [remote-sender-4] WARN  org.apache.s4.comm.tcp.TCPEmitter - Could not connect to partition 0, discarding message
22:20:29.469 [remote-sender-0] WARN  org.apache.s4.comm.tcp.TCPEmitter - Could not connect to partition 0, discarding message
22:20:29.489 [remote-sender-2] WARN  org.apache.s4.comm.tcp.TCPEmitter - Could not connect to partition 0, discarding message
22:20:29.509 [remote-sender-3] WARN  org.apache.s4.comm.tcp.TCPEmitter - Could not connect to partition 0, discarding message
22:20:29.529 [remote-sender-1] WARN  org.apache.s4.comm.tcp.TCPEmitter - Could not connect to partition 0, discarding message
22:20:29.549 [remote-sender-4] WARN  org.apache.s4.comm.tcp.TCPEmitter - Could not connect to partition 0, discarding message
22:20:29.569 [remote-sender-0] WARN  org.apache.s4.comm.tcp.TCPEmitter - Could not connect to partition 0, discarding message
22:20:29.589 [remote-sender-2] WARN  org.apache.s4.comm.tcp.TCPEmitter - Could not connect to partition 0, discarding message
22:20:29.610 [remote-sender-3] WARN  org.apache.s4.comm.tcp.TCPEmitter - Could not connect to partition 0, discarding message
22:20:29.630 [remote-sender-1] WARN  org.apache.s4.comm.tcp.TCPEmitter - Could not connect to partition 0, discarding message
22:20:29.650 [remote-sender-4] WARN  org.apache.s4.comm.tcp.TCPEmitter - Could not connect to partition 0, discarding message
22:20:29.670 [remote-sender-0] WARN  org.apache.s4.comm.tcp.TCPEmitter - Could not connect to partition 0, discarding message
22:20:29.690 [remote-sender-2] WARN  org.apache.s4.comm.tcp.TCPEmitter - Could not connect to partition 0, discarding message
22:20:29.710 [remote-sender-3] WARN  org.apache.s4.comm.tcp.TCPEmitter - Could not connect to partition 0, discarding message
22:20:29.730 [remote-sender-1] WARN  org.apache.s4.comm.tcp.TCPEmitter - Could not connect to partition 0, discarding message
22:20:29.750 [remote-sender-4] WARN  org.apache.s4.comm.tcp.TCPEmitter - Could not connect to partition 0, discarding message
22:20:29.771 [remote-sender-0] WARN  org.apache.s4.comm.tcp.TCPEmitter - Could not connect to partition 0, discarding message
22:20:29.791 [remote-sender-2] WARN  org.apache.s4.comm.tcp.TCPEmitter - Could not connect to partition 0, discarding message
22:20:29.811 [remote-sender-3] WARN  org.apache.s4.comm.tcp.TCPEmitter - Could not connect to partition 0, discarding message
22:20:29.831 [remote-sender-1] WARN  org.apache.s4.comm.tcp.TCPEmitter - Could not connect to partition 0, discarding message
22:20:29.851 [remote-sender-4] WARN  org.apache.s4.comm.tcp.TCPEmitter - Could not connect to partition 0, discarding message
22:20:29.871 [remote-sender-0] WARN  org.apache.s4.comm.tcp.TCPEmitter - Could not connect to partition 0, discarding message
22:20:29.891 [remote-sender-2] WARN  org.apache.s4.comm.tcp.TCPEmitter - Could not connect to partition 0, discarding message
22:20:29.911 [remote-sender-3] WARN  org.apache.s4.comm.tcp.TCPEmitter - Could not connect to partition 0, discarding message
22:20:29.931 [remote-sender-1] WARN  org.apache.s4.comm.tcp.TCPEmitter - Could not connect to partition 0, discarding message
22:20:29.952 [remote-sender-4] WARN  org.apache.s4.comm.tcp.TCPEmitter - Could not connect to partition 0, discarding message
22:20:29.972 [remote-sender-0] WARN  org.apache.s4.comm.tcp.TCPEmitter - Could not connect to partition 0, discarding message
22:20:29.992 [remote-sender-2] WARN  org.apache.s4.comm.tcp.TCPEmitter - Could not connect to partition 0, discarding message
22:20:30.012 [remote-sender-3] WARN  org.apache.s4.comm.tcp.TCPEmitter - Could not connect to partition 0, discarding message
22:20:30.032 [remote-sender-1] WARN  org.apache.s4.comm.tcp.TCPEmitter - Could not connect to partition 0, discarding message
22:20:30.032 [ZkClient-EventThread-23-localhost:2181] INFO  o.a.s4.comm.topology.ClusterFromZK - Changing cluster topology to { nbNodes=0,name=unknown,mode=unicast,type=,nodes=[]} from { nbNodes=1,name=cluster1,mode=unicast,type=,nodes=[{partition=0,port=12000,machineName=citiaps1.informatica.usach.cl,taskId=Task-0}]}
