[H[Jcalling referenced s4 script : /alumnos/dwladdimiro/S4/apache-s4-0.6.0/s4
18:07:35.509 [main] INFO  org.apache.s4.tools.DefineCluster - preparing new cluster [cluster2] with [1] node(s)
18:07:35.699 [main] INFO  org.apache.s4.tools.DefineCluster - New cluster configuration uploaded into zookeeper
calling referenced s4 script : /alumnos/dwladdimiro/S4/apache-s4-0.6.0/s4
18:07:36.430 [main] INFO  o.a.s.c.u.ParsingUtils$InlineConfigParameterConverter - processing inline configuration parameter s4.adapter.output.stream=textInput
18:07:36.542 [main] INFO  org.apache.s4.tools.Deploy - No S4R path specified, nor build file specified: this assumes the app is in the classpath
:cp

BUILD SUCCESSFUL

Total time: 3.212 secs
18:07:41.033 [main] INFO  o.a.s.comm.topology.AssignmentFromZK - New session:94390033362255880; state is : SyncConnected
18:07:41.134 [main] INFO  o.a.s.comm.topology.AssignmentFromZK - Successfully acquired task:Task-0 by citiaps1.informatica.usach.cl
18:07:41.154 [S4 platform loader] INFO  org.apache.s4.core.S4Bootstrap - Initializing S4 app with : []]
18:07:41.155 [S4 platform loader] DEBUG org.apache.s4.core.S4Bootstrap - Adding named parameters for injection : s4.adapter.output.stream=textInput,
18:07:41.308 [S4 platform loader] INFO  org.apache.s4.core.S4Bootstrap - Starting S4 app with application class [adapter.Adapter]
18:07:41.344 [S4 platform loader] INFO  o.a.s4.comm.topology.ClusterFromZK - Changing cluster topology to { nbNodes=1,name=cluster2,mode=unicast,type=,nodes=[{partition=0,port=13000,machineName=citiaps1.informatica.usach.cl,taskId=Task-0}]} from null
18:07:41.437 [S4 platform loader] INFO  o.a.s4.comm.topology.ClusterFromZK - Adding topology change listener:org.apache.s4.comm.tcp.TCPEmitter@469c153a
18:07:41.490 [S4 platform loader] INFO  o.a.s.c.s.ThrottlingSenderExecutorServiceFactory - Creating a throttling executor with a pool size of 5 and max rate of 10000 events / s
18:07:41.499 [S4 platform loader] INFO  org.apache.s4.core.util.S4Metrics - Metrics reporting not configured
18:07:41.500 [S4 platform loader] INFO  o.a.s4.comm.topology.ClusterFromZK - Adding topology change listener:org.apache.s4.core.SenderImpl@5951cddf
18:07:41.543 [S4 platform loader] INFO  o.a.s4.comm.topology.ClustersFromZK - New session:94390033362255880
18:07:41.547 [S4 platform loader] INFO  o.a.s4.comm.topology.ClustersFromZK - Detected new stream [textInput]
18:07:41.559 [S4 platform loader] INFO  o.a.s4.comm.topology.ClustersFromZK - New session:94390033362255880
18:07:41.574 [S4 platform loader] INFO  o.a.s4.comm.topology.ClusterFromZK - Changing cluster topology to { nbNodes=1,name=cluster1,mode=unicast,type=,nodes=[{partition=0,port=12000,machineName=citiaps1.informatica.usach.cl,taskId=Task-0}]} from null
18:07:41.579 [S4 platform loader] INFO  o.a.s4.comm.topology.ClusterFromZK - Changing cluster topology to { nbNodes=1,name=cluster2,mode=unicast,type=,nodes=[{partition=0,port=13000,machineName=citiaps1.informatica.usach.cl,taskId=Task-0}]} from null
18:07:41.582 [S4 platform loader] INFO  org.apache.s4.core.monitor.S4Monitor - Init Monitor
18:07:41.583 [S4 platform loader] INFO  adapter.Adapter - Create Adapter
18:07:41.584 [S4 platform loader] DEBUG o.a.s4.comm.topology.ClustersFromZK - Adding output stream [textInput] in cluster [cluster2]
18:07:41.604 [S4 platform loader] INFO  org.apache.s4.core.App - Create Listener Monitor
[class processElements.ProcessOnePE]
18:07:41.622 [S4 platform loader] INFO  o.a.s4.comm.topology.ClusterFromZK - Adding topology change listener:org.apache.s4.comm.tcp.TCPRemoteEmitter@736a3f36
18:07:42.124 [S4 platform loader] INFO  adapter.Adapter - Init ClockTime
18:12:51.771 [tListenerMonitor] DEBUG org.apache.s4.core.App - Increment PE  class processElements.ProcessOnePE in Adapter org.apache.s4.core.adapter.AdapterApp.ListenerMonitor
18:17:51.770 [tListenerMonitor] DEBUG org.apache.s4.core.App - Decrement PE  class processElements.ProcessOnePE in Adapter org.apache.s4.core.adapter.AdapterApp.ListenerMonitor
18:22:42.124 [New I/O worker #131] ERROR org.apache.s4.comm.tcp.TCPEmitter - Unexpected exception
java.io.IOException: Conexión reinicializada por la máquina remota
	at sun.nio.ch.FileDispatcherImpl.read0(Native Method) ~[na:1.8.0_45]
	at sun.nio.ch.SocketDispatcher.read(SocketDispatcher.java:39) ~[na:1.8.0_45]
	at sun.nio.ch.IOUtil.readIntoNativeBuffer(IOUtil.java:223) ~[na:1.8.0_45]
	at sun.nio.ch.IOUtil.read(IOUtil.java:192) ~[na:1.8.0_45]
	at sun.nio.ch.SocketChannelImpl.read(SocketChannelImpl.java:380) ~[na:1.8.0_45]
	at org.jboss.netty.channel.socket.nio.NioWorker.read(NioWorker.java:64) [netty-3.9.8.Final.jar:na]
	at org.jboss.netty.channel.socket.nio.AbstractNioWorker.process(AbstractNioWorker.java:108) [netty-3.9.8.Final.jar:na]
	at org.jboss.netty.channel.socket.nio.AbstractNioSelector.run(AbstractNioSelector.java:337) [netty-3.9.8.Final.jar:na]
	at org.jboss.netty.channel.socket.nio.AbstractNioWorker.run(AbstractNioWorker.java:89) [netty-3.9.8.Final.jar:na]
	at org.jboss.netty.channel.socket.nio.NioWorker.run(NioWorker.java:178) [netty-3.9.8.Final.jar:na]
	at org.jboss.netty.util.ThreadRenamingRunnable.run(ThreadRenamingRunnable.java:108) [netty-3.9.8.Final.jar:na]
	at org.jboss.netty.util.internal.DeadLockProofWorker$1.run(DeadLockProofWorker.java:42) [netty-3.9.8.Final.jar:na]
	at java.util.concurrent.ThreadPoolExecutor.runWorker(ThreadPoolExecutor.java:1142) [na:1.8.0_45]
	at java.util.concurrent.ThreadPoolExecutor$Worker.run(ThreadPoolExecutor.java:617) [na:1.8.0_45]
	at java.lang.Thread.run(Thread.java:745) [na:1.8.0_45]
18:22:42.126 [New I/O worker #131] WARN  org.apache.s4.comm.tcp.TCPEmitter - Failed to send message to node {partition=0,port=12000,machineName=citiaps1.informatica.usach.cl,taskId=Task-0} (according to current cluster information)
