[H[Jcalling referenced s4 script : /alumnos/dwladdimiro/S4/apache-s4-0.6.0/s4
12:30:20.791 [main] INFO  org.apache.s4.tools.DefineCluster - preparing new cluster [cluster2] with [1] node(s)
12:30:21.056 [main] INFO  org.apache.s4.tools.DefineCluster - New cluster configuration uploaded into zookeeper
calling referenced s4 script : /alumnos/dwladdimiro/S4/apache-s4-0.6.0/s4
12:30:21.846 [main] INFO  o.a.s.c.u.ParsingUtils$InlineConfigParameterConverter - processing inline configuration parameter s4.adapter.output.stream=textInput
12:30:21.952 [main] INFO  org.apache.s4.tools.Deploy - No S4R path specified, nor build file specified: this assumes the app is in the classpath
:cp

BUILD SUCCESSFUL

Total time: 3.507 secs
12:30:26.749 [main] INFO  o.a.s.comm.topology.AssignmentFromZK - New session:94694473824600072; state is : SyncConnected
12:30:26.843 [main] INFO  o.a.s.comm.topology.AssignmentFromZK - Successfully acquired task:Task-0 by citiaps1.informatica.usach.cl
12:30:26.856 [S4 platform loader] INFO  org.apache.s4.core.S4Bootstrap - Initializing S4 app with : []]
12:30:26.858 [S4 platform loader] DEBUG org.apache.s4.core.S4Bootstrap - Adding named parameters for injection : s4.adapter.output.stream=textInput,
12:30:26.988 [S4 platform loader] INFO  org.apache.s4.core.S4Bootstrap - Starting S4 app with application class [adapter.UniformAdapter]
12:30:27.015 [S4 platform loader] INFO  o.a.s4.comm.topology.ClusterFromZK - Changing cluster topology to { nbNodes=1,name=cluster2,mode=unicast,type=,nodes=[{partition=0,port=13000,machineName=citiaps1.informatica.usach.cl,taskId=Task-0}]} from null
12:30:27.092 [S4 platform loader] INFO  o.a.s4.comm.topology.ClusterFromZK - Adding topology change listener:org.apache.s4.comm.tcp.TCPEmitter@3bcc5b05
12:30:27.149 [S4 platform loader] INFO  o.a.s.c.s.ThrottlingSenderExecutorServiceFactory - Creating a throttling executor with a pool size of 5 and max rate of 10000 events / s
12:30:27.158 [S4 platform loader] INFO  org.apache.s4.core.util.S4Metrics - Metrics reporting not configured
12:30:27.159 [S4 platform loader] INFO  o.a.s4.comm.topology.ClusterFromZK - Adding topology change listener:org.apache.s4.core.SenderImpl@7ca7e306
12:30:27.199 [S4 platform loader] INFO  o.a.s4.comm.topology.ClustersFromZK - New session:94694473824600072
12:30:27.201 [S4 platform loader] INFO  o.a.s4.comm.topology.ClustersFromZK - Detected new stream [textInput]
12:30:27.209 [S4 platform loader] INFO  o.a.s4.comm.topology.ClustersFromZK - New session:94694473824600072
12:30:27.225 [S4 platform loader] INFO  o.a.s4.comm.topology.ClusterFromZK - Changing cluster topology to { nbNodes=1,name=cluster1,mode=unicast,type=,nodes=[{partition=0,port=12000,machineName=citiaps1.informatica.usach.cl,taskId=Task-0}]} from null
12:30:27.230 [S4 platform loader] INFO  o.a.s4.comm.topology.ClusterFromZK - Changing cluster topology to { nbNodes=1,name=cluster2,mode=unicast,type=,nodes=[{partition=0,port=13000,machineName=citiaps1.informatica.usach.cl,taskId=Task-0}]} from null
12:30:27.233 [S4 platform loader] INFO  org.apache.s4.core.monitor.S4Monitor - Init Monitor
12:30:27.233 [S4 platform loader] INFO  adapter.UniformAdapter - Create Uniform Adapter
12:30:45.133 [S4 platform loader] DEBUG o.a.s4.comm.topology.ClustersFromZK - Adding output stream [textInput] in cluster [cluster2]
12:30:45.150 [S4 platform loader] INFO  org.apache.s4.core.App - Create Listener Monitor
[class processElements.StopwordPE]
12:30:45.194 [S4 platform loader] INFO  o.a.s4.comm.topology.ClusterFromZK - Adding topology change listener:org.apache.s4.comm.tcp.TCPRemoteEmitter@5a01d830
12:30:45.698 [S4 platform loader] INFO  adapter.UniformAdapter - Init ClockTime
12:30:55.381 [tListenerMonitor] DEBUG org.apache.s4.core.App - Increment PE  class processElements.StopwordPE in Adapter org.apache.s4.core.adapter.AdapterApp.ListenerMonitor
