[H[2Jcalling referenced s4 script : /home/daniel/Proyectos/monitorS4/apache-s4-0.6.0/s4
16:35:39.158 [main] INFO  org.apache.s4.tools.DefineCluster - preparing new cluster [cluster2] with [1] node(s)
16:35:39.293 [main] INFO  org.apache.s4.tools.DefineCluster - New cluster configuration uploaded into zookeeper
calling referenced s4 script : /home/daniel/Proyectos/monitorS4/apache-s4-0.6.0/s4
16:35:39.852 [main] INFO  o.a.s.c.u.ParsingUtils$InlineConfigParameterConverter - processing inline configuration parameter s4.adapter.output.stream=textInput
16:35:39.888 [main] INFO  org.apache.s4.tools.Deploy - No S4R path specified, nor build file specified: this assumes the app is in the classpath
:cp

BUILD SUCCESSFUL

Total time: 2.618 secs
16:35:45.719 [main] INFO  o.a.s.comm.topology.AssignmentFromZK - New session:93891626647093256; state is : SyncConnected
16:35:45.782 [main] INFO  o.a.s.comm.topology.AssignmentFromZK - Successfully acquired task:Task-0 by hp4-HP-EliteDesk-800-G1-SFF
16:35:45.792 [S4 platform loader] INFO  org.apache.s4.core.S4Bootstrap - Initializing S4 app with : []]
16:35:45.793 [S4 platform loader] DEBUG org.apache.s4.core.S4Bootstrap - Adding named parameters for injection : s4.adapter.output.stream=textInput,
16:35:45.872 [S4 platform loader] INFO  org.apache.s4.core.S4Bootstrap - Starting S4 app with application class [adapter.Adapter]
16:35:45.894 [S4 platform loader] INFO  o.a.s4.comm.topology.ClusterFromZK - Changing cluster topology to { nbNodes=1,name=cluster2,mode=unicast,type=,nodes=[{partition=0,port=13000,machineName=hp4-HP-EliteDesk-800-G1-SFF,taskId=Task-0}]} from null
16:35:45.919 [S4 platform loader] INFO  o.a.s4.comm.topology.ClusterFromZK - Adding topology change listener:org.apache.s4.comm.tcp.TCPEmitter@45cc2dc9
16:35:45.948 [S4 platform loader] INFO  o.a.s.c.s.ThrottlingSenderExecutorServiceFactory - Creating a throttling executor with a pool size of 1 and max rate of 200000 events / s
16:35:45.953 [S4 platform loader] INFO  org.apache.s4.core.util.S4Metrics - Metrics reporting not configured
16:35:45.954 [S4 platform loader] INFO  o.a.s4.comm.topology.ClusterFromZK - Adding topology change listener:org.apache.s4.core.SenderImpl@43227390
16:35:45.968 [S4 platform loader] INFO  o.a.s4.comm.topology.ClustersFromZK - New session:93891626647093256
16:35:45.970 [S4 platform loader] INFO  o.a.s4.comm.topology.ClustersFromZK - Detected new stream [textInput]
16:35:45.974 [S4 platform loader] INFO  o.a.s4.comm.topology.ClustersFromZK - New session:93891626647093256
16:35:45.985 [S4 platform loader] INFO  o.a.s4.comm.topology.ClusterFromZK - Changing cluster topology to { nbNodes=1,name=cluster1,mode=unicast,type=,nodes=[{partition=0,port=12000,machineName=hp4-HP-EliteDesk-800-G1-SFF,taskId=Task-0}]} from null
16:35:45.987 [S4 platform loader] INFO  o.a.s4.comm.topology.ClusterFromZK - Changing cluster topology to { nbNodes=1,name=cluster2,mode=unicast,type=,nodes=[{partition=0,port=13000,machineName=hp4-HP-EliteDesk-800-G1-SFF,taskId=Task-0}]} from null
16:35:45.988 [S4 platform loader] INFO  org.apache.s4.core.monitor.S4Monitor - Init Monitor
16:35:45.989 [S4 platform loader] INFO  adapter.Adapter - Create Adapter
16:35:45.989 [S4 platform loader] DEBUG o.a.s4.comm.topology.ClustersFromZK - Adding output stream [textInput] in cluster [cluster2]
16:35:46.019 [S4 platform loader] INFO  o.a.s4.comm.topology.ClusterFromZK - Adding topology change listener:org.apache.s4.comm.tcp.TCPRemoteEmitter@278e5728
16:35:46.021 [Thread-3] INFO  adapter.Adapter - Time init (ms): 1432672546021
16:35:57.098 [Thread-4] DEBUG org.apache.s4.core.App - Increment PE  class processElements.ProcessOnePE in Adapter org.apache.s4.core.adapter.AdapterApp.ListenerMonitor
16:36:07.102 [Thread-4] DEBUG org.apache.s4.core.App - Increment PE  class processElements.ProcessOnePE in Adapter org.apache.s4.core.adapter.AdapterApp.ListenerMonitor
16:36:17.098 [Thread-4] DEBUG org.apache.s4.core.App - Increment PE  class processElements.ProcessOnePE in Adapter org.apache.s4.core.adapter.AdapterApp.ListenerMonitor
16:42:02.099 [Thread-4] DEBUG org.apache.s4.core.App - Increment PE  class processElements.ProcessOnePE in Adapter org.apache.s4.core.adapter.AdapterApp.ListenerMonitor
16:44:12.105 [Thread-4] DEBUG org.apache.s4.core.App - Increment PE  class processElements.ProcessOnePE in Adapter org.apache.s4.core.adapter.AdapterApp.ListenerMonitor
16:44:32.100 [Thread-4] DEBUG org.apache.s4.core.App - Decrement PE  class processElements.ProcessOnePE in Adapter org.apache.s4.core.adapter.AdapterApp.ListenerMonitor
16:44:47.099 [Thread-4] DEBUG org.apache.s4.core.App - Increment PE  class processElements.ProcessOnePE in Adapter org.apache.s4.core.adapter.AdapterApp.ListenerMonitor
16:45:17.097 [Thread-4] DEBUG org.apache.s4.core.App - Increment PE  class processElements.ProcessOnePE in Adapter org.apache.s4.core.adapter.AdapterApp.ListenerMonitor
16:47:22.099 [Thread-4] DEBUG org.apache.s4.core.App - Increment PE  class processElements.ProcessOnePE in Adapter org.apache.s4.core.adapter.AdapterApp.ListenerMonitor
16:49:32.099 [Thread-4] DEBUG org.apache.s4.core.App - Increment PE  class processElements.ProcessOnePE in Adapter org.apache.s4.core.adapter.AdapterApp.ListenerMonitor
16:50:37.099 [Thread-4] DEBUG org.apache.s4.core.App - Decrement PE  class processElements.ProcessOnePE in Adapter org.apache.s4.core.adapter.AdapterApp.ListenerMonitor
