[H[2Jcalling referenced s4 script : /home/daniel/Proyectos/monitorS4/apache-s4-0.6.0/s4
10:40:06.005 [main] INFO  org.apache.s4.tools.DefineCluster - preparing new cluster [cluster2] with [1] node(s)
10:40:06.216 [main] INFO  org.apache.s4.tools.DefineCluster - New cluster configuration uploaded into zookeeper
calling referenced s4 script : /home/daniel/Proyectos/monitorS4/apache-s4-0.6.0/s4
10:40:06.944 [main] INFO  o.a.s.c.u.ParsingUtils$InlineConfigParameterConverter - processing inline configuration parameter s4.adapter.output.stream=textInput
10:40:07.063 [main] INFO  org.apache.s4.tools.Deploy - No S4R path specified, nor build file specified: this assumes the app is in the classpath
:cp

BUILD SUCCESSFUL

Total time: 3.505 secs
10:40:11.946 [main] INFO  o.a.s.comm.topology.AssignmentFromZK - New session:94042874508279816; state is : SyncConnected
10:40:12.056 [main] INFO  o.a.s.comm.topology.AssignmentFromZK - Successfully acquired task:Task-0 by daniel-HP-Pavilion-dv7-Notebook-PC
10:40:12.076 [S4 platform loader] INFO  org.apache.s4.core.S4Bootstrap - Initializing S4 app with : []]
10:40:12.077 [S4 platform loader] DEBUG org.apache.s4.core.S4Bootstrap - Adding named parameters for injection : s4.adapter.output.stream=textInput,
10:40:12.207 [S4 platform loader] INFO  org.apache.s4.core.S4Bootstrap - Starting S4 app with application class [adapter.UniformAdapter]
10:40:12.237 [S4 platform loader] INFO  o.a.s4.comm.topology.ClusterFromZK - Changing cluster topology to { nbNodes=1,name=cluster2,mode=unicast,type=,nodes=[{partition=0,port=13000,machineName=daniel-HP-Pavilion-dv7-Notebook-PC,taskId=Task-0}]} from null
10:40:12.295 [S4 platform loader] INFO  o.a.s4.comm.topology.ClusterFromZK - Adding topology change listener:org.apache.s4.comm.tcp.TCPEmitter@4a746169
10:40:12.348 [S4 platform loader] INFO  o.a.s.c.s.ThrottlingSenderExecutorServiceFactory - Creating a throttling executor with a pool size of 10 and max rate of 200000 events / s
10:40:12.359 [S4 platform loader] INFO  org.apache.s4.core.util.S4Metrics - Metrics reporting not configured
10:40:12.360 [S4 platform loader] INFO  o.a.s4.comm.topology.ClusterFromZK - Adding topology change listener:org.apache.s4.core.SenderImpl@59aff254
10:40:12.385 [S4 platform loader] INFO  o.a.s4.comm.topology.ClustersFromZK - New session:94042874508279816
10:40:12.389 [S4 platform loader] INFO  o.a.s4.comm.topology.ClustersFromZK - Detected new stream [textInput]
10:40:12.397 [S4 platform loader] INFO  o.a.s4.comm.topology.ClustersFromZK - New session:94042874508279816
10:40:12.422 [S4 platform loader] INFO  o.a.s4.comm.topology.ClusterFromZK - Changing cluster topology to { nbNodes=1,name=cluster1,mode=unicast,type=,nodes=[{partition=0,port=12000,machineName=daniel-HP-Pavilion-dv7-Notebook-PC,taskId=Task-0}]} from null
10:40:12.426 [S4 platform loader] INFO  o.a.s4.comm.topology.ClusterFromZK - Changing cluster topology to { nbNodes=1,name=cluster2,mode=unicast,type=,nodes=[{partition=0,port=13000,machineName=daniel-HP-Pavilion-dv7-Notebook-PC,taskId=Task-0}]} from null
10:40:12.428 [S4 platform loader] INFO  org.apache.s4.core.monitor.S4Monitor - Init Monitor
10:40:12.429 [S4 platform loader] INFO  adapter.UniformAdapter - Create Uniform Adapter
10:40:27.152 [S4 platform loader] DEBUG o.a.s4.comm.topology.ClustersFromZK - Adding output stream [textInput] in cluster [cluster2]
10:40:27.170 [S4 platform loader] INFO  org.apache.s4.core.App - Create Listener Monitor
[class processElements.StopwordPE]
10:40:27.490 [S4 platform loader] INFO  o.a.s4.comm.topology.ClusterFromZK - Adding topology change listener:org.apache.s4.comm.tcp.TCPRemoteEmitter@2c35b42e
10:40:27.492 [S4 platform loader] INFO  adapter.UniformAdapter - Init ClockTime
10:41:28.763 [Thread-5] DEBUG org.apache.s4.core.App - Increment PE  class processElements.StopwordPE in Adapter org.apache.s4.core.adapter.AdapterApp.ListenerMonitor
10:44:24.596 [Thread-5] DEBUG org.apache.s4.core.App - Decrement PE  class processElements.StopwordPE in Adapter org.apache.s4.core.adapter.AdapterApp.ListenerMonitor
10:44:28.379 [Thread-5] DEBUG org.apache.s4.core.App - Increment PE  class processElements.StopwordPE in Adapter org.apache.s4.core.adapter.AdapterApp.ListenerMonitor
10:44:33.049 [Thread-5] DEBUG org.apache.s4.core.App - Decrement PE  class processElements.StopwordPE in Adapter org.apache.s4.core.adapter.AdapterApp.ListenerMonitor
10:44:38.755 [Thread-5] DEBUG org.apache.s4.core.App - Increment PE  class processElements.StopwordPE in Adapter org.apache.s4.core.adapter.AdapterApp.ListenerMonitor
10:46:30.123 [Thread-5] DEBUG org.apache.s4.core.App - Decrement PE  class processElements.StopwordPE in Adapter org.apache.s4.core.adapter.AdapterApp.ListenerMonitor
10:46:35.662 [Thread-5] DEBUG org.apache.s4.core.App - Increment PE  class processElements.StopwordPE in Adapter org.apache.s4.core.adapter.AdapterApp.ListenerMonitor
10:48:25.394 [Thread-5] DEBUG org.apache.s4.core.App - Increment PE  class processElements.StopwordPE in Adapter org.apache.s4.core.adapter.AdapterApp.ListenerMonitor
10:48:41.198 [Thread-5] DEBUG org.apache.s4.core.App - Decrement PE  class processElements.StopwordPE in Adapter org.apache.s4.core.adapter.AdapterApp.ListenerMonitor
10:48:45.952 [Thread-5] DEBUG org.apache.s4.core.App - Increment PE  class processElements.StopwordPE in Adapter org.apache.s4.core.adapter.AdapterApp.ListenerMonitor
10:48:52.057 [Thread-5] DEBUG org.apache.s4.core.App - Decrement PE  class processElements.StopwordPE in Adapter org.apache.s4.core.adapter.AdapterApp.ListenerMonitor
10:48:59.144 [Thread-5] DEBUG org.apache.s4.core.App - Increment PE  class processElements.StopwordPE in Adapter org.apache.s4.core.adapter.AdapterApp.ListenerMonitor
10:50:18.994 [Thread-5] DEBUG org.apache.s4.core.App - Increment PE  class processElements.StopwordPE in Adapter org.apache.s4.core.adapter.AdapterApp.ListenerMonitor
10:50:49.941 [Thread-5] DEBUG org.apache.s4.core.App - Decrement PE  class processElements.StopwordPE in Adapter org.apache.s4.core.adapter.AdapterApp.ListenerMonitor
10:50:50.597 [Thread-5] DEBUG org.apache.s4.core.App - Increment PE  class processElements.StopwordPE in Adapter org.apache.s4.core.adapter.AdapterApp.ListenerMonitor
10:50:58.030 [Thread-5] DEBUG org.apache.s4.core.App - Decrement PE  class processElements.StopwordPE in Adapter org.apache.s4.core.adapter.AdapterApp.ListenerMonitor
10:52:52.751 [Thread-5] DEBUG org.apache.s4.core.App - Increment PE  class processElements.StopwordPE in Adapter org.apache.s4.core.adapter.AdapterApp.ListenerMonitor
10:53:55.634 [Thread-5] DEBUG org.apache.s4.core.App - Decrement PE  class processElements.StopwordPE in Adapter org.apache.s4.core.adapter.AdapterApp.ListenerMonitor
10:53:55.639 [Thread-5] DEBUG org.apache.s4.core.App - Decrement PE  class processElements.StopwordPE in Adapter org.apache.s4.core.adapter.AdapterApp.ListenerMonitor
10:55:39.764 [Thread-5] ERROR org.apache.s4.core.App - java.io.OptionalDataException
11:02:25.012 [ZkClient-EventThread-12-localhost:2181] INFO  o.a.s4.comm.topology.ClusterFromZK - Changing cluster topology to { nbNodes=0,name=unknown,mode=unicast,type=,nodes=[]} from { nbNodes=1,name=cluster1,mode=unicast,type=,nodes=[{partition=0,port=12000,machineName=daniel-HP-Pavilion-dv7-Notebook-PC,taskId=Task-0}]}
