[H[2Jcalling referenced s4 script : /home/daniel/Proyectos/monitorS4/apache-s4-0.6.0/s4
13:34:30.239 [main] INFO  o.a.s.comm.topology.AssignmentFromZK - New session:94077535478611970; state is : SyncConnected
13:34:30.317 [main] INFO  o.a.s.comm.topology.AssignmentFromZK - Successfully acquired task:Task-0 by daniel-HP-Pavilion-dv7-Notebook-PC
13:34:35.356 [S4 platform loader] INFO  org.apache.s4.core.S4Bootstrap - Initializing S4 app with : []]
13:34:35.586 [S4 platform loader] INFO  org.apache.s4.core.S4Bootstrap - Loading application [monitorS4] from file [/tmp/tmp6613208006025319183s4r]
13:34:35.587 [S4 platform loader] WARN  org.apache.s4.core.DefaultCoreModule - s4.tmp.dir not specified, using temporary directory [/tmp/1435509275587-0] for unpacking S4R. You may want to specify a parent non-temporary directory.
13:34:35.587 [S4 platform loader] INFO  o.a.s4.base.util.S4RLoaderFactory - Unzipping S4R archive in [/tmp/1435509275587-0/tmp6613208006025319183s4r-1435509275587]
13:34:35.982 [S4 platform loader] INFO  org.apache.s4.core.S4Bootstrap - App class name is: topology.Topology
13:34:36.041 [S4 platform loader] INFO  o.a.s4.comm.topology.ClusterFromZK - Changing cluster topology to { nbNodes=1,name=cluster1,mode=unicast,type=,nodes=[{partition=0,port=12000,machineName=daniel-HP-Pavilion-dv7-Notebook-PC,taskId=Task-0}]} from null
13:34:36.119 [S4 platform loader] INFO  o.a.s4.comm.topology.ClusterFromZK - Adding topology change listener:org.apache.s4.comm.tcp.TCPEmitter@a00f9d
13:34:36.189 [S4 platform loader] INFO  o.a.s.c.s.ThrottlingSenderExecutorServiceFactory - Creating a throttling executor with a pool size of 5 and max rate of 200000 events / s
13:34:36.200 [S4 platform loader] INFO  org.apache.s4.core.util.S4Metrics - Metrics reporting not configured
13:34:36.201 [S4 platform loader] INFO  o.a.s4.comm.topology.ClusterFromZK - Adding topology change listener:org.apache.s4.core.SenderImpl@5517981
13:34:36.234 [S4 platform loader] INFO  o.a.s4.comm.topology.ClustersFromZK - New session:94077535478611970
13:34:36.237 [S4 platform loader] INFO  o.a.s4.comm.topology.ClustersFromZK - New session:94077535478611970
13:34:36.247 [S4 platform loader] INFO  o.a.s4.comm.topology.ClusterFromZK - Changing cluster topology to { nbNodes=1,name=cluster1,mode=unicast,type=,nodes=[{partition=0,port=12000,machineName=daniel-HP-Pavilion-dv7-Notebook-PC,taskId=Task-0}]} from null
13:34:36.250 [S4 platform loader] INFO  o.a.s4.comm.topology.ClusterFromZK - Changing cluster topology to { nbNodes=0,name=unknown,mode=unicast,type=,nodes=[]} from null
13:34:36.254 [S4 platform loader] INFO  org.apache.s4.core.monitor.S4Monitor - Init Monitor
13:34:36.254 [S4 platform loader] INFO  org.apache.s4.core.S4Bootstrap - Loaded application from file /tmp/tmp6613208006025319183s4r
13:34:36.305 [S4 platform loader] DEBUG o.a.s4.comm.topology.ClustersFromZK - Adding input stream [textInput] in cluster [cluster1]
13:34:36.321 [S4 platform loader] INFO  o.a.s4.comm.topology.ClustersFromZK - Detected new stream [textInput]
13:34:36.332 [S4 platform loader] INFO  org.apache.s4.core.App - Init prototype [processElements.StopwordPE].
13:34:36.333 [S4 platform loader] INFO  org.apache.s4.core.App - Init prototype [processElements.LanguagePE].
13:34:36.333 [S4 platform loader] INFO  org.apache.s4.core.App - Init prototype [processElements.CounterPE].
13:34:36.333 [S4 platform loader] INFO  org.apache.s4.core.App - Init prototype [processElements.AnalyzePE].
13:34:36.333 [S4 platform loader] INFO  org.apache.s4.core.App - Init prototype [processElements.MongoPE].
13:34:36.333 [S4 platform loader] INFO  org.apache.s4.core.App - Start S4Monitor
13:34:36.337 [S4 platform loader] INFO  o.a.s4.core.monitor.MonitorMetrics - Init S4Monitor Metrics
13:34:36.337 [S4 platform loader] INFO  o.a.s4.core.monitor.MonitorMetrics - Reporting metrics of the monitor through csv files in directory [/home/daniel/Proyectos/monitorS4/statistics/] with frequency of [5] [SECONDS]
13:34:36.341 [S4 platform loader] INFO  topology.Topology - Start Topology
13:34:36.342 [S4 platform loader] INFO  org.apache.s4.core.monitor.S4Monitor - Register PE
13:34:36.347 [S4 platform loader] INFO  org.apache.s4.core.monitor.S4Monitor - Register PE
13:34:36.348 [S4 platform loader] INFO  org.apache.s4.core.monitor.S4Monitor - Register PE
13:34:36.348 [S4 platform loader] INFO  org.apache.s4.core.monitor.S4Monitor - Register PE
13:34:36.349 [S4 platform loader] INFO  org.apache.s4.core.monitor.S4Monitor - Register PE
13:34:36.350 [S4 platform loader] INFO  topology.Topology - Init ClockTime
13:34:41.774 [ZkClient-EventThread-12-localhost:2181] INFO  o.a.s4.comm.topology.ClusterFromZK - Changing cluster topology to { nbNodes=1,name=cluster2,mode=unicast,type=,nodes=[{partition=0,port=13000,machineName=daniel-HP-Pavilion-dv7-Notebook-PC,taskId=Task-0}]} from { nbNodes=0,name=unknown,mode=unicast,type=,nodes=[]}
13:34:57.049 [textInput] INFO  processElements.StopwordPE - Create Stopword PE
13:34:57.189 [languageStream] INFO  processElements.LanguagePE - Create Language PE
13:34:57.341 [pool-6-thread-1] DEBUG org.apache.s4.core.monitor.S4Monitor - [PE] processElements.StopwordPE | [ρ] 25.5
13:34:57.430 [counterStream] INFO  processElements.CounterPE - Create Counter PE
13:34:57.739 [analyzeStream] INFO  processElements.AnalyzePE - Create Analyze PE
13:34:58.839 [mongoStream] INFO  processElements.MongoPE - Create Mongo PE
13:35:02.341 [pool-6-thread-1] DEBUG org.apache.s4.core.monitor.S4Monitor - [PE] processElements.StopwordPE | [ρ] 2.7111111111111112
13:35:02.341 [pool-6-thread-1] DEBUG org.apache.s4.core.monitor.S4Monitor - [PE] processElements.LanguagePE | [ρ] 0.994475138121547
13:35:02.342 [pool-6-thread-1] DEBUG org.apache.s4.core.monitor.S4Monitor - [PE] processElements.CounterPE | [ρ] 4.022222222222222
13:35:02.342 [pool-6-thread-1] DEBUG org.apache.s4.core.monitor.S4Monitor - [PE] processElements.AnalyzePE | [ρ] 1.3636363636363635
13:35:02.342 [pool-6-thread-1] DEBUG org.apache.s4.core.monitor.S4Monitor - [PE] processElements.MongoPE | [ρ] 1.0
13:35:07.341 [pool-6-thread-1] DEBUG org.apache.s4.core.monitor.S4Monitor - [PE] processElements.StopwordPE | [ρ] 2.080168776371308
13:35:07.341 [pool-6-thread-1] DEBUG org.apache.s4.core.monitor.S4Monitor - [PE] processElements.LanguagePE | [ρ] 0.9957983193277311
13:35:07.342 [pool-6-thread-1] DEBUG org.apache.s4.core.monitor.S4Monitor - [PE] processElements.CounterPE | [ρ] 4.25
13:35:07.342 [pool-6-thread-1] DEBUG org.apache.s4.core.monitor.S4Monitor - [PE] processElements.AnalyzePE | [ρ] 1.12
13:35:07.342 [pool-6-thread-1] DEBUG org.apache.s4.core.monitor.S4Monitor - [PE] processElements.MongoPE | [ρ] 1.0
13:35:12.341 [pool-6-thread-1] DEBUG org.apache.s4.core.monitor.S4Monitor - [PE] processElements.StopwordPE | [ρ] 2.2409090909090907
13:35:12.342 [pool-6-thread-1] DEBUG org.apache.s4.core.monitor.S4Monitor - [PE] processElements.LanguagePE | [ρ] 1.0
13:35:12.342 [pool-6-thread-1] DEBUG org.apache.s4.core.monitor.S4Monitor - [PE] processElements.CounterPE | [ρ] 3.8596491228070176
13:35:12.342 [pool-6-thread-1] DEBUG org.apache.s4.core.monitor.S4Monitor - [PE] processElements.AnalyzePE | [ρ] 1.0754716981132075
13:35:12.342 [pool-6-thread-1] DEBUG org.apache.s4.core.monitor.S4Monitor - [PE] processElements.MongoPE | [ρ] 1.0
13:35:17.341 [pool-6-thread-1] DEBUG org.apache.s4.core.monitor.S4Monitor - [PE] processElements.StopwordPE | [ρ] 2.1666666666666665
13:35:17.341 [pool-6-thread-1] DEBUG org.apache.s4.core.monitor.S4Monitor - [PE] processElements.LanguagePE | [ρ] 1.0
13:35:17.341 [pool-6-thread-1] DEBUG org.apache.s4.core.monitor.S4Monitor - [PE] processElements.CounterPE | [ρ] 3.619047619047619
13:35:17.341 [pool-6-thread-1] DEBUG org.apache.s4.core.monitor.S4Monitor - [PE] processElements.AnalyzePE | [ρ] 1.2352941176470589
13:35:17.342 [pool-6-thread-1] DEBUG org.apache.s4.core.monitor.S4Monitor - [PE] processElements.MongoPE | [ρ] 1.0
