[H[2Jcalling referenced s4 script : /home/daniel/Proyectos/monitorS4/apache-s4-0.6.0/s4
19:03:50.871 [main] INFO  o.a.s.comm.topology.AssignmentFromZK - New session:93897636111646722; state is : SyncConnected
19:03:51.001 [main] INFO  o.a.s.comm.topology.AssignmentFromZK - Successfully acquired task:Task-0 by daniel-HP-Pavilion-dv7-Notebook-PC
19:04:04.967 [S4 platform loader] INFO  org.apache.s4.core.S4Bootstrap - Initializing S4 app with : []]
19:04:05.293 [S4 platform loader] INFO  org.apache.s4.core.S4Bootstrap - Loading application [monitorS4] from file [/tmp/tmp853171516010107903s4r]
19:04:05.294 [S4 platform loader] WARN  org.apache.s4.core.DefaultCoreModule - s4.tmp.dir not specified, using temporary directory [/tmp/1432764245294-0] for unpacking S4R. You may want to specify a parent non-temporary directory.
19:04:05.294 [S4 platform loader] INFO  o.a.s4.base.util.S4RLoaderFactory - Unzipping S4R archive in [/tmp/1432764245294-0/tmp853171516010107903s4r-1432764245294]
19:04:05.404 [S4 platform loader] INFO  org.apache.s4.core.S4Bootstrap - App class name is: topology.Topology
19:04:05.459 [S4 platform loader] INFO  o.a.s4.comm.topology.ClusterFromZK - Changing cluster topology to { nbNodes=1,name=cluster1,mode=unicast,type=,nodes=[{partition=0,port=12000,machineName=daniel-HP-Pavilion-dv7-Notebook-PC,taskId=Task-0}]} from null
19:04:05.551 [S4 platform loader] INFO  o.a.s4.comm.topology.ClusterFromZK - Adding topology change listener:org.apache.s4.comm.tcp.TCPEmitter@2af98689
19:04:05.604 [S4 platform loader] INFO  o.a.s.c.s.ThrottlingSenderExecutorServiceFactory - Creating a throttling executor with a pool size of 1 and max rate of 200000 events / s
19:04:05.627 [S4 platform loader] INFO  org.apache.s4.core.util.S4Metrics - Metrics reporting not configured
19:04:05.630 [S4 platform loader] INFO  o.a.s4.comm.topology.ClusterFromZK - Adding topology change listener:org.apache.s4.core.SenderImpl@7fe5e1c2
19:04:05.678 [S4 platform loader] INFO  o.a.s4.comm.topology.ClustersFromZK - New session:93897636111646722
19:04:05.680 [S4 platform loader] INFO  o.a.s4.comm.topology.ClustersFromZK - New session:93897636111646722
19:04:05.689 [S4 platform loader] INFO  o.a.s4.comm.topology.ClusterFromZK - Changing cluster topology to { nbNodes=1,name=cluster1,mode=unicast,type=,nodes=[{partition=0,port=12000,machineName=daniel-HP-Pavilion-dv7-Notebook-PC,taskId=Task-0}]} from null
19:04:05.693 [S4 platform loader] INFO  org.apache.s4.core.monitor.S4Monitor - Init Monitor
19:04:05.694 [S4 platform loader] INFO  org.apache.s4.core.S4Bootstrap - Loaded application from file /tmp/tmp853171516010107903s4r
19:04:05.760 [S4 platform loader] DEBUG o.a.s4.comm.topology.ClustersFromZK - Adding input stream [textInput] in cluster [cluster1]
19:04:05.777 [S4 platform loader] INFO  o.a.s4.comm.topology.ClustersFromZK - Detected new stream [textInput]
19:04:05.792 [S4 platform loader] INFO  org.apache.s4.core.App - Init prototype [processElements.ProcessOnePE].
19:04:05.793 [S4 platform loader] INFO  org.apache.s4.core.App - Init prototype [processElements.ProcessTwoPE].
19:04:05.793 [S4 platform loader] INFO  org.apache.s4.core.App - Init prototype [processElements.MongoPE].
19:04:05.793 [S4 platform loader] INFO  org.apache.s4.core.App - Start S4Monitor
19:04:05.797 [S4 platform loader] INFO  o.a.s4.core.monitor.MonitorMetrics - Init S4Monitor Metrics
19:04:05.797 [S4 platform loader] INFO  o.a.s4.core.monitor.MonitorMetrics - Reporting metrics of the monitor through csv files in directory [/home/daniel/Proyectos/monitorS4/statistics/] with frequency of [5] [SECONDS]
19:04:05.800 [S4 platform loader] INFO  topology.Topology - Start Topology
19:04:05.800 [S4 platform loader] DEBUG org.apache.s4.core.monitor.S4Monitor - Register PE
19:04:05.827 [S4 platform loader] DEBUG org.apache.s4.core.monitor.S4Monitor - Register PE
19:04:05.827 [S4 platform loader] DEBUG org.apache.s4.core.monitor.S4Monitor - Register PE
19:04:13.365 [textInput] INFO  processElements.ProcessOnePE - Create ProcessOne PE
19:04:13.378 [processTwoStream] INFO  processElements.ProcessTwoPE - Create ProcessTwo PE
19:04:13.409 [mongoStream] INFO  processElements.MongoPE - Create Mongo PE
19:19:13.424 [mongoStream] DEBUG processElements.MongoPE - [EventCount] 29767
19:19:13.454 [processTwoStream] INFO  processElements.ProcessTwoPE - Create ProcessTwo PE
19:19:13.454 [mongoStream] INFO  processElements.MongoPE - Create Mongo PE
19:19:13.454 [textInput] INFO  processElements.ProcessOnePE - Create ProcessOne PE
