[H[Jcalling referenced s4 script : /alumnos/dwladdimiro/S4/apache-s4-0.6.0/s4
14:39:27.323 [main] INFO  org.apache.s4.tools.DefineCluster - preparing new cluster [cluster2] with [1] node(s)
14:39:27.507 [main] INFO  org.apache.s4.tools.DefineCluster - New cluster configuration uploaded into zookeeper
calling referenced s4 script : /alumnos/dwladdimiro/S4/apache-s4-0.6.0/s4
14:39:28.248 [main] INFO  o.a.s.c.u.ParsingUtils$InlineConfigParameterConverter - processing inline configuration parameter s4.adapter.output.stream=textInput
14:39:28.357 [main] INFO  org.apache.s4.tools.Deploy - No S4R path specified, nor build file specified: this assumes the app is in the classpath
:cp

BUILD SUCCESSFUL

Total time: 3.415 secs
14:39:33.040 [main] INFO  o.a.s.comm.topology.AssignmentFromZK - New session:94168387287580680; state is : SyncConnected
14:39:33.129 [main] INFO  o.a.s.comm.topology.AssignmentFromZK - Successfully acquired task:Task-0 by citiaps1.informatica.usach.cl
14:39:33.145 [S4 platform loader] INFO  org.apache.s4.core.S4Bootstrap - Initializing S4 app with : []]
14:39:33.147 [S4 platform loader] DEBUG org.apache.s4.core.S4Bootstrap - Adding named parameters for injection : s4.adapter.output.stream=textInput,
14:39:33.278 [S4 platform loader] INFO  org.apache.s4.core.S4Bootstrap - Starting S4 app with application class [adapter.UniformAdapter]
14:39:33.306 [S4 platform loader] INFO  o.a.s4.comm.topology.ClusterFromZK - Changing cluster topology to { nbNodes=1,name=cluster2,mode=unicast,type=,nodes=[{partition=0,port=13000,machineName=citiaps1.informatica.usach.cl,taskId=Task-0}]} from null
14:39:33.393 [S4 platform loader] INFO  o.a.s4.comm.topology.ClusterFromZK - Adding topology change listener:org.apache.s4.comm.tcp.TCPEmitter@4590291a
14:39:33.449 [S4 platform loader] INFO  o.a.s.c.s.ThrottlingSenderExecutorServiceFactory - Creating a throttling executor with a pool size of 5 and max rate of 10000 events / s
14:39:33.458 [S4 platform loader] INFO  org.apache.s4.core.util.S4Metrics - Metrics reporting not configured
14:39:33.460 [S4 platform loader] INFO  o.a.s4.comm.topology.ClusterFromZK - Adding topology change listener:org.apache.s4.core.SenderImpl@7571d0ff
14:39:33.501 [S4 platform loader] INFO  o.a.s4.comm.topology.ClustersFromZK - New session:94168387287580680
14:39:33.504 [S4 platform loader] INFO  o.a.s4.comm.topology.ClustersFromZK - Detected new stream [textInput]
14:39:33.513 [S4 platform loader] INFO  o.a.s4.comm.topology.ClustersFromZK - New session:94168387287580680
14:39:33.529 [S4 platform loader] INFO  o.a.s4.comm.topology.ClusterFromZK - Changing cluster topology to { nbNodes=1,name=cluster1,mode=unicast,type=,nodes=[{partition=0,port=12000,machineName=citiaps1.informatica.usach.cl,taskId=Task-0}]} from null
14:39:33.533 [S4 platform loader] INFO  o.a.s4.comm.topology.ClusterFromZK - Changing cluster topology to { nbNodes=1,name=cluster2,mode=unicast,type=,nodes=[{partition=0,port=13000,machineName=citiaps1.informatica.usach.cl,taskId=Task-0}]} from null
14:39:33.536 [S4 platform loader] INFO  org.apache.s4.core.monitor.S4Monitor - Init Monitor
14:39:33.537 [S4 platform loader] INFO  adapter.UniformAdapter - Create Uniform Adapter
14:39:46.871 [S4 platform loader] DEBUG o.a.s4.comm.topology.ClustersFromZK - Adding output stream [textInput] in cluster [cluster2]
14:39:46.891 [S4 platform loader] INFO  org.apache.s4.core.App - Create Listener Monitor
[class processElements.StopwordPE]
14:39:46.926 [S4 platform loader] INFO  o.a.s4.comm.topology.ClusterFromZK - Adding topology change listener:org.apache.s4.comm.tcp.TCPRemoteEmitter@7abcb91e
14:39:47.429 [S4 platform loader] INFO  adapter.UniformAdapter - Init ClockTime
14:39:58.096 [tListenerMonitor] DEBUG org.apache.s4.core.App - Increment PE  class processElements.StopwordPE in Adapter org.apache.s4.core.adapter.AdapterApp.ListenerMonitor
